[2.089s] Invoking command in '/home/simone/Documents/IoT/src/py_pubsub': PYTHONPATH=/home/simone/Documents/IoT/build/py_pubsub/prefix_override:/home/simone/Documents/IoT/install/py_pubsub/lib/python3.10/site-packages:${PYTHONPATH} /usr/bin/python3 -W ignore:setup.py install is deprecated setup.py egg_info --egg-base ../../build/py_pubsub build --build-base /home/simone/Documents/IoT/build/py_pubsub/build install --record /home/simone/Documents/IoT/build/py_pubsub/install.log --single-version-externally-managed install_data
[2.699s] running egg_info
[2.702s] writing ../../build/py_pubsub/py_pubsub.egg-info/PKG-INFO
[2.702s] writing dependency_links to ../../build/py_pubsub/py_pubsub.egg-info/dependency_links.txt
[2.702s] writing entry points to ../../build/py_pubsub/py_pubsub.egg-info/entry_points.txt
[2.703s] writing requirements to ../../build/py_pubsub/py_pubsub.egg-info/requires.txt
[2.703s] writing top-level names to ../../build/py_pubsub/py_pubsub.egg-info/top_level.txt
[2.706s] reading manifest file '../../build/py_pubsub/py_pubsub.egg-info/SOURCES.txt'
[2.709s] writing manifest file '../../build/py_pubsub/py_pubsub.egg-info/SOURCES.txt'
[2.709s] running build
[2.709s] running build_py
[2.709s] copying py_pubsub/turtle_square.py -> /home/simone/Documents/IoT/build/py_pubsub/build/lib/py_pubsub
[2.710s] running install
[2.711s] running install_lib
[2.713s] copying /home/simone/Documents/IoT/build/py_pubsub/build/lib/py_pubsub/turtle_square.py -> /home/simone/Documents/IoT/install/py_pubsub/lib/python3.10/site-packages/py_pubsub
[2.714s] byte-compiling /home/simone/Documents/IoT/install/py_pubsub/lib/python3.10/site-packages/py_pubsub/turtle_square.py to turtle_square.cpython-310.pyc
[2.717s] running install_data
[2.717s] running install_egg_info
[2.720s] removing '/home/simone/Documents/IoT/install/py_pubsub/lib/python3.10/site-packages/py_pubsub-0.0.0-py3.10.egg-info' (and everything under it)
[2.721s] Copying ../../build/py_pubsub/py_pubsub.egg-info to /home/simone/Documents/IoT/install/py_pubsub/lib/python3.10/site-packages/py_pubsub-0.0.0-py3.10.egg-info
[2.723s] running install_scripts
[2.787s] Installing turtlesquare script to /home/simone/Documents/IoT/install/py_pubsub/lib/py_pubsub
[2.787s] writing list of installed files to '/home/simone/Documents/IoT/build/py_pubsub/install.log'
[2.838s] Invoked command in '/home/simone/Documents/IoT/src/py_pubsub' returned '0': PYTHONPATH=/home/simone/Documents/IoT/build/py_pubsub/prefix_override:/home/simone/Documents/IoT/install/py_pubsub/lib/python3.10/site-packages:${PYTHONPATH} /usr/bin/python3 -W ignore:setup.py install is deprecated setup.py egg_info --egg-base ../../build/py_pubsub build --build-base /home/simone/Documents/IoT/build/py_pubsub/build install --record /home/simone/Documents/IoT/build/py_pubsub/install.log --single-version-externally-managed install_data
