[0.715s] Invoking command in '/home/simone/Documents/IoT/Lab_4/build/tutorial_interfaces': CMAKE_PREFIX_PATH=${CMAKE_PREFIX_PATH}:/home/simone/Documents/IoT/Lab_5/install/fibonacci_action:/home/simone/Documents/IoT/Lab_4/install/spinning_turtle:/opt/ros/humble /usr/bin/cmake --build /home/simone/Documents/IoT/Lab_4/build/tutorial_interfaces -- -j16 -l16
[0.854s] [  1%] Built target tutorial_interfaces__cpp
[0.859s] [ 12%] Built target tutorial_interfaces__rosidl_generator_c
[0.884s] [ 12%] Built target ament_cmake_python_copy_tutorial_interfaces
[0.917s] [ 34%] Built target tutorial_interfaces__rosidl_typesupport_fastrtps_cpp
[0.918s] [ 34%] Built target tutorial_interfaces__rosidl_typesupport_c
[0.919s] [ 45%] Built target tutorial_interfaces__rosidl_typesupport_introspection_cpp
[0.923s] [ 56%] Built target tutorial_interfaces__rosidl_typesupport_cpp
[0.926s] [ 67%] Built target tutorial_interfaces__rosidl_typesupport_fastrtps_c
[0.927s] [ 78%] Built target tutorial_interfaces__rosidl_typesupport_introspection_c
[0.986s] [ 78%] Built target tutorial_interfaces
[1.044s] [ 80%] Built target tutorial_interfaces__py
[1.109s] [ 89%] Built target tutorial_interfaces__rosidl_generator_py
[1.172s] [ 98%] Built target tutorial_interfaces__rosidl_typesupport_fastrtps_c__pyext
[1.173s] [100%] Built target tutorial_interfaces__rosidl_typesupport_introspection_c__pyext
[1.173s] [100%] Built target tutorial_interfaces__rosidl_typesupport_c__pyext
[1.508s] running egg_info
[1.510s] writing tutorial_interfaces.egg-info/PKG-INFO
[1.510s] writing dependency_links to tutorial_interfaces.egg-info/dependency_links.txt
[1.511s] writing top-level names to tutorial_interfaces.egg-info/top_level.txt
[1.516s] reading manifest file 'tutorial_interfaces.egg-info/SOURCES.txt'
[1.518s] writing manifest file 'tutorial_interfaces.egg-info/SOURCES.txt'
[1.586s] [100%] Built target ament_cmake_python_build_tutorial_interfaces_egg
[1.620s] Invoked command in '/home/simone/Documents/IoT/Lab_4/build/tutorial_interfaces' returned '0': CMAKE_PREFIX_PATH=${CMAKE_PREFIX_PATH}:/home/simone/Documents/IoT/Lab_5/install/fibonacci_action:/home/simone/Documents/IoT/Lab_4/install/spinning_turtle:/opt/ros/humble /usr/bin/cmake --build /home/simone/Documents/IoT/Lab_4/build/tutorial_interfaces -- -j16 -l16
[2.003s] Invoking command in '/home/simone/Documents/IoT/Lab_4/build/tutorial_interfaces': CMAKE_PREFIX_PATH=${CMAKE_PREFIX_PATH}:/home/simone/Documents/IoT/Lab_5/install/fibonacci_action:/home/simone/Documents/IoT/Lab_4/install/spinning_turtle:/opt/ros/humble /usr/bin/cmake --install /home/simone/Documents/IoT/Lab_4/build/tutorial_interfaces
[2.024s] -- Install configuration: ""
[2.024s] -- Up-to-date: /home/simone/Documents/IoT/Lab_4/install/tutorial_interfaces/share/ament_index/resource_index/rosidl_interfaces/tutorial_interfaces
[2.025s] -- Up-to-date: /home/simone/Documents/IoT/Lab_4/install/tutorial_interfaces/include/tutorial_interfaces/tutorial_interfaces
[2.025s] -- Up-to-date: /home/simone/Documents/IoT/Lab_4/install/tutorial_interfaces/include/tutorial_interfaces/tutorial_interfaces/srv
[2.025s] -- Up-to-date: /home/simone/Documents/IoT/Lab_4/install/tutorial_interfaces/include/tutorial_interfaces/tutorial_interfaces/srv/add_three_ints.h
[2.026s] -- Up-to-date: /home/simone/Documents/IoT/Lab_4/install/tutorial_interfaces/include/tutorial_interfaces/tutorial_interfaces/srv/spin_turtle.h
[2.026s] -- Up-to-date: /home/simone/Documents/IoT/Lab_4/install/tutorial_interfaces/include/tutorial_interfaces/tutorial_interfaces/srv/detail
[2.026s] -- Up-to-date: /home/simone/Documents/IoT/Lab_4/install/tutorial_interfaces/include/tutorial_interfaces/tutorial_interfaces/srv/detail/spin_turtle__functions.h
[2.026s] -- Up-to-date: /home/simone/Documents/IoT/Lab_4/install/tutorial_interfaces/include/tutorial_interfaces/tutorial_interfaces/srv/detail/spin_turtle__struct.h
[2.027s] -- Up-to-date: /home/simone/Documents/IoT/Lab_4/install/tutorial_interfaces/include/tutorial_interfaces/tutorial_interfaces/srv/detail/spin_turtle__type_support.h
[2.027s] -- Up-to-date: /home/simone/Documents/IoT/Lab_4/install/tutorial_interfaces/include/tutorial_interfaces/tutorial_interfaces/srv/detail/add_three_ints__functions.h
[2.027s] -- Up-to-date: /home/simone/Documents/IoT/Lab_4/install/tutorial_interfaces/include/tutorial_interfaces/tutorial_interfaces/srv/detail/add_three_ints__functions.c
[2.027s] -- Up-to-date: /home/simone/Documents/IoT/Lab_4/install/tutorial_interfaces/include/tutorial_interfaces/tutorial_interfaces/srv/detail/add_three_ints__struct.h
[2.027s] -- Up-to-date: /home/simone/Documents/IoT/Lab_4/install/tutorial_interfaces/include/tutorial_interfaces/tutorial_interfaces/srv/detail/spin_turtle__functions.c
[2.027s] -- Up-to-date: /home/simone/Documents/IoT/Lab_4/install/tutorial_interfaces/include/tutorial_interfaces/tutorial_interfaces/srv/detail/add_three_ints__type_support.h
[2.028s] -- Up-to-date: /home/simone/Documents/IoT/Lab_4/install/tutorial_interfaces/include/tutorial_interfaces/tutorial_interfaces/msg
[2.028s] -- Up-to-date: /home/simone/Documents/IoT/Lab_4/install/tutorial_interfaces/include/tutorial_interfaces/tutorial_interfaces/msg/rosidl_generator_c__visibility_control.h
[2.028s] -- Up-to-date: /home/simone/Documents/IoT/Lab_4/install/tutorial_interfaces/include/tutorial_interfaces/tutorial_interfaces/msg/detail
[2.028s] -- Up-to-date: /home/simone/Documents/IoT/Lab_4/install/tutorial_interfaces/include/tutorial_interfaces/tutorial_interfaces/msg/detail/num__type_support.h
[2.029s] -- Up-to-date: /home/simone/Documents/IoT/Lab_4/install/tutorial_interfaces/include/tutorial_interfaces/tutorial_interfaces/msg/detail/num__functions.c
[2.029s] -- Up-to-date: /home/simone/Documents/IoT/Lab_4/install/tutorial_interfaces/include/tutorial_interfaces/tutorial_interfaces/msg/detail/sphere__functions.h
[2.029s] -- Up-to-date: /home/simone/Documents/IoT/Lab_4/install/tutorial_interfaces/include/tutorial_interfaces/tutorial_interfaces/msg/detail/sphere__type_support.h
[2.029s] -- Up-to-date: /home/simone/Documents/IoT/Lab_4/install/tutorial_interfaces/include/tutorial_interfaces/tutorial_interfaces/msg/detail/num__struct.h
[2.030s] -- Up-to-date: /home/simone/Documents/IoT/Lab_4/install/tutorial_interfaces/include/tutorial_interfaces/tutorial_interfaces/msg/detail/sphere__struct.h
[2.030s] -- Up-to-date: /home/simone/Documents/IoT/Lab_4/install/tutorial_interfaces/include/tutorial_interfaces/tutorial_interfaces/msg/detail/sphere__functions.c
[2.030s] -- Up-to-date: /home/simone/Documents/IoT/Lab_4/install/tutorial_interfaces/include/tutorial_interfaces/tutorial_interfaces/msg/detail/num__functions.h
[2.031s] -- Up-to-date: /home/simone/Documents/IoT/Lab_4/install/tutorial_interfaces/include/tutorial_interfaces/tutorial_interfaces/msg/sphere.h
[2.031s] -- Up-to-date: /home/simone/Documents/IoT/Lab_4/install/tutorial_interfaces/include/tutorial_interfaces/tutorial_interfaces/msg/num.h
[2.031s] -- Up-to-date: /home/simone/Documents/IoT/Lab_4/install/tutorial_interfaces/share/tutorial_interfaces/environment/library_path.sh
[2.032s] -- Up-to-date: /home/simone/Documents/IoT/Lab_4/install/tutorial_interfaces/share/tutorial_interfaces/environment/library_path.dsv
[2.032s] -- Up-to-date: /home/simone/Documents/IoT/Lab_4/install/tutorial_interfaces/lib/libtutorial_interfaces__rosidl_generator_c.so
[2.032s] -- Up-to-date: /home/simone/Documents/IoT/Lab_4/install/tutorial_interfaces/include/tutorial_interfaces/tutorial_interfaces
[2.033s] -- Up-to-date: /home/simone/Documents/IoT/Lab_4/install/tutorial_interfaces/include/tutorial_interfaces/tutorial_interfaces/srv
[2.033s] -- Up-to-date: /home/simone/Documents/IoT/Lab_4/install/tutorial_interfaces/include/tutorial_interfaces/tutorial_interfaces/srv/detail
[2.033s] -- Up-to-date: /home/simone/Documents/IoT/Lab_4/install/tutorial_interfaces/include/tutorial_interfaces/tutorial_interfaces/srv/detail/add_three_ints__rosidl_typesupport_fastrtps_c.h
[2.034s] -- Up-to-date: /home/simone/Documents/IoT/Lab_4/install/tutorial_interfaces/include/tutorial_interfaces/tutorial_interfaces/srv/detail/spin_turtle__rosidl_typesupport_fastrtps_c.h
[2.034s] -- Up-to-date: /home/simone/Documents/IoT/Lab_4/install/tutorial_interfaces/include/tutorial_interfaces/tutorial_interfaces/msg
[2.034s] -- Up-to-date: /home/simone/Documents/IoT/Lab_4/install/tutorial_interfaces/include/tutorial_interfaces/tutorial_interfaces/msg/detail
[2.035s] -- Up-to-date: /home/simone/Documents/IoT/Lab_4/install/tutorial_interfaces/include/tutorial_interfaces/tutorial_interfaces/msg/detail/sphere__rosidl_typesupport_fastrtps_c.h
[2.035s] -- Up-to-date: /home/simone/Documents/IoT/Lab_4/install/tutorial_interfaces/include/tutorial_interfaces/tutorial_interfaces/msg/detail/num__rosidl_typesupport_fastrtps_c.h
[2.035s] -- Up-to-date: /home/simone/Documents/IoT/Lab_4/install/tutorial_interfaces/include/tutorial_interfaces/tutorial_interfaces/msg/rosidl_typesupport_fastrtps_c__visibility_control.h
[2.035s] -- Up-to-date: /home/simone/Documents/IoT/Lab_4/install/tutorial_interfaces/lib/libtutorial_interfaces__rosidl_typesupport_fastrtps_c.so
[2.035s] -- Up-to-date: /home/simone/Documents/IoT/Lab_4/install/tutorial_interfaces/include/tutorial_interfaces/tutorial_interfaces
[2.036s] -- Up-to-date: /home/simone/Documents/IoT/Lab_4/install/tutorial_interfaces/include/tutorial_interfaces/tutorial_interfaces/srv
[2.036s] -- Up-to-date: /home/simone/Documents/IoT/Lab_4/install/tutorial_interfaces/include/tutorial_interfaces/tutorial_interfaces/srv/spin_turtle.hpp
[2.036s] -- Up-to-date: /home/simone/Documents/IoT/Lab_4/install/tutorial_interfaces/include/tutorial_interfaces/tutorial_interfaces/srv/detail
[2.036s] -- Up-to-date: /home/simone/Documents/IoT/Lab_4/install/tutorial_interfaces/include/tutorial_interfaces/tutorial_interfaces/srv/detail/add_three_ints__builder.hpp
[2.036s] -- Up-to-date: /home/simone/Documents/IoT/Lab_4/install/tutorial_interfaces/include/tutorial_interfaces/tutorial_interfaces/srv/detail/add_three_ints__traits.hpp
[2.037s] -- Up-to-date: /home/simone/Documents/IoT/Lab_4/install/tutorial_interfaces/include/tutorial_interfaces/tutorial_interfaces/srv/detail/spin_turtle__struct.hpp
[2.037s] -- Up-to-date: /home/simone/Documents/IoT/Lab_4/install/tutorial_interfaces/include/tutorial_interfaces/tutorial_interfaces/srv/detail/add_three_ints__struct.hpp
[2.038s] -- Up-to-date: /home/simone/Documents/IoT/Lab_4/install/tutorial_interfaces/include/tutorial_interfaces/tutorial_interfaces/srv/detail/spin_turtle__traits.hpp
[2.038s] -- Up-to-date: /home/simone/Documents/IoT/Lab_4/install/tutorial_interfaces/include/tutorial_interfaces/tutorial_interfaces/srv/detail/spin_turtle__builder.hpp
[2.038s] -- Up-to-date: /home/simone/Documents/IoT/Lab_4/install/tutorial_interfaces/include/tutorial_interfaces/tutorial_interfaces/srv/add_three_ints.hpp
[2.038s] -- Up-to-date: /home/simone/Documents/IoT/Lab_4/install/tutorial_interfaces/include/tutorial_interfaces/tutorial_interfaces/msg
[2.039s] -- Up-to-date: /home/simone/Documents/IoT/Lab_4/install/tutorial_interfaces/include/tutorial_interfaces/tutorial_interfaces/msg/sphere.hpp
[2.039s] -- Up-to-date: /home/simone/Documents/IoT/Lab_4/install/tutorial_interfaces/include/tutorial_interfaces/tutorial_interfaces/msg/detail
[2.039s] -- Up-to-date: /home/simone/Documents/IoT/Lab_4/install/tutorial_interfaces/include/tutorial_interfaces/tutorial_interfaces/msg/detail/sphere__builder.hpp
[2.040s] -- Up-to-date: /home/simone/Documents/IoT/Lab_4/install/tutorial_interfaces/include/tutorial_interfaces/tutorial_interfaces/msg/detail/num__struct.hpp
[2.040s] -- Up-to-date: /home/simone/Documents/IoT/Lab_4/install/tutorial_interfaces/include/tutorial_interfaces/tutorial_interfaces/msg/detail/num__builder.hpp
[2.040s] -- Up-to-date: /home/simone/Documents/IoT/Lab_4/install/tutorial_interfaces/include/tutorial_interfaces/tutorial_interfaces/msg/detail/sphere__traits.hpp
[2.040s] -- Up-to-date: /home/simone/Documents/IoT/Lab_4/install/tutorial_interfaces/include/tutorial_interfaces/tutorial_interfaces/msg/detail/sphere__struct.hpp
[2.041s] -- Up-to-date: /home/simone/Documents/IoT/Lab_4/install/tutorial_interfaces/include/tutorial_interfaces/tutorial_interfaces/msg/detail/num__traits.hpp
[2.041s] -- Up-to-date: /home/simone/Documents/IoT/Lab_4/install/tutorial_interfaces/include/tutorial_interfaces/tutorial_interfaces/msg/num.hpp
[2.041s] -- Up-to-date: /home/simone/Documents/IoT/Lab_4/install/tutorial_interfaces/include/tutorial_interfaces/tutorial_interfaces
[2.041s] -- Up-to-date: /home/simone/Documents/IoT/Lab_4/install/tutorial_interfaces/include/tutorial_interfaces/tutorial_interfaces/srv
[2.041s] -- Up-to-date: /home/simone/Documents/IoT/Lab_4/install/tutorial_interfaces/include/tutorial_interfaces/tutorial_interfaces/srv/detail
[2.042s] -- Up-to-date: /home/simone/Documents/IoT/Lab_4/install/tutorial_interfaces/include/tutorial_interfaces/tutorial_interfaces/srv/detail/add_three_ints__rosidl_typesupport_fastrtps_cpp.hpp
[2.042s] -- Up-to-date: /home/simone/Documents/IoT/Lab_4/install/tutorial_interfaces/include/tutorial_interfaces/tutorial_interfaces/srv/detail/dds_fastrtps
[2.042s] -- Up-to-date: /home/simone/Documents/IoT/Lab_4/install/tutorial_interfaces/include/tutorial_interfaces/tutorial_interfaces/srv/detail/spin_turtle__rosidl_typesupport_fastrtps_cpp.hpp
[2.042s] -- Up-to-date: /home/simone/Documents/IoT/Lab_4/install/tutorial_interfaces/include/tutorial_interfaces/tutorial_interfaces/msg
[2.043s] -- Up-to-date: /home/simone/Documents/IoT/Lab_4/install/tutorial_interfaces/include/tutorial_interfaces/tutorial_interfaces/msg/rosidl_typesupport_fastrtps_cpp__visibility_control.h
[2.043s] -- Up-to-date: /home/simone/Documents/IoT/Lab_4/install/tutorial_interfaces/include/tutorial_interfaces/tutorial_interfaces/msg/detail
[2.043s] -- Up-to-date: /home/simone/Documents/IoT/Lab_4/install/tutorial_interfaces/include/tutorial_interfaces/tutorial_interfaces/msg/detail/num__rosidl_typesupport_fastrtps_cpp.hpp
[2.044s] -- Up-to-date: /home/simone/Documents/IoT/Lab_4/install/tutorial_interfaces/include/tutorial_interfaces/tutorial_interfaces/msg/detail/dds_fastrtps
[2.044s] -- Up-to-date: /home/simone/Documents/IoT/Lab_4/install/tutorial_interfaces/include/tutorial_interfaces/tutorial_interfaces/msg/detail/sphere__rosidl_typesupport_fastrtps_cpp.hpp
[2.044s] -- Up-to-date: /home/simone/Documents/IoT/Lab_4/install/tutorial_interfaces/lib/libtutorial_interfaces__rosidl_typesupport_fastrtps_cpp.so
[2.045s] -- Up-to-date: /home/simone/Documents/IoT/Lab_4/install/tutorial_interfaces/include/tutorial_interfaces/tutorial_interfaces
[2.045s] -- Up-to-date: /home/simone/Documents/IoT/Lab_4/install/tutorial_interfaces/include/tutorial_interfaces/tutorial_interfaces/srv
[2.045s] -- Up-to-date: /home/simone/Documents/IoT/Lab_4/install/tutorial_interfaces/include/tutorial_interfaces/tutorial_interfaces/srv/detail
[2.045s] -- Up-to-date: /home/simone/Documents/IoT/Lab_4/install/tutorial_interfaces/include/tutorial_interfaces/tutorial_interfaces/srv/detail/add_three_ints__rosidl_typesupport_introspection_c.h
[2.045s] -- Up-to-date: /home/simone/Documents/IoT/Lab_4/install/tutorial_interfaces/include/tutorial_interfaces/tutorial_interfaces/srv/detail/spin_turtle__type_support.c
[2.046s] -- Up-to-date: /home/simone/Documents/IoT/Lab_4/install/tutorial_interfaces/include/tutorial_interfaces/tutorial_interfaces/srv/detail/add_three_ints__type_support.c
[2.046s] -- Up-to-date: /home/simone/Documents/IoT/Lab_4/install/tutorial_interfaces/include/tutorial_interfaces/tutorial_interfaces/srv/detail/spin_turtle__rosidl_typesupport_introspection_c.h
[2.046s] -- Up-to-date: /home/simone/Documents/IoT/Lab_4/install/tutorial_interfaces/include/tutorial_interfaces/tutorial_interfaces/msg
[2.046s] -- Up-to-date: /home/simone/Documents/IoT/Lab_4/install/tutorial_interfaces/include/tutorial_interfaces/tutorial_interfaces/msg/rosidl_typesupport_introspection_c__visibility_control.h
[2.046s] -- Up-to-date: /home/simone/Documents/IoT/Lab_4/install/tutorial_interfaces/include/tutorial_interfaces/tutorial_interfaces/msg/detail
[2.046s] -- Up-to-date: /home/simone/Documents/IoT/Lab_4/install/tutorial_interfaces/include/tutorial_interfaces/tutorial_interfaces/msg/detail/num__type_support.c
[2.047s] -- Up-to-date: /home/simone/Documents/IoT/Lab_4/install/tutorial_interfaces/include/tutorial_interfaces/tutorial_interfaces/msg/detail/num__rosidl_typesupport_introspection_c.h
[2.047s] -- Up-to-date: /home/simone/Documents/IoT/Lab_4/install/tutorial_interfaces/include/tutorial_interfaces/tutorial_interfaces/msg/detail/sphere__type_support.c
[2.047s] -- Up-to-date: /home/simone/Documents/IoT/Lab_4/install/tutorial_interfaces/include/tutorial_interfaces/tutorial_interfaces/msg/detail/sphere__rosidl_typesupport_introspection_c.h
[2.047s] -- Up-to-date: /home/simone/Documents/IoT/Lab_4/install/tutorial_interfaces/lib/libtutorial_interfaces__rosidl_typesupport_introspection_c.so
[2.047s] -- Up-to-date: /home/simone/Documents/IoT/Lab_4/install/tutorial_interfaces/lib/libtutorial_interfaces__rosidl_typesupport_c.so
[2.048s] -- Up-to-date: /home/simone/Documents/IoT/Lab_4/install/tutorial_interfaces/include/tutorial_interfaces/tutorial_interfaces
[2.048s] -- Up-to-date: /home/simone/Documents/IoT/Lab_4/install/tutorial_interfaces/include/tutorial_interfaces/tutorial_interfaces/srv
[2.048s] -- Up-to-date: /home/simone/Documents/IoT/Lab_4/install/tutorial_interfaces/include/tutorial_interfaces/tutorial_interfaces/srv/detail
[2.048s] -- Up-to-date: /home/simone/Documents/IoT/Lab_4/install/tutorial_interfaces/include/tutorial_interfaces/tutorial_interfaces/srv/detail/spin_turtle__rosidl_typesupport_introspection_cpp.hpp
[2.048s] -- Up-to-date: /home/simone/Documents/IoT/Lab_4/install/tutorial_interfaces/include/tutorial_interfaces/tutorial_interfaces/srv/detail/add_three_ints__rosidl_typesupport_introspection_cpp.hpp
[2.048s] -- Up-to-date: /home/simone/Documents/IoT/Lab_4/install/tutorial_interfaces/include/tutorial_interfaces/tutorial_interfaces/srv/detail/spin_turtle__type_support.cpp
[2.049s] -- Up-to-date: /home/simone/Documents/IoT/Lab_4/install/tutorial_interfaces/include/tutorial_interfaces/tutorial_interfaces/srv/detail/add_three_ints__type_support.cpp
[2.049s] -- Up-to-date: /home/simone/Documents/IoT/Lab_4/install/tutorial_interfaces/include/tutorial_interfaces/tutorial_interfaces/msg
[2.049s] -- Up-to-date: /home/simone/Documents/IoT/Lab_4/install/tutorial_interfaces/include/tutorial_interfaces/tutorial_interfaces/msg/detail
[2.049s] -- Up-to-date: /home/simone/Documents/IoT/Lab_4/install/tutorial_interfaces/include/tutorial_interfaces/tutorial_interfaces/msg/detail/sphere__type_support.cpp
[2.049s] -- Up-to-date: /home/simone/Documents/IoT/Lab_4/install/tutorial_interfaces/include/tutorial_interfaces/tutorial_interfaces/msg/detail/sphere__rosidl_typesupport_introspection_cpp.hpp
[2.049s] -- Up-to-date: /home/simone/Documents/IoT/Lab_4/install/tutorial_interfaces/include/tutorial_interfaces/tutorial_interfaces/msg/detail/num__type_support.cpp
[2.050s] -- Up-to-date: /home/simone/Documents/IoT/Lab_4/install/tutorial_interfaces/include/tutorial_interfaces/tutorial_interfaces/msg/detail/num__rosidl_typesupport_introspection_cpp.hpp
[2.050s] -- Up-to-date: /home/simone/Documents/IoT/Lab_4/install/tutorial_interfaces/lib/libtutorial_interfaces__rosidl_typesupport_introspection_cpp.so
[2.050s] -- Up-to-date: /home/simone/Documents/IoT/Lab_4/install/tutorial_interfaces/lib/libtutorial_interfaces__rosidl_typesupport_cpp.so
[2.050s] -- Up-to-date: /home/simone/Documents/IoT/Lab_4/install/tutorial_interfaces/share/tutorial_interfaces/environment/pythonpath.sh
[2.050s] -- Up-to-date: /home/simone/Documents/IoT/Lab_4/install/tutorial_interfaces/share/tutorial_interfaces/environment/pythonpath.dsv
[2.050s] -- Up-to-date: /home/simone/Documents/IoT/Lab_4/install/tutorial_interfaces/local/lib/python3.10/dist-packages/tutorial_interfaces-0.0.0-py3.10.egg-info
[2.051s] -- Installing: /home/simone/Documents/IoT/Lab_4/install/tutorial_interfaces/local/lib/python3.10/dist-packages/tutorial_interfaces-0.0.0-py3.10.egg-info/SOURCES.txt
[2.051s] -- Installing: /home/simone/Documents/IoT/Lab_4/install/tutorial_interfaces/local/lib/python3.10/dist-packages/tutorial_interfaces-0.0.0-py3.10.egg-info/dependency_links.txt
[2.051s] -- Installing: /home/simone/Documents/IoT/Lab_4/install/tutorial_interfaces/local/lib/python3.10/dist-packages/tutorial_interfaces-0.0.0-py3.10.egg-info/PKG-INFO
[2.051s] -- Installing: /home/simone/Documents/IoT/Lab_4/install/tutorial_interfaces/local/lib/python3.10/dist-packages/tutorial_interfaces-0.0.0-py3.10.egg-info/top_level.txt
[2.051s] -- Up-to-date: /home/simone/Documents/IoT/Lab_4/install/tutorial_interfaces/local/lib/python3.10/dist-packages/tutorial_interfaces
[2.052s] -- Up-to-date: /home/simone/Documents/IoT/Lab_4/install/tutorial_interfaces/local/lib/python3.10/dist-packages/tutorial_interfaces/_tutorial_interfaces_s.ep.rosidl_typesupport_introspection_c.c
[2.052s] -- Up-to-date: /home/simone/Documents/IoT/Lab_4/install/tutorial_interfaces/local/lib/python3.10/dist-packages/tutorial_interfaces/__init__.py
[2.052s] -- Up-to-date: /home/simone/Documents/IoT/Lab_4/install/tutorial_interfaces/local/lib/python3.10/dist-packages/tutorial_interfaces/tutorial_interfaces_s__rosidl_typesupport_fastrtps_c.cpython-310-x86_64-linux-gnu.so
[2.052s] -- Up-to-date: /home/simone/Documents/IoT/Lab_4/install/tutorial_interfaces/local/lib/python3.10/dist-packages/tutorial_interfaces/tutorial_interfaces_s__rosidl_typesupport_c.cpython-310-x86_64-linux-gnu.so
[2.053s] -- Up-to-date: /home/simone/Documents/IoT/Lab_4/install/tutorial_interfaces/local/lib/python3.10/dist-packages/tutorial_interfaces/tutorial_interfaces_s__rosidl_typesupport_introspection_c.cpython-310-x86_64-linux-gnu.so
[2.053s] -- Up-to-date: /home/simone/Documents/IoT/Lab_4/install/tutorial_interfaces/local/lib/python3.10/dist-packages/tutorial_interfaces/_tutorial_interfaces_s.ep.rosidl_typesupport_fastrtps_c.c
[2.053s] -- Up-to-date: /home/simone/Documents/IoT/Lab_4/install/tutorial_interfaces/local/lib/python3.10/dist-packages/tutorial_interfaces/libtutorial_interfaces__rosidl_generator_py.so
[2.053s] -- Up-to-date: /home/simone/Documents/IoT/Lab_4/install/tutorial_interfaces/local/lib/python3.10/dist-packages/tutorial_interfaces/srv
[2.053s] -- Up-to-date: /home/simone/Documents/IoT/Lab_4/install/tutorial_interfaces/local/lib/python3.10/dist-packages/tutorial_interfaces/srv/__init__.py
[2.053s] -- Up-to-date: /home/simone/Documents/IoT/Lab_4/install/tutorial_interfaces/local/lib/python3.10/dist-packages/tutorial_interfaces/srv/_add_three_ints.py
[2.054s] -- Up-to-date: /home/simone/Documents/IoT/Lab_4/install/tutorial_interfaces/local/lib/python3.10/dist-packages/tutorial_interfaces/srv/_spin_turtle_s.c
[2.054s] -- Up-to-date: /home/simone/Documents/IoT/Lab_4/install/tutorial_interfaces/local/lib/python3.10/dist-packages/tutorial_interfaces/srv/_spin_turtle.py
[2.054s] -- Up-to-date: /home/simone/Documents/IoT/Lab_4/install/tutorial_interfaces/local/lib/python3.10/dist-packages/tutorial_interfaces/srv/_add_three_ints_s.c
[2.054s] -- Up-to-date: /home/simone/Documents/IoT/Lab_4/install/tutorial_interfaces/local/lib/python3.10/dist-packages/tutorial_interfaces/_tutorial_interfaces_s.ep.rosidl_typesupport_c.c
[2.054s] -- Up-to-date: /home/simone/Documents/IoT/Lab_4/install/tutorial_interfaces/local/lib/python3.10/dist-packages/tutorial_interfaces/msg
[2.054s] -- Up-to-date: /home/simone/Documents/IoT/Lab_4/install/tutorial_interfaces/local/lib/python3.10/dist-packages/tutorial_interfaces/msg/__init__.py
[2.055s] -- Up-to-date: /home/simone/Documents/IoT/Lab_4/install/tutorial_interfaces/local/lib/python3.10/dist-packages/tutorial_interfaces/msg/_num.py
[2.055s] -- Up-to-date: /home/simone/Documents/IoT/Lab_4/install/tutorial_interfaces/local/lib/python3.10/dist-packages/tutorial_interfaces/msg/_num_s.c
[2.055s] -- Up-to-date: /home/simone/Documents/IoT/Lab_4/install/tutorial_interfaces/local/lib/python3.10/dist-packages/tutorial_interfaces/msg/_sphere_s.c
[2.055s] -- Up-to-date: /home/simone/Documents/IoT/Lab_4/install/tutorial_interfaces/local/lib/python3.10/dist-packages/tutorial_interfaces/msg/_sphere.py
[2.124s] Listing '/home/simone/Documents/IoT/Lab_4/install/tutorial_interfaces/local/lib/python3.10/dist-packages/tutorial_interfaces'...
[2.124s] Listing '/home/simone/Documents/IoT/Lab_4/install/tutorial_interfaces/local/lib/python3.10/dist-packages/tutorial_interfaces/msg'...
[2.124s] Listing '/home/simone/Documents/IoT/Lab_4/install/tutorial_interfaces/local/lib/python3.10/dist-packages/tutorial_interfaces/srv'...
[2.134s] -- Up-to-date: /home/simone/Documents/IoT/Lab_4/install/tutorial_interfaces/local/lib/python3.10/dist-packages/tutorial_interfaces/tutorial_interfaces_s__rosidl_typesupport_fastrtps_c.cpython-310-x86_64-linux-gnu.so
[2.135s] -- Up-to-date: /home/simone/Documents/IoT/Lab_4/install/tutorial_interfaces/local/lib/python3.10/dist-packages/tutorial_interfaces/tutorial_interfaces_s__rosidl_typesupport_introspection_c.cpython-310-x86_64-linux-gnu.so
[2.136s] -- Up-to-date: /home/simone/Documents/IoT/Lab_4/install/tutorial_interfaces/local/lib/python3.10/dist-packages/tutorial_interfaces/tutorial_interfaces_s__rosidl_typesupport_c.cpython-310-x86_64-linux-gnu.so
[2.137s] -- Up-to-date: /home/simone/Documents/IoT/Lab_4/install/tutorial_interfaces/lib/libtutorial_interfaces__rosidl_generator_py.so
[2.138s] -- Up-to-date: /home/simone/Documents/IoT/Lab_4/install/tutorial_interfaces/share/tutorial_interfaces/msg/Num.idl
[2.138s] -- Up-to-date: /home/simone/Documents/IoT/Lab_4/install/tutorial_interfaces/share/tutorial_interfaces/msg/Sphere.idl
[2.139s] -- Up-to-date: /home/simone/Documents/IoT/Lab_4/install/tutorial_interfaces/share/tutorial_interfaces/srv/AddThreeInts.idl
[2.139s] -- Up-to-date: /home/simone/Documents/IoT/Lab_4/install/tutorial_interfaces/share/tutorial_interfaces/srv/SpinTurtle.idl
[2.140s] -- Up-to-date: /home/simone/Documents/IoT/Lab_4/install/tutorial_interfaces/share/tutorial_interfaces/msg/Num.msg
[2.140s] -- Up-to-date: /home/simone/Documents/IoT/Lab_4/install/tutorial_interfaces/share/tutorial_interfaces/msg/Sphere.msg
[2.140s] -- Up-to-date: /home/simone/Documents/IoT/Lab_4/install/tutorial_interfaces/share/tutorial_interfaces/srv/AddThreeInts.srv
[2.140s] -- Up-to-date: /home/simone/Documents/IoT/Lab_4/install/tutorial_interfaces/share/tutorial_interfaces/srv/AddThreeInts_Request.msg
[2.141s] -- Up-to-date: /home/simone/Documents/IoT/Lab_4/install/tutorial_interfaces/share/tutorial_interfaces/srv/AddThreeInts_Response.msg
[2.141s] -- Up-to-date: /home/simone/Documents/IoT/Lab_4/install/tutorial_interfaces/share/tutorial_interfaces/srv/SpinTurtle.srv
[2.141s] -- Up-to-date: /home/simone/Documents/IoT/Lab_4/install/tutorial_interfaces/share/tutorial_interfaces/srv/SpinTurtle_Request.msg
[2.142s] -- Up-to-date: /home/simone/Documents/IoT/Lab_4/install/tutorial_interfaces/share/tutorial_interfaces/srv/SpinTurtle_Response.msg
[2.142s] -- Up-to-date: /home/simone/Documents/IoT/Lab_4/install/tutorial_interfaces/share/ament_index/resource_index/package_run_dependencies/tutorial_interfaces
[2.143s] -- Up-to-date: /home/simone/Documents/IoT/Lab_4/install/tutorial_interfaces/share/ament_index/resource_index/parent_prefix_path/tutorial_interfaces
[2.143s] -- Up-to-date: /home/simone/Documents/IoT/Lab_4/install/tutorial_interfaces/share/tutorial_interfaces/environment/ament_prefix_path.sh
[2.143s] -- Up-to-date: /home/simone/Documents/IoT/Lab_4/install/tutorial_interfaces/share/tutorial_interfaces/environment/ament_prefix_path.dsv
[2.144s] -- Up-to-date: /home/simone/Documents/IoT/Lab_4/install/tutorial_interfaces/share/tutorial_interfaces/environment/path.sh
[2.144s] -- Up-to-date: /home/simone/Documents/IoT/Lab_4/install/tutorial_interfaces/share/tutorial_interfaces/environment/path.dsv
[2.144s] -- Up-to-date: /home/simone/Documents/IoT/Lab_4/install/tutorial_interfaces/share/tutorial_interfaces/local_setup.bash
[2.144s] -- Up-to-date: /home/simone/Documents/IoT/Lab_4/install/tutorial_interfaces/share/tutorial_interfaces/local_setup.sh
[2.144s] -- Up-to-date: /home/simone/Documents/IoT/Lab_4/install/tutorial_interfaces/share/tutorial_interfaces/local_setup.zsh
[2.145s] -- Up-to-date: /home/simone/Documents/IoT/Lab_4/install/tutorial_interfaces/share/tutorial_interfaces/local_setup.dsv
[2.145s] -- Installing: /home/simone/Documents/IoT/Lab_4/install/tutorial_interfaces/share/tutorial_interfaces/package.dsv
[2.145s] -- Up-to-date: /home/simone/Documents/IoT/Lab_4/install/tutorial_interfaces/share/ament_index/resource_index/packages/tutorial_interfaces
[2.145s] -- Up-to-date: /home/simone/Documents/IoT/Lab_4/install/tutorial_interfaces/share/tutorial_interfaces/cmake/export_tutorial_interfaces__rosidl_generator_cExport.cmake
[2.146s] -- Up-to-date: /home/simone/Documents/IoT/Lab_4/install/tutorial_interfaces/share/tutorial_interfaces/cmake/export_tutorial_interfaces__rosidl_generator_cExport-noconfig.cmake
[2.146s] -- Up-to-date: /home/simone/Documents/IoT/Lab_4/install/tutorial_interfaces/share/tutorial_interfaces/cmake/export_tutorial_interfaces__rosidl_typesupport_fastrtps_cExport.cmake
[2.146s] -- Up-to-date: /home/simone/Documents/IoT/Lab_4/install/tutorial_interfaces/share/tutorial_interfaces/cmake/export_tutorial_interfaces__rosidl_typesupport_fastrtps_cExport-noconfig.cmake
[2.146s] -- Up-to-date: /home/simone/Documents/IoT/Lab_4/install/tutorial_interfaces/share/tutorial_interfaces/cmake/export_tutorial_interfaces__rosidl_generator_cppExport.cmake
[2.146s] -- Up-to-date: /home/simone/Documents/IoT/Lab_4/install/tutorial_interfaces/share/tutorial_interfaces/cmake/export_tutorial_interfaces__rosidl_typesupport_fastrtps_cppExport.cmake
[2.146s] -- Up-to-date: /home/simone/Documents/IoT/Lab_4/install/tutorial_interfaces/share/tutorial_interfaces/cmake/export_tutorial_interfaces__rosidl_typesupport_fastrtps_cppExport-noconfig.cmake
[2.147s] -- Up-to-date: /home/simone/Documents/IoT/Lab_4/install/tutorial_interfaces/share/tutorial_interfaces/cmake/tutorial_interfaces__rosidl_typesupport_introspection_cExport.cmake
[2.147s] -- Up-to-date: /home/simone/Documents/IoT/Lab_4/install/tutorial_interfaces/share/tutorial_interfaces/cmake/tutorial_interfaces__rosidl_typesupport_introspection_cExport-noconfig.cmake
[2.147s] -- Up-to-date: /home/simone/Documents/IoT/Lab_4/install/tutorial_interfaces/share/tutorial_interfaces/cmake/tutorial_interfaces__rosidl_typesupport_cExport.cmake
[2.147s] -- Up-to-date: /home/simone/Documents/IoT/Lab_4/install/tutorial_interfaces/share/tutorial_interfaces/cmake/tutorial_interfaces__rosidl_typesupport_cExport-noconfig.cmake
[2.147s] -- Up-to-date: /home/simone/Documents/IoT/Lab_4/install/tutorial_interfaces/share/tutorial_interfaces/cmake/tutorial_interfaces__rosidl_typesupport_introspection_cppExport.cmake
[2.148s] -- Up-to-date: /home/simone/Documents/IoT/Lab_4/install/tutorial_interfaces/share/tutorial_interfaces/cmake/tutorial_interfaces__rosidl_typesupport_introspection_cppExport-noconfig.cmake
[2.148s] -- Up-to-date: /home/simone/Documents/IoT/Lab_4/install/tutorial_interfaces/share/tutorial_interfaces/cmake/tutorial_interfaces__rosidl_typesupport_cppExport.cmake
[2.148s] -- Up-to-date: /home/simone/Documents/IoT/Lab_4/install/tutorial_interfaces/share/tutorial_interfaces/cmake/tutorial_interfaces__rosidl_typesupport_cppExport-noconfig.cmake
[2.148s] -- Up-to-date: /home/simone/Documents/IoT/Lab_4/install/tutorial_interfaces/share/tutorial_interfaces/cmake/export_tutorial_interfaces__rosidl_generator_pyExport.cmake
[2.149s] -- Up-to-date: /home/simone/Documents/IoT/Lab_4/install/tutorial_interfaces/share/tutorial_interfaces/cmake/export_tutorial_interfaces__rosidl_generator_pyExport-noconfig.cmake
[2.149s] -- Up-to-date: /home/simone/Documents/IoT/Lab_4/install/tutorial_interfaces/share/tutorial_interfaces/cmake/rosidl_cmake-extras.cmake
[2.149s] -- Up-to-date: /home/simone/Documents/IoT/Lab_4/install/tutorial_interfaces/share/tutorial_interfaces/cmake/ament_cmake_export_dependencies-extras.cmake
[2.149s] -- Up-to-date: /home/simone/Documents/IoT/Lab_4/install/tutorial_interfaces/share/tutorial_interfaces/cmake/ament_cmake_export_include_directories-extras.cmake
[2.149s] -- Up-to-date: /home/simone/Documents/IoT/Lab_4/install/tutorial_interfaces/share/tutorial_interfaces/cmake/ament_cmake_export_libraries-extras.cmake
[2.150s] -- Up-to-date: /home/simone/Documents/IoT/Lab_4/install/tutorial_interfaces/share/tutorial_interfaces/cmake/ament_cmake_export_targets-extras.cmake
[2.150s] -- Up-to-date: /home/simone/Documents/IoT/Lab_4/install/tutorial_interfaces/share/tutorial_interfaces/cmake/rosidl_cmake_export_typesupport_targets-extras.cmake
[2.150s] -- Up-to-date: /home/simone/Documents/IoT/Lab_4/install/tutorial_interfaces/share/tutorial_interfaces/cmake/rosidl_cmake_export_typesupport_libraries-extras.cmake
[2.150s] -- Up-to-date: /home/simone/Documents/IoT/Lab_4/install/tutorial_interfaces/share/tutorial_interfaces/cmake/tutorial_interfacesConfig.cmake
[2.150s] -- Up-to-date: /home/simone/Documents/IoT/Lab_4/install/tutorial_interfaces/share/tutorial_interfaces/cmake/tutorial_interfacesConfig-version.cmake
[2.151s] -- Up-to-date: /home/simone/Documents/IoT/Lab_4/install/tutorial_interfaces/share/tutorial_interfaces/package.xml
[2.153s] Invoked command in '/home/simone/Documents/IoT/Lab_4/build/tutorial_interfaces' returned '0': CMAKE_PREFIX_PATH=${CMAKE_PREFIX_PATH}:/home/simone/Documents/IoT/Lab_5/install/fibonacci_action:/home/simone/Documents/IoT/Lab_4/install/spinning_turtle:/opt/ros/humble /usr/bin/cmake --install /home/simone/Documents/IoT/Lab_4/build/tutorial_interfaces
