[2.165s] Invoking command in '/home/simone/Documents/IoT/src/py_srvcli': PYTHONPATH=/home/simone/Documents/IoT/build/py_srvcli/prefix_override:/home/simone/Documents/IoT/install/py_srvcli/lib/python3.10/site-packages:${PYTHONPATH} /usr/bin/python3 -W ignore:setup.py install is deprecated setup.py egg_info --egg-base ../../build/py_srvcli build --build-base /home/simone/Documents/IoT/build/py_srvcli/build install --record /home/simone/Documents/IoT/build/py_srvcli/install.log --single-version-externally-managed install_data
[2.783s] running egg_info
[2.785s] writing ../../build/py_srvcli/py_srvcli.egg-info/PKG-INFO
[2.786s] writing dependency_links to ../../build/py_srvcli/py_srvcli.egg-info/dependency_links.txt
[2.787s] writing entry points to ../../build/py_srvcli/py_srvcli.egg-info/entry_points.txt
[2.787s] writing requirements to ../../build/py_srvcli/py_srvcli.egg-info/requires.txt
[2.788s] writing top-level names to ../../build/py_srvcli/py_srvcli.egg-info/top_level.txt
[2.792s] reading manifest file '../../build/py_srvcli/py_srvcli.egg-info/SOURCES.txt'
[2.794s] writing manifest file '../../build/py_srvcli/py_srvcli.egg-info/SOURCES.txt'
[2.795s] running build
[2.795s] running build_py
[2.796s] copying py_srvcli/client_member_function.py -> /home/simone/Documents/IoT/build/py_srvcli/build/lib/py_srvcli
[2.796s] running install
[2.797s] running install_lib
[2.799s] copying /home/simone/Documents/IoT/build/py_srvcli/build/lib/py_srvcli/client_member_function.py -> /home/simone/Documents/IoT/install/py_srvcli/lib/python3.10/site-packages/py_srvcli
[2.801s] byte-compiling /home/simone/Documents/IoT/install/py_srvcli/lib/python3.10/site-packages/py_srvcli/client_member_function.py to client_member_function.cpython-310.pyc
[2.802s] running install_data
[2.803s] running install_egg_info
[2.807s] removing '/home/simone/Documents/IoT/install/py_srvcli/lib/python3.10/site-packages/py_srvcli-0.0.0-py3.10.egg-info' (and everything under it)
[2.808s] Copying ../../build/py_srvcli/py_srvcli.egg-info to /home/simone/Documents/IoT/install/py_srvcli/lib/python3.10/site-packages/py_srvcli-0.0.0-py3.10.egg-info
[2.811s] running install_scripts
[2.864s] Installing client script to /home/simone/Documents/IoT/install/py_srvcli/lib/py_srvcli
[2.864s] Installing server script to /home/simone/Documents/IoT/install/py_srvcli/lib/py_srvcli
[2.865s] writing list of installed files to '/home/simone/Documents/IoT/build/py_srvcli/install.log'
[2.988s] Invoked command in '/home/simone/Documents/IoT/src/py_srvcli' returned '0': PYTHONPATH=/home/simone/Documents/IoT/build/py_srvcli/prefix_override:/home/simone/Documents/IoT/install/py_srvcli/lib/python3.10/site-packages:${PYTHONPATH} /usr/bin/python3 -W ignore:setup.py install is deprecated setup.py egg_info --egg-base ../../build/py_srvcli build --build-base /home/simone/Documents/IoT/build/py_srvcli/build install --record /home/simone/Documents/IoT/build/py_srvcli/install.log --single-version-externally-managed install_data
