[2.111s] Invoking command in '/home/simone/Documents/IoT/src/py_srvcli': PYTHONPATH=/home/simone/Documents/IoT/build/py_srvcli/prefix_override:/home/simone/Documents/IoT/install/py_srvcli/lib/python3.10/site-packages:${PYTHONPATH} /usr/bin/python3 -W ignore:setup.py install is deprecated setup.py egg_info --egg-base ../../build/py_srvcli build --build-base /home/simone/Documents/IoT/build/py_srvcli/build install --record /home/simone/Documents/IoT/build/py_srvcli/install.log --single-version-externally-managed install_data
[2.696s] running egg_info
[2.698s] writing ../../build/py_srvcli/py_srvcli.egg-info/PKG-INFO
[2.699s] writing dependency_links to ../../build/py_srvcli/py_srvcli.egg-info/dependency_links.txt
[2.700s] writing entry points to ../../build/py_srvcli/py_srvcli.egg-info/entry_points.txt
[2.700s] writing requirements to ../../build/py_srvcli/py_srvcli.egg-info/requires.txt
[2.700s] writing top-level names to ../../build/py_srvcli/py_srvcli.egg-info/top_level.txt
[2.704s] reading manifest file '../../build/py_srvcli/py_srvcli.egg-info/SOURCES.txt'
[2.708s] writing manifest file '../../build/py_srvcli/py_srvcli.egg-info/SOURCES.txt'
[2.708s] running build
[2.709s] running build_py
[2.709s] running install
[2.710s] running install_lib
[2.714s] running install_data
[2.714s] running install_egg_info
[2.717s] removing '/home/simone/Documents/IoT/install/py_srvcli/lib/python3.10/site-packages/py_srvcli-0.0.0-py3.10.egg-info' (and everything under it)
[2.719s] Copying ../../build/py_srvcli/py_srvcli.egg-info to /home/simone/Documents/IoT/install/py_srvcli/lib/python3.10/site-packages/py_srvcli-0.0.0-py3.10.egg-info
[2.721s] running install_scripts
[2.773s] Installing client script to /home/simone/Documents/IoT/install/py_srvcli/lib/py_srvcli
[2.773s] Installing server script to /home/simone/Documents/IoT/install/py_srvcli/lib/py_srvcli
[2.774s] writing list of installed files to '/home/simone/Documents/IoT/build/py_srvcli/install.log'
[2.862s] Invoked command in '/home/simone/Documents/IoT/src/py_srvcli' returned '0': PYTHONPATH=/home/simone/Documents/IoT/build/py_srvcli/prefix_override:/home/simone/Documents/IoT/install/py_srvcli/lib/python3.10/site-packages:${PYTHONPATH} /usr/bin/python3 -W ignore:setup.py install is deprecated setup.py egg_info --egg-base ../../build/py_srvcli build --build-base /home/simone/Documents/IoT/build/py_srvcli/build install --record /home/simone/Documents/IoT/build/py_srvcli/install.log --single-version-externally-managed install_data
