[0.005s] Invoking command in '/home/simone/Documents/IoT/build/turtlesim': /usr/bin/cmake /home/simone/Documents/IoT/src/ros_tutorials/turtlesim -DCMAKE_INSTALL_PREFIX=/home/simone/Documents/IoT/install/turtlesim
[0.106s] -- The C compiler identification is GNU 11.4.0
[0.173s] -- The CXX compiler identification is GNU 11.4.0
[0.179s] -- Detecting C compiler ABI info
[0.235s] -- Detecting C compiler ABI info - done
[0.240s] -- Check for working C compiler: /usr/bin/cc - skipped
[0.240s] -- Detecting C compile features
[0.241s] -- Detecting C compile features - done
[0.243s] -- Detecting CXX compiler ABI info
[0.304s] -- Detecting CXX compiler ABI info - done
[0.309s] -- Check for working CXX compiler: /usr/bin/c++ - skipped
[0.310s] -- Detecting CXX compile features
[0.310s] -- Detecting CXX compile features - done
[0.320s] [31mCMake Error at CMakeLists.txt:12 (find_package):
[0.320s]   By not providing "Findament_cmake.cmake" in CMAKE_MODULE_PATH this project
[0.320s]   has asked CMake to find a package configuration file provided by
[0.320s]   "ament_cmake", but CMake did not find one.
[0.320s] 
[0.320s]   Could not find a package configuration file provided by "ament_cmake" with
[0.320s]   any of the following names:
[0.320s] 
[0.320s]     ament_cmakeConfig.cmake
[0.320s]     ament_cmake-config.cmake
[0.321s] 
[0.321s]   Add the installation prefix of "ament_cmake" to CMAKE_PREFIX_PATH or set
[0.321s]   "ament_cmake_DIR" to a directory containing one of the above files.  If
[0.321s]   "ament_cmake" provides a separate development package or SDK, be sure it
[0.321s]   has been installed.
[0.321s] 
[0.321s] [0m
[0.321s] -- Configuring incomplete, errors occurred!
[0.321s] See also "/home/simone/Documents/IoT/build/turtlesim/CMakeFiles/CMakeOutput.log".
[0.323s] Invoked command in '/home/simone/Documents/IoT/build/turtlesim' returned '1': /usr/bin/cmake /home/simone/Documents/IoT/src/ros_tutorials/turtlesim -DCMAKE_INSTALL_PREFIX=/home/simone/Documents/IoT/install/turtlesim
