[2.265s] Invoking command in '/home/simone/Documents/IoT/src/py_pubsub': PYTHONPATH=/home/simone/Documents/IoT/build/py_pubsub/prefix_override:/home/simone/Documents/IoT/install/py_pubsub/lib/python3.10/site-packages:${PYTHONPATH} /usr/bin/python3 -W ignore:setup.py install is deprecated setup.py egg_info --egg-base ../../build/py_pubsub build --build-base /home/simone/Documents/IoT/build/py_pubsub/build install --record /home/simone/Documents/IoT/build/py_pubsub/install.log --single-version-externally-managed install_data
[2.923s] running egg_info
[2.925s] writing ../../build/py_pubsub/py_pubsub.egg-info/PKG-INFO
[2.926s] writing dependency_links to ../../build/py_pubsub/py_pubsub.egg-info/dependency_links.txt
[2.927s] writing entry points to ../../build/py_pubsub/py_pubsub.egg-info/entry_points.txt
[2.927s] writing requirements to ../../build/py_pubsub/py_pubsub.egg-info/requires.txt
[2.928s] writing top-level names to ../../build/py_pubsub/py_pubsub.egg-info/top_level.txt
[2.932s] reading manifest file '../../build/py_pubsub/py_pubsub.egg-info/SOURCES.txt'
[2.935s] writing manifest file '../../build/py_pubsub/py_pubsub.egg-info/SOURCES.txt'
[2.935s] running build
[2.936s] running build_py
[2.937s] running install
[2.939s] running install_lib
[2.942s] running install_data
[2.942s] running install_egg_info
[2.946s] removing '/home/simone/Documents/IoT/install/py_pubsub/lib/python3.10/site-packages/py_pubsub-0.0.0-py3.10.egg-info' (and everything under it)
[2.947s] Copying ../../build/py_pubsub/py_pubsub.egg-info to /home/simone/Documents/IoT/install/py_pubsub/lib/python3.10/site-packages/py_pubsub-0.0.0-py3.10.egg-info
[2.951s] running install_scripts
[3.038s] Installing turtlesquare script to /home/simone/Documents/IoT/install/py_pubsub/lib/py_pubsub
[3.038s] writing list of installed files to '/home/simone/Documents/IoT/build/py_pubsub/install.log'
[3.079s] Invoked command in '/home/simone/Documents/IoT/src/py_pubsub' returned '0': PYTHONPATH=/home/simone/Documents/IoT/build/py_pubsub/prefix_override:/home/simone/Documents/IoT/install/py_pubsub/lib/python3.10/site-packages:${PYTHONPATH} /usr/bin/python3 -W ignore:setup.py install is deprecated setup.py egg_info --egg-base ../../build/py_pubsub build --build-base /home/simone/Documents/IoT/build/py_pubsub/build install --record /home/simone/Documents/IoT/build/py_pubsub/install.log --single-version-externally-managed install_data
