[1.590s] Invoking command in '/home/simone/Documents/IoT/Lab_3/src/py_srvcli': PYTHONPATH=/home/simone/Documents/IoT/Lab_3/build/py_srvcli/prefix_override:/home/simone/Documents/IoT/Lab_3/install/py_srvcli/lib/python3.10/site-packages:${PYTHONPATH} /usr/bin/python3 -W ignore:setup.py install is deprecated setup.py egg_info --egg-base ../../build/py_srvcli build --build-base /home/simone/Documents/IoT/Lab_3/build/py_srvcli/build install --record /home/simone/Documents/IoT/Lab_3/build/py_srvcli/install.log --single-version-externally-managed install_data
[2.240s] running egg_info
[2.242s] writing ../../build/py_srvcli/py_srvcli.egg-info/PKG-INFO
[2.242s] writing dependency_links to ../../build/py_srvcli/py_srvcli.egg-info/dependency_links.txt
[2.243s] writing entry points to ../../build/py_srvcli/py_srvcli.egg-info/entry_points.txt
[2.244s] writing requirements to ../../build/py_srvcli/py_srvcli.egg-info/requires.txt
[2.244s] writing top-level names to ../../build/py_srvcli/py_srvcli.egg-info/top_level.txt
[2.248s] reading manifest file '../../build/py_srvcli/py_srvcli.egg-info/SOURCES.txt'
[2.251s] writing manifest file '../../build/py_srvcli/py_srvcli.egg-info/SOURCES.txt'
[2.251s] running build
[2.251s] running build_py
[2.252s] copying py_srvcli/service_member_function.py -> /home/simone/Documents/IoT/Lab_3/build/py_srvcli/build/lib/py_srvcli
[2.252s] copying py_srvcli/client_member_function.py -> /home/simone/Documents/IoT/Lab_3/build/py_srvcli/build/lib/py_srvcli
[2.253s] running install
[2.254s] running install_lib
[2.256s] copying /home/simone/Documents/IoT/Lab_3/build/py_srvcli/build/lib/py_srvcli/service_member_function.py -> /home/simone/Documents/IoT/Lab_3/install/py_srvcli/lib/python3.10/site-packages/py_srvcli
[2.256s] copying /home/simone/Documents/IoT/Lab_3/build/py_srvcli/build/lib/py_srvcli/client_member_function.py -> /home/simone/Documents/IoT/Lab_3/install/py_srvcli/lib/python3.10/site-packages/py_srvcli
[2.258s] byte-compiling /home/simone/Documents/IoT/Lab_3/install/py_srvcli/lib/python3.10/site-packages/py_srvcli/service_member_function.py to service_member_function.cpython-310.pyc
[2.259s] byte-compiling /home/simone/Documents/IoT/Lab_3/install/py_srvcli/lib/python3.10/site-packages/py_srvcli/client_member_function.py to client_member_function.cpython-310.pyc
[2.260s] running install_data
[2.261s] running install_egg_info
[2.265s] removing '/home/simone/Documents/IoT/Lab_3/install/py_srvcli/lib/python3.10/site-packages/py_srvcli-0.0.0-py3.10.egg-info' (and everything under it)
[2.266s] Copying ../../build/py_srvcli/py_srvcli.egg-info to /home/simone/Documents/IoT/Lab_3/install/py_srvcli/lib/python3.10/site-packages/py_srvcli-0.0.0-py3.10.egg-info
[2.269s] running install_scripts
[2.322s] Installing client script to /home/simone/Documents/IoT/Lab_3/install/py_srvcli/lib/py_srvcli
[2.323s] Installing server script to /home/simone/Documents/IoT/Lab_3/install/py_srvcli/lib/py_srvcli
[2.324s] writing list of installed files to '/home/simone/Documents/IoT/Lab_3/build/py_srvcli/install.log'
[2.377s] Invoked command in '/home/simone/Documents/IoT/Lab_3/src/py_srvcli' returned '0': PYTHONPATH=/home/simone/Documents/IoT/Lab_3/build/py_srvcli/prefix_override:/home/simone/Documents/IoT/Lab_3/install/py_srvcli/lib/python3.10/site-packages:${PYTHONPATH} /usr/bin/python3 -W ignore:setup.py install is deprecated setup.py egg_info --egg-base ../../build/py_srvcli build --build-base /home/simone/Documents/IoT/Lab_3/build/py_srvcli/build install --record /home/simone/Documents/IoT/Lab_3/build/py_srvcli/install.log --single-version-externally-managed install_data
