[1.582s] Invoking command in '/home/simone/Documents/IoT/Lab_3/src/py_srvcli': PYTHONPATH=/home/simone/Documents/IoT/Lab_3/build/py_srvcli/prefix_override:/home/simone/Documents/IoT/Lab_3/install/py_srvcli/lib/python3.10/site-packages:${PYTHONPATH} /usr/bin/python3 -W ignore:setup.py install is deprecated setup.py egg_info --egg-base ../../build/py_srvcli build --build-base /home/simone/Documents/IoT/Lab_3/build/py_srvcli/build install --record /home/simone/Documents/IoT/Lab_3/build/py_srvcli/install.log --single-version-externally-managed install_data
[2.212s] running egg_info
[2.214s] writing ../../build/py_srvcli/py_srvcli.egg-info/PKG-INFO
[2.214s] writing dependency_links to ../../build/py_srvcli/py_srvcli.egg-info/dependency_links.txt
[2.215s] writing entry points to ../../build/py_srvcli/py_srvcli.egg-info/entry_points.txt
[2.215s] writing requirements to ../../build/py_srvcli/py_srvcli.egg-info/requires.txt
[2.216s] writing top-level names to ../../build/py_srvcli/py_srvcli.egg-info/top_level.txt
[2.221s] reading manifest file '../../build/py_srvcli/py_srvcli.egg-info/SOURCES.txt'
[2.223s] writing manifest file '../../build/py_srvcli/py_srvcli.egg-info/SOURCES.txt'
[2.223s] running build
[2.224s] running build_py
[2.224s] copying py_srvcli/client_member_function.py -> /home/simone/Documents/IoT/Lab_3/build/py_srvcli/build/lib/py_srvcli
[2.225s] running install
[2.226s] running install_lib
[2.228s] copying /home/simone/Documents/IoT/Lab_3/build/py_srvcli/build/lib/py_srvcli/client_member_function.py -> /home/simone/Documents/IoT/Lab_3/install/py_srvcli/lib/python3.10/site-packages/py_srvcli
[2.230s] byte-compiling /home/simone/Documents/IoT/Lab_3/install/py_srvcli/lib/python3.10/site-packages/py_srvcli/client_member_function.py to client_member_function.cpython-310.pyc
[2.231s] running install_data
[2.232s] running install_egg_info
[2.236s] removing '/home/simone/Documents/IoT/Lab_3/install/py_srvcli/lib/python3.10/site-packages/py_srvcli-0.0.0-py3.10.egg-info' (and everything under it)
[2.237s] Copying ../../build/py_srvcli/py_srvcli.egg-info to /home/simone/Documents/IoT/Lab_3/install/py_srvcli/lib/python3.10/site-packages/py_srvcli-0.0.0-py3.10.egg-info
[2.240s] running install_scripts
[2.290s] Installing client script to /home/simone/Documents/IoT/Lab_3/install/py_srvcli/lib/py_srvcli
[2.291s] Installing server script to /home/simone/Documents/IoT/Lab_3/install/py_srvcli/lib/py_srvcli
[2.291s] writing list of installed files to '/home/simone/Documents/IoT/Lab_3/build/py_srvcli/install.log'
[2.347s] Invoked command in '/home/simone/Documents/IoT/Lab_3/src/py_srvcli' returned '0': PYTHONPATH=/home/simone/Documents/IoT/Lab_3/build/py_srvcli/prefix_override:/home/simone/Documents/IoT/Lab_3/install/py_srvcli/lib/python3.10/site-packages:${PYTHONPATH} /usr/bin/python3 -W ignore:setup.py install is deprecated setup.py egg_info --egg-base ../../build/py_srvcli build --build-base /home/simone/Documents/IoT/Lab_3/build/py_srvcli/build install --record /home/simone/Documents/IoT/Lab_3/build/py_srvcli/install.log --single-version-externally-managed install_data
