running egg_info
creating ../../build/square_gazebo/square_gazebo.egg-info
writing ../../build/square_gazebo/square_gazebo.egg-info/PKG-INFO
writing dependency_links to ../../build/square_gazebo/square_gazebo.egg-info/dependency_links.txt
writing entry points to ../../build/square_gazebo/square_gazebo.egg-info/entry_points.txt
writing requirements to ../../build/square_gazebo/square_gazebo.egg-info/requires.txt
writing top-level names to ../../build/square_gazebo/square_gazebo.egg-info/top_level.txt
writing manifest file '../../build/square_gazebo/square_gazebo.egg-info/SOURCES.txt'
reading manifest file '../../build/square_gazebo/square_gazebo.egg-info/SOURCES.txt'
writing manifest file '../../build/square_gazebo/square_gazebo.egg-info/SOURCES.txt'
running build
running build_py
creating /home/simone/Documents/IoT/Lab_6/build/square_gazebo/build
creating /home/simone/Documents/IoT/Lab_6/build/square_gazebo/build/lib
creating /home/simone/Documents/IoT/Lab_6/build/square_gazebo/build/lib/square_gazebo
copying square_gazebo/__init__.py -> /home/simone/Documents/IoT/Lab_6/build/square_gazebo/build/lib/square_gazebo
copying square_gazebo/vehicle_controller.py -> /home/simone/Documents/IoT/Lab_6/build/square_gazebo/build/lib/square_gazebo
running install
running install_lib
creating /home/simone/Documents/IoT/Lab_6/install/square_gazebo/lib/python3.10/site-packages/square_gazebo
copying /home/simone/Documents/IoT/Lab_6/build/square_gazebo/build/lib/square_gazebo/__init__.py -> /home/simone/Documents/IoT/Lab_6/install/square_gazebo/lib/python3.10/site-packages/square_gazebo
copying /home/simone/Documents/IoT/Lab_6/build/square_gazebo/build/lib/square_gazebo/vehicle_controller.py -> /home/simone/Documents/IoT/Lab_6/install/square_gazebo/lib/python3.10/site-packages/square_gazebo
byte-compiling /home/simone/Documents/IoT/Lab_6/install/square_gazebo/lib/python3.10/site-packages/square_gazebo/__init__.py to __init__.cpython-310.pyc
byte-compiling /home/simone/Documents/IoT/Lab_6/install/square_gazebo/lib/python3.10/site-packages/square_gazebo/vehicle_controller.py to vehicle_controller.cpython-310.pyc
running install_data
creating /home/simone/Documents/IoT/Lab_6/install/square_gazebo/share/ament_index
creating /home/simone/Documents/IoT/Lab_6/install/square_gazebo/share/ament_index/resource_index
creating /home/simone/Documents/IoT/Lab_6/install/square_gazebo/share/ament_index/resource_index/packages
copying resource/square_gazebo -> /home/simone/Documents/IoT/Lab_6/install/square_gazebo/share/ament_index/resource_index/packages
copying package.xml -> /home/simone/Documents/IoT/Lab_6/install/square_gazebo/share/square_gazebo
running install_egg_info
Copying ../../build/square_gazebo/square_gazebo.egg-info to /home/simone/Documents/IoT/Lab_6/install/square_gazebo/lib/python3.10/site-packages/square_gazebo-0.0.0-py3.10.egg-info
running install_scripts
writing list of installed files to '/home/simone/Documents/IoT/Lab_6/build/square_gazebo/install.log'
