[1.320s] Invoking command in '/home/simone/Documents/IoT/Lab_2/src/py_pubsub': PYTHONPATH=/home/simone/Documents/IoT/Lab_2/build/py_pubsub/prefix_override:/home/simone/Documents/IoT/Lab_2/install/py_pubsub/lib/python3.10/site-packages:${PYTHONPATH} /usr/bin/python3 -W ignore:setup.py install is deprecated setup.py egg_info --egg-base ../../build/py_pubsub build --build-base /home/simone/Documents/IoT/Lab_2/build/py_pubsub/build install --record /home/simone/Documents/IoT/Lab_2/build/py_pubsub/install.log --single-version-externally-managed install_data
[1.837s] running egg_info
[1.839s] creating ../../build/py_pubsub/py_pubsub.egg-info
[1.839s] writing ../../build/py_pubsub/py_pubsub.egg-info/PKG-INFO
[1.840s] writing dependency_links to ../../build/py_pubsub/py_pubsub.egg-info/dependency_links.txt
[1.840s] writing entry points to ../../build/py_pubsub/py_pubsub.egg-info/entry_points.txt
[1.841s] writing requirements to ../../build/py_pubsub/py_pubsub.egg-info/requires.txt
[1.841s] writing top-level names to ../../build/py_pubsub/py_pubsub.egg-info/top_level.txt
[1.841s] writing manifest file '../../build/py_pubsub/py_pubsub.egg-info/SOURCES.txt'
[1.844s] reading manifest file '../../build/py_pubsub/py_pubsub.egg-info/SOURCES.txt'
[1.846s] writing manifest file '../../build/py_pubsub/py_pubsub.egg-info/SOURCES.txt'
[1.847s] running build
[1.847s] running build_py
[1.847s] creating /home/simone/Documents/IoT/Lab_2/build/py_pubsub/build
[1.847s] creating /home/simone/Documents/IoT/Lab_2/build/py_pubsub/build/lib
[1.848s] creating /home/simone/Documents/IoT/Lab_2/build/py_pubsub/build/lib/py_pubsub
[1.848s] copying py_pubsub/__init__.py -> /home/simone/Documents/IoT/Lab_2/build/py_pubsub/build/lib/py_pubsub
[1.848s] copying py_pubsub/turtle_square.py -> /home/simone/Documents/IoT/Lab_2/build/py_pubsub/build/lib/py_pubsub
[1.848s] running install
[1.848s] running install_lib
[1.850s] creating /home/simone/Documents/IoT/Lab_2/install/py_pubsub/lib/python3.10/site-packages/py_pubsub
[1.850s] copying /home/simone/Documents/IoT/Lab_2/build/py_pubsub/build/lib/py_pubsub/__init__.py -> /home/simone/Documents/IoT/Lab_2/install/py_pubsub/lib/python3.10/site-packages/py_pubsub
[1.850s] copying /home/simone/Documents/IoT/Lab_2/build/py_pubsub/build/lib/py_pubsub/turtle_square.py -> /home/simone/Documents/IoT/Lab_2/install/py_pubsub/lib/python3.10/site-packages/py_pubsub
[1.852s] byte-compiling /home/simone/Documents/IoT/Lab_2/install/py_pubsub/lib/python3.10/site-packages/py_pubsub/__init__.py to __init__.cpython-310.pyc
[1.853s] byte-compiling /home/simone/Documents/IoT/Lab_2/install/py_pubsub/lib/python3.10/site-packages/py_pubsub/turtle_square.py to turtle_square.cpython-310.pyc
[1.854s] running install_data
[1.855s] creating /home/simone/Documents/IoT/Lab_2/install/py_pubsub/share/ament_index
[1.855s] creating /home/simone/Documents/IoT/Lab_2/install/py_pubsub/share/ament_index/resource_index
[1.855s] creating /home/simone/Documents/IoT/Lab_2/install/py_pubsub/share/ament_index/resource_index/packages
[1.855s] copying resource/py_pubsub -> /home/simone/Documents/IoT/Lab_2/install/py_pubsub/share/ament_index/resource_index/packages
[1.856s] copying package.xml -> /home/simone/Documents/IoT/Lab_2/install/py_pubsub/share/py_pubsub
[1.856s] running install_egg_info
[1.859s] Copying ../../build/py_pubsub/py_pubsub.egg-info to /home/simone/Documents/IoT/Lab_2/install/py_pubsub/lib/python3.10/site-packages/py_pubsub-0.0.0-py3.10.egg-info
[1.861s] running install_scripts
[1.903s] Installing turtlesquare script to /home/simone/Documents/IoT/Lab_2/install/py_pubsub/lib/py_pubsub
[1.904s] writing list of installed files to '/home/simone/Documents/IoT/Lab_2/build/py_pubsub/install.log'
[1.948s] Invoked command in '/home/simone/Documents/IoT/Lab_2/src/py_pubsub' returned '0': PYTHONPATH=/home/simone/Documents/IoT/Lab_2/build/py_pubsub/prefix_override:/home/simone/Documents/IoT/Lab_2/install/py_pubsub/lib/python3.10/site-packages:${PYTHONPATH} /usr/bin/python3 -W ignore:setup.py install is deprecated setup.py egg_info --egg-base ../../build/py_pubsub build --build-base /home/simone/Documents/IoT/Lab_2/build/py_pubsub/build install --record /home/simone/Documents/IoT/Lab_2/build/py_pubsub/install.log --single-version-externally-managed install_data
