[0.013s] Invoking command in '/home/simone/Documents/IoT/Lab_4/build/tutorial_interfaces': CMAKE_PREFIX_PATH=/opt/ros/humble /usr/bin/cmake /home/simone/Documents/IoT/Lab_4/src/tutorial_interfaces -DCMAKE_INSTALL_PREFIX=/home/simone/Documents/IoT/Lab_4/install/tutorial_interfaces
[0.056s] -- The C compiler identification is GNU 11.4.0
[0.102s] -- The CXX compiler identification is GNU 11.4.0
[0.109s] -- Detecting C compiler ABI info
[0.173s] -- Detecting C compiler ABI info - done
[0.178s] -- Check for working C compiler: /usr/bin/cc - skipped
[0.178s] -- Detecting C compile features
[0.178s] -- Detecting C compile features - done
[0.181s] -- Detecting CXX compiler ABI info
[0.254s] -- Detecting CXX compiler ABI info - done
[0.260s] -- Check for working CXX compiler: /usr/bin/c++ - skipped
[0.260s] -- Detecting CXX compile features
[0.260s] -- Detecting CXX compile features - done
[0.262s] -- Found ament_cmake: 1.3.8 (/opt/ros/humble/share/ament_cmake/cmake)
[0.384s] -- Found Python3: /usr/bin/python3 (found version "3.10.12") found components: Interpreter 
[0.456s] -- Found ament_lint_auto: 0.12.10 (/opt/ros/humble/share/ament_lint_auto/cmake)
[0.540s] -- Added test 'lint_cmake' to check CMake code style
[0.542s] -- Added test 'xmllint' to check XML markup files
[0.543s] -- Configuring done
[0.546s] -- Generating done
[0.547s] -- Build files have been written to: /home/simone/Documents/IoT/Lab_4/build/tutorial_interfaces
[0.550s] Invoked command in '/home/simone/Documents/IoT/Lab_4/build/tutorial_interfaces' returned '0': CMAKE_PREFIX_PATH=/opt/ros/humble /usr/bin/cmake /home/simone/Documents/IoT/Lab_4/src/tutorial_interfaces -DCMAKE_INSTALL_PREFIX=/home/simone/Documents/IoT/Lab_4/install/tutorial_interfaces
[0.552s] Invoking command in '/home/simone/Documents/IoT/Lab_4/build/tutorial_interfaces': CMAKE_PREFIX_PATH=/opt/ros/humble /usr/bin/cmake --build /home/simone/Documents/IoT/Lab_4/build/tutorial_interfaces -- -j16 -l16
[0.588s] Invoked command in '/home/simone/Documents/IoT/Lab_4/build/tutorial_interfaces' returned '0': CMAKE_PREFIX_PATH=/opt/ros/humble /usr/bin/cmake --build /home/simone/Documents/IoT/Lab_4/build/tutorial_interfaces -- -j16 -l16
[0.620s] Invoking command in '/home/simone/Documents/IoT/Lab_4/build/tutorial_interfaces': CMAKE_PREFIX_PATH=/opt/ros/humble /usr/bin/cmake --install /home/simone/Documents/IoT/Lab_4/build/tutorial_interfaces
[0.626s] -- Install configuration: ""
[0.627s] -- Installing: /home/simone/Documents/IoT/Lab_4/install/tutorial_interfaces/share/ament_index/resource_index/package_run_dependencies/tutorial_interfaces
[0.627s] -- Installing: /home/simone/Documents/IoT/Lab_4/install/tutorial_interfaces/share/ament_index/resource_index/parent_prefix_path/tutorial_interfaces
[0.627s] -- Installing: /home/simone/Documents/IoT/Lab_4/install/tutorial_interfaces/share/tutorial_interfaces/environment/ament_prefix_path.sh
[0.627s] -- Installing: /home/simone/Documents/IoT/Lab_4/install/tutorial_interfaces/share/tutorial_interfaces/environment/ament_prefix_path.dsv
[0.627s] -- Installing: /home/simone/Documents/IoT/Lab_4/install/tutorial_interfaces/share/tutorial_interfaces/environment/path.sh
[0.628s] -- Installing: /home/simone/Documents/IoT/Lab_4/install/tutorial_interfaces/share/tutorial_interfaces/environment/path.dsv
[0.628s] -- Installing: /home/simone/Documents/IoT/Lab_4/install/tutorial_interfaces/share/tutorial_interfaces/local_setup.bash
[0.628s] -- Installing: /home/simone/Documents/IoT/Lab_4/install/tutorial_interfaces/share/tutorial_interfaces/local_setup.sh
[0.628s] -- Installing: /home/simone/Documents/IoT/Lab_4/install/tutorial_interfaces/share/tutorial_interfaces/local_setup.zsh
[0.628s] -- Installing: /home/simone/Documents/IoT/Lab_4/install/tutorial_interfaces/share/tutorial_interfaces/local_setup.dsv
[0.628s] -- Installing: /home/simone/Documents/IoT/Lab_4/install/tutorial_interfaces/share/tutorial_interfaces/package.dsv
[0.628s] -- Installing: /home/simone/Documents/IoT/Lab_4/install/tutorial_interfaces/share/ament_index/resource_index/packages/tutorial_interfaces
[0.629s] -- Installing: /home/simone/Documents/IoT/Lab_4/install/tutorial_interfaces/share/tutorial_interfaces/cmake/tutorial_interfacesConfig.cmake
[0.629s] -- Installing: /home/simone/Documents/IoT/Lab_4/install/tutorial_interfaces/share/tutorial_interfaces/cmake/tutorial_interfacesConfig-version.cmake
[0.629s] -- Installing: /home/simone/Documents/IoT/Lab_4/install/tutorial_interfaces/share/tutorial_interfaces/package.xml
[0.631s] Invoked command in '/home/simone/Documents/IoT/Lab_4/build/tutorial_interfaces' returned '0': CMAKE_PREFIX_PATH=/opt/ros/humble /usr/bin/cmake --install /home/simone/Documents/IoT/Lab_4/build/tutorial_interfaces
