running egg_info
creating ../../build/drone_patrol/drone_patrol.egg-info
writing ../../build/drone_patrol/drone_patrol.egg-info/PKG-INFO
writing dependency_links to ../../build/drone_patrol/drone_patrol.egg-info/dependency_links.txt
writing entry points to ../../build/drone_patrol/drone_patrol.egg-info/entry_points.txt
writing requirements to ../../build/drone_patrol/drone_patrol.egg-info/requires.txt
writing top-level names to ../../build/drone_patrol/drone_patrol.egg-info/top_level.txt
writing manifest file '../../build/drone_patrol/drone_patrol.egg-info/SOURCES.txt'
reading manifest file '../../build/drone_patrol/drone_patrol.egg-info/SOURCES.txt'
writing manifest file '../../build/drone_patrol/drone_patrol.egg-info/SOURCES.txt'
running build
running build_py
creating /home/simone/Documents/IoT_lab/Lab_7/build/drone_patrol/build
creating /home/simone/Documents/IoT_lab/Lab_7/build/drone_patrol/build/lib
creating /home/simone/Documents/IoT_lab/Lab_7/build/drone_patrol/build/lib/drone_patrol
copying drone_patrol/drone_controller.py -> /home/simone/Documents/IoT_lab/Lab_7/build/drone_patrol/build/lib/drone_patrol
copying drone_patrol/__init__.py -> /home/simone/Documents/IoT_lab/Lab_7/build/drone_patrol/build/lib/drone_patrol
running install
running install_lib
creating /home/simone/Documents/IoT_lab/Lab_7/install/drone_patrol/lib/python3.10/site-packages/drone_patrol
copying /home/simone/Documents/IoT_lab/Lab_7/build/drone_patrol/build/lib/drone_patrol/drone_controller.py -> /home/simone/Documents/IoT_lab/Lab_7/install/drone_patrol/lib/python3.10/site-packages/drone_patrol
copying /home/simone/Documents/IoT_lab/Lab_7/build/drone_patrol/build/lib/drone_patrol/__init__.py -> /home/simone/Documents/IoT_lab/Lab_7/install/drone_patrol/lib/python3.10/site-packages/drone_patrol
byte-compiling /home/simone/Documents/IoT_lab/Lab_7/install/drone_patrol/lib/python3.10/site-packages/drone_patrol/drone_controller.py to drone_controller.cpython-310.pyc
byte-compiling /home/simone/Documents/IoT_lab/Lab_7/install/drone_patrol/lib/python3.10/site-packages/drone_patrol/__init__.py to __init__.cpython-310.pyc
running install_data
creating /home/simone/Documents/IoT_lab/Lab_7/install/drone_patrol/share/ament_index
creating /home/simone/Documents/IoT_lab/Lab_7/install/drone_patrol/share/ament_index/resource_index
creating /home/simone/Documents/IoT_lab/Lab_7/install/drone_patrol/share/ament_index/resource_index/packages
copying resource/drone_patrol -> /home/simone/Documents/IoT_lab/Lab_7/install/drone_patrol/share/ament_index/resource_index/packages
copying package.xml -> /home/simone/Documents/IoT_lab/Lab_7/install/drone_patrol/share/drone_patrol
running install_egg_info
Copying ../../build/drone_patrol/drone_patrol.egg-info to /home/simone/Documents/IoT_lab/Lab_7/install/drone_patrol/lib/python3.10/site-packages/drone_patrol-0.0.0-py3.10.egg-info
running install_scripts
writing list of installed files to '/home/simone/Documents/IoT_lab/Lab_7/build/drone_patrol/install.log'
