running egg_info
creating ../../build/spinning_turtle/spinning_turtle.egg-info
writing ../../build/spinning_turtle/spinning_turtle.egg-info/PKG-INFO
writing dependency_links to ../../build/spinning_turtle/spinning_turtle.egg-info/dependency_links.txt
writing entry points to ../../build/spinning_turtle/spinning_turtle.egg-info/entry_points.txt
writing requirements to ../../build/spinning_turtle/spinning_turtle.egg-info/requires.txt
writing top-level names to ../../build/spinning_turtle/spinning_turtle.egg-info/top_level.txt
writing manifest file '../../build/spinning_turtle/spinning_turtle.egg-info/SOURCES.txt'
reading manifest file '../../build/spinning_turtle/spinning_turtle.egg-info/SOURCES.txt'
writing manifest file '../../build/spinning_turtle/spinning_turtle.egg-info/SOURCES.txt'
running build
running build_py
creating /home/simone/Documents/IoT/Lab_4/build/spinning_turtle/build
creating /home/simone/Documents/IoT/Lab_4/build/spinning_turtle/build/lib
creating /home/simone/Documents/IoT/Lab_4/build/spinning_turtle/build/lib/spinning_turtle
copying spinning_turtle/__init__.py -> /home/simone/Documents/IoT/Lab_4/build/spinning_turtle/build/lib/spinning_turtle
copying spinning_turtle/turtle_spin.py -> /home/simone/Documents/IoT/Lab_4/build/spinning_turtle/build/lib/spinning_turtle
running install
running install_lib
creating /home/simone/Documents/IoT/Lab_4/install/spinning_turtle/lib/python3.10/site-packages/spinning_turtle
copying /home/simone/Documents/IoT/Lab_4/build/spinning_turtle/build/lib/spinning_turtle/__init__.py -> /home/simone/Documents/IoT/Lab_4/install/spinning_turtle/lib/python3.10/site-packages/spinning_turtle
copying /home/simone/Documents/IoT/Lab_4/build/spinning_turtle/build/lib/spinning_turtle/turtle_spin.py -> /home/simone/Documents/IoT/Lab_4/install/spinning_turtle/lib/python3.10/site-packages/spinning_turtle
byte-compiling /home/simone/Documents/IoT/Lab_4/install/spinning_turtle/lib/python3.10/site-packages/spinning_turtle/__init__.py to __init__.cpython-310.pyc
byte-compiling /home/simone/Documents/IoT/Lab_4/install/spinning_turtle/lib/python3.10/site-packages/spinning_turtle/turtle_spin.py to turtle_spin.cpython-310.pyc
running install_data
creating /home/simone/Documents/IoT/Lab_4/install/spinning_turtle/share/ament_index
creating /home/simone/Documents/IoT/Lab_4/install/spinning_turtle/share/ament_index/resource_index
creating /home/simone/Documents/IoT/Lab_4/install/spinning_turtle/share/ament_index/resource_index/packages
copying resource/spinning_turtle -> /home/simone/Documents/IoT/Lab_4/install/spinning_turtle/share/ament_index/resource_index/packages
copying package.xml -> /home/simone/Documents/IoT/Lab_4/install/spinning_turtle/share/spinning_turtle
running install_egg_info
Copying ../../build/spinning_turtle/spinning_turtle.egg-info to /home/simone/Documents/IoT/Lab_4/install/spinning_turtle/lib/python3.10/site-packages/spinning_turtle-0.0.0-py3.10.egg-info
running install_scripts
writing list of installed files to '/home/simone/Documents/IoT/Lab_4/build/spinning_turtle/install.log'
