[0.044s] Invoking command in '/home/simone/Documents/IoT/Lab_5/build/action_tutorials_interfaces': CMAKE_PREFIX_PATH=${CMAKE_PREFIX_PATH}:/home/simone/Documents/IoT/Lab_4/install/spinning_turtle:/opt/ros/humble /usr/bin/cmake --build /home/simone/Documents/IoT/Lab_5/build/action_tutorials_interfaces -- -j16 -l16
[0.634s] Invoked command in '/home/simone/Documents/IoT/Lab_5/build/action_tutorials_interfaces' returned '0': CMAKE_PREFIX_PATH=${CMAKE_PREFIX_PATH}:/home/simone/Documents/IoT/Lab_4/install/spinning_turtle:/opt/ros/humble /usr/bin/cmake --build /home/simone/Documents/IoT/Lab_5/build/action_tutorials_interfaces -- -j16 -l16
[0.716s] Invoking command in '/home/simone/Documents/IoT/Lab_5/build/action_tutorials_interfaces': CMAKE_PREFIX_PATH=${CMAKE_PREFIX_PATH}:/home/simone/Documents/IoT/Lab_4/install/spinning_turtle:/opt/ros/humble /usr/bin/cmake --install /home/simone/Documents/IoT/Lab_5/build/action_tutorials_interfaces
[0.734s] -- Install configuration: ""
[0.734s] -- Up-to-date: /home/simone/Documents/IoT/Lab_5/install/action_tutorials_interfaces/share/ament_index/resource_index/package_run_dependencies/action_tutorials_interfaces
[0.735s] -- Up-to-date: /home/simone/Documents/IoT/Lab_5/install/action_tutorials_interfaces/share/ament_index/resource_index/parent_prefix_path/action_tutorials_interfaces
[0.735s] -- Up-to-date: /home/simone/Documents/IoT/Lab_5/install/action_tutorials_interfaces/share/action_tutorials_interfaces/environment/ament_prefix_path.sh
[0.735s] -- Up-to-date: /home/simone/Documents/IoT/Lab_5/install/action_tutorials_interfaces/share/action_tutorials_interfaces/environment/ament_prefix_path.dsv
[0.735s] -- Up-to-date: /home/simone/Documents/IoT/Lab_5/install/action_tutorials_interfaces/share/action_tutorials_interfaces/environment/path.sh
[0.735s] -- Up-to-date: /home/simone/Documents/IoT/Lab_5/install/action_tutorials_interfaces/share/action_tutorials_interfaces/environment/path.dsv
[0.736s] -- Up-to-date: /home/simone/Documents/IoT/Lab_5/install/action_tutorials_interfaces/share/action_tutorials_interfaces/local_setup.bash
[0.736s] -- Up-to-date: /home/simone/Documents/IoT/Lab_5/install/action_tutorials_interfaces/share/action_tutorials_interfaces/local_setup.sh
[0.736s] -- Up-to-date: /home/simone/Documents/IoT/Lab_5/install/action_tutorials_interfaces/share/action_tutorials_interfaces/local_setup.zsh
[0.736s] -- Up-to-date: /home/simone/Documents/IoT/Lab_5/install/action_tutorials_interfaces/share/action_tutorials_interfaces/local_setup.dsv
[0.736s] -- Installing: /home/simone/Documents/IoT/Lab_5/install/action_tutorials_interfaces/share/action_tutorials_interfaces/package.dsv
[0.737s] -- Up-to-date: /home/simone/Documents/IoT/Lab_5/install/action_tutorials_interfaces/share/ament_index/resource_index/packages/action_tutorials_interfaces
[0.737s] -- Up-to-date: /home/simone/Documents/IoT/Lab_5/install/action_tutorials_interfaces/share/action_tutorials_interfaces/cmake/action_tutorials_interfacesConfig.cmake
[0.737s] -- Up-to-date: /home/simone/Documents/IoT/Lab_5/install/action_tutorials_interfaces/share/action_tutorials_interfaces/cmake/action_tutorials_interfacesConfig-version.cmake
[0.737s] -- Up-to-date: /home/simone/Documents/IoT/Lab_5/install/action_tutorials_interfaces/share/action_tutorials_interfaces/package.xml
[0.741s] Invoked command in '/home/simone/Documents/IoT/Lab_5/build/action_tutorials_interfaces' returned '0': CMAKE_PREFIX_PATH=${CMAKE_PREFIX_PATH}:/home/simone/Documents/IoT/Lab_4/install/spinning_turtle:/opt/ros/humble /usr/bin/cmake --install /home/simone/Documents/IoT/Lab_5/build/action_tutorials_interfaces
