[0.246s] DEBUG:colcon:Command line arguments: ['/usr/bin/colcon', 'build']
[0.246s] DEBUG:colcon:Parsed command line arguments: Namespace(log_base=None, log_level=None, verb_name='build', build_base='build', install_base='install', merge_install=False, symlink_install=False, test_result_base=None, continue_on_error=False, executor='parallel', parallel_workers=16, event_handlers=None, ignore_user_meta=False, metas=['./colcon.meta'], base_paths=['.'], packages_ignore=None, packages_ignore_regex=None, paths=None, packages_up_to=None, packages_up_to_regex=None, packages_above=None, packages_above_and_dependencies=None, packages_above_depth=None, packages_select_by_dep=None, packages_skip_by_dep=None, packages_skip_up_to=None, packages_select_build_failed=False, packages_skip_build_finished=False, packages_select_test_failures=False, packages_skip_test_passed=False, packages_select=None, packages_skip=None, packages_select_regex=None, packages_skip_regex=None, packages_start=None, packages_end=None, allow_overriding=[], cmake_args=None, cmake_target=None, cmake_target_skip_unavailable=False, cmake_clean_cache=False, cmake_clean_first=False, cmake_force_configure=False, ament_cmake_args=None, catkin_cmake_args=None, catkin_skip_building_tests=False, verb_parser=<colcon_defaults.argument_parser.defaults.DefaultArgumentsDecorator object at 0x739b3810c100>, verb_extension=<colcon_core.verb.build.BuildVerb object at 0x739b380cfac0>, main=<bound method BuildVerb.main of <colcon_core.verb.build.BuildVerb object at 0x739b380cfac0>>)
[0.643s] Level 1:colcon.colcon_core.package_discovery:discover_packages(colcon_meta) check parameters
[0.644s] Level 1:colcon.colcon_core.package_discovery:discover_packages(recursive) check parameters
[0.644s] Level 1:colcon.colcon_core.package_discovery:discover_packages(ignore) check parameters
[0.644s] Level 1:colcon.colcon_core.package_discovery:discover_packages(path) check parameters
[0.644s] Level 1:colcon.colcon_core.package_discovery:discover_packages(colcon_meta) discover
[0.644s] Level 1:colcon.colcon_core.package_discovery:discover_packages(recursive) discover
[0.644s] INFO:colcon.colcon_core.package_discovery:Crawling recursively for packages in '/home/simone/Documents/IoT/Lab_4'
[0.644s] Level 1:colcon.colcon_core.package_identification:_identify(.) by extensions ['ignore', 'ignore_ament_install']
[0.645s] Level 1:colcon.colcon_core.package_identification:_identify(.) by extension 'ignore'
[0.645s] Level 1:colcon.colcon_core.package_identification:_identify(.) by extension 'ignore_ament_install'
[0.645s] Level 1:colcon.colcon_core.package_identification:_identify(.) by extensions ['colcon_pkg']
[0.645s] Level 1:colcon.colcon_core.package_identification:_identify(.) by extension 'colcon_pkg'
[0.645s] Level 1:colcon.colcon_core.package_identification:_identify(.) by extensions ['colcon_meta']
[0.645s] Level 1:colcon.colcon_core.package_identification:_identify(.) by extension 'colcon_meta'
[0.645s] Level 1:colcon.colcon_core.package_identification:_identify(.) by extensions ['ros']
[0.646s] Level 1:colcon.colcon_core.package_identification:_identify(.) by extension 'ros'
[0.671s] Level 1:colcon.colcon_core.package_identification:_identify(.) by extensions ['cmake', 'python']
[0.671s] Level 1:colcon.colcon_core.package_identification:_identify(.) by extension 'cmake'
[0.671s] Level 1:colcon.colcon_core.package_identification:_identify(.) by extension 'python'
[0.671s] Level 1:colcon.colcon_core.package_identification:_identify(.) by extensions ['python_setup_py']
[0.671s] Level 1:colcon.colcon_core.package_identification:_identify(.) by extension 'python_setup_py'
[0.672s] Level 1:colcon.colcon_core.package_identification:_identify(build) by extensions ['ignore', 'ignore_ament_install']
[0.672s] Level 1:colcon.colcon_core.package_identification:_identify(build) by extension 'ignore'
[0.672s] Level 1:colcon.colcon_core.package_identification:_identify(build) ignored
[0.672s] Level 1:colcon.colcon_core.package_identification:_identify(install) by extensions ['ignore', 'ignore_ament_install']
[0.673s] Level 1:colcon.colcon_core.package_identification:_identify(install) by extension 'ignore'
[0.673s] Level 1:colcon.colcon_core.package_identification:_identify(install) ignored
[0.673s] Level 1:colcon.colcon_core.package_identification:_identify(log) by extensions ['ignore', 'ignore_ament_install']
[0.674s] Level 1:colcon.colcon_core.package_identification:_identify(log) by extension 'ignore'
[0.674s] Level 1:colcon.colcon_core.package_identification:_identify(log) ignored
[0.674s] Level 1:colcon.colcon_core.package_identification:_identify(src) by extensions ['ignore', 'ignore_ament_install']
[0.674s] Level 1:colcon.colcon_core.package_identification:_identify(src) by extension 'ignore'
[0.674s] Level 1:colcon.colcon_core.package_identification:_identify(src) by extension 'ignore_ament_install'
[0.674s] Level 1:colcon.colcon_core.package_identification:_identify(src) by extensions ['colcon_pkg']
[0.675s] Level 1:colcon.colcon_core.package_identification:_identify(src) by extension 'colcon_pkg'
[0.675s] Level 1:colcon.colcon_core.package_identification:_identify(src) by extensions ['colcon_meta']
[0.675s] Level 1:colcon.colcon_core.package_identification:_identify(src) by extension 'colcon_meta'
[0.675s] Level 1:colcon.colcon_core.package_identification:_identify(src) by extensions ['ros']
[0.675s] Level 1:colcon.colcon_core.package_identification:_identify(src) by extension 'ros'
[0.675s] Level 1:colcon.colcon_core.package_identification:_identify(src) by extensions ['cmake', 'python']
[0.675s] Level 1:colcon.colcon_core.package_identification:_identify(src) by extension 'cmake'
[0.676s] Level 1:colcon.colcon_core.package_identification:_identify(src) by extension 'python'
[0.676s] Level 1:colcon.colcon_core.package_identification:_identify(src) by extensions ['python_setup_py']
[0.676s] Level 1:colcon.colcon_core.package_identification:_identify(src) by extension 'python_setup_py'
[0.676s] Level 1:colcon.colcon_core.package_identification:_identify(src/tutorial_interfaces) by extensions ['ignore', 'ignore_ament_install']
[0.676s] Level 1:colcon.colcon_core.package_identification:_identify(src/tutorial_interfaces) by extension 'ignore'
[0.676s] Level 1:colcon.colcon_core.package_identification:_identify(src/tutorial_interfaces) by extension 'ignore_ament_install'
[0.676s] Level 1:colcon.colcon_core.package_identification:_identify(src/tutorial_interfaces) by extensions ['colcon_pkg']
[0.677s] Level 1:colcon.colcon_core.package_identification:_identify(src/tutorial_interfaces) by extension 'colcon_pkg'
[0.677s] Level 1:colcon.colcon_core.package_identification:_identify(src/tutorial_interfaces) by extensions ['colcon_meta']
[0.677s] Level 1:colcon.colcon_core.package_identification:_identify(src/tutorial_interfaces) by extension 'colcon_meta'
[0.677s] Level 1:colcon.colcon_core.package_identification:_identify(src/tutorial_interfaces) by extensions ['ros']
[0.677s] Level 1:colcon.colcon_core.package_identification:_identify(src/tutorial_interfaces) by extension 'ros'
[0.682s] DEBUG:colcon.colcon_core.package_identification:Package 'src/tutorial_interfaces' with type 'ros.ament_cmake' and name 'tutorial_interfaces'
[0.682s] Level 1:colcon.colcon_core.package_discovery:discover_packages(recursive) using defaults
[0.683s] Level 1:colcon.colcon_core.package_discovery:discover_packages(ignore) discover
[0.683s] Level 1:colcon.colcon_core.package_discovery:discover_packages(ignore) using defaults
[0.683s] Level 1:colcon.colcon_core.package_discovery:discover_packages(path) discover
[0.683s] Level 1:colcon.colcon_core.package_discovery:discover_packages(path) using defaults
[0.725s] Level 1:colcon.colcon_core.package_discovery:discover_packages(prefix_path) check parameters
[0.725s] Level 1:colcon.colcon_core.package_discovery:discover_packages(prefix_path) discover
[0.732s] DEBUG:colcon.colcon_installed_package_information.package_discovery:Found 270 installed packages in /opt/ros/humble
[0.751s] Level 1:colcon.colcon_core.package_discovery:discover_packages(prefix_path) using defaults
[0.838s] Level 5:colcon.colcon_core.verb:set package 'tutorial_interfaces' build argument 'cmake_args' from command line to 'None'
[0.838s] Level 5:colcon.colcon_core.verb:set package 'tutorial_interfaces' build argument 'cmake_target' from command line to 'None'
[0.838s] Level 5:colcon.colcon_core.verb:set package 'tutorial_interfaces' build argument 'cmake_target_skip_unavailable' from command line to 'False'
[0.839s] Level 5:colcon.colcon_core.verb:set package 'tutorial_interfaces' build argument 'cmake_clean_cache' from command line to 'False'
[0.839s] Level 5:colcon.colcon_core.verb:set package 'tutorial_interfaces' build argument 'cmake_clean_first' from command line to 'False'
[0.839s] Level 5:colcon.colcon_core.verb:set package 'tutorial_interfaces' build argument 'cmake_force_configure' from command line to 'False'
[0.839s] Level 5:colcon.colcon_core.verb:set package 'tutorial_interfaces' build argument 'ament_cmake_args' from command line to 'None'
[0.839s] Level 5:colcon.colcon_core.verb:set package 'tutorial_interfaces' build argument 'catkin_cmake_args' from command line to 'None'
[0.839s] Level 5:colcon.colcon_core.verb:set package 'tutorial_interfaces' build argument 'catkin_skip_building_tests' from command line to 'False'
[0.839s] DEBUG:colcon.colcon_core.verb:Building package 'tutorial_interfaces' with the following arguments: {'ament_cmake_args': None, 'build_base': '/home/simone/Documents/IoT/Lab_4/build/tutorial_interfaces', 'catkin_cmake_args': None, 'catkin_skip_building_tests': False, 'cmake_args': None, 'cmake_clean_cache': False, 'cmake_clean_first': False, 'cmake_force_configure': False, 'cmake_target': None, 'cmake_target_skip_unavailable': False, 'install_base': '/home/simone/Documents/IoT/Lab_4/install/tutorial_interfaces', 'merge_install': False, 'path': '/home/simone/Documents/IoT/Lab_4/src/tutorial_interfaces', 'symlink_install': False, 'test_result_base': None}
[0.839s] INFO:colcon.colcon_core.executor:Executing jobs using 'parallel' executor
[0.841s] DEBUG:colcon.colcon_parallel_executor.executor.parallel:run_until_complete
[0.842s] INFO:colcon.colcon_ros.task.ament_cmake.build:Building ROS package in '/home/simone/Documents/IoT/Lab_4/src/tutorial_interfaces' with build type 'ament_cmake'
[0.842s] INFO:colcon.colcon_cmake.task.cmake.build:Building CMake package in '/home/simone/Documents/IoT/Lab_4/src/tutorial_interfaces'
[0.847s] INFO:colcon.colcon_core.plugin_system:Skipping extension 'colcon_core.shell.bat': Not used on non-Windows systems
[0.848s] INFO:colcon.colcon_core.shell:Skip shell extension 'powershell' for command environment: Not usable outside of PowerShell
[0.848s] DEBUG:colcon.colcon_core.shell:Skip shell extension 'dsv' for command environment
[0.871s] DEBUG:colcon.colcon_core.event_handler.log_command:Invoking command in '/home/simone/Documents/IoT/Lab_4/build/tutorial_interfaces': CMAKE_PREFIX_PATH=/opt/ros/humble /usr/bin/cmake --build /home/simone/Documents/IoT/Lab_4/build/tutorial_interfaces -- -j16 -l16
[8.369s] DEBUG:colcon.colcon_core.event_handler.log_command:Invoked command in '/home/simone/Documents/IoT/Lab_4/build/tutorial_interfaces' returned '0': CMAKE_PREFIX_PATH=/opt/ros/humble /usr/bin/cmake --build /home/simone/Documents/IoT/Lab_4/build/tutorial_interfaces -- -j16 -l16
[8.503s] DEBUG:colcon.colcon_core.event_handler.log_command:Invoking command in '/home/simone/Documents/IoT/Lab_4/build/tutorial_interfaces': CMAKE_PREFIX_PATH=/opt/ros/humble /usr/bin/cmake --install /home/simone/Documents/IoT/Lab_4/build/tutorial_interfaces
[8.581s] Level 1:colcon.colcon_core.environment:create_environment_scripts_only(tutorial_interfaces)
[8.582s] DEBUG:colcon.colcon_core.event_handler.log_command:Invoked command in '/home/simone/Documents/IoT/Lab_4/build/tutorial_interfaces' returned '0': CMAKE_PREFIX_PATH=/opt/ros/humble /usr/bin/cmake --install /home/simone/Documents/IoT/Lab_4/build/tutorial_interfaces
[8.584s] Level 1:colcon.colcon_core.environment:checking '/home/simone/Documents/IoT/Lab_4/install/tutorial_interfaces' for CMake module files
[8.585s] Level 1:colcon.colcon_core.environment:checking '/home/simone/Documents/IoT/Lab_4/install/tutorial_interfaces' for CMake config files
[8.585s] Level 1:colcon.colcon_core.shell:create_environment_hook('tutorial_interfaces', 'cmake_prefix_path')
[8.585s] INFO:colcon.colcon_core.shell:Creating environment hook '/home/simone/Documents/IoT/Lab_4/install/tutorial_interfaces/share/tutorial_interfaces/hook/cmake_prefix_path.ps1'
[8.586s] INFO:colcon.colcon_core.shell:Creating environment descriptor '/home/simone/Documents/IoT/Lab_4/install/tutorial_interfaces/share/tutorial_interfaces/hook/cmake_prefix_path.dsv'
[8.587s] INFO:colcon.colcon_core.shell:Creating environment hook '/home/simone/Documents/IoT/Lab_4/install/tutorial_interfaces/share/tutorial_interfaces/hook/cmake_prefix_path.sh'
[8.587s] Level 1:colcon.colcon_core.environment:checking '/home/simone/Documents/IoT/Lab_4/install/tutorial_interfaces/lib'
[8.587s] Level 1:colcon.colcon_core.shell:create_environment_hook('tutorial_interfaces', 'ld_library_path_lib')
[8.588s] INFO:colcon.colcon_core.shell:Creating environment hook '/home/simone/Documents/IoT/Lab_4/install/tutorial_interfaces/share/tutorial_interfaces/hook/ld_library_path_lib.ps1'
[8.588s] INFO:colcon.colcon_core.shell:Creating environment descriptor '/home/simone/Documents/IoT/Lab_4/install/tutorial_interfaces/share/tutorial_interfaces/hook/ld_library_path_lib.dsv'
[8.588s] INFO:colcon.colcon_core.shell:Creating environment hook '/home/simone/Documents/IoT/Lab_4/install/tutorial_interfaces/share/tutorial_interfaces/hook/ld_library_path_lib.sh'
[8.589s] Level 1:colcon.colcon_core.environment:checking '/home/simone/Documents/IoT/Lab_4/install/tutorial_interfaces/bin'
[8.589s] Level 1:colcon.colcon_core.environment:checking '/home/simone/Documents/IoT/Lab_4/install/tutorial_interfaces/lib/pkgconfig/tutorial_interfaces.pc'
[8.589s] Level 1:colcon.colcon_core.environment:checking '/home/simone/Documents/IoT/Lab_4/install/tutorial_interfaces/lib/python3.10/site-packages'
[8.589s] Level 1:colcon.colcon_core.environment:checking '/home/simone/Documents/IoT/Lab_4/install/tutorial_interfaces/bin'
[8.589s] INFO:colcon.colcon_core.shell:Creating package script '/home/simone/Documents/IoT/Lab_4/install/tutorial_interfaces/share/tutorial_interfaces/package.ps1'
[8.590s] INFO:colcon.colcon_core.shell:Creating package descriptor '/home/simone/Documents/IoT/Lab_4/install/tutorial_interfaces/share/tutorial_interfaces/package.dsv'
[8.590s] INFO:colcon.colcon_core.shell:Creating package script '/home/simone/Documents/IoT/Lab_4/install/tutorial_interfaces/share/tutorial_interfaces/package.sh'
[8.591s] INFO:colcon.colcon_core.shell:Creating package script '/home/simone/Documents/IoT/Lab_4/install/tutorial_interfaces/share/tutorial_interfaces/package.bash'
[8.592s] INFO:colcon.colcon_core.shell:Creating package script '/home/simone/Documents/IoT/Lab_4/install/tutorial_interfaces/share/tutorial_interfaces/package.zsh'
[8.593s] Level 1:colcon.colcon_core.environment:create_file_with_runtime_dependencies(/home/simone/Documents/IoT/Lab_4/install/tutorial_interfaces/share/colcon-core/packages/tutorial_interfaces)
[8.711s] Level 1:colcon.colcon_core.environment:create_environment_scripts_only(tutorial_interfaces)
[8.712s] Level 1:colcon.colcon_core.environment:checking '/home/simone/Documents/IoT/Lab_4/install/tutorial_interfaces' for CMake module files
[8.713s] Level 1:colcon.colcon_core.environment:checking '/home/simone/Documents/IoT/Lab_4/install/tutorial_interfaces' for CMake config files
[8.713s] Level 1:colcon.colcon_core.shell:create_environment_hook('tutorial_interfaces', 'cmake_prefix_path')
[8.713s] INFO:colcon.colcon_core.shell:Creating environment hook '/home/simone/Documents/IoT/Lab_4/install/tutorial_interfaces/share/tutorial_interfaces/hook/cmake_prefix_path.ps1'
[8.714s] INFO:colcon.colcon_core.shell:Creating environment descriptor '/home/simone/Documents/IoT/Lab_4/install/tutorial_interfaces/share/tutorial_interfaces/hook/cmake_prefix_path.dsv'
[8.714s] INFO:colcon.colcon_core.shell:Creating environment hook '/home/simone/Documents/IoT/Lab_4/install/tutorial_interfaces/share/tutorial_interfaces/hook/cmake_prefix_path.sh'
[8.715s] Level 1:colcon.colcon_core.environment:checking '/home/simone/Documents/IoT/Lab_4/install/tutorial_interfaces/lib'
[8.715s] Level 1:colcon.colcon_core.shell:create_environment_hook('tutorial_interfaces', 'ld_library_path_lib')
[8.715s] INFO:colcon.colcon_core.shell:Creating environment hook '/home/simone/Documents/IoT/Lab_4/install/tutorial_interfaces/share/tutorial_interfaces/hook/ld_library_path_lib.ps1'
[8.715s] INFO:colcon.colcon_core.shell:Creating environment descriptor '/home/simone/Documents/IoT/Lab_4/install/tutorial_interfaces/share/tutorial_interfaces/hook/ld_library_path_lib.dsv'
[8.716s] INFO:colcon.colcon_core.shell:Creating environment hook '/home/simone/Documents/IoT/Lab_4/install/tutorial_interfaces/share/tutorial_interfaces/hook/ld_library_path_lib.sh'
[8.716s] Level 1:colcon.colcon_core.environment:checking '/home/simone/Documents/IoT/Lab_4/install/tutorial_interfaces/bin'
[8.716s] Level 1:colcon.colcon_core.environment:checking '/home/simone/Documents/IoT/Lab_4/install/tutorial_interfaces/lib/pkgconfig/tutorial_interfaces.pc'
[8.716s] Level 1:colcon.colcon_core.environment:checking '/home/simone/Documents/IoT/Lab_4/install/tutorial_interfaces/lib/python3.10/site-packages'
[8.716s] Level 1:colcon.colcon_core.environment:checking '/home/simone/Documents/IoT/Lab_4/install/tutorial_interfaces/bin'
[8.717s] INFO:colcon.colcon_core.shell:Creating package script '/home/simone/Documents/IoT/Lab_4/install/tutorial_interfaces/share/tutorial_interfaces/package.ps1'
[8.717s] INFO:colcon.colcon_core.shell:Creating package descriptor '/home/simone/Documents/IoT/Lab_4/install/tutorial_interfaces/share/tutorial_interfaces/package.dsv'
[8.718s] INFO:colcon.colcon_core.shell:Creating package script '/home/simone/Documents/IoT/Lab_4/install/tutorial_interfaces/share/tutorial_interfaces/package.sh'
[8.718s] INFO:colcon.colcon_core.shell:Creating package script '/home/simone/Documents/IoT/Lab_4/install/tutorial_interfaces/share/tutorial_interfaces/package.bash'
[8.718s] INFO:colcon.colcon_core.shell:Creating package script '/home/simone/Documents/IoT/Lab_4/install/tutorial_interfaces/share/tutorial_interfaces/package.zsh'
[8.719s] Level 1:colcon.colcon_core.environment:create_file_with_runtime_dependencies(/home/simone/Documents/IoT/Lab_4/install/tutorial_interfaces/share/colcon-core/packages/tutorial_interfaces)
[8.719s] DEBUG:colcon.colcon_parallel_executor.executor.parallel:closing loop
[8.720s] DEBUG:colcon.colcon_parallel_executor.executor.parallel:loop closed
[8.720s] DEBUG:colcon.colcon_parallel_executor.executor.parallel:run_until_complete finished with '0'
[8.720s] DEBUG:colcon.colcon_core.event_reactor:joining thread
[8.725s] INFO:colcon.colcon_core.plugin_system:Skipping extension 'colcon_notification.desktop_notification.terminal_notifier': Not used on non-Darwin systems
[8.725s] INFO:colcon.colcon_core.plugin_system:Skipping extension 'colcon_notification.desktop_notification.win32': Not used on non-Windows systems
[8.725s] INFO:colcon.colcon_notification.desktop_notification:Sending desktop notification using 'notify2'
[8.738s] DEBUG:colcon.colcon_core.event_reactor:joined thread
[8.739s] INFO:colcon.colcon_core.shell:Creating prefix script '/home/simone/Documents/IoT/Lab_4/install/local_setup.ps1'
[8.740s] INFO:colcon.colcon_core.shell:Creating prefix util module '/home/simone/Documents/IoT/Lab_4/install/_local_setup_util_ps1.py'
[8.741s] INFO:colcon.colcon_core.shell:Creating prefix chain script '/home/simone/Documents/IoT/Lab_4/install/setup.ps1'
[8.742s] INFO:colcon.colcon_core.shell:Creating prefix script '/home/simone/Documents/IoT/Lab_4/install/local_setup.sh'
[8.742s] INFO:colcon.colcon_core.shell:Creating prefix util module '/home/simone/Documents/IoT/Lab_4/install/_local_setup_util_sh.py'
[8.743s] INFO:colcon.colcon_core.shell:Creating prefix chain script '/home/simone/Documents/IoT/Lab_4/install/setup.sh'
[8.744s] INFO:colcon.colcon_core.shell:Creating prefix script '/home/simone/Documents/IoT/Lab_4/install/local_setup.bash'
[8.744s] INFO:colcon.colcon_core.shell:Creating prefix chain script '/home/simone/Documents/IoT/Lab_4/install/setup.bash'
[8.745s] INFO:colcon.colcon_core.shell:Creating prefix script '/home/simone/Documents/IoT/Lab_4/install/local_setup.zsh'
[8.746s] INFO:colcon.colcon_core.shell:Creating prefix chain script '/home/simone/Documents/IoT/Lab_4/install/setup.zsh'
