[1.321s] Invoking command in '/home/simone/Documents/IoT/build/turtlesim': CMAKE_PREFIX_PATH=${CMAKE_PREFIX_PATH}:/home/simone/Documents/IoT/install/py_srvcli:/home/simone/Documents/IoT/install/py_pubsub:/opt/ros/humble /usr/bin/cmake --build /home/simone/Documents/IoT/build/turtlesim -- -j16 -l16
[1.462s] [  1%] Built target turtlesim__cpp
[1.468s] [ 11%] Built target turtlesim__rosidl_generator_c
[1.500s] [ 11%] Built target ament_cmake_python_copy_turtlesim
[1.526s] [ 24%] Built target turtlesim__rosidl_typesupport_cpp
[1.527s] [ 31%] Built target turtlesim__rosidl_typesupport_introspection_c
[1.530s] [ 41%] Built target turtlesim__rosidl_typesupport_fastrtps_cpp
[1.534s] [ 51%] Built target turtlesim__rosidl_typesupport_introspection_cpp
[1.536s] [ 61%] Built target turtlesim__rosidl_typesupport_c
[1.540s] [ 71%] Built target turtlesim__rosidl_typesupport_fastrtps_c
[1.595s] [ 75%] Built target draw_square
[1.595s] [ 75%] Built target turtle_teleop_key
[1.596s] [ 77%] Built target mimic
[1.599s] [ 77%] Built target turtlesim
[1.616s] [ 83%] Built target turtlesim_node
[1.654s] [ 84%] Built target turtlesim__py
[1.731s] [ 93%] Built target turtlesim__rosidl_generator_py
[1.791s] [ 96%] Built target turtlesim__rosidl_typesupport_introspection_c__pyext
[1.791s] [ 97%] Built target turtlesim__rosidl_typesupport_c__pyext
[1.791s] [100%] Built target turtlesim__rosidl_typesupport_fastrtps_c__pyext
[2.151s] running egg_info
[2.153s] writing turtlesim.egg-info/PKG-INFO
[2.153s] writing dependency_links to turtlesim.egg-info/dependency_links.txt
[2.153s] writing top-level names to turtlesim.egg-info/top_level.txt
[2.159s] reading manifest file 'turtlesim.egg-info/SOURCES.txt'
[2.161s] writing manifest file 'turtlesim.egg-info/SOURCES.txt'
[2.224s] [100%] Built target ament_cmake_python_build_turtlesim_egg
[2.259s] Invoked command in '/home/simone/Documents/IoT/build/turtlesim' returned '0': CMAKE_PREFIX_PATH=${CMAKE_PREFIX_PATH}:/home/simone/Documents/IoT/install/py_srvcli:/home/simone/Documents/IoT/install/py_pubsub:/opt/ros/humble /usr/bin/cmake --build /home/simone/Documents/IoT/build/turtlesim -- -j16 -l16
[2.908s] Invoking command in '/home/simone/Documents/IoT/build/turtlesim': CMAKE_PREFIX_PATH=${CMAKE_PREFIX_PATH}:/home/simone/Documents/IoT/install/py_srvcli:/home/simone/Documents/IoT/install/py_pubsub:/opt/ros/humble /usr/bin/cmake --install /home/simone/Documents/IoT/build/turtlesim
[2.934s] -- Install configuration: ""
[2.934s] -- Up-to-date: /home/simone/Documents/IoT/install/turtlesim/share/ament_index/resource_index/rosidl_interfaces/turtlesim
[2.935s] -- Up-to-date: /home/simone/Documents/IoT/install/turtlesim/include/turtlesim/turtlesim
[2.935s] -- Up-to-date: /home/simone/Documents/IoT/install/turtlesim/include/turtlesim/turtlesim/srv
[2.936s] -- Up-to-date: /home/simone/Documents/IoT/install/turtlesim/include/turtlesim/turtlesim/srv/teleport_relative.h
[2.936s] -- Up-to-date: /home/simone/Documents/IoT/install/turtlesim/include/turtlesim/turtlesim/srv/set_pen.h
[2.936s] -- Up-to-date: /home/simone/Documents/IoT/install/turtlesim/include/turtlesim/turtlesim/srv/detail
[2.937s] -- Up-to-date: /home/simone/Documents/IoT/install/turtlesim/include/turtlesim/turtlesim/srv/detail/teleport_absolute__functions.h
[2.937s] -- Up-to-date: /home/simone/Documents/IoT/install/turtlesim/include/turtlesim/turtlesim/srv/detail/kill__functions.c
[2.938s] -- Up-to-date: /home/simone/Documents/IoT/install/turtlesim/include/turtlesim/turtlesim/srv/detail/set_pen__type_support.h
[2.938s] -- Up-to-date: /home/simone/Documents/IoT/install/turtlesim/include/turtlesim/turtlesim/srv/detail/kill__struct.h
[2.939s] -- Up-to-date: /home/simone/Documents/IoT/install/turtlesim/include/turtlesim/turtlesim/srv/detail/spawn__struct.h
[2.939s] -- Up-to-date: /home/simone/Documents/IoT/install/turtlesim/include/turtlesim/turtlesim/srv/detail/set_pen__functions.h
[2.940s] -- Up-to-date: /home/simone/Documents/IoT/install/turtlesim/include/turtlesim/turtlesim/srv/detail/teleport_relative__type_support.h
[2.940s] -- Up-to-date: /home/simone/Documents/IoT/install/turtlesim/include/turtlesim/turtlesim/srv/detail/set_pen__functions.c
[2.940s] -- Up-to-date: /home/simone/Documents/IoT/install/turtlesim/include/turtlesim/turtlesim/srv/detail/teleport_relative__functions.c
[2.940s] -- Up-to-date: /home/simone/Documents/IoT/install/turtlesim/include/turtlesim/turtlesim/srv/detail/spawn__type_support.h
[2.941s] -- Up-to-date: /home/simone/Documents/IoT/install/turtlesim/include/turtlesim/turtlesim/srv/detail/kill__type_support.h
[2.941s] -- Up-to-date: /home/simone/Documents/IoT/install/turtlesim/include/turtlesim/turtlesim/srv/detail/spawn__functions.c
[2.941s] -- Up-to-date: /home/simone/Documents/IoT/install/turtlesim/include/turtlesim/turtlesim/srv/detail/teleport_absolute__type_support.h
[2.942s] -- Up-to-date: /home/simone/Documents/IoT/install/turtlesim/include/turtlesim/turtlesim/srv/detail/teleport_relative__functions.h
[2.942s] -- Up-to-date: /home/simone/Documents/IoT/install/turtlesim/include/turtlesim/turtlesim/srv/detail/spawn__functions.h
[2.942s] -- Up-to-date: /home/simone/Documents/IoT/install/turtlesim/include/turtlesim/turtlesim/srv/detail/teleport_relative__struct.h
[2.943s] -- Up-to-date: /home/simone/Documents/IoT/install/turtlesim/include/turtlesim/turtlesim/srv/detail/kill__functions.h
[2.943s] -- Up-to-date: /home/simone/Documents/IoT/install/turtlesim/include/turtlesim/turtlesim/srv/detail/teleport_absolute__struct.h
[2.943s] -- Up-to-date: /home/simone/Documents/IoT/install/turtlesim/include/turtlesim/turtlesim/srv/detail/set_pen__struct.h
[2.944s] -- Up-to-date: /home/simone/Documents/IoT/install/turtlesim/include/turtlesim/turtlesim/srv/detail/teleport_absolute__functions.c
[2.944s] -- Up-to-date: /home/simone/Documents/IoT/install/turtlesim/include/turtlesim/turtlesim/srv/kill.h
[2.944s] -- Up-to-date: /home/simone/Documents/IoT/install/turtlesim/include/turtlesim/turtlesim/srv/teleport_absolute.h
[2.944s] -- Up-to-date: /home/simone/Documents/IoT/install/turtlesim/include/turtlesim/turtlesim/srv/spawn.h
[2.944s] -- Up-to-date: /home/simone/Documents/IoT/install/turtlesim/include/turtlesim/turtlesim/msg
[2.945s] -- Up-to-date: /home/simone/Documents/IoT/install/turtlesim/include/turtlesim/turtlesim/msg/rosidl_generator_c__visibility_control.h
[2.945s] -- Up-to-date: /home/simone/Documents/IoT/install/turtlesim/include/turtlesim/turtlesim/msg/detail
[2.945s] -- Up-to-date: /home/simone/Documents/IoT/install/turtlesim/include/turtlesim/turtlesim/msg/detail/pose__functions.h
[2.946s] -- Up-to-date: /home/simone/Documents/IoT/install/turtlesim/include/turtlesim/turtlesim/msg/detail/pose__type_support.h
[2.946s] -- Up-to-date: /home/simone/Documents/IoT/install/turtlesim/include/turtlesim/turtlesim/msg/detail/pose__struct.h
[2.946s] -- Up-to-date: /home/simone/Documents/IoT/install/turtlesim/include/turtlesim/turtlesim/msg/detail/color__functions.c
[2.946s] -- Up-to-date: /home/simone/Documents/IoT/install/turtlesim/include/turtlesim/turtlesim/msg/detail/color__functions.h
[2.946s] -- Up-to-date: /home/simone/Documents/IoT/install/turtlesim/include/turtlesim/turtlesim/msg/detail/pose__functions.c
[2.947s] -- Up-to-date: /home/simone/Documents/IoT/install/turtlesim/include/turtlesim/turtlesim/msg/detail/color__struct.h
[2.947s] -- Up-to-date: /home/simone/Documents/IoT/install/turtlesim/include/turtlesim/turtlesim/msg/detail/color__type_support.h
[2.947s] -- Up-to-date: /home/simone/Documents/IoT/install/turtlesim/include/turtlesim/turtlesim/msg/pose.h
[2.947s] -- Up-to-date: /home/simone/Documents/IoT/install/turtlesim/include/turtlesim/turtlesim/msg/color.h
[2.948s] -- Up-to-date: /home/simone/Documents/IoT/install/turtlesim/include/turtlesim/turtlesim/action
[2.948s] -- Up-to-date: /home/simone/Documents/IoT/install/turtlesim/include/turtlesim/turtlesim/action/detail
[2.948s] -- Up-to-date: /home/simone/Documents/IoT/install/turtlesim/include/turtlesim/turtlesim/action/detail/rotate_absolute__functions.h
[2.948s] -- Up-to-date: /home/simone/Documents/IoT/install/turtlesim/include/turtlesim/turtlesim/action/detail/rotate_absolute__functions.c
[2.949s] -- Up-to-date: /home/simone/Documents/IoT/install/turtlesim/include/turtlesim/turtlesim/action/detail/rotate_absolute__type_support.h
[2.949s] -- Up-to-date: /home/simone/Documents/IoT/install/turtlesim/include/turtlesim/turtlesim/action/detail/rotate_absolute__struct.h
[2.949s] -- Up-to-date: /home/simone/Documents/IoT/install/turtlesim/include/turtlesim/turtlesim/action/rotate_absolute.h
[2.949s] -- Up-to-date: /home/simone/Documents/IoT/install/turtlesim/share/turtlesim/environment/library_path.sh
[2.949s] -- Up-to-date: /home/simone/Documents/IoT/install/turtlesim/share/turtlesim/environment/library_path.dsv
[2.949s] -- Up-to-date: /home/simone/Documents/IoT/install/turtlesim/lib/libturtlesim__rosidl_generator_c.so
[2.950s] -- Up-to-date: /home/simone/Documents/IoT/install/turtlesim/include/turtlesim/turtlesim
[2.950s] -- Up-to-date: /home/simone/Documents/IoT/install/turtlesim/include/turtlesim/turtlesim/srv
[2.950s] -- Up-to-date: /home/simone/Documents/IoT/install/turtlesim/include/turtlesim/turtlesim/srv/detail
[2.950s] -- Up-to-date: /home/simone/Documents/IoT/install/turtlesim/include/turtlesim/turtlesim/srv/detail/spawn__rosidl_typesupport_fastrtps_c.h
[2.951s] -- Up-to-date: /home/simone/Documents/IoT/install/turtlesim/include/turtlesim/turtlesim/srv/detail/teleport_absolute__rosidl_typesupport_fastrtps_c.h
[2.951s] -- Up-to-date: /home/simone/Documents/IoT/install/turtlesim/include/turtlesim/turtlesim/srv/detail/kill__rosidl_typesupport_fastrtps_c.h
[2.952s] -- Up-to-date: /home/simone/Documents/IoT/install/turtlesim/include/turtlesim/turtlesim/srv/detail/teleport_relative__rosidl_typesupport_fastrtps_c.h
[2.952s] -- Up-to-date: /home/simone/Documents/IoT/install/turtlesim/include/turtlesim/turtlesim/srv/detail/set_pen__rosidl_typesupport_fastrtps_c.h
[2.952s] -- Up-to-date: /home/simone/Documents/IoT/install/turtlesim/include/turtlesim/turtlesim/msg
[2.952s] -- Up-to-date: /home/simone/Documents/IoT/install/turtlesim/include/turtlesim/turtlesim/msg/detail
[2.953s] -- Up-to-date: /home/simone/Documents/IoT/install/turtlesim/include/turtlesim/turtlesim/msg/detail/pose__rosidl_typesupport_fastrtps_c.h
[2.953s] -- Up-to-date: /home/simone/Documents/IoT/install/turtlesim/include/turtlesim/turtlesim/msg/detail/color__rosidl_typesupport_fastrtps_c.h
[2.953s] -- Up-to-date: /home/simone/Documents/IoT/install/turtlesim/include/turtlesim/turtlesim/msg/rosidl_typesupport_fastrtps_c__visibility_control.h
[2.953s] -- Up-to-date: /home/simone/Documents/IoT/install/turtlesim/include/turtlesim/turtlesim/action
[2.953s] -- Up-to-date: /home/simone/Documents/IoT/install/turtlesim/include/turtlesim/turtlesim/action/detail
[2.953s] -- Up-to-date: /home/simone/Documents/IoT/install/turtlesim/include/turtlesim/turtlesim/action/detail/rotate_absolute__rosidl_typesupport_fastrtps_c.h
[2.953s] -- Up-to-date: /home/simone/Documents/IoT/install/turtlesim/lib/libturtlesim__rosidl_typesupport_fastrtps_c.so
[2.954s] -- Up-to-date: /home/simone/Documents/IoT/install/turtlesim/include/turtlesim/turtlesim
[2.954s] -- Up-to-date: /home/simone/Documents/IoT/install/turtlesim/include/turtlesim/turtlesim/srv
[2.954s] -- Up-to-date: /home/simone/Documents/IoT/install/turtlesim/include/turtlesim/turtlesim/srv/teleport_absolute.hpp
[2.954s] -- Up-to-date: /home/simone/Documents/IoT/install/turtlesim/include/turtlesim/turtlesim/srv/teleport_relative.hpp
[2.954s] -- Up-to-date: /home/simone/Documents/IoT/install/turtlesim/include/turtlesim/turtlesim/srv/set_pen.hpp
[2.955s] -- Up-to-date: /home/simone/Documents/IoT/install/turtlesim/include/turtlesim/turtlesim/srv/spawn.hpp
[2.955s] -- Up-to-date: /home/simone/Documents/IoT/install/turtlesim/include/turtlesim/turtlesim/srv/kill.hpp
[2.955s] -- Up-to-date: /home/simone/Documents/IoT/install/turtlesim/include/turtlesim/turtlesim/srv/detail
[2.956s] -- Up-to-date: /home/simone/Documents/IoT/install/turtlesim/include/turtlesim/turtlesim/srv/detail/teleport_relative__builder.hpp
[2.956s] -- Up-to-date: /home/simone/Documents/IoT/install/turtlesim/include/turtlesim/turtlesim/srv/detail/set_pen__traits.hpp
[2.956s] -- Up-to-date: /home/simone/Documents/IoT/install/turtlesim/include/turtlesim/turtlesim/srv/detail/spawn__struct.hpp
[2.957s] -- Up-to-date: /home/simone/Documents/IoT/install/turtlesim/include/turtlesim/turtlesim/srv/detail/spawn__traits.hpp
[2.957s] -- Up-to-date: /home/simone/Documents/IoT/install/turtlesim/include/turtlesim/turtlesim/srv/detail/teleport_absolute__struct.hpp
[2.957s] -- Up-to-date: /home/simone/Documents/IoT/install/turtlesim/include/turtlesim/turtlesim/srv/detail/set_pen__builder.hpp
[2.957s] -- Up-to-date: /home/simone/Documents/IoT/install/turtlesim/include/turtlesim/turtlesim/srv/detail/teleport_relative__traits.hpp
[2.958s] -- Up-to-date: /home/simone/Documents/IoT/install/turtlesim/include/turtlesim/turtlesim/srv/detail/teleport_absolute__builder.hpp
[2.958s] -- Up-to-date: /home/simone/Documents/IoT/install/turtlesim/include/turtlesim/turtlesim/srv/detail/set_pen__struct.hpp
[2.958s] -- Up-to-date: /home/simone/Documents/IoT/install/turtlesim/include/turtlesim/turtlesim/srv/detail/spawn__builder.hpp
[2.959s] -- Up-to-date: /home/simone/Documents/IoT/install/turtlesim/include/turtlesim/turtlesim/srv/detail/kill__builder.hpp
[2.959s] -- Up-to-date: /home/simone/Documents/IoT/install/turtlesim/include/turtlesim/turtlesim/srv/detail/kill__traits.hpp
[2.959s] -- Up-to-date: /home/simone/Documents/IoT/install/turtlesim/include/turtlesim/turtlesim/srv/detail/teleport_absolute__traits.hpp
[2.959s] -- Up-to-date: /home/simone/Documents/IoT/install/turtlesim/include/turtlesim/turtlesim/srv/detail/kill__struct.hpp
[2.960s] -- Up-to-date: /home/simone/Documents/IoT/install/turtlesim/include/turtlesim/turtlesim/srv/detail/teleport_relative__struct.hpp
[2.960s] -- Up-to-date: /home/simone/Documents/IoT/install/turtlesim/include/turtlesim/turtlesim/msg
[2.960s] -- Up-to-date: /home/simone/Documents/IoT/install/turtlesim/include/turtlesim/turtlesim/msg/pose.hpp
[2.961s] -- Up-to-date: /home/simone/Documents/IoT/install/turtlesim/include/turtlesim/turtlesim/msg/color.hpp
[2.961s] -- Up-to-date: /home/simone/Documents/IoT/install/turtlesim/include/turtlesim/turtlesim/msg/detail
[2.962s] -- Up-to-date: /home/simone/Documents/IoT/install/turtlesim/include/turtlesim/turtlesim/msg/detail/pose__builder.hpp
[2.962s] -- Up-to-date: /home/simone/Documents/IoT/install/turtlesim/include/turtlesim/turtlesim/msg/detail/pose__traits.hpp
[2.963s] -- Up-to-date: /home/simone/Documents/IoT/install/turtlesim/include/turtlesim/turtlesim/msg/detail/color__traits.hpp
[2.963s] -- Up-to-date: /home/simone/Documents/IoT/install/turtlesim/include/turtlesim/turtlesim/msg/detail/color__struct.hpp
[2.963s] -- Up-to-date: /home/simone/Documents/IoT/install/turtlesim/include/turtlesim/turtlesim/msg/detail/color__builder.hpp
[2.964s] -- Up-to-date: /home/simone/Documents/IoT/install/turtlesim/include/turtlesim/turtlesim/msg/detail/pose__struct.hpp
[2.964s] -- Up-to-date: /home/simone/Documents/IoT/install/turtlesim/include/turtlesim/turtlesim/action
[2.965s] -- Up-to-date: /home/simone/Documents/IoT/install/turtlesim/include/turtlesim/turtlesim/action/detail
[2.965s] -- Up-to-date: /home/simone/Documents/IoT/install/turtlesim/include/turtlesim/turtlesim/action/detail/rotate_absolute__struct.hpp
[2.965s] -- Up-to-date: /home/simone/Documents/IoT/install/turtlesim/include/turtlesim/turtlesim/action/detail/rotate_absolute__traits.hpp
[2.965s] -- Up-to-date: /home/simone/Documents/IoT/install/turtlesim/include/turtlesim/turtlesim/action/detail/rotate_absolute__builder.hpp
[2.966s] -- Up-to-date: /home/simone/Documents/IoT/install/turtlesim/include/turtlesim/turtlesim/action/rotate_absolute.hpp
[2.966s] -- Up-to-date: /home/simone/Documents/IoT/install/turtlesim/include/turtlesim/turtlesim
[2.966s] -- Up-to-date: /home/simone/Documents/IoT/install/turtlesim/include/turtlesim/turtlesim/srv
[2.966s] -- Up-to-date: /home/simone/Documents/IoT/install/turtlesim/include/turtlesim/turtlesim/srv/detail
[2.966s] -- Up-to-date: /home/simone/Documents/IoT/install/turtlesim/include/turtlesim/turtlesim/srv/detail/kill__rosidl_typesupport_fastrtps_cpp.hpp
[2.967s] -- Up-to-date: /home/simone/Documents/IoT/install/turtlesim/include/turtlesim/turtlesim/srv/detail/teleport_absolute__rosidl_typesupport_fastrtps_cpp.hpp
[2.967s] -- Up-to-date: /home/simone/Documents/IoT/install/turtlesim/include/turtlesim/turtlesim/srv/detail/dds_fastrtps
[2.967s] -- Up-to-date: /home/simone/Documents/IoT/install/turtlesim/include/turtlesim/turtlesim/srv/detail/spawn__rosidl_typesupport_fastrtps_cpp.hpp
[2.967s] -- Up-to-date: /home/simone/Documents/IoT/install/turtlesim/include/turtlesim/turtlesim/srv/detail/set_pen__rosidl_typesupport_fastrtps_cpp.hpp
[2.967s] -- Up-to-date: /home/simone/Documents/IoT/install/turtlesim/include/turtlesim/turtlesim/srv/detail/teleport_relative__rosidl_typesupport_fastrtps_cpp.hpp
[2.967s] -- Up-to-date: /home/simone/Documents/IoT/install/turtlesim/include/turtlesim/turtlesim/msg
[2.967s] -- Up-to-date: /home/simone/Documents/IoT/install/turtlesim/include/turtlesim/turtlesim/msg/rosidl_typesupport_fastrtps_cpp__visibility_control.h
[2.967s] -- Up-to-date: /home/simone/Documents/IoT/install/turtlesim/include/turtlesim/turtlesim/msg/detail
[2.968s] -- Up-to-date: /home/simone/Documents/IoT/install/turtlesim/include/turtlesim/turtlesim/msg/detail/color__rosidl_typesupport_fastrtps_cpp.hpp
[2.968s] -- Up-to-date: /home/simone/Documents/IoT/install/turtlesim/include/turtlesim/turtlesim/msg/detail/dds_fastrtps
[2.968s] -- Up-to-date: /home/simone/Documents/IoT/install/turtlesim/include/turtlesim/turtlesim/msg/detail/pose__rosidl_typesupport_fastrtps_cpp.hpp
[2.968s] -- Up-to-date: /home/simone/Documents/IoT/install/turtlesim/include/turtlesim/turtlesim/action
[2.968s] -- Up-to-date: /home/simone/Documents/IoT/install/turtlesim/include/turtlesim/turtlesim/action/detail
[2.969s] -- Up-to-date: /home/simone/Documents/IoT/install/turtlesim/include/turtlesim/turtlesim/action/detail/rotate_absolute__rosidl_typesupport_fastrtps_cpp.hpp
[2.969s] -- Up-to-date: /home/simone/Documents/IoT/install/turtlesim/include/turtlesim/turtlesim/action/detail/dds_fastrtps
[2.969s] -- Up-to-date: /home/simone/Documents/IoT/install/turtlesim/lib/libturtlesim__rosidl_typesupport_fastrtps_cpp.so
[2.969s] -- Up-to-date: /home/simone/Documents/IoT/install/turtlesim/include/turtlesim/turtlesim
[2.970s] -- Up-to-date: /home/simone/Documents/IoT/install/turtlesim/include/turtlesim/turtlesim/srv
[2.970s] -- Up-to-date: /home/simone/Documents/IoT/install/turtlesim/include/turtlesim/turtlesim/srv/detail
[2.970s] -- Up-to-date: /home/simone/Documents/IoT/install/turtlesim/include/turtlesim/turtlesim/srv/detail/teleport_relative__rosidl_typesupport_introspection_c.h
[2.970s] -- Up-to-date: /home/simone/Documents/IoT/install/turtlesim/include/turtlesim/turtlesim/srv/detail/spawn__type_support.c
[2.970s] -- Up-to-date: /home/simone/Documents/IoT/install/turtlesim/include/turtlesim/turtlesim/srv/detail/kill__type_support.c
[2.971s] -- Up-to-date: /home/simone/Documents/IoT/install/turtlesim/include/turtlesim/turtlesim/srv/detail/teleport_absolute__type_support.c
[2.971s] -- Up-to-date: /home/simone/Documents/IoT/install/turtlesim/include/turtlesim/turtlesim/srv/detail/set_pen__type_support.c
[2.971s] -- Up-to-date: /home/simone/Documents/IoT/install/turtlesim/include/turtlesim/turtlesim/srv/detail/set_pen__rosidl_typesupport_introspection_c.h
[2.971s] -- Up-to-date: /home/simone/Documents/IoT/install/turtlesim/include/turtlesim/turtlesim/srv/detail/teleport_absolute__rosidl_typesupport_introspection_c.h
[2.971s] -- Up-to-date: /home/simone/Documents/IoT/install/turtlesim/include/turtlesim/turtlesim/srv/detail/spawn__rosidl_typesupport_introspection_c.h
[2.972s] -- Up-to-date: /home/simone/Documents/IoT/install/turtlesim/include/turtlesim/turtlesim/srv/detail/kill__rosidl_typesupport_introspection_c.h
[2.972s] -- Up-to-date: /home/simone/Documents/IoT/install/turtlesim/include/turtlesim/turtlesim/srv/detail/teleport_relative__type_support.c
[2.972s] -- Up-to-date: /home/simone/Documents/IoT/install/turtlesim/include/turtlesim/turtlesim/msg
[2.972s] -- Up-to-date: /home/simone/Documents/IoT/install/turtlesim/include/turtlesim/turtlesim/msg/rosidl_typesupport_introspection_c__visibility_control.h
[2.972s] -- Up-to-date: /home/simone/Documents/IoT/install/turtlesim/include/turtlesim/turtlesim/msg/detail
[2.973s] -- Up-to-date: /home/simone/Documents/IoT/install/turtlesim/include/turtlesim/turtlesim/msg/detail/pose__type_support.c
[2.973s] -- Up-to-date: /home/simone/Documents/IoT/install/turtlesim/include/turtlesim/turtlesim/msg/detail/color__type_support.c
[2.973s] -- Up-to-date: /home/simone/Documents/IoT/install/turtlesim/include/turtlesim/turtlesim/msg/detail/pose__rosidl_typesupport_introspection_c.h
[2.973s] -- Up-to-date: /home/simone/Documents/IoT/install/turtlesim/include/turtlesim/turtlesim/msg/detail/color__rosidl_typesupport_introspection_c.h
[2.973s] -- Up-to-date: /home/simone/Documents/IoT/install/turtlesim/include/turtlesim/turtlesim/action
[2.973s] -- Up-to-date: /home/simone/Documents/IoT/install/turtlesim/include/turtlesim/turtlesim/action/detail
[2.974s] -- Up-to-date: /home/simone/Documents/IoT/install/turtlesim/include/turtlesim/turtlesim/action/detail/rotate_absolute__type_support.c
[2.974s] -- Up-to-date: /home/simone/Documents/IoT/install/turtlesim/include/turtlesim/turtlesim/action/detail/rotate_absolute__rosidl_typesupport_introspection_c.h
[2.974s] -- Up-to-date: /home/simone/Documents/IoT/install/turtlesim/lib/libturtlesim__rosidl_typesupport_introspection_c.so
[2.974s] -- Up-to-date: /home/simone/Documents/IoT/install/turtlesim/lib/libturtlesim__rosidl_typesupport_c.so
[2.974s] -- Up-to-date: /home/simone/Documents/IoT/install/turtlesim/include/turtlesim/turtlesim
[2.974s] -- Up-to-date: /home/simone/Documents/IoT/install/turtlesim/include/turtlesim/turtlesim/srv
[2.975s] -- Up-to-date: /home/simone/Documents/IoT/install/turtlesim/include/turtlesim/turtlesim/srv/detail
[2.975s] -- Up-to-date: /home/simone/Documents/IoT/install/turtlesim/include/turtlesim/turtlesim/srv/detail/teleport_absolute__type_support.cpp
[2.975s] -- Up-to-date: /home/simone/Documents/IoT/install/turtlesim/include/turtlesim/turtlesim/srv/detail/spawn__rosidl_typesupport_introspection_cpp.hpp
[2.975s] -- Up-to-date: /home/simone/Documents/IoT/install/turtlesim/include/turtlesim/turtlesim/srv/detail/set_pen__rosidl_typesupport_introspection_cpp.hpp
[2.976s] -- Up-to-date: /home/simone/Documents/IoT/install/turtlesim/include/turtlesim/turtlesim/srv/detail/spawn__type_support.cpp
[2.976s] -- Up-to-date: /home/simone/Documents/IoT/install/turtlesim/include/turtlesim/turtlesim/srv/detail/teleport_relative__rosidl_typesupport_introspection_cpp.hpp
[2.976s] -- Up-to-date: /home/simone/Documents/IoT/install/turtlesim/include/turtlesim/turtlesim/srv/detail/teleport_absolute__rosidl_typesupport_introspection_cpp.hpp
[2.976s] -- Up-to-date: /home/simone/Documents/IoT/install/turtlesim/include/turtlesim/turtlesim/srv/detail/teleport_relative__type_support.cpp
[2.977s] -- Up-to-date: /home/simone/Documents/IoT/install/turtlesim/include/turtlesim/turtlesim/srv/detail/kill__type_support.cpp
[2.977s] -- Up-to-date: /home/simone/Documents/IoT/install/turtlesim/include/turtlesim/turtlesim/srv/detail/set_pen__type_support.cpp
[2.977s] -- Up-to-date: /home/simone/Documents/IoT/install/turtlesim/include/turtlesim/turtlesim/srv/detail/kill__rosidl_typesupport_introspection_cpp.hpp
[2.977s] -- Up-to-date: /home/simone/Documents/IoT/install/turtlesim/include/turtlesim/turtlesim/msg
[2.978s] -- Up-to-date: /home/simone/Documents/IoT/install/turtlesim/include/turtlesim/turtlesim/msg/detail
[2.978s] -- Up-to-date: /home/simone/Documents/IoT/install/turtlesim/include/turtlesim/turtlesim/msg/detail/color__rosidl_typesupport_introspection_cpp.hpp
[2.978s] -- Up-to-date: /home/simone/Documents/IoT/install/turtlesim/include/turtlesim/turtlesim/msg/detail/color__type_support.cpp
[2.978s] -- Up-to-date: /home/simone/Documents/IoT/install/turtlesim/include/turtlesim/turtlesim/msg/detail/pose__type_support.cpp
[2.978s] -- Up-to-date: /home/simone/Documents/IoT/install/turtlesim/include/turtlesim/turtlesim/msg/detail/pose__rosidl_typesupport_introspection_cpp.hpp
[2.979s] -- Up-to-date: /home/simone/Documents/IoT/install/turtlesim/include/turtlesim/turtlesim/action
[2.979s] -- Up-to-date: /home/simone/Documents/IoT/install/turtlesim/include/turtlesim/turtlesim/action/detail
[2.979s] -- Up-to-date: /home/simone/Documents/IoT/install/turtlesim/include/turtlesim/turtlesim/action/detail/rotate_absolute__type_support.cpp
[2.979s] -- Up-to-date: /home/simone/Documents/IoT/install/turtlesim/include/turtlesim/turtlesim/action/detail/rotate_absolute__rosidl_typesupport_introspection_cpp.hpp
[2.979s] -- Up-to-date: /home/simone/Documents/IoT/install/turtlesim/lib/libturtlesim__rosidl_typesupport_introspection_cpp.so
[2.979s] -- Up-to-date: /home/simone/Documents/IoT/install/turtlesim/lib/libturtlesim__rosidl_typesupport_cpp.so
[2.979s] -- Up-to-date: /home/simone/Documents/IoT/install/turtlesim/share/turtlesim/environment/pythonpath.sh
[2.980s] -- Up-to-date: /home/simone/Documents/IoT/install/turtlesim/share/turtlesim/environment/pythonpath.dsv
[2.980s] -- Up-to-date: /home/simone/Documents/IoT/install/turtlesim/local/lib/python3.10/dist-packages/turtlesim-1.4.2-py3.10.egg-info
[2.980s] -- Installing: /home/simone/Documents/IoT/install/turtlesim/local/lib/python3.10/dist-packages/turtlesim-1.4.2-py3.10.egg-info/SOURCES.txt
[2.980s] -- Installing: /home/simone/Documents/IoT/install/turtlesim/local/lib/python3.10/dist-packages/turtlesim-1.4.2-py3.10.egg-info/dependency_links.txt
[2.980s] -- Installing: /home/simone/Documents/IoT/install/turtlesim/local/lib/python3.10/dist-packages/turtlesim-1.4.2-py3.10.egg-info/PKG-INFO
[2.981s] -- Installing: /home/simone/Documents/IoT/install/turtlesim/local/lib/python3.10/dist-packages/turtlesim-1.4.2-py3.10.egg-info/top_level.txt
[2.981s] -- Up-to-date: /home/simone/Documents/IoT/install/turtlesim/local/lib/python3.10/dist-packages/turtlesim
[2.981s] -- Up-to-date: /home/simone/Documents/IoT/install/turtlesim/local/lib/python3.10/dist-packages/turtlesim/__init__.py
[2.981s] -- Up-to-date: /home/simone/Documents/IoT/install/turtlesim/local/lib/python3.10/dist-packages/turtlesim/libturtlesim__rosidl_generator_py.so
[2.982s] -- Up-to-date: /home/simone/Documents/IoT/install/turtlesim/local/lib/python3.10/dist-packages/turtlesim/_turtlesim_s.ep.rosidl_typesupport_fastrtps_c.c
[2.982s] -- Up-to-date: /home/simone/Documents/IoT/install/turtlesim/local/lib/python3.10/dist-packages/turtlesim/turtlesim_s__rosidl_typesupport_fastrtps_c.cpython-310-x86_64-linux-gnu.so
[2.982s] -- Up-to-date: /home/simone/Documents/IoT/install/turtlesim/local/lib/python3.10/dist-packages/turtlesim/turtlesim_s__rosidl_typesupport_c.cpython-310-x86_64-linux-gnu.so
[2.982s] -- Up-to-date: /home/simone/Documents/IoT/install/turtlesim/local/lib/python3.10/dist-packages/turtlesim/srv
[2.982s] -- Up-to-date: /home/simone/Documents/IoT/install/turtlesim/local/lib/python3.10/dist-packages/turtlesim/srv/_set_pen_s.c
[2.983s] -- Up-to-date: /home/simone/Documents/IoT/install/turtlesim/local/lib/python3.10/dist-packages/turtlesim/srv/__init__.py
[2.983s] -- Up-to-date: /home/simone/Documents/IoT/install/turtlesim/local/lib/python3.10/dist-packages/turtlesim/srv/_spawn_s.c
[2.983s] -- Up-to-date: /home/simone/Documents/IoT/install/turtlesim/local/lib/python3.10/dist-packages/turtlesim/srv/_teleport_relative_s.c
[2.983s] -- Up-to-date: /home/simone/Documents/IoT/install/turtlesim/local/lib/python3.10/dist-packages/turtlesim/srv/_teleport_absolute_s.c
[2.983s] -- Up-to-date: /home/simone/Documents/IoT/install/turtlesim/local/lib/python3.10/dist-packages/turtlesim/srv/_teleport_absolute.py
[2.983s] -- Up-to-date: /home/simone/Documents/IoT/install/turtlesim/local/lib/python3.10/dist-packages/turtlesim/srv/_spawn.py
[2.984s] -- Up-to-date: /home/simone/Documents/IoT/install/turtlesim/local/lib/python3.10/dist-packages/turtlesim/srv/_kill_s.c
[2.984s] -- Up-to-date: /home/simone/Documents/IoT/install/turtlesim/local/lib/python3.10/dist-packages/turtlesim/srv/_kill.py
[2.984s] -- Up-to-date: /home/simone/Documents/IoT/install/turtlesim/local/lib/python3.10/dist-packages/turtlesim/srv/_teleport_relative.py
[2.984s] -- Up-to-date: /home/simone/Documents/IoT/install/turtlesim/local/lib/python3.10/dist-packages/turtlesim/srv/_set_pen.py
[2.985s] -- Up-to-date: /home/simone/Documents/IoT/install/turtlesim/local/lib/python3.10/dist-packages/turtlesim/turtlesim_s__rosidl_typesupport_introspection_c.cpython-310-x86_64-linux-gnu.so
[2.985s] -- Up-to-date: /home/simone/Documents/IoT/install/turtlesim/local/lib/python3.10/dist-packages/turtlesim/msg
[2.985s] -- Up-to-date: /home/simone/Documents/IoT/install/turtlesim/local/lib/python3.10/dist-packages/turtlesim/msg/__init__.py
[2.985s] -- Up-to-date: /home/simone/Documents/IoT/install/turtlesim/local/lib/python3.10/dist-packages/turtlesim/msg/_color.py
[2.985s] -- Up-to-date: /home/simone/Documents/IoT/install/turtlesim/local/lib/python3.10/dist-packages/turtlesim/msg/_pose_s.c
[2.985s] -- Up-to-date: /home/simone/Documents/IoT/install/turtlesim/local/lib/python3.10/dist-packages/turtlesim/msg/_color_s.c
[2.986s] -- Up-to-date: /home/simone/Documents/IoT/install/turtlesim/local/lib/python3.10/dist-packages/turtlesim/msg/_pose.py
[2.986s] -- Up-to-date: /home/simone/Documents/IoT/install/turtlesim/local/lib/python3.10/dist-packages/turtlesim/action
[2.986s] -- Up-to-date: /home/simone/Documents/IoT/install/turtlesim/local/lib/python3.10/dist-packages/turtlesim/action/__init__.py
[2.986s] -- Up-to-date: /home/simone/Documents/IoT/install/turtlesim/local/lib/python3.10/dist-packages/turtlesim/action/_rotate_absolute_s.c
[2.986s] -- Up-to-date: /home/simone/Documents/IoT/install/turtlesim/local/lib/python3.10/dist-packages/turtlesim/action/_rotate_absolute.py
[2.986s] -- Up-to-date: /home/simone/Documents/IoT/install/turtlesim/local/lib/python3.10/dist-packages/turtlesim/_turtlesim_s.ep.rosidl_typesupport_introspection_c.c
[2.987s] -- Up-to-date: /home/simone/Documents/IoT/install/turtlesim/local/lib/python3.10/dist-packages/turtlesim/_turtlesim_s.ep.rosidl_typesupport_c.c
[3.055s] Listing '/home/simone/Documents/IoT/install/turtlesim/local/lib/python3.10/dist-packages/turtlesim'...
[3.055s] Listing '/home/simone/Documents/IoT/install/turtlesim/local/lib/python3.10/dist-packages/turtlesim/action'...
[3.055s] Listing '/home/simone/Documents/IoT/install/turtlesim/local/lib/python3.10/dist-packages/turtlesim/msg'...
[3.056s] Listing '/home/simone/Documents/IoT/install/turtlesim/local/lib/python3.10/dist-packages/turtlesim/srv'...
[3.066s] -- Up-to-date: /home/simone/Documents/IoT/install/turtlesim/local/lib/python3.10/dist-packages/turtlesim/turtlesim_s__rosidl_typesupport_fastrtps_c.cpython-310-x86_64-linux-gnu.so
[3.066s] -- Up-to-date: /home/simone/Documents/IoT/install/turtlesim/local/lib/python3.10/dist-packages/turtlesim/turtlesim_s__rosidl_typesupport_introspection_c.cpython-310-x86_64-linux-gnu.so
[3.068s] -- Up-to-date: /home/simone/Documents/IoT/install/turtlesim/local/lib/python3.10/dist-packages/turtlesim/turtlesim_s__rosidl_typesupport_c.cpython-310-x86_64-linux-gnu.so
[3.069s] -- Up-to-date: /home/simone/Documents/IoT/install/turtlesim/lib/libturtlesim__rosidl_generator_py.so
[3.069s] -- Up-to-date: /home/simone/Documents/IoT/install/turtlesim/share/turtlesim/action/RotateAbsolute.idl
[3.070s] -- Up-to-date: /home/simone/Documents/IoT/install/turtlesim/share/turtlesim/msg/Color.idl
[3.070s] -- Up-to-date: /home/simone/Documents/IoT/install/turtlesim/share/turtlesim/msg/Pose.idl
[3.071s] -- Up-to-date: /home/simone/Documents/IoT/install/turtlesim/share/turtlesim/srv/Kill.idl
[3.071s] -- Up-to-date: /home/simone/Documents/IoT/install/turtlesim/share/turtlesim/srv/SetPen.idl
[3.071s] -- Up-to-date: /home/simone/Documents/IoT/install/turtlesim/share/turtlesim/srv/Spawn.idl
[3.071s] -- Up-to-date: /home/simone/Documents/IoT/install/turtlesim/share/turtlesim/srv/TeleportAbsolute.idl
[3.072s] -- Up-to-date: /home/simone/Documents/IoT/install/turtlesim/share/turtlesim/srv/TeleportRelative.idl
[3.072s] -- Up-to-date: /home/simone/Documents/IoT/install/turtlesim/share/turtlesim/action/RotateAbsolute.action
[3.073s] -- Up-to-date: /home/simone/Documents/IoT/install/turtlesim/share/turtlesim/msg/Color.msg
[3.073s] -- Up-to-date: /home/simone/Documents/IoT/install/turtlesim/share/turtlesim/msg/Pose.msg
[3.073s] -- Up-to-date: /home/simone/Documents/IoT/install/turtlesim/share/turtlesim/srv/Kill.srv
[3.073s] -- Up-to-date: /home/simone/Documents/IoT/install/turtlesim/share/turtlesim/srv/Kill_Request.msg
[3.074s] -- Up-to-date: /home/simone/Documents/IoT/install/turtlesim/share/turtlesim/srv/Kill_Response.msg
[3.074s] -- Up-to-date: /home/simone/Documents/IoT/install/turtlesim/share/turtlesim/srv/SetPen.srv
[3.074s] -- Up-to-date: /home/simone/Documents/IoT/install/turtlesim/share/turtlesim/srv/SetPen_Request.msg
[3.074s] -- Up-to-date: /home/simone/Documents/IoT/install/turtlesim/share/turtlesim/srv/SetPen_Response.msg
[3.074s] -- Up-to-date: /home/simone/Documents/IoT/install/turtlesim/share/turtlesim/srv/Spawn.srv
[3.075s] -- Up-to-date: /home/simone/Documents/IoT/install/turtlesim/share/turtlesim/srv/Spawn_Request.msg
[3.075s] -- Up-to-date: /home/simone/Documents/IoT/install/turtlesim/share/turtlesim/srv/Spawn_Response.msg
[3.075s] -- Up-to-date: /home/simone/Documents/IoT/install/turtlesim/share/turtlesim/srv/TeleportAbsolute.srv
[3.075s] -- Up-to-date: /home/simone/Documents/IoT/install/turtlesim/share/turtlesim/srv/TeleportAbsolute_Request.msg
[3.076s] -- Up-to-date: /home/simone/Documents/IoT/install/turtlesim/share/turtlesim/srv/TeleportAbsolute_Response.msg
[3.076s] -- Up-to-date: /home/simone/Documents/IoT/install/turtlesim/share/turtlesim/srv/TeleportRelative.srv
[3.076s] -- Up-to-date: /home/simone/Documents/IoT/install/turtlesim/share/turtlesim/srv/TeleportRelative_Request.msg
[3.076s] -- Up-to-date: /home/simone/Documents/IoT/install/turtlesim/share/turtlesim/srv/TeleportRelative_Response.msg
[3.077s] -- Up-to-date: /home/simone/Documents/IoT/install/turtlesim/lib/turtlesim/turtlesim_node
[3.077s] -- Up-to-date: /home/simone/Documents/IoT/install/turtlesim/lib/turtlesim/turtle_teleop_key
[3.077s] -- Up-to-date: /home/simone/Documents/IoT/install/turtlesim/lib/turtlesim/draw_square
[3.077s] -- Up-to-date: /home/simone/Documents/IoT/install/turtlesim/lib/turtlesim/mimic
[3.078s] -- Up-to-date: /home/simone/Documents/IoT/install/turtlesim/share/turtlesim/images
[3.078s] -- Up-to-date: /home/simone/Documents/IoT/install/turtlesim/share/turtlesim/images/galactic.png
[3.078s] -- Up-to-date: /home/simone/Documents/IoT/install/turtlesim/share/turtlesim/images/ardent.png
[3.078s] -- Up-to-date: /home/simone/Documents/IoT/install/turtlesim/share/turtlesim/images/bouncy.png
[3.079s] -- Up-to-date: /home/simone/Documents/IoT/install/turtlesim/share/turtlesim/images/humble.png
[3.079s] -- Up-to-date: /home/simone/Documents/IoT/install/turtlesim/share/turtlesim/images/foxy.png
[3.079s] -- Up-to-date: /home/simone/Documents/IoT/install/turtlesim/share/turtlesim/images/dashing.png
[3.079s] -- Up-to-date: /home/simone/Documents/IoT/install/turtlesim/share/turtlesim/images/rolling.png
[3.080s] -- Up-to-date: /home/simone/Documents/IoT/install/turtlesim/share/turtlesim/images/eloquent.png
[3.080s] -- Up-to-date: /home/simone/Documents/IoT/install/turtlesim/share/turtlesim/images/crystal.png
[3.080s] -- Up-to-date: /home/simone/Documents/IoT/install/turtlesim/share/turtlesim/launch
[3.081s] -- Up-to-date: /home/simone/Documents/IoT/install/turtlesim/share/turtlesim/launch/multisim.launch.py
[3.081s] -- Up-to-date: /home/simone/Documents/IoT/install/turtlesim/share/ament_index/resource_index/package_run_dependencies/turtlesim
[3.081s] -- Up-to-date: /home/simone/Documents/IoT/install/turtlesim/share/ament_index/resource_index/parent_prefix_path/turtlesim
[3.082s] -- Up-to-date: /home/simone/Documents/IoT/install/turtlesim/share/turtlesim/environment/ament_prefix_path.sh
[3.082s] -- Up-to-date: /home/simone/Documents/IoT/install/turtlesim/share/turtlesim/environment/ament_prefix_path.dsv
[3.082s] -- Up-to-date: /home/simone/Documents/IoT/install/turtlesim/share/turtlesim/environment/path.sh
[3.083s] -- Up-to-date: /home/simone/Documents/IoT/install/turtlesim/share/turtlesim/environment/path.dsv
[3.083s] -- Up-to-date: /home/simone/Documents/IoT/install/turtlesim/share/turtlesim/local_setup.bash
[3.083s] -- Up-to-date: /home/simone/Documents/IoT/install/turtlesim/share/turtlesim/local_setup.sh
[3.083s] -- Up-to-date: /home/simone/Documents/IoT/install/turtlesim/share/turtlesim/local_setup.zsh
[3.084s] -- Up-to-date: /home/simone/Documents/IoT/install/turtlesim/share/turtlesim/local_setup.dsv
[3.084s] -- Installing: /home/simone/Documents/IoT/install/turtlesim/share/turtlesim/package.dsv
[3.085s] -- Up-to-date: /home/simone/Documents/IoT/install/turtlesim/share/ament_index/resource_index/packages/turtlesim
[3.085s] -- Up-to-date: /home/simone/Documents/IoT/install/turtlesim/share/turtlesim/cmake/export_turtlesim__rosidl_generator_cExport.cmake
[3.085s] -- Up-to-date: /home/simone/Documents/IoT/install/turtlesim/share/turtlesim/cmake/export_turtlesim__rosidl_generator_cExport-noconfig.cmake
[3.085s] -- Up-to-date: /home/simone/Documents/IoT/install/turtlesim/share/turtlesim/cmake/export_turtlesim__rosidl_typesupport_fastrtps_cExport.cmake
[3.085s] -- Up-to-date: /home/simone/Documents/IoT/install/turtlesim/share/turtlesim/cmake/export_turtlesim__rosidl_typesupport_fastrtps_cExport-noconfig.cmake
[3.086s] -- Up-to-date: /home/simone/Documents/IoT/install/turtlesim/share/turtlesim/cmake/export_turtlesim__rosidl_generator_cppExport.cmake
[3.086s] -- Up-to-date: /home/simone/Documents/IoT/install/turtlesim/share/turtlesim/cmake/export_turtlesim__rosidl_typesupport_fastrtps_cppExport.cmake
[3.086s] -- Up-to-date: /home/simone/Documents/IoT/install/turtlesim/share/turtlesim/cmake/export_turtlesim__rosidl_typesupport_fastrtps_cppExport-noconfig.cmake
[3.087s] -- Up-to-date: /home/simone/Documents/IoT/install/turtlesim/share/turtlesim/cmake/turtlesim__rosidl_typesupport_introspection_cExport.cmake
[3.087s] -- Up-to-date: /home/simone/Documents/IoT/install/turtlesim/share/turtlesim/cmake/turtlesim__rosidl_typesupport_introspection_cExport-noconfig.cmake
[3.087s] -- Up-to-date: /home/simone/Documents/IoT/install/turtlesim/share/turtlesim/cmake/turtlesim__rosidl_typesupport_cExport.cmake
[3.087s] -- Up-to-date: /home/simone/Documents/IoT/install/turtlesim/share/turtlesim/cmake/turtlesim__rosidl_typesupport_cExport-noconfig.cmake
[3.088s] -- Up-to-date: /home/simone/Documents/IoT/install/turtlesim/share/turtlesim/cmake/turtlesim__rosidl_typesupport_introspection_cppExport.cmake
[3.088s] -- Up-to-date: /home/simone/Documents/IoT/install/turtlesim/share/turtlesim/cmake/turtlesim__rosidl_typesupport_introspection_cppExport-noconfig.cmake
[3.088s] -- Up-to-date: /home/simone/Documents/IoT/install/turtlesim/share/turtlesim/cmake/turtlesim__rosidl_typesupport_cppExport.cmake
[3.089s] -- Up-to-date: /home/simone/Documents/IoT/install/turtlesim/share/turtlesim/cmake/turtlesim__rosidl_typesupport_cppExport-noconfig.cmake
[3.089s] -- Up-to-date: /home/simone/Documents/IoT/install/turtlesim/share/turtlesim/cmake/export_turtlesim__rosidl_generator_pyExport.cmake
[3.091s] -- Up-to-date: /home/simone/Documents/IoT/install/turtlesim/share/turtlesim/cmake/export_turtlesim__rosidl_generator_pyExport-noconfig.cmake
[3.092s] -- Up-to-date: /home/simone/Documents/IoT/install/turtlesim/share/turtlesim/cmake/rosidl_cmake-extras.cmake
[3.093s] -- Up-to-date: /home/simone/Documents/IoT/install/turtlesim/share/turtlesim/cmake/ament_cmake_export_dependencies-extras.cmake
[3.093s] -- Up-to-date: /home/simone/Documents/IoT/install/turtlesim/share/turtlesim/cmake/ament_cmake_export_include_directories-extras.cmake
[3.094s] -- Up-to-date: /home/simone/Documents/IoT/install/turtlesim/share/turtlesim/cmake/ament_cmake_export_libraries-extras.cmake
[3.094s] -- Up-to-date: /home/simone/Documents/IoT/install/turtlesim/share/turtlesim/cmake/ament_cmake_export_targets-extras.cmake
[3.095s] -- Up-to-date: /home/simone/Documents/IoT/install/turtlesim/share/turtlesim/cmake/rosidl_cmake_export_typesupport_targets-extras.cmake
[3.095s] -- Up-to-date: /home/simone/Documents/IoT/install/turtlesim/share/turtlesim/cmake/rosidl_cmake_export_typesupport_libraries-extras.cmake
[3.096s] -- Up-to-date: /home/simone/Documents/IoT/install/turtlesim/share/turtlesim/cmake/turtlesimConfig.cmake
[3.097s] -- Up-to-date: /home/simone/Documents/IoT/install/turtlesim/share/turtlesim/cmake/turtlesimConfig-version.cmake
[3.097s] -- Up-to-date: /home/simone/Documents/IoT/install/turtlesim/share/turtlesim/package.xml
[3.098s] Invoked command in '/home/simone/Documents/IoT/build/turtlesim' returned '0': CMAKE_PREFIX_PATH=${CMAKE_PREFIX_PATH}:/home/simone/Documents/IoT/install/py_srvcli:/home/simone/Documents/IoT/install/py_pubsub:/opt/ros/humble /usr/bin/cmake --install /home/simone/Documents/IoT/build/turtlesim
