[0.671s] Invoking command in '/home/simone/Documents/IoT/Lab_4/build/tutorial_interfaces': CMAKE_PREFIX_PATH=/opt/ros/humble /usr/bin/cmake --build /home/simone/Documents/IoT/Lab_4/build/tutorial_interfaces -- -j16 -l16
[0.846s] [  1%] Built target tutorial_interfaces__cpp
[0.858s] [ 12%] Built target tutorial_interfaces__rosidl_generator_c
[0.881s] [ 12%] Built target ament_cmake_python_copy_tutorial_interfaces
[0.916s] [ 23%] Built target tutorial_interfaces__rosidl_typesupport_introspection_cpp
[0.917s] [ 36%] Built target tutorial_interfaces__rosidl_typesupport_cpp
[0.918s] [ 47%] Built target tutorial_interfaces__rosidl_typesupport_fastrtps_cpp
[0.918s] [ 56%] Built target tutorial_interfaces__rosidl_typesupport_c
[0.924s] [ 74%] Built target tutorial_interfaces__rosidl_typesupport_fastrtps_c
[0.925s] [ 78%] Built target tutorial_interfaces__rosidl_typesupport_introspection_c
[0.978s] [ 78%] Built target tutorial_interfaces
[1.034s] [ 80%] Built target tutorial_interfaces__py
[1.102s] [ 89%] Built target tutorial_interfaces__rosidl_generator_py
[1.162s] [100%] Built target tutorial_interfaces__rosidl_typesupport_introspection_c__pyext
[1.162s] [100%] Built target tutorial_interfaces__rosidl_typesupport_fastrtps_c__pyext
[1.162s] [100%] Built target tutorial_interfaces__rosidl_typesupport_c__pyext
[1.513s] running egg_info
[1.515s] writing tutorial_interfaces.egg-info/PKG-INFO
[1.516s] writing dependency_links to tutorial_interfaces.egg-info/dependency_links.txt
[1.516s] writing top-level names to tutorial_interfaces.egg-info/top_level.txt
[1.522s] reading manifest file 'tutorial_interfaces.egg-info/SOURCES.txt'
[1.524s] writing manifest file 'tutorial_interfaces.egg-info/SOURCES.txt'
[1.586s] [100%] Built target ament_cmake_python_build_tutorial_interfaces_egg
[1.621s] Invoked command in '/home/simone/Documents/IoT/Lab_4/build/tutorial_interfaces' returned '0': CMAKE_PREFIX_PATH=/opt/ros/humble /usr/bin/cmake --build /home/simone/Documents/IoT/Lab_4/build/tutorial_interfaces -- -j16 -l16
[1.967s] Invoking command in '/home/simone/Documents/IoT/Lab_4/build/tutorial_interfaces': CMAKE_PREFIX_PATH=/opt/ros/humble /usr/bin/cmake --install /home/simone/Documents/IoT/Lab_4/build/tutorial_interfaces
[1.993s] -- Install configuration: ""
[1.994s] -- Up-to-date: /home/simone/Documents/IoT/Lab_4/install/tutorial_interfaces/share/ament_index/resource_index/rosidl_interfaces/tutorial_interfaces
[1.994s] -- Up-to-date: /home/simone/Documents/IoT/Lab_4/install/tutorial_interfaces/include/tutorial_interfaces/tutorial_interfaces
[1.994s] -- Up-to-date: /home/simone/Documents/IoT/Lab_4/install/tutorial_interfaces/include/tutorial_interfaces/tutorial_interfaces/srv
[1.995s] -- Up-to-date: /home/simone/Documents/IoT/Lab_4/install/tutorial_interfaces/include/tutorial_interfaces/tutorial_interfaces/srv/add_three_ints.h
[1.995s] -- Up-to-date: /home/simone/Documents/IoT/Lab_4/install/tutorial_interfaces/include/tutorial_interfaces/tutorial_interfaces/srv/spin_turtle.h
[1.996s] -- Up-to-date: /home/simone/Documents/IoT/Lab_4/install/tutorial_interfaces/include/tutorial_interfaces/tutorial_interfaces/srv/detail
[1.996s] -- Up-to-date: /home/simone/Documents/IoT/Lab_4/install/tutorial_interfaces/include/tutorial_interfaces/tutorial_interfaces/srv/detail/spin_turtle__functions.h
[1.996s] -- Up-to-date: /home/simone/Documents/IoT/Lab_4/install/tutorial_interfaces/include/tutorial_interfaces/tutorial_interfaces/srv/detail/spin_turtle__struct.h
[1.996s] -- Up-to-date: /home/simone/Documents/IoT/Lab_4/install/tutorial_interfaces/include/tutorial_interfaces/tutorial_interfaces/srv/detail/spin_turtle__type_support.h
[1.997s] -- Up-to-date: /home/simone/Documents/IoT/Lab_4/install/tutorial_interfaces/include/tutorial_interfaces/tutorial_interfaces/srv/detail/add_three_ints__functions.h
[1.997s] -- Up-to-date: /home/simone/Documents/IoT/Lab_4/install/tutorial_interfaces/include/tutorial_interfaces/tutorial_interfaces/srv/detail/add_three_ints__functions.c
[1.997s] -- Up-to-date: /home/simone/Documents/IoT/Lab_4/install/tutorial_interfaces/include/tutorial_interfaces/tutorial_interfaces/srv/detail/add_three_ints__struct.h
[1.997s] -- Up-to-date: /home/simone/Documents/IoT/Lab_4/install/tutorial_interfaces/include/tutorial_interfaces/tutorial_interfaces/srv/detail/spin_turtle__functions.c
[1.998s] -- Up-to-date: /home/simone/Documents/IoT/Lab_4/install/tutorial_interfaces/include/tutorial_interfaces/tutorial_interfaces/srv/detail/add_three_ints__type_support.h
[1.998s] -- Up-to-date: /home/simone/Documents/IoT/Lab_4/install/tutorial_interfaces/include/tutorial_interfaces/tutorial_interfaces/msg
[1.998s] -- Up-to-date: /home/simone/Documents/IoT/Lab_4/install/tutorial_interfaces/include/tutorial_interfaces/tutorial_interfaces/msg/rosidl_generator_c__visibility_control.h
[1.999s] -- Up-to-date: /home/simone/Documents/IoT/Lab_4/install/tutorial_interfaces/include/tutorial_interfaces/tutorial_interfaces/msg/detail
[1.999s] -- Up-to-date: /home/simone/Documents/IoT/Lab_4/install/tutorial_interfaces/include/tutorial_interfaces/tutorial_interfaces/msg/detail/num__type_support.h
[1.999s] -- Up-to-date: /home/simone/Documents/IoT/Lab_4/install/tutorial_interfaces/include/tutorial_interfaces/tutorial_interfaces/msg/detail/num__functions.c
[2.000s] -- Up-to-date: /home/simone/Documents/IoT/Lab_4/install/tutorial_interfaces/include/tutorial_interfaces/tutorial_interfaces/msg/detail/sphere__functions.h
[2.000s] -- Up-to-date: /home/simone/Documents/IoT/Lab_4/install/tutorial_interfaces/include/tutorial_interfaces/tutorial_interfaces/msg/detail/sphere__type_support.h
[2.000s] -- Up-to-date: /home/simone/Documents/IoT/Lab_4/install/tutorial_interfaces/include/tutorial_interfaces/tutorial_interfaces/msg/detail/num__struct.h
[2.001s] -- Up-to-date: /home/simone/Documents/IoT/Lab_4/install/tutorial_interfaces/include/tutorial_interfaces/tutorial_interfaces/msg/detail/sphere__struct.h
[2.001s] -- Up-to-date: /home/simone/Documents/IoT/Lab_4/install/tutorial_interfaces/include/tutorial_interfaces/tutorial_interfaces/msg/detail/sphere__functions.c
[2.001s] -- Up-to-date: /home/simone/Documents/IoT/Lab_4/install/tutorial_interfaces/include/tutorial_interfaces/tutorial_interfaces/msg/detail/num__functions.h
[2.001s] -- Up-to-date: /home/simone/Documents/IoT/Lab_4/install/tutorial_interfaces/include/tutorial_interfaces/tutorial_interfaces/msg/sphere.h
[2.002s] -- Up-to-date: /home/simone/Documents/IoT/Lab_4/install/tutorial_interfaces/include/tutorial_interfaces/tutorial_interfaces/msg/num.h
[2.002s] -- Up-to-date: /home/simone/Documents/IoT/Lab_4/install/tutorial_interfaces/share/tutorial_interfaces/environment/library_path.sh
[2.002s] -- Up-to-date: /home/simone/Documents/IoT/Lab_4/install/tutorial_interfaces/share/tutorial_interfaces/environment/library_path.dsv
[2.002s] -- Up-to-date: /home/simone/Documents/IoT/Lab_4/install/tutorial_interfaces/lib/libtutorial_interfaces__rosidl_generator_c.so
[2.003s] -- Up-to-date: /home/simone/Documents/IoT/Lab_4/install/tutorial_interfaces/include/tutorial_interfaces/tutorial_interfaces
[2.003s] -- Up-to-date: /home/simone/Documents/IoT/Lab_4/install/tutorial_interfaces/include/tutorial_interfaces/tutorial_interfaces/srv
[2.003s] -- Up-to-date: /home/simone/Documents/IoT/Lab_4/install/tutorial_interfaces/include/tutorial_interfaces/tutorial_interfaces/srv/detail
[2.004s] -- Up-to-date: /home/simone/Documents/IoT/Lab_4/install/tutorial_interfaces/include/tutorial_interfaces/tutorial_interfaces/srv/detail/add_three_ints__rosidl_typesupport_fastrtps_c.h
[2.004s] -- Up-to-date: /home/simone/Documents/IoT/Lab_4/install/tutorial_interfaces/include/tutorial_interfaces/tutorial_interfaces/srv/detail/spin_turtle__rosidl_typesupport_fastrtps_c.h
[2.004s] -- Up-to-date: /home/simone/Documents/IoT/Lab_4/install/tutorial_interfaces/include/tutorial_interfaces/tutorial_interfaces/msg
[2.005s] -- Up-to-date: /home/simone/Documents/IoT/Lab_4/install/tutorial_interfaces/include/tutorial_interfaces/tutorial_interfaces/msg/detail
[2.005s] -- Up-to-date: /home/simone/Documents/IoT/Lab_4/install/tutorial_interfaces/include/tutorial_interfaces/tutorial_interfaces/msg/detail/sphere__rosidl_typesupport_fastrtps_c.h
[2.005s] -- Up-to-date: /home/simone/Documents/IoT/Lab_4/install/tutorial_interfaces/include/tutorial_interfaces/tutorial_interfaces/msg/detail/num__rosidl_typesupport_fastrtps_c.h
[2.005s] -- Up-to-date: /home/simone/Documents/IoT/Lab_4/install/tutorial_interfaces/include/tutorial_interfaces/tutorial_interfaces/msg/rosidl_typesupport_fastrtps_c__visibility_control.h
[2.006s] -- Up-to-date: /home/simone/Documents/IoT/Lab_4/install/tutorial_interfaces/lib/libtutorial_interfaces__rosidl_typesupport_fastrtps_c.so
[2.006s] -- Up-to-date: /home/simone/Documents/IoT/Lab_4/install/tutorial_interfaces/include/tutorial_interfaces/tutorial_interfaces
[2.006s] -- Up-to-date: /home/simone/Documents/IoT/Lab_4/install/tutorial_interfaces/include/tutorial_interfaces/tutorial_interfaces/srv
[2.007s] -- Up-to-date: /home/simone/Documents/IoT/Lab_4/install/tutorial_interfaces/include/tutorial_interfaces/tutorial_interfaces/srv/spin_turtle.hpp
[2.007s] -- Up-to-date: /home/simone/Documents/IoT/Lab_4/install/tutorial_interfaces/include/tutorial_interfaces/tutorial_interfaces/srv/detail
[2.007s] -- Up-to-date: /home/simone/Documents/IoT/Lab_4/install/tutorial_interfaces/include/tutorial_interfaces/tutorial_interfaces/srv/detail/add_three_ints__builder.hpp
[2.007s] -- Up-to-date: /home/simone/Documents/IoT/Lab_4/install/tutorial_interfaces/include/tutorial_interfaces/tutorial_interfaces/srv/detail/add_three_ints__traits.hpp
[2.007s] -- Up-to-date: /home/simone/Documents/IoT/Lab_4/install/tutorial_interfaces/include/tutorial_interfaces/tutorial_interfaces/srv/detail/spin_turtle__struct.hpp
[2.008s] -- Up-to-date: /home/simone/Documents/IoT/Lab_4/install/tutorial_interfaces/include/tutorial_interfaces/tutorial_interfaces/srv/detail/add_three_ints__struct.hpp
[2.008s] -- Up-to-date: /home/simone/Documents/IoT/Lab_4/install/tutorial_interfaces/include/tutorial_interfaces/tutorial_interfaces/srv/detail/spin_turtle__traits.hpp
[2.008s] -- Up-to-date: /home/simone/Documents/IoT/Lab_4/install/tutorial_interfaces/include/tutorial_interfaces/tutorial_interfaces/srv/detail/spin_turtle__builder.hpp
[2.008s] -- Up-to-date: /home/simone/Documents/IoT/Lab_4/install/tutorial_interfaces/include/tutorial_interfaces/tutorial_interfaces/srv/add_three_ints.hpp
[2.008s] -- Up-to-date: /home/simone/Documents/IoT/Lab_4/install/tutorial_interfaces/include/tutorial_interfaces/tutorial_interfaces/msg
[2.009s] -- Up-to-date: /home/simone/Documents/IoT/Lab_4/install/tutorial_interfaces/include/tutorial_interfaces/tutorial_interfaces/msg/sphere.hpp
[2.009s] -- Up-to-date: /home/simone/Documents/IoT/Lab_4/install/tutorial_interfaces/include/tutorial_interfaces/tutorial_interfaces/msg/detail
[2.009s] -- Up-to-date: /home/simone/Documents/IoT/Lab_4/install/tutorial_interfaces/include/tutorial_interfaces/tutorial_interfaces/msg/detail/sphere__builder.hpp
[2.009s] -- Up-to-date: /home/simone/Documents/IoT/Lab_4/install/tutorial_interfaces/include/tutorial_interfaces/tutorial_interfaces/msg/detail/num__struct.hpp
[2.009s] -- Up-to-date: /home/simone/Documents/IoT/Lab_4/install/tutorial_interfaces/include/tutorial_interfaces/tutorial_interfaces/msg/detail/num__builder.hpp
[2.010s] -- Up-to-date: /home/simone/Documents/IoT/Lab_4/install/tutorial_interfaces/include/tutorial_interfaces/tutorial_interfaces/msg/detail/sphere__traits.hpp
[2.010s] -- Up-to-date: /home/simone/Documents/IoT/Lab_4/install/tutorial_interfaces/include/tutorial_interfaces/tutorial_interfaces/msg/detail/sphere__struct.hpp
[2.011s] -- Up-to-date: /home/simone/Documents/IoT/Lab_4/install/tutorial_interfaces/include/tutorial_interfaces/tutorial_interfaces/msg/detail/num__traits.hpp
[2.011s] -- Up-to-date: /home/simone/Documents/IoT/Lab_4/install/tutorial_interfaces/include/tutorial_interfaces/tutorial_interfaces/msg/num.hpp
[2.011s] -- Up-to-date: /home/simone/Documents/IoT/Lab_4/install/tutorial_interfaces/include/tutorial_interfaces/tutorial_interfaces
[2.011s] -- Up-to-date: /home/simone/Documents/IoT/Lab_4/install/tutorial_interfaces/include/tutorial_interfaces/tutorial_interfaces/srv
[2.012s] -- Up-to-date: /home/simone/Documents/IoT/Lab_4/install/tutorial_interfaces/include/tutorial_interfaces/tutorial_interfaces/srv/detail
[2.012s] -- Up-to-date: /home/simone/Documents/IoT/Lab_4/install/tutorial_interfaces/include/tutorial_interfaces/tutorial_interfaces/srv/detail/add_three_ints__rosidl_typesupport_fastrtps_cpp.hpp
[2.012s] -- Up-to-date: /home/simone/Documents/IoT/Lab_4/install/tutorial_interfaces/include/tutorial_interfaces/tutorial_interfaces/srv/detail/dds_fastrtps
[2.012s] -- Up-to-date: /home/simone/Documents/IoT/Lab_4/install/tutorial_interfaces/include/tutorial_interfaces/tutorial_interfaces/srv/detail/spin_turtle__rosidl_typesupport_fastrtps_cpp.hpp
[2.013s] -- Up-to-date: /home/simone/Documents/IoT/Lab_4/install/tutorial_interfaces/include/tutorial_interfaces/tutorial_interfaces/msg
[2.013s] -- Up-to-date: /home/simone/Documents/IoT/Lab_4/install/tutorial_interfaces/include/tutorial_interfaces/tutorial_interfaces/msg/rosidl_typesupport_fastrtps_cpp__visibility_control.h
[2.013s] -- Up-to-date: /home/simone/Documents/IoT/Lab_4/install/tutorial_interfaces/include/tutorial_interfaces/tutorial_interfaces/msg/detail
[2.013s] -- Up-to-date: /home/simone/Documents/IoT/Lab_4/install/tutorial_interfaces/include/tutorial_interfaces/tutorial_interfaces/msg/detail/num__rosidl_typesupport_fastrtps_cpp.hpp
[2.013s] -- Up-to-date: /home/simone/Documents/IoT/Lab_4/install/tutorial_interfaces/include/tutorial_interfaces/tutorial_interfaces/msg/detail/dds_fastrtps
[2.014s] -- Up-to-date: /home/simone/Documents/IoT/Lab_4/install/tutorial_interfaces/include/tutorial_interfaces/tutorial_interfaces/msg/detail/sphere__rosidl_typesupport_fastrtps_cpp.hpp
[2.014s] -- Up-to-date: /home/simone/Documents/IoT/Lab_4/install/tutorial_interfaces/lib/libtutorial_interfaces__rosidl_typesupport_fastrtps_cpp.so
[2.014s] -- Up-to-date: /home/simone/Documents/IoT/Lab_4/install/tutorial_interfaces/include/tutorial_interfaces/tutorial_interfaces
[2.014s] -- Up-to-date: /home/simone/Documents/IoT/Lab_4/install/tutorial_interfaces/include/tutorial_interfaces/tutorial_interfaces/srv
[2.014s] -- Up-to-date: /home/simone/Documents/IoT/Lab_4/install/tutorial_interfaces/include/tutorial_interfaces/tutorial_interfaces/srv/detail
[2.015s] -- Up-to-date: /home/simone/Documents/IoT/Lab_4/install/tutorial_interfaces/include/tutorial_interfaces/tutorial_interfaces/srv/detail/add_three_ints__rosidl_typesupport_introspection_c.h
[2.015s] -- Up-to-date: /home/simone/Documents/IoT/Lab_4/install/tutorial_interfaces/include/tutorial_interfaces/tutorial_interfaces/srv/detail/spin_turtle__type_support.c
[2.015s] -- Up-to-date: /home/simone/Documents/IoT/Lab_4/install/tutorial_interfaces/include/tutorial_interfaces/tutorial_interfaces/srv/detail/add_three_ints__type_support.c
[2.015s] -- Up-to-date: /home/simone/Documents/IoT/Lab_4/install/tutorial_interfaces/include/tutorial_interfaces/tutorial_interfaces/srv/detail/spin_turtle__rosidl_typesupport_introspection_c.h
[2.015s] -- Up-to-date: /home/simone/Documents/IoT/Lab_4/install/tutorial_interfaces/include/tutorial_interfaces/tutorial_interfaces/msg
[2.016s] -- Up-to-date: /home/simone/Documents/IoT/Lab_4/install/tutorial_interfaces/include/tutorial_interfaces/tutorial_interfaces/msg/rosidl_typesupport_introspection_c__visibility_control.h
[2.016s] -- Up-to-date: /home/simone/Documents/IoT/Lab_4/install/tutorial_interfaces/include/tutorial_interfaces/tutorial_interfaces/msg/detail
[2.016s] -- Up-to-date: /home/simone/Documents/IoT/Lab_4/install/tutorial_interfaces/include/tutorial_interfaces/tutorial_interfaces/msg/detail/num__type_support.c
[2.017s] -- Up-to-date: /home/simone/Documents/IoT/Lab_4/install/tutorial_interfaces/include/tutorial_interfaces/tutorial_interfaces/msg/detail/num__rosidl_typesupport_introspection_c.h
[2.017s] -- Up-to-date: /home/simone/Documents/IoT/Lab_4/install/tutorial_interfaces/include/tutorial_interfaces/tutorial_interfaces/msg/detail/sphere__type_support.c
[2.017s] -- Up-to-date: /home/simone/Documents/IoT/Lab_4/install/tutorial_interfaces/include/tutorial_interfaces/tutorial_interfaces/msg/detail/sphere__rosidl_typesupport_introspection_c.h
[2.017s] -- Up-to-date: /home/simone/Documents/IoT/Lab_4/install/tutorial_interfaces/lib/libtutorial_interfaces__rosidl_typesupport_introspection_c.so
[2.018s] -- Up-to-date: /home/simone/Documents/IoT/Lab_4/install/tutorial_interfaces/lib/libtutorial_interfaces__rosidl_typesupport_c.so
[2.018s] -- Up-to-date: /home/simone/Documents/IoT/Lab_4/install/tutorial_interfaces/include/tutorial_interfaces/tutorial_interfaces
[2.018s] -- Up-to-date: /home/simone/Documents/IoT/Lab_4/install/tutorial_interfaces/include/tutorial_interfaces/tutorial_interfaces/srv
[2.018s] -- Up-to-date: /home/simone/Documents/IoT/Lab_4/install/tutorial_interfaces/include/tutorial_interfaces/tutorial_interfaces/srv/detail
[2.019s] -- Up-to-date: /home/simone/Documents/IoT/Lab_4/install/tutorial_interfaces/include/tutorial_interfaces/tutorial_interfaces/srv/detail/spin_turtle__rosidl_typesupport_introspection_cpp.hpp
[2.019s] -- Up-to-date: /home/simone/Documents/IoT/Lab_4/install/tutorial_interfaces/include/tutorial_interfaces/tutorial_interfaces/srv/detail/add_three_ints__rosidl_typesupport_introspection_cpp.hpp
[2.019s] -- Up-to-date: /home/simone/Documents/IoT/Lab_4/install/tutorial_interfaces/include/tutorial_interfaces/tutorial_interfaces/srv/detail/spin_turtle__type_support.cpp
[2.019s] -- Up-to-date: /home/simone/Documents/IoT/Lab_4/install/tutorial_interfaces/include/tutorial_interfaces/tutorial_interfaces/srv/detail/add_three_ints__type_support.cpp
[2.019s] -- Up-to-date: /home/simone/Documents/IoT/Lab_4/install/tutorial_interfaces/include/tutorial_interfaces/tutorial_interfaces/msg
[2.020s] -- Up-to-date: /home/simone/Documents/IoT/Lab_4/install/tutorial_interfaces/include/tutorial_interfaces/tutorial_interfaces/msg/detail
[2.020s] -- Up-to-date: /home/simone/Documents/IoT/Lab_4/install/tutorial_interfaces/include/tutorial_interfaces/tutorial_interfaces/msg/detail/sphere__type_support.cpp
[2.020s] -- Up-to-date: /home/simone/Documents/IoT/Lab_4/install/tutorial_interfaces/include/tutorial_interfaces/tutorial_interfaces/msg/detail/sphere__rosidl_typesupport_introspection_cpp.hpp
[2.020s] -- Up-to-date: /home/simone/Documents/IoT/Lab_4/install/tutorial_interfaces/include/tutorial_interfaces/tutorial_interfaces/msg/detail/num__type_support.cpp
[2.020s] -- Up-to-date: /home/simone/Documents/IoT/Lab_4/install/tutorial_interfaces/include/tutorial_interfaces/tutorial_interfaces/msg/detail/num__rosidl_typesupport_introspection_cpp.hpp
[2.020s] -- Up-to-date: /home/simone/Documents/IoT/Lab_4/install/tutorial_interfaces/lib/libtutorial_interfaces__rosidl_typesupport_introspection_cpp.so
[2.021s] -- Up-to-date: /home/simone/Documents/IoT/Lab_4/install/tutorial_interfaces/lib/libtutorial_interfaces__rosidl_typesupport_cpp.so
[2.021s] -- Up-to-date: /home/simone/Documents/IoT/Lab_4/install/tutorial_interfaces/share/tutorial_interfaces/environment/pythonpath.sh
[2.021s] -- Up-to-date: /home/simone/Documents/IoT/Lab_4/install/tutorial_interfaces/share/tutorial_interfaces/environment/pythonpath.dsv
[2.021s] -- Up-to-date: /home/simone/Documents/IoT/Lab_4/install/tutorial_interfaces/local/lib/python3.10/dist-packages/tutorial_interfaces-0.0.0-py3.10.egg-info
[2.021s] -- Installing: /home/simone/Documents/IoT/Lab_4/install/tutorial_interfaces/local/lib/python3.10/dist-packages/tutorial_interfaces-0.0.0-py3.10.egg-info/SOURCES.txt
[2.021s] -- Installing: /home/simone/Documents/IoT/Lab_4/install/tutorial_interfaces/local/lib/python3.10/dist-packages/tutorial_interfaces-0.0.0-py3.10.egg-info/dependency_links.txt
[2.022s] -- Installing: /home/simone/Documents/IoT/Lab_4/install/tutorial_interfaces/local/lib/python3.10/dist-packages/tutorial_interfaces-0.0.0-py3.10.egg-info/PKG-INFO
[2.022s] -- Installing: /home/simone/Documents/IoT/Lab_4/install/tutorial_interfaces/local/lib/python3.10/dist-packages/tutorial_interfaces-0.0.0-py3.10.egg-info/top_level.txt
[2.022s] -- Up-to-date: /home/simone/Documents/IoT/Lab_4/install/tutorial_interfaces/local/lib/python3.10/dist-packages/tutorial_interfaces
[2.022s] -- Up-to-date: /home/simone/Documents/IoT/Lab_4/install/tutorial_interfaces/local/lib/python3.10/dist-packages/tutorial_interfaces/_tutorial_interfaces_s.ep.rosidl_typesupport_introspection_c.c
[2.023s] -- Up-to-date: /home/simone/Documents/IoT/Lab_4/install/tutorial_interfaces/local/lib/python3.10/dist-packages/tutorial_interfaces/__init__.py
[2.023s] -- Up-to-date: /home/simone/Documents/IoT/Lab_4/install/tutorial_interfaces/local/lib/python3.10/dist-packages/tutorial_interfaces/tutorial_interfaces_s__rosidl_typesupport_fastrtps_c.cpython-310-x86_64-linux-gnu.so
[2.023s] -- Up-to-date: /home/simone/Documents/IoT/Lab_4/install/tutorial_interfaces/local/lib/python3.10/dist-packages/tutorial_interfaces/tutorial_interfaces_s__rosidl_typesupport_c.cpython-310-x86_64-linux-gnu.so
[2.023s] -- Up-to-date: /home/simone/Documents/IoT/Lab_4/install/tutorial_interfaces/local/lib/python3.10/dist-packages/tutorial_interfaces/tutorial_interfaces_s__rosidl_typesupport_introspection_c.cpython-310-x86_64-linux-gnu.so
[2.023s] -- Up-to-date: /home/simone/Documents/IoT/Lab_4/install/tutorial_interfaces/local/lib/python3.10/dist-packages/tutorial_interfaces/_tutorial_interfaces_s.ep.rosidl_typesupport_fastrtps_c.c
[2.023s] -- Up-to-date: /home/simone/Documents/IoT/Lab_4/install/tutorial_interfaces/local/lib/python3.10/dist-packages/tutorial_interfaces/libtutorial_interfaces__rosidl_generator_py.so
[2.024s] -- Up-to-date: /home/simone/Documents/IoT/Lab_4/install/tutorial_interfaces/local/lib/python3.10/dist-packages/tutorial_interfaces/srv
[2.024s] -- Up-to-date: /home/simone/Documents/IoT/Lab_4/install/tutorial_interfaces/local/lib/python3.10/dist-packages/tutorial_interfaces/srv/__init__.py
[2.024s] -- Up-to-date: /home/simone/Documents/IoT/Lab_4/install/tutorial_interfaces/local/lib/python3.10/dist-packages/tutorial_interfaces/srv/_add_three_ints.py
[2.024s] -- Up-to-date: /home/simone/Documents/IoT/Lab_4/install/tutorial_interfaces/local/lib/python3.10/dist-packages/tutorial_interfaces/srv/_spin_turtle_s.c
[2.024s] -- Up-to-date: /home/simone/Documents/IoT/Lab_4/install/tutorial_interfaces/local/lib/python3.10/dist-packages/tutorial_interfaces/srv/_spin_turtle.py
[2.025s] -- Up-to-date: /home/simone/Documents/IoT/Lab_4/install/tutorial_interfaces/local/lib/python3.10/dist-packages/tutorial_interfaces/srv/_add_three_ints_s.c
[2.025s] -- Up-to-date: /home/simone/Documents/IoT/Lab_4/install/tutorial_interfaces/local/lib/python3.10/dist-packages/tutorial_interfaces/_tutorial_interfaces_s.ep.rosidl_typesupport_c.c
[2.025s] -- Up-to-date: /home/simone/Documents/IoT/Lab_4/install/tutorial_interfaces/local/lib/python3.10/dist-packages/tutorial_interfaces/msg
[2.025s] -- Up-to-date: /home/simone/Documents/IoT/Lab_4/install/tutorial_interfaces/local/lib/python3.10/dist-packages/tutorial_interfaces/msg/__init__.py
[2.025s] -- Up-to-date: /home/simone/Documents/IoT/Lab_4/install/tutorial_interfaces/local/lib/python3.10/dist-packages/tutorial_interfaces/msg/_num.py
[2.025s] -- Up-to-date: /home/simone/Documents/IoT/Lab_4/install/tutorial_interfaces/local/lib/python3.10/dist-packages/tutorial_interfaces/msg/_num_s.c
[2.026s] -- Up-to-date: /home/simone/Documents/IoT/Lab_4/install/tutorial_interfaces/local/lib/python3.10/dist-packages/tutorial_interfaces/msg/_sphere_s.c
[2.026s] -- Up-to-date: /home/simone/Documents/IoT/Lab_4/install/tutorial_interfaces/local/lib/python3.10/dist-packages/tutorial_interfaces/msg/_sphere.py
[2.096s] Listing '/home/simone/Documents/IoT/Lab_4/install/tutorial_interfaces/local/lib/python3.10/dist-packages/tutorial_interfaces'...
[2.096s] Listing '/home/simone/Documents/IoT/Lab_4/install/tutorial_interfaces/local/lib/python3.10/dist-packages/tutorial_interfaces/msg'...
[2.097s] Listing '/home/simone/Documents/IoT/Lab_4/install/tutorial_interfaces/local/lib/python3.10/dist-packages/tutorial_interfaces/srv'...
[2.107s] -- Up-to-date: /home/simone/Documents/IoT/Lab_4/install/tutorial_interfaces/local/lib/python3.10/dist-packages/tutorial_interfaces/tutorial_interfaces_s__rosidl_typesupport_fastrtps_c.cpython-310-x86_64-linux-gnu.so
[2.108s] -- Up-to-date: /home/simone/Documents/IoT/Lab_4/install/tutorial_interfaces/local/lib/python3.10/dist-packages/tutorial_interfaces/tutorial_interfaces_s__rosidl_typesupport_introspection_c.cpython-310-x86_64-linux-gnu.so
[2.109s] -- Up-to-date: /home/simone/Documents/IoT/Lab_4/install/tutorial_interfaces/local/lib/python3.10/dist-packages/tutorial_interfaces/tutorial_interfaces_s__rosidl_typesupport_c.cpython-310-x86_64-linux-gnu.so
[2.110s] -- Up-to-date: /home/simone/Documents/IoT/Lab_4/install/tutorial_interfaces/lib/libtutorial_interfaces__rosidl_generator_py.so
[2.111s] -- Up-to-date: /home/simone/Documents/IoT/Lab_4/install/tutorial_interfaces/share/tutorial_interfaces/msg/Num.idl
[2.112s] -- Up-to-date: /home/simone/Documents/IoT/Lab_4/install/tutorial_interfaces/share/tutorial_interfaces/msg/Sphere.idl
[2.112s] -- Up-to-date: /home/simone/Documents/IoT/Lab_4/install/tutorial_interfaces/share/tutorial_interfaces/srv/AddThreeInts.idl
[2.113s] -- Up-to-date: /home/simone/Documents/IoT/Lab_4/install/tutorial_interfaces/share/tutorial_interfaces/srv/SpinTurtle.idl
[2.113s] -- Up-to-date: /home/simone/Documents/IoT/Lab_4/install/tutorial_interfaces/share/tutorial_interfaces/msg/Num.msg
[2.113s] -- Up-to-date: /home/simone/Documents/IoT/Lab_4/install/tutorial_interfaces/share/tutorial_interfaces/msg/Sphere.msg
[2.114s] -- Up-to-date: /home/simone/Documents/IoT/Lab_4/install/tutorial_interfaces/share/tutorial_interfaces/srv/AddThreeInts.srv
[2.114s] -- Up-to-date: /home/simone/Documents/IoT/Lab_4/install/tutorial_interfaces/share/tutorial_interfaces/srv/AddThreeInts_Request.msg
[2.114s] -- Up-to-date: /home/simone/Documents/IoT/Lab_4/install/tutorial_interfaces/share/tutorial_interfaces/srv/AddThreeInts_Response.msg
[2.115s] -- Up-to-date: /home/simone/Documents/IoT/Lab_4/install/tutorial_interfaces/share/tutorial_interfaces/srv/SpinTurtle.srv
[2.115s] -- Up-to-date: /home/simone/Documents/IoT/Lab_4/install/tutorial_interfaces/share/tutorial_interfaces/srv/SpinTurtle_Request.msg
[2.115s] -- Up-to-date: /home/simone/Documents/IoT/Lab_4/install/tutorial_interfaces/share/tutorial_interfaces/srv/SpinTurtle_Response.msg
[2.116s] -- Up-to-date: /home/simone/Documents/IoT/Lab_4/install/tutorial_interfaces/share/ament_index/resource_index/package_run_dependencies/tutorial_interfaces
[2.116s] -- Up-to-date: /home/simone/Documents/IoT/Lab_4/install/tutorial_interfaces/share/ament_index/resource_index/parent_prefix_path/tutorial_interfaces
[2.116s] -- Up-to-date: /home/simone/Documents/IoT/Lab_4/install/tutorial_interfaces/share/tutorial_interfaces/environment/ament_prefix_path.sh
[2.116s] -- Up-to-date: /home/simone/Documents/IoT/Lab_4/install/tutorial_interfaces/share/tutorial_interfaces/environment/ament_prefix_path.dsv
[2.117s] -- Up-to-date: /home/simone/Documents/IoT/Lab_4/install/tutorial_interfaces/share/tutorial_interfaces/environment/path.sh
[2.117s] -- Up-to-date: /home/simone/Documents/IoT/Lab_4/install/tutorial_interfaces/share/tutorial_interfaces/environment/path.dsv
[2.118s] -- Up-to-date: /home/simone/Documents/IoT/Lab_4/install/tutorial_interfaces/share/tutorial_interfaces/local_setup.bash
[2.118s] -- Up-to-date: /home/simone/Documents/IoT/Lab_4/install/tutorial_interfaces/share/tutorial_interfaces/local_setup.sh
[2.118s] -- Up-to-date: /home/simone/Documents/IoT/Lab_4/install/tutorial_interfaces/share/tutorial_interfaces/local_setup.zsh
[2.118s] -- Up-to-date: /home/simone/Documents/IoT/Lab_4/install/tutorial_interfaces/share/tutorial_interfaces/local_setup.dsv
[2.119s] -- Installing: /home/simone/Documents/IoT/Lab_4/install/tutorial_interfaces/share/tutorial_interfaces/package.dsv
[2.119s] -- Up-to-date: /home/simone/Documents/IoT/Lab_4/install/tutorial_interfaces/share/ament_index/resource_index/packages/tutorial_interfaces
[2.119s] -- Up-to-date: /home/simone/Documents/IoT/Lab_4/install/tutorial_interfaces/share/tutorial_interfaces/cmake/export_tutorial_interfaces__rosidl_generator_cExport.cmake
[2.119s] -- Up-to-date: /home/simone/Documents/IoT/Lab_4/install/tutorial_interfaces/share/tutorial_interfaces/cmake/export_tutorial_interfaces__rosidl_generator_cExport-noconfig.cmake
[2.119s] -- Up-to-date: /home/simone/Documents/IoT/Lab_4/install/tutorial_interfaces/share/tutorial_interfaces/cmake/export_tutorial_interfaces__rosidl_typesupport_fastrtps_cExport.cmake
[2.120s] -- Up-to-date: /home/simone/Documents/IoT/Lab_4/install/tutorial_interfaces/share/tutorial_interfaces/cmake/export_tutorial_interfaces__rosidl_typesupport_fastrtps_cExport-noconfig.cmake
[2.120s] -- Up-to-date: /home/simone/Documents/IoT/Lab_4/install/tutorial_interfaces/share/tutorial_interfaces/cmake/export_tutorial_interfaces__rosidl_generator_cppExport.cmake
[2.120s] -- Up-to-date: /home/simone/Documents/IoT/Lab_4/install/tutorial_interfaces/share/tutorial_interfaces/cmake/export_tutorial_interfaces__rosidl_typesupport_fastrtps_cppExport.cmake
[2.120s] -- Up-to-date: /home/simone/Documents/IoT/Lab_4/install/tutorial_interfaces/share/tutorial_interfaces/cmake/export_tutorial_interfaces__rosidl_typesupport_fastrtps_cppExport-noconfig.cmake
[2.121s] -- Up-to-date: /home/simone/Documents/IoT/Lab_4/install/tutorial_interfaces/share/tutorial_interfaces/cmake/tutorial_interfaces__rosidl_typesupport_introspection_cExport.cmake
[2.121s] -- Up-to-date: /home/simone/Documents/IoT/Lab_4/install/tutorial_interfaces/share/tutorial_interfaces/cmake/tutorial_interfaces__rosidl_typesupport_introspection_cExport-noconfig.cmake
[2.121s] -- Up-to-date: /home/simone/Documents/IoT/Lab_4/install/tutorial_interfaces/share/tutorial_interfaces/cmake/tutorial_interfaces__rosidl_typesupport_cExport.cmake
[2.121s] -- Up-to-date: /home/simone/Documents/IoT/Lab_4/install/tutorial_interfaces/share/tutorial_interfaces/cmake/tutorial_interfaces__rosidl_typesupport_cExport-noconfig.cmake
[2.122s] -- Up-to-date: /home/simone/Documents/IoT/Lab_4/install/tutorial_interfaces/share/tutorial_interfaces/cmake/tutorial_interfaces__rosidl_typesupport_introspection_cppExport.cmake
[2.122s] -- Up-to-date: /home/simone/Documents/IoT/Lab_4/install/tutorial_interfaces/share/tutorial_interfaces/cmake/tutorial_interfaces__rosidl_typesupport_introspection_cppExport-noconfig.cmake
[2.122s] -- Up-to-date: /home/simone/Documents/IoT/Lab_4/install/tutorial_interfaces/share/tutorial_interfaces/cmake/tutorial_interfaces__rosidl_typesupport_cppExport.cmake
[2.122s] -- Up-to-date: /home/simone/Documents/IoT/Lab_4/install/tutorial_interfaces/share/tutorial_interfaces/cmake/tutorial_interfaces__rosidl_typesupport_cppExport-noconfig.cmake
[2.122s] -- Up-to-date: /home/simone/Documents/IoT/Lab_4/install/tutorial_interfaces/share/tutorial_interfaces/cmake/export_tutorial_interfaces__rosidl_generator_pyExport.cmake
[2.123s] -- Up-to-date: /home/simone/Documents/IoT/Lab_4/install/tutorial_interfaces/share/tutorial_interfaces/cmake/export_tutorial_interfaces__rosidl_generator_pyExport-noconfig.cmake
[2.123s] -- Up-to-date: /home/simone/Documents/IoT/Lab_4/install/tutorial_interfaces/share/tutorial_interfaces/cmake/rosidl_cmake-extras.cmake
[2.123s] -- Up-to-date: /home/simone/Documents/IoT/Lab_4/install/tutorial_interfaces/share/tutorial_interfaces/cmake/ament_cmake_export_dependencies-extras.cmake
[2.123s] -- Up-to-date: /home/simone/Documents/IoT/Lab_4/install/tutorial_interfaces/share/tutorial_interfaces/cmake/ament_cmake_export_include_directories-extras.cmake
[2.123s] -- Up-to-date: /home/simone/Documents/IoT/Lab_4/install/tutorial_interfaces/share/tutorial_interfaces/cmake/ament_cmake_export_libraries-extras.cmake
[2.123s] -- Up-to-date: /home/simone/Documents/IoT/Lab_4/install/tutorial_interfaces/share/tutorial_interfaces/cmake/ament_cmake_export_targets-extras.cmake
[2.124s] -- Up-to-date: /home/simone/Documents/IoT/Lab_4/install/tutorial_interfaces/share/tutorial_interfaces/cmake/rosidl_cmake_export_typesupport_targets-extras.cmake
[2.124s] -- Up-to-date: /home/simone/Documents/IoT/Lab_4/install/tutorial_interfaces/share/tutorial_interfaces/cmake/rosidl_cmake_export_typesupport_libraries-extras.cmake
[2.124s] -- Up-to-date: /home/simone/Documents/IoT/Lab_4/install/tutorial_interfaces/share/tutorial_interfaces/cmake/tutorial_interfacesConfig.cmake
[2.124s] -- Up-to-date: /home/simone/Documents/IoT/Lab_4/install/tutorial_interfaces/share/tutorial_interfaces/cmake/tutorial_interfacesConfig-version.cmake
[2.124s] -- Up-to-date: /home/simone/Documents/IoT/Lab_4/install/tutorial_interfaces/share/tutorial_interfaces/package.xml
[2.129s] Invoked command in '/home/simone/Documents/IoT/Lab_4/build/tutorial_interfaces' returned '0': CMAKE_PREFIX_PATH=/opt/ros/humble /usr/bin/cmake --install /home/simone/Documents/IoT/Lab_4/build/tutorial_interfaces
