[0.660s] Invoking command in '/home/simone/Documents/IoT/Lab_4/build/tutorial_interfaces': CMAKE_PREFIX_PATH=${CMAKE_PREFIX_PATH}:/home/simone/Documents/IoT/Lab_5/install/fibonacci_action:/home/simone/Documents/IoT/Lab_4/install/spinning_turtle:/opt/ros/humble /usr/bin/cmake --build /home/simone/Documents/IoT/Lab_4/build/tutorial_interfaces -- -j16 -l16
[0.793s] [  1%] Built target tutorial_interfaces__cpp
[0.796s] [ 12%] Built target tutorial_interfaces__rosidl_generator_c
[0.820s] [ 12%] Built target ament_cmake_python_copy_tutorial_interfaces
[0.853s] [ 23%] Built target tutorial_interfaces__rosidl_typesupport_c
[0.854s] [ 34%] Built target tutorial_interfaces__rosidl_typesupport_introspection_c
[0.856s] [ 45%] Built target tutorial_interfaces__rosidl_typesupport_introspection_cpp
[0.856s] [ 56%] Built target tutorial_interfaces__rosidl_typesupport_fastrtps_cpp
[0.860s] [ 67%] Built target tutorial_interfaces__rosidl_typesupport_fastrtps_c
[0.862s] [ 78%] Built target tutorial_interfaces__rosidl_typesupport_cpp
[0.916s] [ 78%] Built target tutorial_interfaces
[0.970s] [ 80%] Built target tutorial_interfaces__py
[1.031s] [ 89%] Built target tutorial_interfaces__rosidl_generator_py
[1.090s] [ 96%] Built target tutorial_interfaces__rosidl_typesupport_introspection_c__pyext
[1.090s] [ 96%] Built target tutorial_interfaces__rosidl_typesupport_fastrtps_c__pyext
[1.090s] [100%] Built target tutorial_interfaces__rosidl_typesupport_c__pyext
[1.412s] running egg_info
[1.414s] writing tutorial_interfaces.egg-info/PKG-INFO
[1.414s] writing dependency_links to tutorial_interfaces.egg-info/dependency_links.txt
[1.415s] writing top-level names to tutorial_interfaces.egg-info/top_level.txt
[1.420s] reading manifest file 'tutorial_interfaces.egg-info/SOURCES.txt'
[1.422s] writing manifest file 'tutorial_interfaces.egg-info/SOURCES.txt'
[1.488s] [100%] Built target ament_cmake_python_build_tutorial_interfaces_egg
[1.515s] Invoked command in '/home/simone/Documents/IoT/Lab_4/build/tutorial_interfaces' returned '0': CMAKE_PREFIX_PATH=${CMAKE_PREFIX_PATH}:/home/simone/Documents/IoT/Lab_5/install/fibonacci_action:/home/simone/Documents/IoT/Lab_4/install/spinning_turtle:/opt/ros/humble /usr/bin/cmake --build /home/simone/Documents/IoT/Lab_4/build/tutorial_interfaces -- -j16 -l16
[1.875s] Invoking command in '/home/simone/Documents/IoT/Lab_4/build/tutorial_interfaces': CMAKE_PREFIX_PATH=${CMAKE_PREFIX_PATH}:/home/simone/Documents/IoT/Lab_5/install/fibonacci_action:/home/simone/Documents/IoT/Lab_4/install/spinning_turtle:/opt/ros/humble /usr/bin/cmake --install /home/simone/Documents/IoT/Lab_4/build/tutorial_interfaces
[1.896s] -- Install configuration: ""
[1.897s] -- Up-to-date: /home/simone/Documents/IoT/Lab_4/install/tutorial_interfaces/share/ament_index/resource_index/rosidl_interfaces/tutorial_interfaces
[1.897s] -- Up-to-date: /home/simone/Documents/IoT/Lab_4/install/tutorial_interfaces/include/tutorial_interfaces/tutorial_interfaces
[1.898s] -- Up-to-date: /home/simone/Documents/IoT/Lab_4/install/tutorial_interfaces/include/tutorial_interfaces/tutorial_interfaces/srv
[1.898s] -- Up-to-date: /home/simone/Documents/IoT/Lab_4/install/tutorial_interfaces/include/tutorial_interfaces/tutorial_interfaces/srv/add_three_ints.h
[1.898s] -- Up-to-date: /home/simone/Documents/IoT/Lab_4/install/tutorial_interfaces/include/tutorial_interfaces/tutorial_interfaces/srv/spin_turtle.h
[1.899s] -- Up-to-date: /home/simone/Documents/IoT/Lab_4/install/tutorial_interfaces/include/tutorial_interfaces/tutorial_interfaces/srv/detail
[1.899s] -- Up-to-date: /home/simone/Documents/IoT/Lab_4/install/tutorial_interfaces/include/tutorial_interfaces/tutorial_interfaces/srv/detail/spin_turtle__functions.h
[1.899s] -- Up-to-date: /home/simone/Documents/IoT/Lab_4/install/tutorial_interfaces/include/tutorial_interfaces/tutorial_interfaces/srv/detail/spin_turtle__struct.h
[1.899s] -- Up-to-date: /home/simone/Documents/IoT/Lab_4/install/tutorial_interfaces/include/tutorial_interfaces/tutorial_interfaces/srv/detail/spin_turtle__type_support.h
[1.899s] -- Up-to-date: /home/simone/Documents/IoT/Lab_4/install/tutorial_interfaces/include/tutorial_interfaces/tutorial_interfaces/srv/detail/add_three_ints__functions.h
[1.900s] -- Up-to-date: /home/simone/Documents/IoT/Lab_4/install/tutorial_interfaces/include/tutorial_interfaces/tutorial_interfaces/srv/detail/add_three_ints__functions.c
[1.900s] -- Up-to-date: /home/simone/Documents/IoT/Lab_4/install/tutorial_interfaces/include/tutorial_interfaces/tutorial_interfaces/srv/detail/add_three_ints__struct.h
[1.900s] -- Up-to-date: /home/simone/Documents/IoT/Lab_4/install/tutorial_interfaces/include/tutorial_interfaces/tutorial_interfaces/srv/detail/spin_turtle__functions.c
[1.901s] -- Up-to-date: /home/simone/Documents/IoT/Lab_4/install/tutorial_interfaces/include/tutorial_interfaces/tutorial_interfaces/srv/detail/add_three_ints__type_support.h
[1.901s] -- Up-to-date: /home/simone/Documents/IoT/Lab_4/install/tutorial_interfaces/include/tutorial_interfaces/tutorial_interfaces/msg
[1.901s] -- Up-to-date: /home/simone/Documents/IoT/Lab_4/install/tutorial_interfaces/include/tutorial_interfaces/tutorial_interfaces/msg/rosidl_generator_c__visibility_control.h
[1.901s] -- Up-to-date: /home/simone/Documents/IoT/Lab_4/install/tutorial_interfaces/include/tutorial_interfaces/tutorial_interfaces/msg/detail
[1.901s] -- Up-to-date: /home/simone/Documents/IoT/Lab_4/install/tutorial_interfaces/include/tutorial_interfaces/tutorial_interfaces/msg/detail/num__type_support.h
[1.902s] -- Up-to-date: /home/simone/Documents/IoT/Lab_4/install/tutorial_interfaces/include/tutorial_interfaces/tutorial_interfaces/msg/detail/num__functions.c
[1.902s] -- Up-to-date: /home/simone/Documents/IoT/Lab_4/install/tutorial_interfaces/include/tutorial_interfaces/tutorial_interfaces/msg/detail/sphere__functions.h
[1.902s] -- Up-to-date: /home/simone/Documents/IoT/Lab_4/install/tutorial_interfaces/include/tutorial_interfaces/tutorial_interfaces/msg/detail/sphere__type_support.h
[1.902s] -- Up-to-date: /home/simone/Documents/IoT/Lab_4/install/tutorial_interfaces/include/tutorial_interfaces/tutorial_interfaces/msg/detail/num__struct.h
[1.903s] -- Up-to-date: /home/simone/Documents/IoT/Lab_4/install/tutorial_interfaces/include/tutorial_interfaces/tutorial_interfaces/msg/detail/sphere__struct.h
[1.903s] -- Up-to-date: /home/simone/Documents/IoT/Lab_4/install/tutorial_interfaces/include/tutorial_interfaces/tutorial_interfaces/msg/detail/sphere__functions.c
[1.904s] -- Up-to-date: /home/simone/Documents/IoT/Lab_4/install/tutorial_interfaces/include/tutorial_interfaces/tutorial_interfaces/msg/detail/num__functions.h
[1.904s] -- Up-to-date: /home/simone/Documents/IoT/Lab_4/install/tutorial_interfaces/include/tutorial_interfaces/tutorial_interfaces/msg/sphere.h
[1.904s] -- Up-to-date: /home/simone/Documents/IoT/Lab_4/install/tutorial_interfaces/include/tutorial_interfaces/tutorial_interfaces/msg/num.h
[1.904s] -- Up-to-date: /home/simone/Documents/IoT/Lab_4/install/tutorial_interfaces/share/tutorial_interfaces/environment/library_path.sh
[1.905s] -- Up-to-date: /home/simone/Documents/IoT/Lab_4/install/tutorial_interfaces/share/tutorial_interfaces/environment/library_path.dsv
[1.905s] -- Up-to-date: /home/simone/Documents/IoT/Lab_4/install/tutorial_interfaces/lib/libtutorial_interfaces__rosidl_generator_c.so
[1.905s] -- Up-to-date: /home/simone/Documents/IoT/Lab_4/install/tutorial_interfaces/include/tutorial_interfaces/tutorial_interfaces
[1.905s] -- Up-to-date: /home/simone/Documents/IoT/Lab_4/install/tutorial_interfaces/include/tutorial_interfaces/tutorial_interfaces/srv
[1.905s] -- Up-to-date: /home/simone/Documents/IoT/Lab_4/install/tutorial_interfaces/include/tutorial_interfaces/tutorial_interfaces/srv/detail
[1.906s] -- Up-to-date: /home/simone/Documents/IoT/Lab_4/install/tutorial_interfaces/include/tutorial_interfaces/tutorial_interfaces/srv/detail/add_three_ints__rosidl_typesupport_fastrtps_c.h
[1.906s] -- Up-to-date: /home/simone/Documents/IoT/Lab_4/install/tutorial_interfaces/include/tutorial_interfaces/tutorial_interfaces/srv/detail/spin_turtle__rosidl_typesupport_fastrtps_c.h
[1.906s] -- Up-to-date: /home/simone/Documents/IoT/Lab_4/install/tutorial_interfaces/include/tutorial_interfaces/tutorial_interfaces/msg
[1.906s] -- Up-to-date: /home/simone/Documents/IoT/Lab_4/install/tutorial_interfaces/include/tutorial_interfaces/tutorial_interfaces/msg/detail
[1.907s] -- Up-to-date: /home/simone/Documents/IoT/Lab_4/install/tutorial_interfaces/include/tutorial_interfaces/tutorial_interfaces/msg/detail/sphere__rosidl_typesupport_fastrtps_c.h
[1.907s] -- Up-to-date: /home/simone/Documents/IoT/Lab_4/install/tutorial_interfaces/include/tutorial_interfaces/tutorial_interfaces/msg/detail/num__rosidl_typesupport_fastrtps_c.h
[1.907s] -- Up-to-date: /home/simone/Documents/IoT/Lab_4/install/tutorial_interfaces/include/tutorial_interfaces/tutorial_interfaces/msg/rosidl_typesupport_fastrtps_c__visibility_control.h
[1.907s] -- Up-to-date: /home/simone/Documents/IoT/Lab_4/install/tutorial_interfaces/lib/libtutorial_interfaces__rosidl_typesupport_fastrtps_c.so
[1.908s] -- Up-to-date: /home/simone/Documents/IoT/Lab_4/install/tutorial_interfaces/include/tutorial_interfaces/tutorial_interfaces
[1.908s] -- Up-to-date: /home/simone/Documents/IoT/Lab_4/install/tutorial_interfaces/include/tutorial_interfaces/tutorial_interfaces/srv
[1.908s] -- Up-to-date: /home/simone/Documents/IoT/Lab_4/install/tutorial_interfaces/include/tutorial_interfaces/tutorial_interfaces/srv/spin_turtle.hpp
[1.908s] -- Up-to-date: /home/simone/Documents/IoT/Lab_4/install/tutorial_interfaces/include/tutorial_interfaces/tutorial_interfaces/srv/detail
[1.909s] -- Up-to-date: /home/simone/Documents/IoT/Lab_4/install/tutorial_interfaces/include/tutorial_interfaces/tutorial_interfaces/srv/detail/add_three_ints__builder.hpp
[1.909s] -- Up-to-date: /home/simone/Documents/IoT/Lab_4/install/tutorial_interfaces/include/tutorial_interfaces/tutorial_interfaces/srv/detail/add_three_ints__traits.hpp
[1.910s] -- Up-to-date: /home/simone/Documents/IoT/Lab_4/install/tutorial_interfaces/include/tutorial_interfaces/tutorial_interfaces/srv/detail/spin_turtle__struct.hpp
[1.910s] -- Up-to-date: /home/simone/Documents/IoT/Lab_4/install/tutorial_interfaces/include/tutorial_interfaces/tutorial_interfaces/srv/detail/add_three_ints__struct.hpp
[1.910s] -- Up-to-date: /home/simone/Documents/IoT/Lab_4/install/tutorial_interfaces/include/tutorial_interfaces/tutorial_interfaces/srv/detail/spin_turtle__traits.hpp
[1.910s] -- Up-to-date: /home/simone/Documents/IoT/Lab_4/install/tutorial_interfaces/include/tutorial_interfaces/tutorial_interfaces/srv/detail/spin_turtle__builder.hpp
[1.911s] -- Up-to-date: /home/simone/Documents/IoT/Lab_4/install/tutorial_interfaces/include/tutorial_interfaces/tutorial_interfaces/srv/add_three_ints.hpp
[1.911s] -- Up-to-date: /home/simone/Documents/IoT/Lab_4/install/tutorial_interfaces/include/tutorial_interfaces/tutorial_interfaces/msg
[1.911s] -- Up-to-date: /home/simone/Documents/IoT/Lab_4/install/tutorial_interfaces/include/tutorial_interfaces/tutorial_interfaces/msg/sphere.hpp
[1.911s] -- Up-to-date: /home/simone/Documents/IoT/Lab_4/install/tutorial_interfaces/include/tutorial_interfaces/tutorial_interfaces/msg/detail
[1.911s] -- Up-to-date: /home/simone/Documents/IoT/Lab_4/install/tutorial_interfaces/include/tutorial_interfaces/tutorial_interfaces/msg/detail/sphere__builder.hpp
[1.912s] -- Up-to-date: /home/simone/Documents/IoT/Lab_4/install/tutorial_interfaces/include/tutorial_interfaces/tutorial_interfaces/msg/detail/num__struct.hpp
[1.912s] -- Up-to-date: /home/simone/Documents/IoT/Lab_4/install/tutorial_interfaces/include/tutorial_interfaces/tutorial_interfaces/msg/detail/num__builder.hpp
[1.912s] -- Up-to-date: /home/simone/Documents/IoT/Lab_4/install/tutorial_interfaces/include/tutorial_interfaces/tutorial_interfaces/msg/detail/sphere__traits.hpp
[1.912s] -- Up-to-date: /home/simone/Documents/IoT/Lab_4/install/tutorial_interfaces/include/tutorial_interfaces/tutorial_interfaces/msg/detail/sphere__struct.hpp
[1.912s] -- Up-to-date: /home/simone/Documents/IoT/Lab_4/install/tutorial_interfaces/include/tutorial_interfaces/tutorial_interfaces/msg/detail/num__traits.hpp
[1.913s] -- Up-to-date: /home/simone/Documents/IoT/Lab_4/install/tutorial_interfaces/include/tutorial_interfaces/tutorial_interfaces/msg/num.hpp
[1.913s] -- Up-to-date: /home/simone/Documents/IoT/Lab_4/install/tutorial_interfaces/include/tutorial_interfaces/tutorial_interfaces
[1.913s] -- Up-to-date: /home/simone/Documents/IoT/Lab_4/install/tutorial_interfaces/include/tutorial_interfaces/tutorial_interfaces/srv
[1.913s] -- Up-to-date: /home/simone/Documents/IoT/Lab_4/install/tutorial_interfaces/include/tutorial_interfaces/tutorial_interfaces/srv/detail
[1.913s] -- Up-to-date: /home/simone/Documents/IoT/Lab_4/install/tutorial_interfaces/include/tutorial_interfaces/tutorial_interfaces/srv/detail/add_three_ints__rosidl_typesupport_fastrtps_cpp.hpp
[1.913s] -- Up-to-date: /home/simone/Documents/IoT/Lab_4/install/tutorial_interfaces/include/tutorial_interfaces/tutorial_interfaces/srv/detail/dds_fastrtps
[1.914s] -- Up-to-date: /home/simone/Documents/IoT/Lab_4/install/tutorial_interfaces/include/tutorial_interfaces/tutorial_interfaces/srv/detail/spin_turtle__rosidl_typesupport_fastrtps_cpp.hpp
[1.914s] -- Up-to-date: /home/simone/Documents/IoT/Lab_4/install/tutorial_interfaces/include/tutorial_interfaces/tutorial_interfaces/msg
[1.914s] -- Up-to-date: /home/simone/Documents/IoT/Lab_4/install/tutorial_interfaces/include/tutorial_interfaces/tutorial_interfaces/msg/rosidl_typesupport_fastrtps_cpp__visibility_control.h
[1.915s] -- Up-to-date: /home/simone/Documents/IoT/Lab_4/install/tutorial_interfaces/include/tutorial_interfaces/tutorial_interfaces/msg/detail
[1.915s] -- Up-to-date: /home/simone/Documents/IoT/Lab_4/install/tutorial_interfaces/include/tutorial_interfaces/tutorial_interfaces/msg/detail/num__rosidl_typesupport_fastrtps_cpp.hpp
[1.915s] -- Up-to-date: /home/simone/Documents/IoT/Lab_4/install/tutorial_interfaces/include/tutorial_interfaces/tutorial_interfaces/msg/detail/dds_fastrtps
[1.916s] -- Up-to-date: /home/simone/Documents/IoT/Lab_4/install/tutorial_interfaces/include/tutorial_interfaces/tutorial_interfaces/msg/detail/sphere__rosidl_typesupport_fastrtps_cpp.hpp
[1.916s] -- Up-to-date: /home/simone/Documents/IoT/Lab_4/install/tutorial_interfaces/lib/libtutorial_interfaces__rosidl_typesupport_fastrtps_cpp.so
[1.916s] -- Up-to-date: /home/simone/Documents/IoT/Lab_4/install/tutorial_interfaces/include/tutorial_interfaces/tutorial_interfaces
[1.916s] -- Up-to-date: /home/simone/Documents/IoT/Lab_4/install/tutorial_interfaces/include/tutorial_interfaces/tutorial_interfaces/srv
[1.916s] -- Up-to-date: /home/simone/Documents/IoT/Lab_4/install/tutorial_interfaces/include/tutorial_interfaces/tutorial_interfaces/srv/detail
[1.917s] -- Up-to-date: /home/simone/Documents/IoT/Lab_4/install/tutorial_interfaces/include/tutorial_interfaces/tutorial_interfaces/srv/detail/add_three_ints__rosidl_typesupport_introspection_c.h
[1.917s] -- Up-to-date: /home/simone/Documents/IoT/Lab_4/install/tutorial_interfaces/include/tutorial_interfaces/tutorial_interfaces/srv/detail/spin_turtle__type_support.c
[1.917s] -- Up-to-date: /home/simone/Documents/IoT/Lab_4/install/tutorial_interfaces/include/tutorial_interfaces/tutorial_interfaces/srv/detail/add_three_ints__type_support.c
[1.917s] -- Up-to-date: /home/simone/Documents/IoT/Lab_4/install/tutorial_interfaces/include/tutorial_interfaces/tutorial_interfaces/srv/detail/spin_turtle__rosidl_typesupport_introspection_c.h
[1.917s] -- Up-to-date: /home/simone/Documents/IoT/Lab_4/install/tutorial_interfaces/include/tutorial_interfaces/tutorial_interfaces/msg
[1.917s] -- Up-to-date: /home/simone/Documents/IoT/Lab_4/install/tutorial_interfaces/include/tutorial_interfaces/tutorial_interfaces/msg/rosidl_typesupport_introspection_c__visibility_control.h
[1.918s] -- Up-to-date: /home/simone/Documents/IoT/Lab_4/install/tutorial_interfaces/include/tutorial_interfaces/tutorial_interfaces/msg/detail
[1.918s] -- Up-to-date: /home/simone/Documents/IoT/Lab_4/install/tutorial_interfaces/include/tutorial_interfaces/tutorial_interfaces/msg/detail/num__type_support.c
[1.918s] -- Up-to-date: /home/simone/Documents/IoT/Lab_4/install/tutorial_interfaces/include/tutorial_interfaces/tutorial_interfaces/msg/detail/num__rosidl_typesupport_introspection_c.h
[1.918s] -- Up-to-date: /home/simone/Documents/IoT/Lab_4/install/tutorial_interfaces/include/tutorial_interfaces/tutorial_interfaces/msg/detail/sphere__type_support.c
[1.918s] -- Up-to-date: /home/simone/Documents/IoT/Lab_4/install/tutorial_interfaces/include/tutorial_interfaces/tutorial_interfaces/msg/detail/sphere__rosidl_typesupport_introspection_c.h
[1.918s] -- Up-to-date: /home/simone/Documents/IoT/Lab_4/install/tutorial_interfaces/lib/libtutorial_interfaces__rosidl_typesupport_introspection_c.so
[1.919s] -- Up-to-date: /home/simone/Documents/IoT/Lab_4/install/tutorial_interfaces/lib/libtutorial_interfaces__rosidl_typesupport_c.so
[1.919s] -- Up-to-date: /home/simone/Documents/IoT/Lab_4/install/tutorial_interfaces/include/tutorial_interfaces/tutorial_interfaces
[1.919s] -- Up-to-date: /home/simone/Documents/IoT/Lab_4/install/tutorial_interfaces/include/tutorial_interfaces/tutorial_interfaces/srv
[1.919s] -- Up-to-date: /home/simone/Documents/IoT/Lab_4/install/tutorial_interfaces/include/tutorial_interfaces/tutorial_interfaces/srv/detail
[1.920s] -- Up-to-date: /home/simone/Documents/IoT/Lab_4/install/tutorial_interfaces/include/tutorial_interfaces/tutorial_interfaces/srv/detail/spin_turtle__rosidl_typesupport_introspection_cpp.hpp
[1.920s] -- Up-to-date: /home/simone/Documents/IoT/Lab_4/install/tutorial_interfaces/include/tutorial_interfaces/tutorial_interfaces/srv/detail/add_three_ints__rosidl_typesupport_introspection_cpp.hpp
[1.920s] -- Up-to-date: /home/simone/Documents/IoT/Lab_4/install/tutorial_interfaces/include/tutorial_interfaces/tutorial_interfaces/srv/detail/spin_turtle__type_support.cpp
[1.920s] -- Up-to-date: /home/simone/Documents/IoT/Lab_4/install/tutorial_interfaces/include/tutorial_interfaces/tutorial_interfaces/srv/detail/add_three_ints__type_support.cpp
[1.920s] -- Up-to-date: /home/simone/Documents/IoT/Lab_4/install/tutorial_interfaces/include/tutorial_interfaces/tutorial_interfaces/msg
[1.920s] -- Up-to-date: /home/simone/Documents/IoT/Lab_4/install/tutorial_interfaces/include/tutorial_interfaces/tutorial_interfaces/msg/detail
[1.921s] -- Up-to-date: /home/simone/Documents/IoT/Lab_4/install/tutorial_interfaces/include/tutorial_interfaces/tutorial_interfaces/msg/detail/sphere__type_support.cpp
[1.921s] -- Up-to-date: /home/simone/Documents/IoT/Lab_4/install/tutorial_interfaces/include/tutorial_interfaces/tutorial_interfaces/msg/detail/sphere__rosidl_typesupport_introspection_cpp.hpp
[1.921s] -- Up-to-date: /home/simone/Documents/IoT/Lab_4/install/tutorial_interfaces/include/tutorial_interfaces/tutorial_interfaces/msg/detail/num__type_support.cpp
[1.922s] -- Up-to-date: /home/simone/Documents/IoT/Lab_4/install/tutorial_interfaces/include/tutorial_interfaces/tutorial_interfaces/msg/detail/num__rosidl_typesupport_introspection_cpp.hpp
[1.922s] -- Up-to-date: /home/simone/Documents/IoT/Lab_4/install/tutorial_interfaces/lib/libtutorial_interfaces__rosidl_typesupport_introspection_cpp.so
[1.922s] -- Up-to-date: /home/simone/Documents/IoT/Lab_4/install/tutorial_interfaces/lib/libtutorial_interfaces__rosidl_typesupport_cpp.so
[1.922s] -- Up-to-date: /home/simone/Documents/IoT/Lab_4/install/tutorial_interfaces/share/tutorial_interfaces/environment/pythonpath.sh
[1.922s] -- Up-to-date: /home/simone/Documents/IoT/Lab_4/install/tutorial_interfaces/share/tutorial_interfaces/environment/pythonpath.dsv
[1.923s] -- Up-to-date: /home/simone/Documents/IoT/Lab_4/install/tutorial_interfaces/local/lib/python3.10/dist-packages/tutorial_interfaces-0.0.0-py3.10.egg-info
[1.923s] -- Installing: /home/simone/Documents/IoT/Lab_4/install/tutorial_interfaces/local/lib/python3.10/dist-packages/tutorial_interfaces-0.0.0-py3.10.egg-info/SOURCES.txt
[1.923s] -- Installing: /home/simone/Documents/IoT/Lab_4/install/tutorial_interfaces/local/lib/python3.10/dist-packages/tutorial_interfaces-0.0.0-py3.10.egg-info/dependency_links.txt
[1.923s] -- Installing: /home/simone/Documents/IoT/Lab_4/install/tutorial_interfaces/local/lib/python3.10/dist-packages/tutorial_interfaces-0.0.0-py3.10.egg-info/PKG-INFO
[1.923s] -- Installing: /home/simone/Documents/IoT/Lab_4/install/tutorial_interfaces/local/lib/python3.10/dist-packages/tutorial_interfaces-0.0.0-py3.10.egg-info/top_level.txt
[1.923s] -- Up-to-date: /home/simone/Documents/IoT/Lab_4/install/tutorial_interfaces/local/lib/python3.10/dist-packages/tutorial_interfaces
[1.924s] -- Up-to-date: /home/simone/Documents/IoT/Lab_4/install/tutorial_interfaces/local/lib/python3.10/dist-packages/tutorial_interfaces/_tutorial_interfaces_s.ep.rosidl_typesupport_introspection_c.c
[1.924s] -- Up-to-date: /home/simone/Documents/IoT/Lab_4/install/tutorial_interfaces/local/lib/python3.10/dist-packages/tutorial_interfaces/__init__.py
[1.924s] -- Up-to-date: /home/simone/Documents/IoT/Lab_4/install/tutorial_interfaces/local/lib/python3.10/dist-packages/tutorial_interfaces/tutorial_interfaces_s__rosidl_typesupport_fastrtps_c.cpython-310-x86_64-linux-gnu.so
[1.924s] -- Up-to-date: /home/simone/Documents/IoT/Lab_4/install/tutorial_interfaces/local/lib/python3.10/dist-packages/tutorial_interfaces/tutorial_interfaces_s__rosidl_typesupport_c.cpython-310-x86_64-linux-gnu.so
[1.924s] -- Up-to-date: /home/simone/Documents/IoT/Lab_4/install/tutorial_interfaces/local/lib/python3.10/dist-packages/tutorial_interfaces/tutorial_interfaces_s__rosidl_typesupport_introspection_c.cpython-310-x86_64-linux-gnu.so
[1.924s] -- Up-to-date: /home/simone/Documents/IoT/Lab_4/install/tutorial_interfaces/local/lib/python3.10/dist-packages/tutorial_interfaces/_tutorial_interfaces_s.ep.rosidl_typesupport_fastrtps_c.c
[1.925s] -- Up-to-date: /home/simone/Documents/IoT/Lab_4/install/tutorial_interfaces/local/lib/python3.10/dist-packages/tutorial_interfaces/libtutorial_interfaces__rosidl_generator_py.so
[1.925s] -- Up-to-date: /home/simone/Documents/IoT/Lab_4/install/tutorial_interfaces/local/lib/python3.10/dist-packages/tutorial_interfaces/srv
[1.925s] -- Up-to-date: /home/simone/Documents/IoT/Lab_4/install/tutorial_interfaces/local/lib/python3.10/dist-packages/tutorial_interfaces/srv/__init__.py
[1.925s] -- Up-to-date: /home/simone/Documents/IoT/Lab_4/install/tutorial_interfaces/local/lib/python3.10/dist-packages/tutorial_interfaces/srv/_add_three_ints.py
[1.925s] -- Up-to-date: /home/simone/Documents/IoT/Lab_4/install/tutorial_interfaces/local/lib/python3.10/dist-packages/tutorial_interfaces/srv/_spin_turtle_s.c
[1.926s] -- Up-to-date: /home/simone/Documents/IoT/Lab_4/install/tutorial_interfaces/local/lib/python3.10/dist-packages/tutorial_interfaces/srv/_spin_turtle.py
[1.926s] -- Up-to-date: /home/simone/Documents/IoT/Lab_4/install/tutorial_interfaces/local/lib/python3.10/dist-packages/tutorial_interfaces/srv/_add_three_ints_s.c
[1.926s] -- Up-to-date: /home/simone/Documents/IoT/Lab_4/install/tutorial_interfaces/local/lib/python3.10/dist-packages/tutorial_interfaces/_tutorial_interfaces_s.ep.rosidl_typesupport_c.c
[1.926s] -- Up-to-date: /home/simone/Documents/IoT/Lab_4/install/tutorial_interfaces/local/lib/python3.10/dist-packages/tutorial_interfaces/msg
[1.926s] -- Up-to-date: /home/simone/Documents/IoT/Lab_4/install/tutorial_interfaces/local/lib/python3.10/dist-packages/tutorial_interfaces/msg/__init__.py
[1.927s] -- Up-to-date: /home/simone/Documents/IoT/Lab_4/install/tutorial_interfaces/local/lib/python3.10/dist-packages/tutorial_interfaces/msg/_num.py
[1.927s] -- Up-to-date: /home/simone/Documents/IoT/Lab_4/install/tutorial_interfaces/local/lib/python3.10/dist-packages/tutorial_interfaces/msg/_num_s.c
[1.927s] -- Up-to-date: /home/simone/Documents/IoT/Lab_4/install/tutorial_interfaces/local/lib/python3.10/dist-packages/tutorial_interfaces/msg/_sphere_s.c
[1.927s] -- Up-to-date: /home/simone/Documents/IoT/Lab_4/install/tutorial_interfaces/local/lib/python3.10/dist-packages/tutorial_interfaces/msg/_sphere.py
[1.995s] Listing '/home/simone/Documents/IoT/Lab_4/install/tutorial_interfaces/local/lib/python3.10/dist-packages/tutorial_interfaces'...
[1.995s] Listing '/home/simone/Documents/IoT/Lab_4/install/tutorial_interfaces/local/lib/python3.10/dist-packages/tutorial_interfaces/msg'...
[1.995s] Listing '/home/simone/Documents/IoT/Lab_4/install/tutorial_interfaces/local/lib/python3.10/dist-packages/tutorial_interfaces/srv'...
[2.005s] -- Up-to-date: /home/simone/Documents/IoT/Lab_4/install/tutorial_interfaces/local/lib/python3.10/dist-packages/tutorial_interfaces/tutorial_interfaces_s__rosidl_typesupport_fastrtps_c.cpython-310-x86_64-linux-gnu.so
[2.006s] -- Up-to-date: /home/simone/Documents/IoT/Lab_4/install/tutorial_interfaces/local/lib/python3.10/dist-packages/tutorial_interfaces/tutorial_interfaces_s__rosidl_typesupport_introspection_c.cpython-310-x86_64-linux-gnu.so
[2.007s] -- Up-to-date: /home/simone/Documents/IoT/Lab_4/install/tutorial_interfaces/local/lib/python3.10/dist-packages/tutorial_interfaces/tutorial_interfaces_s__rosidl_typesupport_c.cpython-310-x86_64-linux-gnu.so
[2.008s] -- Up-to-date: /home/simone/Documents/IoT/Lab_4/install/tutorial_interfaces/lib/libtutorial_interfaces__rosidl_generator_py.so
[2.008s] -- Up-to-date: /home/simone/Documents/IoT/Lab_4/install/tutorial_interfaces/share/tutorial_interfaces/msg/Num.idl
[2.009s] -- Up-to-date: /home/simone/Documents/IoT/Lab_4/install/tutorial_interfaces/share/tutorial_interfaces/msg/Sphere.idl
[2.009s] -- Up-to-date: /home/simone/Documents/IoT/Lab_4/install/tutorial_interfaces/share/tutorial_interfaces/srv/AddThreeInts.idl
[2.010s] -- Up-to-date: /home/simone/Documents/IoT/Lab_4/install/tutorial_interfaces/share/tutorial_interfaces/srv/SpinTurtle.idl
[2.010s] -- Up-to-date: /home/simone/Documents/IoT/Lab_4/install/tutorial_interfaces/share/tutorial_interfaces/msg/Num.msg
[2.011s] -- Up-to-date: /home/simone/Documents/IoT/Lab_4/install/tutorial_interfaces/share/tutorial_interfaces/msg/Sphere.msg
[2.011s] -- Up-to-date: /home/simone/Documents/IoT/Lab_4/install/tutorial_interfaces/share/tutorial_interfaces/srv/AddThreeInts.srv
[2.012s] -- Up-to-date: /home/simone/Documents/IoT/Lab_4/install/tutorial_interfaces/share/tutorial_interfaces/srv/AddThreeInts_Request.msg
[2.012s] -- Up-to-date: /home/simone/Documents/IoT/Lab_4/install/tutorial_interfaces/share/tutorial_interfaces/srv/AddThreeInts_Response.msg
[2.013s] -- Up-to-date: /home/simone/Documents/IoT/Lab_4/install/tutorial_interfaces/share/tutorial_interfaces/srv/SpinTurtle.srv
[2.013s] -- Up-to-date: /home/simone/Documents/IoT/Lab_4/install/tutorial_interfaces/share/tutorial_interfaces/srv/SpinTurtle_Request.msg
[2.014s] -- Up-to-date: /home/simone/Documents/IoT/Lab_4/install/tutorial_interfaces/share/tutorial_interfaces/srv/SpinTurtle_Response.msg
[2.014s] -- Up-to-date: /home/simone/Documents/IoT/Lab_4/install/tutorial_interfaces/share/ament_index/resource_index/package_run_dependencies/tutorial_interfaces
[2.014s] -- Up-to-date: /home/simone/Documents/IoT/Lab_4/install/tutorial_interfaces/share/ament_index/resource_index/parent_prefix_path/tutorial_interfaces
[2.015s] -- Up-to-date: /home/simone/Documents/IoT/Lab_4/install/tutorial_interfaces/share/tutorial_interfaces/environment/ament_prefix_path.sh
[2.015s] -- Up-to-date: /home/simone/Documents/IoT/Lab_4/install/tutorial_interfaces/share/tutorial_interfaces/environment/ament_prefix_path.dsv
[2.016s] -- Up-to-date: /home/simone/Documents/IoT/Lab_4/install/tutorial_interfaces/share/tutorial_interfaces/environment/path.sh
[2.016s] -- Up-to-date: /home/simone/Documents/IoT/Lab_4/install/tutorial_interfaces/share/tutorial_interfaces/environment/path.dsv
[2.016s] -- Up-to-date: /home/simone/Documents/IoT/Lab_4/install/tutorial_interfaces/share/tutorial_interfaces/local_setup.bash
[2.016s] -- Up-to-date: /home/simone/Documents/IoT/Lab_4/install/tutorial_interfaces/share/tutorial_interfaces/local_setup.sh
[2.017s] -- Up-to-date: /home/simone/Documents/IoT/Lab_4/install/tutorial_interfaces/share/tutorial_interfaces/local_setup.zsh
[2.017s] -- Up-to-date: /home/simone/Documents/IoT/Lab_4/install/tutorial_interfaces/share/tutorial_interfaces/local_setup.dsv
[2.017s] -- Installing: /home/simone/Documents/IoT/Lab_4/install/tutorial_interfaces/share/tutorial_interfaces/package.dsv
[2.017s] -- Up-to-date: /home/simone/Documents/IoT/Lab_4/install/tutorial_interfaces/share/ament_index/resource_index/packages/tutorial_interfaces
[2.017s] -- Up-to-date: /home/simone/Documents/IoT/Lab_4/install/tutorial_interfaces/share/tutorial_interfaces/cmake/export_tutorial_interfaces__rosidl_generator_cExport.cmake
[2.017s] -- Up-to-date: /home/simone/Documents/IoT/Lab_4/install/tutorial_interfaces/share/tutorial_interfaces/cmake/export_tutorial_interfaces__rosidl_generator_cExport-noconfig.cmake
[2.018s] -- Up-to-date: /home/simone/Documents/IoT/Lab_4/install/tutorial_interfaces/share/tutorial_interfaces/cmake/export_tutorial_interfaces__rosidl_typesupport_fastrtps_cExport.cmake
[2.018s] -- Up-to-date: /home/simone/Documents/IoT/Lab_4/install/tutorial_interfaces/share/tutorial_interfaces/cmake/export_tutorial_interfaces__rosidl_typesupport_fastrtps_cExport-noconfig.cmake
[2.018s] -- Up-to-date: /home/simone/Documents/IoT/Lab_4/install/tutorial_interfaces/share/tutorial_interfaces/cmake/export_tutorial_interfaces__rosidl_generator_cppExport.cmake
[2.018s] -- Up-to-date: /home/simone/Documents/IoT/Lab_4/install/tutorial_interfaces/share/tutorial_interfaces/cmake/export_tutorial_interfaces__rosidl_typesupport_fastrtps_cppExport.cmake
[2.018s] -- Up-to-date: /home/simone/Documents/IoT/Lab_4/install/tutorial_interfaces/share/tutorial_interfaces/cmake/export_tutorial_interfaces__rosidl_typesupport_fastrtps_cppExport-noconfig.cmake
[2.018s] -- Up-to-date: /home/simone/Documents/IoT/Lab_4/install/tutorial_interfaces/share/tutorial_interfaces/cmake/tutorial_interfaces__rosidl_typesupport_introspection_cExport.cmake
[2.018s] -- Up-to-date: /home/simone/Documents/IoT/Lab_4/install/tutorial_interfaces/share/tutorial_interfaces/cmake/tutorial_interfaces__rosidl_typesupport_introspection_cExport-noconfig.cmake
[2.019s] -- Up-to-date: /home/simone/Documents/IoT/Lab_4/install/tutorial_interfaces/share/tutorial_interfaces/cmake/tutorial_interfaces__rosidl_typesupport_cExport.cmake
[2.019s] -- Up-to-date: /home/simone/Documents/IoT/Lab_4/install/tutorial_interfaces/share/tutorial_interfaces/cmake/tutorial_interfaces__rosidl_typesupport_cExport-noconfig.cmake
[2.019s] -- Up-to-date: /home/simone/Documents/IoT/Lab_4/install/tutorial_interfaces/share/tutorial_interfaces/cmake/tutorial_interfaces__rosidl_typesupport_introspection_cppExport.cmake
[2.019s] -- Up-to-date: /home/simone/Documents/IoT/Lab_4/install/tutorial_interfaces/share/tutorial_interfaces/cmake/tutorial_interfaces__rosidl_typesupport_introspection_cppExport-noconfig.cmake
[2.020s] -- Up-to-date: /home/simone/Documents/IoT/Lab_4/install/tutorial_interfaces/share/tutorial_interfaces/cmake/tutorial_interfaces__rosidl_typesupport_cppExport.cmake
[2.020s] -- Up-to-date: /home/simone/Documents/IoT/Lab_4/install/tutorial_interfaces/share/tutorial_interfaces/cmake/tutorial_interfaces__rosidl_typesupport_cppExport-noconfig.cmake
[2.020s] -- Up-to-date: /home/simone/Documents/IoT/Lab_4/install/tutorial_interfaces/share/tutorial_interfaces/cmake/export_tutorial_interfaces__rosidl_generator_pyExport.cmake
[2.021s] -- Up-to-date: /home/simone/Documents/IoT/Lab_4/install/tutorial_interfaces/share/tutorial_interfaces/cmake/export_tutorial_interfaces__rosidl_generator_pyExport-noconfig.cmake
[2.021s] -- Up-to-date: /home/simone/Documents/IoT/Lab_4/install/tutorial_interfaces/share/tutorial_interfaces/cmake/rosidl_cmake-extras.cmake
[2.021s] -- Up-to-date: /home/simone/Documents/IoT/Lab_4/install/tutorial_interfaces/share/tutorial_interfaces/cmake/ament_cmake_export_dependencies-extras.cmake
[2.023s] -- Up-to-date: /home/simone/Documents/IoT/Lab_4/install/tutorial_interfaces/share/tutorial_interfaces/cmake/ament_cmake_export_include_directories-extras.cmake
[2.024s] -- Up-to-date: /home/simone/Documents/IoT/Lab_4/install/tutorial_interfaces/share/tutorial_interfaces/cmake/ament_cmake_export_libraries-extras.cmake
[2.024s] -- Up-to-date: /home/simone/Documents/IoT/Lab_4/install/tutorial_interfaces/share/tutorial_interfaces/cmake/ament_cmake_export_targets-extras.cmake
[2.025s] -- Up-to-date: /home/simone/Documents/IoT/Lab_4/install/tutorial_interfaces/share/tutorial_interfaces/cmake/rosidl_cmake_export_typesupport_targets-extras.cmake
[2.025s] -- Up-to-date: /home/simone/Documents/IoT/Lab_4/install/tutorial_interfaces/share/tutorial_interfaces/cmake/rosidl_cmake_export_typesupport_libraries-extras.cmake
[2.026s] -- Up-to-date: /home/simone/Documents/IoT/Lab_4/install/tutorial_interfaces/share/tutorial_interfaces/cmake/tutorial_interfacesConfig.cmake
[2.026s] -- Up-to-date: /home/simone/Documents/IoT/Lab_4/install/tutorial_interfaces/share/tutorial_interfaces/cmake/tutorial_interfacesConfig-version.cmake
[2.027s] -- Up-to-date: /home/simone/Documents/IoT/Lab_4/install/tutorial_interfaces/share/tutorial_interfaces/package.xml
[2.028s] Invoked command in '/home/simone/Documents/IoT/Lab_4/build/tutorial_interfaces' returned '0': CMAKE_PREFIX_PATH=${CMAKE_PREFIX_PATH}:/home/simone/Documents/IoT/Lab_5/install/fibonacci_action:/home/simone/Documents/IoT/Lab_4/install/spinning_turtle:/opt/ros/humble /usr/bin/cmake --install /home/simone/Documents/IoT/Lab_4/build/tutorial_interfaces
