[2.265s] Invoking command in '/home/simone/Documents/IoT/src/py_pubsub': PYTHONPATH=/home/simone/Documents/IoT/build/py_pubsub/prefix_override:/home/simone/Documents/IoT/install/py_pubsub/lib/python3.10/site-packages:${PYTHONPATH} /usr/bin/python3 -W ignore:setup.py install is deprecated setup.py egg_info --egg-base ../../build/py_pubsub build --build-base /home/simone/Documents/IoT/build/py_pubsub/build install --record /home/simone/Documents/IoT/build/py_pubsub/install.log --single-version-externally-managed install_data
[2.882s] running egg_info
[2.883s] writing ../../build/py_pubsub/py_pubsub.egg-info/PKG-INFO
[2.884s] writing dependency_links to ../../build/py_pubsub/py_pubsub.egg-info/dependency_links.txt
[2.884s] writing entry points to ../../build/py_pubsub/py_pubsub.egg-info/entry_points.txt
[2.885s] writing requirements to ../../build/py_pubsub/py_pubsub.egg-info/requires.txt
[2.885s] writing top-level names to ../../build/py_pubsub/py_pubsub.egg-info/top_level.txt
[2.890s] reading manifest file '../../build/py_pubsub/py_pubsub.egg-info/SOURCES.txt'
[2.892s] writing manifest file '../../build/py_pubsub/py_pubsub.egg-info/SOURCES.txt'
[2.892s] running build
[2.893s] running build_py
[2.893s] running install
[2.893s] running install_lib
[2.897s] running install_data
[2.897s] running install_egg_info
[2.901s] removing '/home/simone/Documents/IoT/install/py_pubsub/lib/python3.10/site-packages/py_pubsub-0.0.0-py3.10.egg-info' (and everything under it)
[2.902s] Copying ../../build/py_pubsub/py_pubsub.egg-info to /home/simone/Documents/IoT/install/py_pubsub/lib/python3.10/site-packages/py_pubsub-0.0.0-py3.10.egg-info
[2.905s] running install_scripts
[2.956s] Installing turtlesquare script to /home/simone/Documents/IoT/install/py_pubsub/lib/py_pubsub
[2.957s] writing list of installed files to '/home/simone/Documents/IoT/build/py_pubsub/install.log'
[3.111s] Invoked command in '/home/simone/Documents/IoT/src/py_pubsub' returned '0': PYTHONPATH=/home/simone/Documents/IoT/build/py_pubsub/prefix_override:/home/simone/Documents/IoT/install/py_pubsub/lib/python3.10/site-packages:${PYTHONPATH} /usr/bin/python3 -W ignore:setup.py install is deprecated setup.py egg_info --egg-base ../../build/py_pubsub build --build-base /home/simone/Documents/IoT/build/py_pubsub/build install --record /home/simone/Documents/IoT/build/py_pubsub/install.log --single-version-externally-managed install_data
