[1.406s] Invoking command in '/home/simone/Documents/IoT/Lab_5/src/fibonacci_action': PYTHONPATH=/home/simone/Documents/IoT/Lab_5/build/fibonacci_action/prefix_override:/home/simone/Documents/IoT/Lab_5/install/fibonacci_action/lib/python3.10/site-packages:${PYTHONPATH} /usr/bin/python3 -W ignore:setup.py install is deprecated setup.py egg_info --egg-base ../../build/fibonacci_action build --build-base /home/simone/Documents/IoT/Lab_5/build/fibonacci_action/build install --record /home/simone/Documents/IoT/Lab_5/build/fibonacci_action/install.log --single-version-externally-managed install_data
[1.959s] running egg_info
[1.960s] writing ../../build/fibonacci_action/fibonacci_action.egg-info/PKG-INFO
[1.961s] writing dependency_links to ../../build/fibonacci_action/fibonacci_action.egg-info/dependency_links.txt
[1.961s] writing entry points to ../../build/fibonacci_action/fibonacci_action.egg-info/entry_points.txt
[1.962s] writing requirements to ../../build/fibonacci_action/fibonacci_action.egg-info/requires.txt
[1.962s] writing top-level names to ../../build/fibonacci_action/fibonacci_action.egg-info/top_level.txt
[1.966s] reading manifest file '../../build/fibonacci_action/fibonacci_action.egg-info/SOURCES.txt'
[1.968s] writing manifest file '../../build/fibonacci_action/fibonacci_action.egg-info/SOURCES.txt'
[1.968s] running build
[1.968s] running build_py
[1.968s] copying fibonacci_action/fibonacci_action_client.py -> /home/simone/Documents/IoT/Lab_5/build/fibonacci_action/build/lib/fibonacci_action
[1.969s] running install
[1.970s] running install_lib
[1.971s] copying /home/simone/Documents/IoT/Lab_5/build/fibonacci_action/build/lib/fibonacci_action/fibonacci_action_client.py -> /home/simone/Documents/IoT/Lab_5/install/fibonacci_action/lib/python3.10/site-packages/fibonacci_action
[1.973s] byte-compiling /home/simone/Documents/IoT/Lab_5/install/fibonacci_action/lib/python3.10/site-packages/fibonacci_action/fibonacci_action_client.py to fibonacci_action_client.cpython-310.pyc
[1.974s] running install_data
[1.975s] running install_egg_info
[1.978s] removing '/home/simone/Documents/IoT/Lab_5/install/fibonacci_action/lib/python3.10/site-packages/fibonacci_action-0.0.0-py3.10.egg-info' (and everything under it)
[1.979s] Copying ../../build/fibonacci_action/fibonacci_action.egg-info to /home/simone/Documents/IoT/Lab_5/install/fibonacci_action/lib/python3.10/site-packages/fibonacci_action-0.0.0-py3.10.egg-info
[1.981s] running install_scripts
[2.026s] Installing fibonacci_client script to /home/simone/Documents/IoT/Lab_5/install/fibonacci_action/lib/fibonacci_action
[2.027s] Installing fibonacci_server script to /home/simone/Documents/IoT/Lab_5/install/fibonacci_action/lib/fibonacci_action
[2.027s] writing list of installed files to '/home/simone/Documents/IoT/Lab_5/build/fibonacci_action/install.log'
[2.072s] Invoked command in '/home/simone/Documents/IoT/Lab_5/src/fibonacci_action' returned '0': PYTHONPATH=/home/simone/Documents/IoT/Lab_5/build/fibonacci_action/prefix_override:/home/simone/Documents/IoT/Lab_5/install/fibonacci_action/lib/python3.10/site-packages:${PYTHONPATH} /usr/bin/python3 -W ignore:setup.py install is deprecated setup.py egg_info --egg-base ../../build/fibonacci_action build --build-base /home/simone/Documents/IoT/Lab_5/build/fibonacci_action/build install --record /home/simone/Documents/IoT/Lab_5/build/fibonacci_action/install.log --single-version-externally-managed install_data
