[0.727s] Invoking command in '/home/simone/Documents/IoT/Lab_4/build/tutorial_interfaces': CMAKE_PREFIX_PATH=${CMAKE_PREFIX_PATH}:/home/simone/Documents/IoT/Lab_5/install/fibonacci_action:/home/simone/Documents/IoT/Lab_4/install/spinning_turtle:/opt/ros/humble /usr/bin/cmake --build /home/simone/Documents/IoT/Lab_4/build/tutorial_interfaces -- -j16 -l16
[0.869s] [  1%] Built target tutorial_interfaces__cpp
[0.873s] [ 12%] Built target tutorial_interfaces__rosidl_generator_c
[0.905s] [ 12%] Built target ament_cmake_python_copy_tutorial_interfaces
[0.937s] [ 41%] Built target tutorial_interfaces__rosidl_typesupport_introspection_cpp
[0.937s] [ 43%] Built target tutorial_interfaces__rosidl_typesupport_fastrtps_cpp
[0.937s] [ 45%] Built target tutorial_interfaces__rosidl_typesupport_cpp
[0.940s] [ 56%] Built target tutorial_interfaces__rosidl_typesupport_introspection_c
[0.942s] [ 78%] Built target tutorial_interfaces__rosidl_typesupport_fastrtps_c
[0.942s] [ 78%] Built target tutorial_interfaces__rosidl_typesupport_c
[0.999s] [ 78%] Built target tutorial_interfaces
[1.062s] [ 80%] Built target tutorial_interfaces__py
[1.128s] [ 89%] Built target tutorial_interfaces__rosidl_generator_py
[1.191s] [ 92%] Built target tutorial_interfaces__rosidl_typesupport_fastrtps_c__pyext
[1.192s] [100%] Built target tutorial_interfaces__rosidl_typesupport_introspection_c__pyext
[1.192s] [100%] Built target tutorial_interfaces__rosidl_typesupport_c__pyext
[1.554s] running egg_info
[1.556s] writing tutorial_interfaces.egg-info/PKG-INFO
[1.556s] writing dependency_links to tutorial_interfaces.egg-info/dependency_links.txt
[1.557s] writing top-level names to tutorial_interfaces.egg-info/top_level.txt
[1.563s] reading manifest file 'tutorial_interfaces.egg-info/SOURCES.txt'
[1.564s] writing manifest file 'tutorial_interfaces.egg-info/SOURCES.txt'
[1.635s] [100%] Built target ament_cmake_python_build_tutorial_interfaces_egg
[1.668s] Invoked command in '/home/simone/Documents/IoT/Lab_4/build/tutorial_interfaces' returned '0': CMAKE_PREFIX_PATH=${CMAKE_PREFIX_PATH}:/home/simone/Documents/IoT/Lab_5/install/fibonacci_action:/home/simone/Documents/IoT/Lab_4/install/spinning_turtle:/opt/ros/humble /usr/bin/cmake --build /home/simone/Documents/IoT/Lab_4/build/tutorial_interfaces -- -j16 -l16
[2.056s] Invoking command in '/home/simone/Documents/IoT/Lab_4/build/tutorial_interfaces': CMAKE_PREFIX_PATH=${CMAKE_PREFIX_PATH}:/home/simone/Documents/IoT/Lab_5/install/fibonacci_action:/home/simone/Documents/IoT/Lab_4/install/spinning_turtle:/opt/ros/humble /usr/bin/cmake --install /home/simone/Documents/IoT/Lab_4/build/tutorial_interfaces
[2.081s] -- Install configuration: ""
[2.082s] -- Up-to-date: /home/simone/Documents/IoT/Lab_4/install/tutorial_interfaces/share/ament_index/resource_index/rosidl_interfaces/tutorial_interfaces
[2.082s] -- Up-to-date: /home/simone/Documents/IoT/Lab_4/install/tutorial_interfaces/include/tutorial_interfaces/tutorial_interfaces
[2.082s] -- Up-to-date: /home/simone/Documents/IoT/Lab_4/install/tutorial_interfaces/include/tutorial_interfaces/tutorial_interfaces/srv
[2.082s] -- Up-to-date: /home/simone/Documents/IoT/Lab_4/install/tutorial_interfaces/include/tutorial_interfaces/tutorial_interfaces/srv/add_three_ints.h
[2.082s] -- Up-to-date: /home/simone/Documents/IoT/Lab_4/install/tutorial_interfaces/include/tutorial_interfaces/tutorial_interfaces/srv/spin_turtle.h
[2.082s] -- Up-to-date: /home/simone/Documents/IoT/Lab_4/install/tutorial_interfaces/include/tutorial_interfaces/tutorial_interfaces/srv/detail
[2.083s] -- Up-to-date: /home/simone/Documents/IoT/Lab_4/install/tutorial_interfaces/include/tutorial_interfaces/tutorial_interfaces/srv/detail/spin_turtle__functions.h
[2.083s] -- Up-to-date: /home/simone/Documents/IoT/Lab_4/install/tutorial_interfaces/include/tutorial_interfaces/tutorial_interfaces/srv/detail/spin_turtle__struct.h
[2.083s] -- Up-to-date: /home/simone/Documents/IoT/Lab_4/install/tutorial_interfaces/include/tutorial_interfaces/tutorial_interfaces/srv/detail/spin_turtle__type_support.h
[2.083s] -- Up-to-date: /home/simone/Documents/IoT/Lab_4/install/tutorial_interfaces/include/tutorial_interfaces/tutorial_interfaces/srv/detail/add_three_ints__functions.h
[2.083s] -- Up-to-date: /home/simone/Documents/IoT/Lab_4/install/tutorial_interfaces/include/tutorial_interfaces/tutorial_interfaces/srv/detail/add_three_ints__functions.c
[2.083s] -- Up-to-date: /home/simone/Documents/IoT/Lab_4/install/tutorial_interfaces/include/tutorial_interfaces/tutorial_interfaces/srv/detail/add_three_ints__struct.h
[2.084s] -- Up-to-date: /home/simone/Documents/IoT/Lab_4/install/tutorial_interfaces/include/tutorial_interfaces/tutorial_interfaces/srv/detail/spin_turtle__functions.c
[2.084s] -- Up-to-date: /home/simone/Documents/IoT/Lab_4/install/tutorial_interfaces/include/tutorial_interfaces/tutorial_interfaces/srv/detail/add_three_ints__type_support.h
[2.084s] -- Up-to-date: /home/simone/Documents/IoT/Lab_4/install/tutorial_interfaces/include/tutorial_interfaces/tutorial_interfaces/msg
[2.084s] -- Up-to-date: /home/simone/Documents/IoT/Lab_4/install/tutorial_interfaces/include/tutorial_interfaces/tutorial_interfaces/msg/rosidl_generator_c__visibility_control.h
[2.084s] -- Up-to-date: /home/simone/Documents/IoT/Lab_4/install/tutorial_interfaces/include/tutorial_interfaces/tutorial_interfaces/msg/detail
[2.085s] -- Up-to-date: /home/simone/Documents/IoT/Lab_4/install/tutorial_interfaces/include/tutorial_interfaces/tutorial_interfaces/msg/detail/num__type_support.h
[2.085s] -- Up-to-date: /home/simone/Documents/IoT/Lab_4/install/tutorial_interfaces/include/tutorial_interfaces/tutorial_interfaces/msg/detail/num__functions.c
[2.085s] -- Up-to-date: /home/simone/Documents/IoT/Lab_4/install/tutorial_interfaces/include/tutorial_interfaces/tutorial_interfaces/msg/detail/sphere__functions.h
[2.086s] -- Up-to-date: /home/simone/Documents/IoT/Lab_4/install/tutorial_interfaces/include/tutorial_interfaces/tutorial_interfaces/msg/detail/sphere__type_support.h
[2.086s] -- Up-to-date: /home/simone/Documents/IoT/Lab_4/install/tutorial_interfaces/include/tutorial_interfaces/tutorial_interfaces/msg/detail/num__struct.h
[2.086s] -- Up-to-date: /home/simone/Documents/IoT/Lab_4/install/tutorial_interfaces/include/tutorial_interfaces/tutorial_interfaces/msg/detail/sphere__struct.h
[2.086s] -- Up-to-date: /home/simone/Documents/IoT/Lab_4/install/tutorial_interfaces/include/tutorial_interfaces/tutorial_interfaces/msg/detail/sphere__functions.c
[2.087s] -- Up-to-date: /home/simone/Documents/IoT/Lab_4/install/tutorial_interfaces/include/tutorial_interfaces/tutorial_interfaces/msg/detail/num__functions.h
[2.087s] -- Up-to-date: /home/simone/Documents/IoT/Lab_4/install/tutorial_interfaces/include/tutorial_interfaces/tutorial_interfaces/msg/sphere.h
[2.087s] -- Up-to-date: /home/simone/Documents/IoT/Lab_4/install/tutorial_interfaces/include/tutorial_interfaces/tutorial_interfaces/msg/num.h
[2.087s] -- Up-to-date: /home/simone/Documents/IoT/Lab_4/install/tutorial_interfaces/share/tutorial_interfaces/environment/library_path.sh
[2.087s] -- Up-to-date: /home/simone/Documents/IoT/Lab_4/install/tutorial_interfaces/share/tutorial_interfaces/environment/library_path.dsv
[2.088s] -- Up-to-date: /home/simone/Documents/IoT/Lab_4/install/tutorial_interfaces/lib/libtutorial_interfaces__rosidl_generator_c.so
[2.088s] -- Up-to-date: /home/simone/Documents/IoT/Lab_4/install/tutorial_interfaces/include/tutorial_interfaces/tutorial_interfaces
[2.088s] -- Up-to-date: /home/simone/Documents/IoT/Lab_4/install/tutorial_interfaces/include/tutorial_interfaces/tutorial_interfaces/srv
[2.088s] -- Up-to-date: /home/simone/Documents/IoT/Lab_4/install/tutorial_interfaces/include/tutorial_interfaces/tutorial_interfaces/srv/detail
[2.088s] -- Up-to-date: /home/simone/Documents/IoT/Lab_4/install/tutorial_interfaces/include/tutorial_interfaces/tutorial_interfaces/srv/detail/add_three_ints__rosidl_typesupport_fastrtps_c.h
[2.089s] -- Up-to-date: /home/simone/Documents/IoT/Lab_4/install/tutorial_interfaces/include/tutorial_interfaces/tutorial_interfaces/srv/detail/spin_turtle__rosidl_typesupport_fastrtps_c.h
[2.089s] -- Up-to-date: /home/simone/Documents/IoT/Lab_4/install/tutorial_interfaces/include/tutorial_interfaces/tutorial_interfaces/msg
[2.089s] -- Up-to-date: /home/simone/Documents/IoT/Lab_4/install/tutorial_interfaces/include/tutorial_interfaces/tutorial_interfaces/msg/detail
[2.089s] -- Up-to-date: /home/simone/Documents/IoT/Lab_4/install/tutorial_interfaces/include/tutorial_interfaces/tutorial_interfaces/msg/detail/sphere__rosidl_typesupport_fastrtps_c.h
[2.089s] -- Up-to-date: /home/simone/Documents/IoT/Lab_4/install/tutorial_interfaces/include/tutorial_interfaces/tutorial_interfaces/msg/detail/num__rosidl_typesupport_fastrtps_c.h
[2.090s] -- Up-to-date: /home/simone/Documents/IoT/Lab_4/install/tutorial_interfaces/include/tutorial_interfaces/tutorial_interfaces/msg/rosidl_typesupport_fastrtps_c__visibility_control.h
[2.090s] -- Up-to-date: /home/simone/Documents/IoT/Lab_4/install/tutorial_interfaces/lib/libtutorial_interfaces__rosidl_typesupport_fastrtps_c.so
[2.090s] -- Up-to-date: /home/simone/Documents/IoT/Lab_4/install/tutorial_interfaces/include/tutorial_interfaces/tutorial_interfaces
[2.091s] -- Up-to-date: /home/simone/Documents/IoT/Lab_4/install/tutorial_interfaces/include/tutorial_interfaces/tutorial_interfaces/srv
[2.091s] -- Up-to-date: /home/simone/Documents/IoT/Lab_4/install/tutorial_interfaces/include/tutorial_interfaces/tutorial_interfaces/srv/spin_turtle.hpp
[2.091s] -- Up-to-date: /home/simone/Documents/IoT/Lab_4/install/tutorial_interfaces/include/tutorial_interfaces/tutorial_interfaces/srv/detail
[2.091s] -- Up-to-date: /home/simone/Documents/IoT/Lab_4/install/tutorial_interfaces/include/tutorial_interfaces/tutorial_interfaces/srv/detail/add_three_ints__builder.hpp
[2.092s] -- Up-to-date: /home/simone/Documents/IoT/Lab_4/install/tutorial_interfaces/include/tutorial_interfaces/tutorial_interfaces/srv/detail/add_three_ints__traits.hpp
[2.093s] -- Up-to-date: /home/simone/Documents/IoT/Lab_4/install/tutorial_interfaces/include/tutorial_interfaces/tutorial_interfaces/srv/detail/spin_turtle__struct.hpp
[2.093s] -- Up-to-date: /home/simone/Documents/IoT/Lab_4/install/tutorial_interfaces/include/tutorial_interfaces/tutorial_interfaces/srv/detail/add_three_ints__struct.hpp
[2.093s] -- Up-to-date: /home/simone/Documents/IoT/Lab_4/install/tutorial_interfaces/include/tutorial_interfaces/tutorial_interfaces/srv/detail/spin_turtle__traits.hpp
[2.093s] -- Up-to-date: /home/simone/Documents/IoT/Lab_4/install/tutorial_interfaces/include/tutorial_interfaces/tutorial_interfaces/srv/detail/spin_turtle__builder.hpp
[2.094s] -- Up-to-date: /home/simone/Documents/IoT/Lab_4/install/tutorial_interfaces/include/tutorial_interfaces/tutorial_interfaces/srv/add_three_ints.hpp
[2.094s] -- Up-to-date: /home/simone/Documents/IoT/Lab_4/install/tutorial_interfaces/include/tutorial_interfaces/tutorial_interfaces/msg
[2.094s] -- Up-to-date: /home/simone/Documents/IoT/Lab_4/install/tutorial_interfaces/include/tutorial_interfaces/tutorial_interfaces/msg/sphere.hpp
[2.094s] -- Up-to-date: /home/simone/Documents/IoT/Lab_4/install/tutorial_interfaces/include/tutorial_interfaces/tutorial_interfaces/msg/detail
[2.095s] -- Up-to-date: /home/simone/Documents/IoT/Lab_4/install/tutorial_interfaces/include/tutorial_interfaces/tutorial_interfaces/msg/detail/sphere__builder.hpp
[2.095s] -- Up-to-date: /home/simone/Documents/IoT/Lab_4/install/tutorial_interfaces/include/tutorial_interfaces/tutorial_interfaces/msg/detail/num__struct.hpp
[2.095s] -- Up-to-date: /home/simone/Documents/IoT/Lab_4/install/tutorial_interfaces/include/tutorial_interfaces/tutorial_interfaces/msg/detail/num__builder.hpp
[2.096s] -- Up-to-date: /home/simone/Documents/IoT/Lab_4/install/tutorial_interfaces/include/tutorial_interfaces/tutorial_interfaces/msg/detail/sphere__traits.hpp
[2.096s] -- Up-to-date: /home/simone/Documents/IoT/Lab_4/install/tutorial_interfaces/include/tutorial_interfaces/tutorial_interfaces/msg/detail/sphere__struct.hpp
[2.096s] -- Up-to-date: /home/simone/Documents/IoT/Lab_4/install/tutorial_interfaces/include/tutorial_interfaces/tutorial_interfaces/msg/detail/num__traits.hpp
[2.096s] -- Up-to-date: /home/simone/Documents/IoT/Lab_4/install/tutorial_interfaces/include/tutorial_interfaces/tutorial_interfaces/msg/num.hpp
[2.097s] -- Up-to-date: /home/simone/Documents/IoT/Lab_4/install/tutorial_interfaces/include/tutorial_interfaces/tutorial_interfaces
[2.097s] -- Up-to-date: /home/simone/Documents/IoT/Lab_4/install/tutorial_interfaces/include/tutorial_interfaces/tutorial_interfaces/srv
[2.097s] -- Up-to-date: /home/simone/Documents/IoT/Lab_4/install/tutorial_interfaces/include/tutorial_interfaces/tutorial_interfaces/srv/detail
[2.097s] -- Up-to-date: /home/simone/Documents/IoT/Lab_4/install/tutorial_interfaces/include/tutorial_interfaces/tutorial_interfaces/srv/detail/add_three_ints__rosidl_typesupport_fastrtps_cpp.hpp
[2.098s] -- Up-to-date: /home/simone/Documents/IoT/Lab_4/install/tutorial_interfaces/include/tutorial_interfaces/tutorial_interfaces/srv/detail/dds_fastrtps
[2.098s] -- Up-to-date: /home/simone/Documents/IoT/Lab_4/install/tutorial_interfaces/include/tutorial_interfaces/tutorial_interfaces/srv/detail/spin_turtle__rosidl_typesupport_fastrtps_cpp.hpp
[2.098s] -- Up-to-date: /home/simone/Documents/IoT/Lab_4/install/tutorial_interfaces/include/tutorial_interfaces/tutorial_interfaces/msg
[2.099s] -- Up-to-date: /home/simone/Documents/IoT/Lab_4/install/tutorial_interfaces/include/tutorial_interfaces/tutorial_interfaces/msg/rosidl_typesupport_fastrtps_cpp__visibility_control.h
[2.099s] -- Up-to-date: /home/simone/Documents/IoT/Lab_4/install/tutorial_interfaces/include/tutorial_interfaces/tutorial_interfaces/msg/detail
[2.100s] -- Up-to-date: /home/simone/Documents/IoT/Lab_4/install/tutorial_interfaces/include/tutorial_interfaces/tutorial_interfaces/msg/detail/num__rosidl_typesupport_fastrtps_cpp.hpp
[2.100s] -- Up-to-date: /home/simone/Documents/IoT/Lab_4/install/tutorial_interfaces/include/tutorial_interfaces/tutorial_interfaces/msg/detail/dds_fastrtps
[2.100s] -- Up-to-date: /home/simone/Documents/IoT/Lab_4/install/tutorial_interfaces/include/tutorial_interfaces/tutorial_interfaces/msg/detail/sphere__rosidl_typesupport_fastrtps_cpp.hpp
[2.100s] -- Up-to-date: /home/simone/Documents/IoT/Lab_4/install/tutorial_interfaces/lib/libtutorial_interfaces__rosidl_typesupport_fastrtps_cpp.so
[2.100s] -- Up-to-date: /home/simone/Documents/IoT/Lab_4/install/tutorial_interfaces/include/tutorial_interfaces/tutorial_interfaces
[2.100s] -- Up-to-date: /home/simone/Documents/IoT/Lab_4/install/tutorial_interfaces/include/tutorial_interfaces/tutorial_interfaces/srv
[2.100s] -- Up-to-date: /home/simone/Documents/IoT/Lab_4/install/tutorial_interfaces/include/tutorial_interfaces/tutorial_interfaces/srv/detail
[2.101s] -- Up-to-date: /home/simone/Documents/IoT/Lab_4/install/tutorial_interfaces/include/tutorial_interfaces/tutorial_interfaces/srv/detail/add_three_ints__rosidl_typesupport_introspection_c.h
[2.101s] -- Up-to-date: /home/simone/Documents/IoT/Lab_4/install/tutorial_interfaces/include/tutorial_interfaces/tutorial_interfaces/srv/detail/spin_turtle__type_support.c
[2.101s] -- Up-to-date: /home/simone/Documents/IoT/Lab_4/install/tutorial_interfaces/include/tutorial_interfaces/tutorial_interfaces/srv/detail/add_three_ints__type_support.c
[2.101s] -- Up-to-date: /home/simone/Documents/IoT/Lab_4/install/tutorial_interfaces/include/tutorial_interfaces/tutorial_interfaces/srv/detail/spin_turtle__rosidl_typesupport_introspection_c.h
[2.102s] -- Up-to-date: /home/simone/Documents/IoT/Lab_4/install/tutorial_interfaces/include/tutorial_interfaces/tutorial_interfaces/msg
[2.102s] -- Up-to-date: /home/simone/Documents/IoT/Lab_4/install/tutorial_interfaces/include/tutorial_interfaces/tutorial_interfaces/msg/rosidl_typesupport_introspection_c__visibility_control.h
[2.102s] -- Up-to-date: /home/simone/Documents/IoT/Lab_4/install/tutorial_interfaces/include/tutorial_interfaces/tutorial_interfaces/msg/detail
[2.102s] -- Up-to-date: /home/simone/Documents/IoT/Lab_4/install/tutorial_interfaces/include/tutorial_interfaces/tutorial_interfaces/msg/detail/num__type_support.c
[2.102s] -- Up-to-date: /home/simone/Documents/IoT/Lab_4/install/tutorial_interfaces/include/tutorial_interfaces/tutorial_interfaces/msg/detail/num__rosidl_typesupport_introspection_c.h
[2.102s] -- Up-to-date: /home/simone/Documents/IoT/Lab_4/install/tutorial_interfaces/include/tutorial_interfaces/tutorial_interfaces/msg/detail/sphere__type_support.c
[2.103s] -- Up-to-date: /home/simone/Documents/IoT/Lab_4/install/tutorial_interfaces/include/tutorial_interfaces/tutorial_interfaces/msg/detail/sphere__rosidl_typesupport_introspection_c.h
[2.103s] -- Up-to-date: /home/simone/Documents/IoT/Lab_4/install/tutorial_interfaces/lib/libtutorial_interfaces__rosidl_typesupport_introspection_c.so
[2.103s] -- Up-to-date: /home/simone/Documents/IoT/Lab_4/install/tutorial_interfaces/lib/libtutorial_interfaces__rosidl_typesupport_c.so
[2.103s] -- Up-to-date: /home/simone/Documents/IoT/Lab_4/install/tutorial_interfaces/include/tutorial_interfaces/tutorial_interfaces
[2.104s] -- Up-to-date: /home/simone/Documents/IoT/Lab_4/install/tutorial_interfaces/include/tutorial_interfaces/tutorial_interfaces/srv
[2.104s] -- Up-to-date: /home/simone/Documents/IoT/Lab_4/install/tutorial_interfaces/include/tutorial_interfaces/tutorial_interfaces/srv/detail
[2.104s] -- Up-to-date: /home/simone/Documents/IoT/Lab_4/install/tutorial_interfaces/include/tutorial_interfaces/tutorial_interfaces/srv/detail/spin_turtle__rosidl_typesupport_introspection_cpp.hpp
[2.105s] -- Up-to-date: /home/simone/Documents/IoT/Lab_4/install/tutorial_interfaces/include/tutorial_interfaces/tutorial_interfaces/srv/detail/add_three_ints__rosidl_typesupport_introspection_cpp.hpp
[2.105s] -- Up-to-date: /home/simone/Documents/IoT/Lab_4/install/tutorial_interfaces/include/tutorial_interfaces/tutorial_interfaces/srv/detail/spin_turtle__type_support.cpp
[2.105s] -- Up-to-date: /home/simone/Documents/IoT/Lab_4/install/tutorial_interfaces/include/tutorial_interfaces/tutorial_interfaces/srv/detail/add_three_ints__type_support.cpp
[2.105s] -- Up-to-date: /home/simone/Documents/IoT/Lab_4/install/tutorial_interfaces/include/tutorial_interfaces/tutorial_interfaces/msg
[2.105s] -- Up-to-date: /home/simone/Documents/IoT/Lab_4/install/tutorial_interfaces/include/tutorial_interfaces/tutorial_interfaces/msg/detail
[2.106s] -- Up-to-date: /home/simone/Documents/IoT/Lab_4/install/tutorial_interfaces/include/tutorial_interfaces/tutorial_interfaces/msg/detail/sphere__type_support.cpp
[2.106s] -- Up-to-date: /home/simone/Documents/IoT/Lab_4/install/tutorial_interfaces/include/tutorial_interfaces/tutorial_interfaces/msg/detail/sphere__rosidl_typesupport_introspection_cpp.hpp
[2.106s] -- Up-to-date: /home/simone/Documents/IoT/Lab_4/install/tutorial_interfaces/include/tutorial_interfaces/tutorial_interfaces/msg/detail/num__type_support.cpp
[2.106s] -- Up-to-date: /home/simone/Documents/IoT/Lab_4/install/tutorial_interfaces/include/tutorial_interfaces/tutorial_interfaces/msg/detail/num__rosidl_typesupport_introspection_cpp.hpp
[2.106s] -- Up-to-date: /home/simone/Documents/IoT/Lab_4/install/tutorial_interfaces/lib/libtutorial_interfaces__rosidl_typesupport_introspection_cpp.so
[2.106s] -- Up-to-date: /home/simone/Documents/IoT/Lab_4/install/tutorial_interfaces/lib/libtutorial_interfaces__rosidl_typesupport_cpp.so
[2.107s] -- Up-to-date: /home/simone/Documents/IoT/Lab_4/install/tutorial_interfaces/share/tutorial_interfaces/environment/pythonpath.sh
[2.107s] -- Up-to-date: /home/simone/Documents/IoT/Lab_4/install/tutorial_interfaces/share/tutorial_interfaces/environment/pythonpath.dsv
[2.107s] -- Up-to-date: /home/simone/Documents/IoT/Lab_4/install/tutorial_interfaces/local/lib/python3.10/dist-packages/tutorial_interfaces-0.0.0-py3.10.egg-info
[2.107s] -- Installing: /home/simone/Documents/IoT/Lab_4/install/tutorial_interfaces/local/lib/python3.10/dist-packages/tutorial_interfaces-0.0.0-py3.10.egg-info/SOURCES.txt
[2.107s] -- Installing: /home/simone/Documents/IoT/Lab_4/install/tutorial_interfaces/local/lib/python3.10/dist-packages/tutorial_interfaces-0.0.0-py3.10.egg-info/dependency_links.txt
[2.108s] -- Installing: /home/simone/Documents/IoT/Lab_4/install/tutorial_interfaces/local/lib/python3.10/dist-packages/tutorial_interfaces-0.0.0-py3.10.egg-info/PKG-INFO
[2.108s] -- Installing: /home/simone/Documents/IoT/Lab_4/install/tutorial_interfaces/local/lib/python3.10/dist-packages/tutorial_interfaces-0.0.0-py3.10.egg-info/top_level.txt
[2.108s] -- Up-to-date: /home/simone/Documents/IoT/Lab_4/install/tutorial_interfaces/local/lib/python3.10/dist-packages/tutorial_interfaces
[2.108s] -- Up-to-date: /home/simone/Documents/IoT/Lab_4/install/tutorial_interfaces/local/lib/python3.10/dist-packages/tutorial_interfaces/_tutorial_interfaces_s.ep.rosidl_typesupport_introspection_c.c
[2.108s] -- Up-to-date: /home/simone/Documents/IoT/Lab_4/install/tutorial_interfaces/local/lib/python3.10/dist-packages/tutorial_interfaces/__init__.py
[2.109s] -- Up-to-date: /home/simone/Documents/IoT/Lab_4/install/tutorial_interfaces/local/lib/python3.10/dist-packages/tutorial_interfaces/tutorial_interfaces_s__rosidl_typesupport_fastrtps_c.cpython-310-x86_64-linux-gnu.so
[2.109s] -- Up-to-date: /home/simone/Documents/IoT/Lab_4/install/tutorial_interfaces/local/lib/python3.10/dist-packages/tutorial_interfaces/tutorial_interfaces_s__rosidl_typesupport_c.cpython-310-x86_64-linux-gnu.so
[2.109s] -- Up-to-date: /home/simone/Documents/IoT/Lab_4/install/tutorial_interfaces/local/lib/python3.10/dist-packages/tutorial_interfaces/tutorial_interfaces_s__rosidl_typesupport_introspection_c.cpython-310-x86_64-linux-gnu.so
[2.109s] -- Up-to-date: /home/simone/Documents/IoT/Lab_4/install/tutorial_interfaces/local/lib/python3.10/dist-packages/tutorial_interfaces/_tutorial_interfaces_s.ep.rosidl_typesupport_fastrtps_c.c
[2.109s] -- Up-to-date: /home/simone/Documents/IoT/Lab_4/install/tutorial_interfaces/local/lib/python3.10/dist-packages/tutorial_interfaces/libtutorial_interfaces__rosidl_generator_py.so
[2.110s] -- Up-to-date: /home/simone/Documents/IoT/Lab_4/install/tutorial_interfaces/local/lib/python3.10/dist-packages/tutorial_interfaces/srv
[2.110s] -- Up-to-date: /home/simone/Documents/IoT/Lab_4/install/tutorial_interfaces/local/lib/python3.10/dist-packages/tutorial_interfaces/srv/__init__.py
[2.110s] -- Up-to-date: /home/simone/Documents/IoT/Lab_4/install/tutorial_interfaces/local/lib/python3.10/dist-packages/tutorial_interfaces/srv/_add_three_ints.py
[2.111s] -- Up-to-date: /home/simone/Documents/IoT/Lab_4/install/tutorial_interfaces/local/lib/python3.10/dist-packages/tutorial_interfaces/srv/_spin_turtle_s.c
[2.111s] -- Up-to-date: /home/simone/Documents/IoT/Lab_4/install/tutorial_interfaces/local/lib/python3.10/dist-packages/tutorial_interfaces/srv/_spin_turtle.py
[2.111s] -- Up-to-date: /home/simone/Documents/IoT/Lab_4/install/tutorial_interfaces/local/lib/python3.10/dist-packages/tutorial_interfaces/srv/_add_three_ints_s.c
[2.111s] -- Up-to-date: /home/simone/Documents/IoT/Lab_4/install/tutorial_interfaces/local/lib/python3.10/dist-packages/tutorial_interfaces/_tutorial_interfaces_s.ep.rosidl_typesupport_c.c
[2.112s] -- Up-to-date: /home/simone/Documents/IoT/Lab_4/install/tutorial_interfaces/local/lib/python3.10/dist-packages/tutorial_interfaces/msg
[2.112s] -- Up-to-date: /home/simone/Documents/IoT/Lab_4/install/tutorial_interfaces/local/lib/python3.10/dist-packages/tutorial_interfaces/msg/__init__.py
[2.112s] -- Up-to-date: /home/simone/Documents/IoT/Lab_4/install/tutorial_interfaces/local/lib/python3.10/dist-packages/tutorial_interfaces/msg/_num.py
[2.112s] -- Up-to-date: /home/simone/Documents/IoT/Lab_4/install/tutorial_interfaces/local/lib/python3.10/dist-packages/tutorial_interfaces/msg/_num_s.c
[2.112s] -- Up-to-date: /home/simone/Documents/IoT/Lab_4/install/tutorial_interfaces/local/lib/python3.10/dist-packages/tutorial_interfaces/msg/_sphere_s.c
[2.112s] -- Up-to-date: /home/simone/Documents/IoT/Lab_4/install/tutorial_interfaces/local/lib/python3.10/dist-packages/tutorial_interfaces/msg/_sphere.py
[2.184s] Listing '/home/simone/Documents/IoT/Lab_4/install/tutorial_interfaces/local/lib/python3.10/dist-packages/tutorial_interfaces'...
[2.185s] Listing '/home/simone/Documents/IoT/Lab_4/install/tutorial_interfaces/local/lib/python3.10/dist-packages/tutorial_interfaces/msg'...
[2.185s] Listing '/home/simone/Documents/IoT/Lab_4/install/tutorial_interfaces/local/lib/python3.10/dist-packages/tutorial_interfaces/srv'...
[2.195s] -- Up-to-date: /home/simone/Documents/IoT/Lab_4/install/tutorial_interfaces/local/lib/python3.10/dist-packages/tutorial_interfaces/tutorial_interfaces_s__rosidl_typesupport_fastrtps_c.cpython-310-x86_64-linux-gnu.so
[2.196s] -- Up-to-date: /home/simone/Documents/IoT/Lab_4/install/tutorial_interfaces/local/lib/python3.10/dist-packages/tutorial_interfaces/tutorial_interfaces_s__rosidl_typesupport_introspection_c.cpython-310-x86_64-linux-gnu.so
[2.197s] -- Up-to-date: /home/simone/Documents/IoT/Lab_4/install/tutorial_interfaces/local/lib/python3.10/dist-packages/tutorial_interfaces/tutorial_interfaces_s__rosidl_typesupport_c.cpython-310-x86_64-linux-gnu.so
[2.198s] -- Up-to-date: /home/simone/Documents/IoT/Lab_4/install/tutorial_interfaces/lib/libtutorial_interfaces__rosidl_generator_py.so
[2.198s] -- Up-to-date: /home/simone/Documents/IoT/Lab_4/install/tutorial_interfaces/share/tutorial_interfaces/msg/Num.idl
[2.199s] -- Up-to-date: /home/simone/Documents/IoT/Lab_4/install/tutorial_interfaces/share/tutorial_interfaces/msg/Sphere.idl
[2.199s] -- Up-to-date: /home/simone/Documents/IoT/Lab_4/install/tutorial_interfaces/share/tutorial_interfaces/srv/AddThreeInts.idl
[2.199s] -- Up-to-date: /home/simone/Documents/IoT/Lab_4/install/tutorial_interfaces/share/tutorial_interfaces/srv/SpinTurtle.idl
[2.199s] -- Up-to-date: /home/simone/Documents/IoT/Lab_4/install/tutorial_interfaces/share/tutorial_interfaces/msg/Num.msg
[2.200s] -- Up-to-date: /home/simone/Documents/IoT/Lab_4/install/tutorial_interfaces/share/tutorial_interfaces/msg/Sphere.msg
[2.200s] -- Up-to-date: /home/simone/Documents/IoT/Lab_4/install/tutorial_interfaces/share/tutorial_interfaces/srv/AddThreeInts.srv
[2.200s] -- Up-to-date: /home/simone/Documents/IoT/Lab_4/install/tutorial_interfaces/share/tutorial_interfaces/srv/AddThreeInts_Request.msg
[2.201s] -- Up-to-date: /home/simone/Documents/IoT/Lab_4/install/tutorial_interfaces/share/tutorial_interfaces/srv/AddThreeInts_Response.msg
[2.201s] -- Up-to-date: /home/simone/Documents/IoT/Lab_4/install/tutorial_interfaces/share/tutorial_interfaces/srv/SpinTurtle.srv
[2.202s] -- Up-to-date: /home/simone/Documents/IoT/Lab_4/install/tutorial_interfaces/share/tutorial_interfaces/srv/SpinTurtle_Request.msg
[2.202s] -- Up-to-date: /home/simone/Documents/IoT/Lab_4/install/tutorial_interfaces/share/tutorial_interfaces/srv/SpinTurtle_Response.msg
[2.203s] -- Up-to-date: /home/simone/Documents/IoT/Lab_4/install/tutorial_interfaces/share/ament_index/resource_index/package_run_dependencies/tutorial_interfaces
[2.203s] -- Up-to-date: /home/simone/Documents/IoT/Lab_4/install/tutorial_interfaces/share/ament_index/resource_index/parent_prefix_path/tutorial_interfaces
[2.203s] -- Up-to-date: /home/simone/Documents/IoT/Lab_4/install/tutorial_interfaces/share/tutorial_interfaces/environment/ament_prefix_path.sh
[2.204s] -- Up-to-date: /home/simone/Documents/IoT/Lab_4/install/tutorial_interfaces/share/tutorial_interfaces/environment/ament_prefix_path.dsv
[2.204s] -- Up-to-date: /home/simone/Documents/IoT/Lab_4/install/tutorial_interfaces/share/tutorial_interfaces/environment/path.sh
[2.204s] -- Up-to-date: /home/simone/Documents/IoT/Lab_4/install/tutorial_interfaces/share/tutorial_interfaces/environment/path.dsv
[2.204s] -- Up-to-date: /home/simone/Documents/IoT/Lab_4/install/tutorial_interfaces/share/tutorial_interfaces/local_setup.bash
[2.205s] -- Up-to-date: /home/simone/Documents/IoT/Lab_4/install/tutorial_interfaces/share/tutorial_interfaces/local_setup.sh
[2.205s] -- Up-to-date: /home/simone/Documents/IoT/Lab_4/install/tutorial_interfaces/share/tutorial_interfaces/local_setup.zsh
[2.205s] -- Up-to-date: /home/simone/Documents/IoT/Lab_4/install/tutorial_interfaces/share/tutorial_interfaces/local_setup.dsv
[2.206s] -- Installing: /home/simone/Documents/IoT/Lab_4/install/tutorial_interfaces/share/tutorial_interfaces/package.dsv
[2.206s] -- Up-to-date: /home/simone/Documents/IoT/Lab_4/install/tutorial_interfaces/share/ament_index/resource_index/packages/tutorial_interfaces
[2.206s] -- Up-to-date: /home/simone/Documents/IoT/Lab_4/install/tutorial_interfaces/share/tutorial_interfaces/cmake/export_tutorial_interfaces__rosidl_generator_cExport.cmake
[2.207s] -- Up-to-date: /home/simone/Documents/IoT/Lab_4/install/tutorial_interfaces/share/tutorial_interfaces/cmake/export_tutorial_interfaces__rosidl_generator_cExport-noconfig.cmake
[2.207s] -- Up-to-date: /home/simone/Documents/IoT/Lab_4/install/tutorial_interfaces/share/tutorial_interfaces/cmake/export_tutorial_interfaces__rosidl_typesupport_fastrtps_cExport.cmake
[2.208s] -- Up-to-date: /home/simone/Documents/IoT/Lab_4/install/tutorial_interfaces/share/tutorial_interfaces/cmake/export_tutorial_interfaces__rosidl_typesupport_fastrtps_cExport-noconfig.cmake
[2.208s] -- Up-to-date: /home/simone/Documents/IoT/Lab_4/install/tutorial_interfaces/share/tutorial_interfaces/cmake/export_tutorial_interfaces__rosidl_generator_cppExport.cmake
[2.209s] -- Up-to-date: /home/simone/Documents/IoT/Lab_4/install/tutorial_interfaces/share/tutorial_interfaces/cmake/export_tutorial_interfaces__rosidl_typesupport_fastrtps_cppExport.cmake
[2.209s] -- Up-to-date: /home/simone/Documents/IoT/Lab_4/install/tutorial_interfaces/share/tutorial_interfaces/cmake/export_tutorial_interfaces__rosidl_typesupport_fastrtps_cppExport-noconfig.cmake
[2.209s] -- Up-to-date: /home/simone/Documents/IoT/Lab_4/install/tutorial_interfaces/share/tutorial_interfaces/cmake/tutorial_interfaces__rosidl_typesupport_introspection_cExport.cmake
[2.209s] -- Up-to-date: /home/simone/Documents/IoT/Lab_4/install/tutorial_interfaces/share/tutorial_interfaces/cmake/tutorial_interfaces__rosidl_typesupport_introspection_cExport-noconfig.cmake
[2.209s] -- Up-to-date: /home/simone/Documents/IoT/Lab_4/install/tutorial_interfaces/share/tutorial_interfaces/cmake/tutorial_interfaces__rosidl_typesupport_cExport.cmake
[2.210s] -- Up-to-date: /home/simone/Documents/IoT/Lab_4/install/tutorial_interfaces/share/tutorial_interfaces/cmake/tutorial_interfaces__rosidl_typesupport_cExport-noconfig.cmake
[2.210s] -- Up-to-date: /home/simone/Documents/IoT/Lab_4/install/tutorial_interfaces/share/tutorial_interfaces/cmake/tutorial_interfaces__rosidl_typesupport_introspection_cppExport.cmake
[2.210s] -- Up-to-date: /home/simone/Documents/IoT/Lab_4/install/tutorial_interfaces/share/tutorial_interfaces/cmake/tutorial_interfaces__rosidl_typesupport_introspection_cppExport-noconfig.cmake
[2.210s] -- Up-to-date: /home/simone/Documents/IoT/Lab_4/install/tutorial_interfaces/share/tutorial_interfaces/cmake/tutorial_interfaces__rosidl_typesupport_cppExport.cmake
[2.211s] -- Up-to-date: /home/simone/Documents/IoT/Lab_4/install/tutorial_interfaces/share/tutorial_interfaces/cmake/tutorial_interfaces__rosidl_typesupport_cppExport-noconfig.cmake
[2.211s] -- Up-to-date: /home/simone/Documents/IoT/Lab_4/install/tutorial_interfaces/share/tutorial_interfaces/cmake/export_tutorial_interfaces__rosidl_generator_pyExport.cmake
[2.211s] -- Up-to-date: /home/simone/Documents/IoT/Lab_4/install/tutorial_interfaces/share/tutorial_interfaces/cmake/export_tutorial_interfaces__rosidl_generator_pyExport-noconfig.cmake
[2.211s] -- Up-to-date: /home/simone/Documents/IoT/Lab_4/install/tutorial_interfaces/share/tutorial_interfaces/cmake/rosidl_cmake-extras.cmake
[2.211s] -- Up-to-date: /home/simone/Documents/IoT/Lab_4/install/tutorial_interfaces/share/tutorial_interfaces/cmake/ament_cmake_export_dependencies-extras.cmake
[2.211s] -- Up-to-date: /home/simone/Documents/IoT/Lab_4/install/tutorial_interfaces/share/tutorial_interfaces/cmake/ament_cmake_export_include_directories-extras.cmake
[2.212s] -- Up-to-date: /home/simone/Documents/IoT/Lab_4/install/tutorial_interfaces/share/tutorial_interfaces/cmake/ament_cmake_export_libraries-extras.cmake
[2.212s] -- Up-to-date: /home/simone/Documents/IoT/Lab_4/install/tutorial_interfaces/share/tutorial_interfaces/cmake/ament_cmake_export_targets-extras.cmake
[2.212s] -- Up-to-date: /home/simone/Documents/IoT/Lab_4/install/tutorial_interfaces/share/tutorial_interfaces/cmake/rosidl_cmake_export_typesupport_targets-extras.cmake
[2.212s] -- Up-to-date: /home/simone/Documents/IoT/Lab_4/install/tutorial_interfaces/share/tutorial_interfaces/cmake/rosidl_cmake_export_typesupport_libraries-extras.cmake
[2.213s] -- Up-to-date: /home/simone/Documents/IoT/Lab_4/install/tutorial_interfaces/share/tutorial_interfaces/cmake/tutorial_interfacesConfig.cmake
[2.213s] -- Up-to-date: /home/simone/Documents/IoT/Lab_4/install/tutorial_interfaces/share/tutorial_interfaces/cmake/tutorial_interfacesConfig-version.cmake
[2.214s] -- Up-to-date: /home/simone/Documents/IoT/Lab_4/install/tutorial_interfaces/share/tutorial_interfaces/package.xml
[2.216s] Invoked command in '/home/simone/Documents/IoT/Lab_4/build/tutorial_interfaces' returned '0': CMAKE_PREFIX_PATH=${CMAKE_PREFIX_PATH}:/home/simone/Documents/IoT/Lab_5/install/fibonacci_action:/home/simone/Documents/IoT/Lab_4/install/spinning_turtle:/opt/ros/humble /usr/bin/cmake --install /home/simone/Documents/IoT/Lab_4/build/tutorial_interfaces
