running egg_info
writing ../../build/fibonacci_action/fibonacci_action.egg-info/PKG-INFO
writing dependency_links to ../../build/fibonacci_action/fibonacci_action.egg-info/dependency_links.txt
writing entry points to ../../build/fibonacci_action/fibonacci_action.egg-info/entry_points.txt
writing requirements to ../../build/fibonacci_action/fibonacci_action.egg-info/requires.txt
writing top-level names to ../../build/fibonacci_action/fibonacci_action.egg-info/top_level.txt
reading manifest file '../../build/fibonacci_action/fibonacci_action.egg-info/SOURCES.txt'
writing manifest file '../../build/fibonacci_action/fibonacci_action.egg-info/SOURCES.txt'
running build
running build_py
copying fibonacci_action/fibonacci_action_server.py -> /home/simone/Documents/IoT/Lab_5/build/fibonacci_action/build/lib/fibonacci_action
running install
running install_lib
copying /home/simone/Documents/IoT/Lab_5/build/fibonacci_action/build/lib/fibonacci_action/fibonacci_action_server.py -> /home/simone/Documents/IoT/Lab_5/install/fibonacci_action/lib/python3.10/site-packages/fibonacci_action
byte-compiling /home/simone/Documents/IoT/Lab_5/install/fibonacci_action/lib/python3.10/site-packages/fibonacci_action/fibonacci_action_server.py to fibonacci_action_server.cpython-310.pyc
running install_data
running install_egg_info
removing '/home/simone/Documents/IoT/Lab_5/install/fibonacci_action/lib/python3.10/site-packages/fibonacci_action-0.0.0-py3.10.egg-info' (and everything under it)
Copying ../../build/fibonacci_action/fibonacci_action.egg-info to /home/simone/Documents/IoT/Lab_5/install/fibonacci_action/lib/python3.10/site-packages/fibonacci_action-0.0.0-py3.10.egg-info
running install_scripts
writing list of installed files to '/home/simone/Documents/IoT/Lab_5/build/fibonacci_action/install.log'
