[0.043s] Invoking command in '/home/simone/Documents/IoT/Lab_5/build/action_tutorials_interfaces': CMAKE_PREFIX_PATH=${CMAKE_PREFIX_PATH}:/home/simone/Documents/IoT/Lab_4/install/spinning_turtle:/opt/ros/humble /usr/bin/cmake --build /home/simone/Documents/IoT/Lab_5/build/action_tutorials_interfaces -- -j16 -l16
[0.097s] -- Found ament_cmake: 1.3.8 (/opt/ros/humble/share/ament_cmake/cmake)
[0.399s] -- Found rosidl_default_generators: 1.2.0 (/opt/ros/humble/share/rosidl_default_generators/cmake)
[0.406s] -- Using all available rosidl_typesupport_c: rosidl_typesupport_fastrtps_c;rosidl_typesupport_introspection_c
[0.424s] -- Found rosidl_adapter: 3.1.5 (/opt/ros/humble/share/rosidl_adapter/cmake)
[0.526s] -- Using all available rosidl_typesupport_cpp: rosidl_typesupport_fastrtps_cpp;rosidl_typesupport_introspection_cpp
[1.394s] -- Found ament_cmake_ros: 0.10.0 (/opt/ros/humble/share/ament_cmake_ros/cmake)
[1.832s] -- Using all available rosidl_typesupport_c: rosidl_typesupport_fastrtps_c;rosidl_typesupport_introspection_c
[2.405s] -- Using all available rosidl_typesupport_cpp: rosidl_typesupport_fastrtps_cpp;rosidl_typesupport_introspection_cpp
[2.458s] -- Found PythonInterp: /usr/bin/python3 (found suitable version "3.10.12", minimum required is "3.6") 
[2.462s] -- Found python_cmake_module: 0.10.0 (/opt/ros/humble/share/python_cmake_module/cmake)
[2.522s] -- Found PythonLibs: /usr/lib/x86_64-linux-gnu/libpython3.10.so (found suitable version "3.10.12", minimum required is "3.5") 
[2.522s] -- Using PYTHON_EXECUTABLE: /usr/bin/python3
[2.522s] -- Using PYTHON_INCLUDE_DIRS: /usr/include/python3.10
[2.522s] -- Using PYTHON_LIBRARIES: /usr/lib/x86_64-linux-gnu/libpython3.10.so
[2.572s] -- Found PythonExtra: .so  
[2.668s] -- Found ament_lint_auto: 0.12.10 (/opt/ros/humble/share/ament_lint_auto/cmake)
[2.693s] -- Added test 'lint_cmake' to check CMake code style
[2.696s] -- Added test 'xmllint' to check XML markup files
[2.702s] -- Configuring done
[2.788s] -- Generating done
[2.796s] -- Build files have been written to: /home/simone/Documents/IoT/Lab_5/build/action_tutorials_interfaces
[2.856s] [  3%] [34m[1mGenerating C code for ROS interfaces[0m
[2.880s] [  6%] [34m[1mGenerating C++ code for ROS interfaces[0m
[2.902s] [  6%] Built target ament_cmake_python_copy_action_tutorials_interfaces
[3.468s] running egg_info
[3.469s] creating action_tutorials_interfaces.egg-info
[3.469s] writing action_tutorials_interfaces.egg-info/PKG-INFO
[3.470s] writing dependency_links to action_tutorials_interfaces.egg-info/dependency_links.txt
[3.470s] writing top-level names to action_tutorials_interfaces.egg-info/top_level.txt
[3.471s] writing manifest file 'action_tutorials_interfaces.egg-info/SOURCES.txt'
[3.475s] reading manifest file 'action_tutorials_interfaces.egg-info/SOURCES.txt'
[3.476s] writing manifest file 'action_tutorials_interfaces.egg-info/SOURCES.txt'
[3.532s] [  6%] Built target ament_cmake_python_build_action_tutorials_interfaces_egg
[3.767s] [  6%] Built target action_tutorials_interfaces__cpp
[3.784s] [  9%] [32mBuilding C object CMakeFiles/action_tutorials_interfaces__rosidl_generator_c.dir/rosidl_generator_c/action_tutorials_interfaces/action/detail/fibonacci__functions.c.o[0m
[3.792s] [ 16%] [34m[1mGenerating C++ type support for eProsima Fast-RTPS[0m
[3.792s] [ 19%] [34m[1mGenerating C++ introspection for ROS interfaces[0m
[3.792s] [ 19%] [34m[1mGenerating C++ type support dispatch for ROS interfaces[0m
[4.069s] [ 22%] [32m[1mLinking C shared library libaction_tutorials_interfaces__rosidl_generator_c.so[0m
[4.160s] [ 22%] Built target action_tutorials_interfaces__rosidl_generator_c
[4.186s] [ 29%] [34m[1mGenerating C introspection for ROS interfaces[0m
[4.186s] [ 29%] [34m[1mGenerating C type support dispatch for ROS interfaces[0m
[4.186s] [ 32%] [34m[1mGenerating C type support for eProsima Fast-RTPS[0m
[4.390s] [ 35%] [32mBuilding CXX object CMakeFiles/action_tutorials_interfaces__rosidl_typesupport_cpp.dir/rosidl_typesupport_cpp/action_tutorials_interfaces/action/fibonacci__type_support.cpp.o[0m
[4.505s] [ 38%] [32mBuilding CXX object CMakeFiles/action_tutorials_interfaces__rosidl_typesupport_introspection_cpp.dir/rosidl_typesupport_introspection_cpp/action_tutorials_interfaces/action/detail/fibonacci__type_support.cpp.o[0m
[4.632s] [ 41%] [32mBuilding CXX object CMakeFiles/action_tutorials_interfaces__rosidl_typesupport_fastrtps_cpp.dir/rosidl_typesupport_fastrtps_cpp/action_tutorials_interfaces/action/detail/dds_fastrtps/fibonacci__type_support.cpp.o[0m
[4.767s] [ 45%] [32mBuilding CXX object CMakeFiles/action_tutorials_interfaces__rosidl_typesupport_c.dir/rosidl_typesupport_c/action_tutorials_interfaces/action/fibonacci__type_support.cpp.o[0m
[4.888s] [ 48%] [32m[1mLinking CXX shared library libaction_tutorials_interfaces__rosidl_typesupport_c.so[0m
[4.954s] [ 51%] [32mBuilding C object CMakeFiles/action_tutorials_interfaces__rosidl_typesupport_introspection_c.dir/rosidl_typesupport_introspection_c/action_tutorials_interfaces/action/detail/fibonacci__type_support.c.o[0m
[4.987s] [ 51%] Built target action_tutorials_interfaces__rosidl_typesupport_c
[5.011s] [ 54%] [32mBuilding CXX object CMakeFiles/action_tutorials_interfaces__rosidl_typesupport_fastrtps_c.dir/rosidl_typesupport_fastrtps_c/action_tutorials_interfaces/action/detail/fibonacci__type_support_c.cpp.o[0m
[5.082s] [ 58%] [32m[1mLinking C shared library libaction_tutorials_interfaces__rosidl_typesupport_introspection_c.so[0m
[5.162s] [ 58%] Built target action_tutorials_interfaces__rosidl_typesupport_introspection_c
[5.403s] [ 61%] [32m[1mLinking CXX shared library libaction_tutorials_interfaces__rosidl_typesupport_cpp.so[0m
[5.503s] [ 61%] Built target action_tutorials_interfaces__rosidl_typesupport_cpp
[5.824s] [ 64%] [32m[1mLinking CXX shared library libaction_tutorials_interfaces__rosidl_typesupport_introspection_cpp.so[0m
[5.851s] [ 67%] [32m[1mLinking CXX shared library libaction_tutorials_interfaces__rosidl_typesupport_fastrtps_c.so[0m
[5.950s] [ 70%] [32m[1mLinking CXX shared library libaction_tutorials_interfaces__rosidl_typesupport_fastrtps_cpp.so[0m
[5.993s] [ 70%] Built target action_tutorials_interfaces__rosidl_typesupport_introspection_cpp
[6.022s] [ 70%] Built target action_tutorials_interfaces__rosidl_typesupport_fastrtps_c
[6.120s] [ 70%] Built target action_tutorials_interfaces__rosidl_typesupport_fastrtps_cpp
[6.174s] [ 70%] Built target action_tutorials_interfaces
[6.225s] [ 74%] [34m[1mGenerating Python code for ROS interfaces[0m
[7.383s] [ 74%] Built target action_tutorials_interfaces__py
[7.416s] [ 77%] [32mBuilding C object CMakeFiles/action_tutorials_interfaces__rosidl_generator_py.dir/rosidl_generator_py/action_tutorials_interfaces/action/_fibonacci_s.c.o[0m
[7.611s] [ 80%] [32m[1mLinking C shared library rosidl_generator_py/action_tutorials_interfaces/libaction_tutorials_interfaces__rosidl_generator_py.so[0m
[7.671s] [ 80%] Built target action_tutorials_interfaces__rosidl_generator_py
[7.700s] [ 90%] [32mBuilding C object CMakeFiles/action_tutorials_interfaces__rosidl_typesupport_c__pyext.dir/rosidl_generator_py/action_tutorials_interfaces/_action_tutorials_interfaces_s.ep.rosidl_typesupport_c.c.o[0m
[7.700s] [ 90%] [32mBuilding C object CMakeFiles/action_tutorials_interfaces__rosidl_typesupport_fastrtps_c__pyext.dir/rosidl_generator_py/action_tutorials_interfaces/_action_tutorials_interfaces_s.ep.rosidl_typesupport_fastrtps_c.c.o[0m
[7.700s] [ 90%] [32mBuilding C object CMakeFiles/action_tutorials_interfaces__rosidl_typesupport_introspection_c__pyext.dir/rosidl_generator_py/action_tutorials_interfaces/_action_tutorials_interfaces_s.ep.rosidl_typesupport_introspection_c.c.o[0m
[7.847s] [ 96%] [32m[1mLinking C shared library rosidl_generator_py/action_tutorials_interfaces/action_tutorials_interfaces_s__rosidl_typesupport_c.cpython-310-x86_64-linux-gnu.so[0m
[7.848s] [ 96%] [32m[1mLinking C shared library rosidl_generator_py/action_tutorials_interfaces/action_tutorials_interfaces_s__rosidl_typesupport_fastrtps_c.cpython-310-x86_64-linux-gnu.so[0m
[7.851s] [100%] [32m[1mLinking C shared library rosidl_generator_py/action_tutorials_interfaces/action_tutorials_interfaces_s__rosidl_typesupport_introspection_c.cpython-310-x86_64-linux-gnu.so[0m
[7.899s] [100%] Built target action_tutorials_interfaces__rosidl_typesupport_fastrtps_c__pyext
[7.899s] [100%] Built target action_tutorials_interfaces__rosidl_typesupport_c__pyext
[7.902s] [100%] Built target action_tutorials_interfaces__rosidl_typesupport_introspection_c__pyext
[7.918s] Invoked command in '/home/simone/Documents/IoT/Lab_5/build/action_tutorials_interfaces' returned '0': CMAKE_PREFIX_PATH=${CMAKE_PREFIX_PATH}:/home/simone/Documents/IoT/Lab_4/install/spinning_turtle:/opt/ros/humble /usr/bin/cmake --build /home/simone/Documents/IoT/Lab_5/build/action_tutorials_interfaces -- -j16 -l16
[8.023s] Invoking command in '/home/simone/Documents/IoT/Lab_5/build/action_tutorials_interfaces': CMAKE_PREFIX_PATH=${CMAKE_PREFIX_PATH}:/home/simone/Documents/IoT/Lab_4/install/spinning_turtle:/opt/ros/humble /usr/bin/cmake --install /home/simone/Documents/IoT/Lab_5/build/action_tutorials_interfaces
[8.032s] -- Install configuration: ""
[8.032s] -- Installing: /home/simone/Documents/IoT/Lab_5/install/action_tutorials_interfaces/share/ament_index/resource_index/rosidl_interfaces/action_tutorials_interfaces
[8.033s] -- Installing: /home/simone/Documents/IoT/Lab_5/install/action_tutorials_interfaces/include/action_tutorials_interfaces/action_tutorials_interfaces
[8.033s] -- Installing: /home/simone/Documents/IoT/Lab_5/install/action_tutorials_interfaces/include/action_tutorials_interfaces/action_tutorials_interfaces/msg
[8.033s] -- Installing: /home/simone/Documents/IoT/Lab_5/install/action_tutorials_interfaces/include/action_tutorials_interfaces/action_tutorials_interfaces/msg/rosidl_generator_c__visibility_control.h
[8.033s] -- Installing: /home/simone/Documents/IoT/Lab_5/install/action_tutorials_interfaces/include/action_tutorials_interfaces/action_tutorials_interfaces/action
[8.033s] -- Installing: /home/simone/Documents/IoT/Lab_5/install/action_tutorials_interfaces/include/action_tutorials_interfaces/action_tutorials_interfaces/action/fibonacci.h
[8.034s] -- Installing: /home/simone/Documents/IoT/Lab_5/install/action_tutorials_interfaces/include/action_tutorials_interfaces/action_tutorials_interfaces/action/detail
[8.034s] -- Installing: /home/simone/Documents/IoT/Lab_5/install/action_tutorials_interfaces/include/action_tutorials_interfaces/action_tutorials_interfaces/action/detail/fibonacci__functions.c
[8.034s] -- Installing: /home/simone/Documents/IoT/Lab_5/install/action_tutorials_interfaces/include/action_tutorials_interfaces/action_tutorials_interfaces/action/detail/fibonacci__functions.h
[8.034s] -- Installing: /home/simone/Documents/IoT/Lab_5/install/action_tutorials_interfaces/include/action_tutorials_interfaces/action_tutorials_interfaces/action/detail/fibonacci__struct.h
[8.034s] -- Installing: /home/simone/Documents/IoT/Lab_5/install/action_tutorials_interfaces/include/action_tutorials_interfaces/action_tutorials_interfaces/action/detail/fibonacci__type_support.h
[8.035s] -- Installing: /home/simone/Documents/IoT/Lab_5/install/action_tutorials_interfaces/share/action_tutorials_interfaces/environment/library_path.sh
[8.035s] -- Installing: /home/simone/Documents/IoT/Lab_5/install/action_tutorials_interfaces/share/action_tutorials_interfaces/environment/library_path.dsv
[8.035s] -- Installing: /home/simone/Documents/IoT/Lab_5/install/action_tutorials_interfaces/lib/libaction_tutorials_interfaces__rosidl_generator_c.so
[8.036s] -- Set runtime path of "/home/simone/Documents/IoT/Lab_5/install/action_tutorials_interfaces/lib/libaction_tutorials_interfaces__rosidl_generator_c.so" to ""
[8.036s] -- Up-to-date: /home/simone/Documents/IoT/Lab_5/install/action_tutorials_interfaces/include/action_tutorials_interfaces/action_tutorials_interfaces
[8.036s] -- Up-to-date: /home/simone/Documents/IoT/Lab_5/install/action_tutorials_interfaces/include/action_tutorials_interfaces/action_tutorials_interfaces/msg
[8.037s] -- Installing: /home/simone/Documents/IoT/Lab_5/install/action_tutorials_interfaces/include/action_tutorials_interfaces/action_tutorials_interfaces/msg/rosidl_typesupport_fastrtps_c__visibility_control.h
[8.037s] -- Up-to-date: /home/simone/Documents/IoT/Lab_5/install/action_tutorials_interfaces/include/action_tutorials_interfaces/action_tutorials_interfaces/action
[8.037s] -- Up-to-date: /home/simone/Documents/IoT/Lab_5/install/action_tutorials_interfaces/include/action_tutorials_interfaces/action_tutorials_interfaces/action/detail
[8.037s] -- Installing: /home/simone/Documents/IoT/Lab_5/install/action_tutorials_interfaces/include/action_tutorials_interfaces/action_tutorials_interfaces/action/detail/fibonacci__rosidl_typesupport_fastrtps_c.h
[8.037s] -- Installing: /home/simone/Documents/IoT/Lab_5/install/action_tutorials_interfaces/lib/libaction_tutorials_interfaces__rosidl_typesupport_fastrtps_c.so
[8.037s] -- Set runtime path of "/home/simone/Documents/IoT/Lab_5/install/action_tutorials_interfaces/lib/libaction_tutorials_interfaces__rosidl_typesupport_fastrtps_c.so" to ""
[8.038s] -- Up-to-date: /home/simone/Documents/IoT/Lab_5/install/action_tutorials_interfaces/include/action_tutorials_interfaces/action_tutorials_interfaces
[8.038s] -- Up-to-date: /home/simone/Documents/IoT/Lab_5/install/action_tutorials_interfaces/include/action_tutorials_interfaces/action_tutorials_interfaces/msg
[8.038s] -- Installing: /home/simone/Documents/IoT/Lab_5/install/action_tutorials_interfaces/include/action_tutorials_interfaces/action_tutorials_interfaces/msg/rosidl_typesupport_introspection_c__visibility_control.h
[8.038s] -- Up-to-date: /home/simone/Documents/IoT/Lab_5/install/action_tutorials_interfaces/include/action_tutorials_interfaces/action_tutorials_interfaces/action
[8.038s] -- Up-to-date: /home/simone/Documents/IoT/Lab_5/install/action_tutorials_interfaces/include/action_tutorials_interfaces/action_tutorials_interfaces/action/detail
[8.038s] -- Installing: /home/simone/Documents/IoT/Lab_5/install/action_tutorials_interfaces/include/action_tutorials_interfaces/action_tutorials_interfaces/action/detail/fibonacci__type_support.c
[8.038s] -- Installing: /home/simone/Documents/IoT/Lab_5/install/action_tutorials_interfaces/include/action_tutorials_interfaces/action_tutorials_interfaces/action/detail/fibonacci__rosidl_typesupport_introspection_c.h
[8.039s] -- Installing: /home/simone/Documents/IoT/Lab_5/install/action_tutorials_interfaces/lib/libaction_tutorials_interfaces__rosidl_typesupport_introspection_c.so
[8.039s] -- Set runtime path of "/home/simone/Documents/IoT/Lab_5/install/action_tutorials_interfaces/lib/libaction_tutorials_interfaces__rosidl_typesupport_introspection_c.so" to ""
[8.039s] -- Installing: /home/simone/Documents/IoT/Lab_5/install/action_tutorials_interfaces/lib/libaction_tutorials_interfaces__rosidl_typesupport_c.so
[8.040s] -- Set runtime path of "/home/simone/Documents/IoT/Lab_5/install/action_tutorials_interfaces/lib/libaction_tutorials_interfaces__rosidl_typesupport_c.so" to ""
[8.040s] -- Up-to-date: /home/simone/Documents/IoT/Lab_5/install/action_tutorials_interfaces/include/action_tutorials_interfaces/action_tutorials_interfaces
[8.040s] -- Up-to-date: /home/simone/Documents/IoT/Lab_5/install/action_tutorials_interfaces/include/action_tutorials_interfaces/action_tutorials_interfaces/action
[8.040s] -- Up-to-date: /home/simone/Documents/IoT/Lab_5/install/action_tutorials_interfaces/include/action_tutorials_interfaces/action_tutorials_interfaces/action/detail
[8.041s] -- Installing: /home/simone/Documents/IoT/Lab_5/install/action_tutorials_interfaces/include/action_tutorials_interfaces/action_tutorials_interfaces/action/detail/fibonacci__struct.hpp
[8.041s] -- Installing: /home/simone/Documents/IoT/Lab_5/install/action_tutorials_interfaces/include/action_tutorials_interfaces/action_tutorials_interfaces/action/detail/fibonacci__traits.hpp
[8.041s] -- Installing: /home/simone/Documents/IoT/Lab_5/install/action_tutorials_interfaces/include/action_tutorials_interfaces/action_tutorials_interfaces/action/detail/fibonacci__builder.hpp
[8.041s] -- Installing: /home/simone/Documents/IoT/Lab_5/install/action_tutorials_interfaces/include/action_tutorials_interfaces/action_tutorials_interfaces/action/fibonacci.hpp
[8.041s] -- Up-to-date: /home/simone/Documents/IoT/Lab_5/install/action_tutorials_interfaces/include/action_tutorials_interfaces/action_tutorials_interfaces
[8.041s] -- Up-to-date: /home/simone/Documents/IoT/Lab_5/install/action_tutorials_interfaces/include/action_tutorials_interfaces/action_tutorials_interfaces/msg
[8.042s] -- Installing: /home/simone/Documents/IoT/Lab_5/install/action_tutorials_interfaces/include/action_tutorials_interfaces/action_tutorials_interfaces/msg/rosidl_typesupport_fastrtps_cpp__visibility_control.h
[8.042s] -- Up-to-date: /home/simone/Documents/IoT/Lab_5/install/action_tutorials_interfaces/include/action_tutorials_interfaces/action_tutorials_interfaces/action
[8.042s] -- Up-to-date: /home/simone/Documents/IoT/Lab_5/install/action_tutorials_interfaces/include/action_tutorials_interfaces/action_tutorials_interfaces/action/detail
[8.042s] -- Installing: /home/simone/Documents/IoT/Lab_5/install/action_tutorials_interfaces/include/action_tutorials_interfaces/action_tutorials_interfaces/action/detail/fibonacci__rosidl_typesupport_fastrtps_cpp.hpp
[8.042s] -- Installing: /home/simone/Documents/IoT/Lab_5/install/action_tutorials_interfaces/include/action_tutorials_interfaces/action_tutorials_interfaces/action/detail/dds_fastrtps
[8.042s] -- Installing: /home/simone/Documents/IoT/Lab_5/install/action_tutorials_interfaces/lib/libaction_tutorials_interfaces__rosidl_typesupport_fastrtps_cpp.so
[8.043s] -- Set runtime path of "/home/simone/Documents/IoT/Lab_5/install/action_tutorials_interfaces/lib/libaction_tutorials_interfaces__rosidl_typesupport_fastrtps_cpp.so" to ""
[8.043s] -- Up-to-date: /home/simone/Documents/IoT/Lab_5/install/action_tutorials_interfaces/include/action_tutorials_interfaces/action_tutorials_interfaces
[8.043s] -- Up-to-date: /home/simone/Documents/IoT/Lab_5/install/action_tutorials_interfaces/include/action_tutorials_interfaces/action_tutorials_interfaces/action
[8.043s] -- Up-to-date: /home/simone/Documents/IoT/Lab_5/install/action_tutorials_interfaces/include/action_tutorials_interfaces/action_tutorials_interfaces/action/detail
[8.043s] -- Installing: /home/simone/Documents/IoT/Lab_5/install/action_tutorials_interfaces/include/action_tutorials_interfaces/action_tutorials_interfaces/action/detail/fibonacci__rosidl_typesupport_introspection_cpp.hpp
[8.043s] -- Installing: /home/simone/Documents/IoT/Lab_5/install/action_tutorials_interfaces/include/action_tutorials_interfaces/action_tutorials_interfaces/action/detail/fibonacci__type_support.cpp
[8.044s] -- Installing: /home/simone/Documents/IoT/Lab_5/install/action_tutorials_interfaces/lib/libaction_tutorials_interfaces__rosidl_typesupport_introspection_cpp.so
[8.044s] -- Set runtime path of "/home/simone/Documents/IoT/Lab_5/install/action_tutorials_interfaces/lib/libaction_tutorials_interfaces__rosidl_typesupport_introspection_cpp.so" to ""
[8.045s] -- Installing: /home/simone/Documents/IoT/Lab_5/install/action_tutorials_interfaces/lib/libaction_tutorials_interfaces__rosidl_typesupport_cpp.so
[8.045s] -- Set runtime path of "/home/simone/Documents/IoT/Lab_5/install/action_tutorials_interfaces/lib/libaction_tutorials_interfaces__rosidl_typesupport_cpp.so" to ""
[8.045s] -- Installing: /home/simone/Documents/IoT/Lab_5/install/action_tutorials_interfaces/share/action_tutorials_interfaces/environment/pythonpath.sh
[8.046s] -- Installing: /home/simone/Documents/IoT/Lab_5/install/action_tutorials_interfaces/share/action_tutorials_interfaces/environment/pythonpath.dsv
[8.046s] -- Installing: /home/simone/Documents/IoT/Lab_5/install/action_tutorials_interfaces/local/lib/python3.10/dist-packages/action_tutorials_interfaces-0.0.0-py3.10.egg-info
[8.046s] -- Installing: /home/simone/Documents/IoT/Lab_5/install/action_tutorials_interfaces/local/lib/python3.10/dist-packages/action_tutorials_interfaces-0.0.0-py3.10.egg-info/SOURCES.txt
[8.046s] -- Installing: /home/simone/Documents/IoT/Lab_5/install/action_tutorials_interfaces/local/lib/python3.10/dist-packages/action_tutorials_interfaces-0.0.0-py3.10.egg-info/dependency_links.txt
[8.046s] -- Installing: /home/simone/Documents/IoT/Lab_5/install/action_tutorials_interfaces/local/lib/python3.10/dist-packages/action_tutorials_interfaces-0.0.0-py3.10.egg-info/PKG-INFO
[8.047s] -- Installing: /home/simone/Documents/IoT/Lab_5/install/action_tutorials_interfaces/local/lib/python3.10/dist-packages/action_tutorials_interfaces-0.0.0-py3.10.egg-info/top_level.txt
[8.047s] -- Installing: /home/simone/Documents/IoT/Lab_5/install/action_tutorials_interfaces/local/lib/python3.10/dist-packages/action_tutorials_interfaces
[8.047s] -- Installing: /home/simone/Documents/IoT/Lab_5/install/action_tutorials_interfaces/local/lib/python3.10/dist-packages/action_tutorials_interfaces/__init__.py
[8.047s] -- Installing: /home/simone/Documents/IoT/Lab_5/install/action_tutorials_interfaces/local/lib/python3.10/dist-packages/action_tutorials_interfaces/action_tutorials_interfaces_s__rosidl_typesupport_introspection_c.cpython-310-x86_64-linux-gnu.so
[8.048s] -- Installing: /home/simone/Documents/IoT/Lab_5/install/action_tutorials_interfaces/local/lib/python3.10/dist-packages/action_tutorials_interfaces/action_tutorials_interfaces_s__rosidl_typesupport_c.cpython-310-x86_64-linux-gnu.so
[8.048s] -- Installing: /home/simone/Documents/IoT/Lab_5/install/action_tutorials_interfaces/local/lib/python3.10/dist-packages/action_tutorials_interfaces/_action_tutorials_interfaces_s.ep.rosidl_typesupport_c.c
[8.048s] -- Installing: /home/simone/Documents/IoT/Lab_5/install/action_tutorials_interfaces/local/lib/python3.10/dist-packages/action_tutorials_interfaces/action_tutorials_interfaces_s__rosidl_typesupport_fastrtps_c.cpython-310-x86_64-linux-gnu.so
[8.048s] -- Installing: /home/simone/Documents/IoT/Lab_5/install/action_tutorials_interfaces/local/lib/python3.10/dist-packages/action_tutorials_interfaces/libaction_tutorials_interfaces__rosidl_generator_py.so
[8.049s] -- Installing: /home/simone/Documents/IoT/Lab_5/install/action_tutorials_interfaces/local/lib/python3.10/dist-packages/action_tutorials_interfaces/_action_tutorials_interfaces_s.ep.rosidl_typesupport_introspection_c.c
[8.049s] -- Installing: /home/simone/Documents/IoT/Lab_5/install/action_tutorials_interfaces/local/lib/python3.10/dist-packages/action_tutorials_interfaces/_action_tutorials_interfaces_s.ep.rosidl_typesupport_fastrtps_c.c
[8.049s] -- Installing: /home/simone/Documents/IoT/Lab_5/install/action_tutorials_interfaces/local/lib/python3.10/dist-packages/action_tutorials_interfaces/action
[8.050s] -- Installing: /home/simone/Documents/IoT/Lab_5/install/action_tutorials_interfaces/local/lib/python3.10/dist-packages/action_tutorials_interfaces/action/__init__.py
[8.050s] -- Installing: /home/simone/Documents/IoT/Lab_5/install/action_tutorials_interfaces/local/lib/python3.10/dist-packages/action_tutorials_interfaces/action/_fibonacci_s.c
[8.050s] -- Installing: /home/simone/Documents/IoT/Lab_5/install/action_tutorials_interfaces/local/lib/python3.10/dist-packages/action_tutorials_interfaces/action/_fibonacci.py
[8.092s] Listing '/home/simone/Documents/IoT/Lab_5/install/action_tutorials_interfaces/local/lib/python3.10/dist-packages/action_tutorials_interfaces'...
[8.092s] Compiling '/home/simone/Documents/IoT/Lab_5/install/action_tutorials_interfaces/local/lib/python3.10/dist-packages/action_tutorials_interfaces/__init__.py'...
[8.092s] Listing '/home/simone/Documents/IoT/Lab_5/install/action_tutorials_interfaces/local/lib/python3.10/dist-packages/action_tutorials_interfaces/action'...
[8.092s] Compiling '/home/simone/Documents/IoT/Lab_5/install/action_tutorials_interfaces/local/lib/python3.10/dist-packages/action_tutorials_interfaces/action/__init__.py'...
[8.092s] Compiling '/home/simone/Documents/IoT/Lab_5/install/action_tutorials_interfaces/local/lib/python3.10/dist-packages/action_tutorials_interfaces/action/_fibonacci.py'...
[8.097s] -- Installing: /home/simone/Documents/IoT/Lab_5/install/action_tutorials_interfaces/local/lib/python3.10/dist-packages/action_tutorials_interfaces/action_tutorials_interfaces_s__rosidl_typesupport_fastrtps_c.cpython-310-x86_64-linux-gnu.so
[8.097s] -- Set runtime path of "/home/simone/Documents/IoT/Lab_5/install/action_tutorials_interfaces/local/lib/python3.10/dist-packages/action_tutorials_interfaces/action_tutorials_interfaces_s__rosidl_typesupport_fastrtps_c.cpython-310-x86_64-linux-gnu.so" to ""
[8.098s] -- Installing: /home/simone/Documents/IoT/Lab_5/install/action_tutorials_interfaces/local/lib/python3.10/dist-packages/action_tutorials_interfaces/action_tutorials_interfaces_s__rosidl_typesupport_introspection_c.cpython-310-x86_64-linux-gnu.so
[8.099s] -- Set runtime path of "/home/simone/Documents/IoT/Lab_5/install/action_tutorials_interfaces/local/lib/python3.10/dist-packages/action_tutorials_interfaces/action_tutorials_interfaces_s__rosidl_typesupport_introspection_c.cpython-310-x86_64-linux-gnu.so" to ""
[8.099s] -- Installing: /home/simone/Documents/IoT/Lab_5/install/action_tutorials_interfaces/local/lib/python3.10/dist-packages/action_tutorials_interfaces/action_tutorials_interfaces_s__rosidl_typesupport_c.cpython-310-x86_64-linux-gnu.so
[8.100s] -- Set runtime path of "/home/simone/Documents/IoT/Lab_5/install/action_tutorials_interfaces/local/lib/python3.10/dist-packages/action_tutorials_interfaces/action_tutorials_interfaces_s__rosidl_typesupport_c.cpython-310-x86_64-linux-gnu.so" to ""
[8.100s] -- Installing: /home/simone/Documents/IoT/Lab_5/install/action_tutorials_interfaces/lib/libaction_tutorials_interfaces__rosidl_generator_py.so
[8.101s] -- Set runtime path of "/home/simone/Documents/IoT/Lab_5/install/action_tutorials_interfaces/lib/libaction_tutorials_interfaces__rosidl_generator_py.so" to ""
[8.101s] -- Installing: /home/simone/Documents/IoT/Lab_5/install/action_tutorials_interfaces/share/action_tutorials_interfaces/action/Fibonacci.idl
[8.101s] -- Installing: /home/simone/Documents/IoT/Lab_5/install/action_tutorials_interfaces/share/action_tutorials_interfaces/action/Fibonacci.action
[8.101s] -- Up-to-date: /home/simone/Documents/IoT/Lab_5/install/action_tutorials_interfaces/share/ament_index/resource_index/package_run_dependencies/action_tutorials_interfaces
[8.101s] -- Installing: /home/simone/Documents/IoT/Lab_5/install/action_tutorials_interfaces/share/ament_index/resource_index/parent_prefix_path/action_tutorials_interfaces
[8.102s] -- Up-to-date: /home/simone/Documents/IoT/Lab_5/install/action_tutorials_interfaces/share/action_tutorials_interfaces/environment/ament_prefix_path.sh
[8.102s] -- Installing: /home/simone/Documents/IoT/Lab_5/install/action_tutorials_interfaces/share/action_tutorials_interfaces/environment/ament_prefix_path.dsv
[8.102s] -- Up-to-date: /home/simone/Documents/IoT/Lab_5/install/action_tutorials_interfaces/share/action_tutorials_interfaces/environment/path.sh
[8.102s] -- Installing: /home/simone/Documents/IoT/Lab_5/install/action_tutorials_interfaces/share/action_tutorials_interfaces/environment/path.dsv
[8.102s] -- Up-to-date: /home/simone/Documents/IoT/Lab_5/install/action_tutorials_interfaces/share/action_tutorials_interfaces/local_setup.bash
[8.102s] -- Installing: /home/simone/Documents/IoT/Lab_5/install/action_tutorials_interfaces/share/action_tutorials_interfaces/local_setup.sh
[8.103s] -- Up-to-date: /home/simone/Documents/IoT/Lab_5/install/action_tutorials_interfaces/share/action_tutorials_interfaces/local_setup.zsh
[8.103s] -- Installing: /home/simone/Documents/IoT/Lab_5/install/action_tutorials_interfaces/share/action_tutorials_interfaces/local_setup.dsv
[8.103s] -- Installing: /home/simone/Documents/IoT/Lab_5/install/action_tutorials_interfaces/share/action_tutorials_interfaces/package.dsv
[8.103s] -- Up-to-date: /home/simone/Documents/IoT/Lab_5/install/action_tutorials_interfaces/share/ament_index/resource_index/packages/action_tutorials_interfaces
[8.104s] -- Installing: /home/simone/Documents/IoT/Lab_5/install/action_tutorials_interfaces/share/action_tutorials_interfaces/cmake/export_action_tutorials_interfaces__rosidl_generator_cExport.cmake
[8.104s] -- Installing: /home/simone/Documents/IoT/Lab_5/install/action_tutorials_interfaces/share/action_tutorials_interfaces/cmake/export_action_tutorials_interfaces__rosidl_generator_cExport-noconfig.cmake
[8.104s] -- Installing: /home/simone/Documents/IoT/Lab_5/install/action_tutorials_interfaces/share/action_tutorials_interfaces/cmake/export_action_tutorials_interfaces__rosidl_typesupport_fastrtps_cExport.cmake
[8.104s] -- Installing: /home/simone/Documents/IoT/Lab_5/install/action_tutorials_interfaces/share/action_tutorials_interfaces/cmake/export_action_tutorials_interfaces__rosidl_typesupport_fastrtps_cExport-noconfig.cmake
[8.105s] -- Installing: /home/simone/Documents/IoT/Lab_5/install/action_tutorials_interfaces/share/action_tutorials_interfaces/cmake/action_tutorials_interfaces__rosidl_typesupport_introspection_cExport.cmake
[8.105s] -- Installing: /home/simone/Documents/IoT/Lab_5/install/action_tutorials_interfaces/share/action_tutorials_interfaces/cmake/action_tutorials_interfaces__rosidl_typesupport_introspection_cExport-noconfig.cmake
[8.105s] -- Installing: /home/simone/Documents/IoT/Lab_5/install/action_tutorials_interfaces/share/action_tutorials_interfaces/cmake/action_tutorials_interfaces__rosidl_typesupport_cExport.cmake
[8.105s] -- Installing: /home/simone/Documents/IoT/Lab_5/install/action_tutorials_interfaces/share/action_tutorials_interfaces/cmake/action_tutorials_interfaces__rosidl_typesupport_cExport-noconfig.cmake
[8.106s] -- Installing: /home/simone/Documents/IoT/Lab_5/install/action_tutorials_interfaces/share/action_tutorials_interfaces/cmake/export_action_tutorials_interfaces__rosidl_generator_cppExport.cmake
[8.106s] -- Installing: /home/simone/Documents/IoT/Lab_5/install/action_tutorials_interfaces/share/action_tutorials_interfaces/cmake/export_action_tutorials_interfaces__rosidl_typesupport_fastrtps_cppExport.cmake
[8.106s] -- Installing: /home/simone/Documents/IoT/Lab_5/install/action_tutorials_interfaces/share/action_tutorials_interfaces/cmake/export_action_tutorials_interfaces__rosidl_typesupport_fastrtps_cppExport-noconfig.cmake
[8.106s] -- Installing: /home/simone/Documents/IoT/Lab_5/install/action_tutorials_interfaces/share/action_tutorials_interfaces/cmake/action_tutorials_interfaces__rosidl_typesupport_introspection_cppExport.cmake
[8.107s] -- Installing: /home/simone/Documents/IoT/Lab_5/install/action_tutorials_interfaces/share/action_tutorials_interfaces/cmake/action_tutorials_interfaces__rosidl_typesupport_introspection_cppExport-noconfig.cmake
[8.107s] -- Installing: /home/simone/Documents/IoT/Lab_5/install/action_tutorials_interfaces/share/action_tutorials_interfaces/cmake/action_tutorials_interfaces__rosidl_typesupport_cppExport.cmake
[8.107s] -- Installing: /home/simone/Documents/IoT/Lab_5/install/action_tutorials_interfaces/share/action_tutorials_interfaces/cmake/action_tutorials_interfaces__rosidl_typesupport_cppExport-noconfig.cmake
[8.108s] -- Installing: /home/simone/Documents/IoT/Lab_5/install/action_tutorials_interfaces/share/action_tutorials_interfaces/cmake/export_action_tutorials_interfaces__rosidl_generator_pyExport.cmake
[8.108s] -- Installing: /home/simone/Documents/IoT/Lab_5/install/action_tutorials_interfaces/share/action_tutorials_interfaces/cmake/export_action_tutorials_interfaces__rosidl_generator_pyExport-noconfig.cmake
[8.108s] -- Installing: /home/simone/Documents/IoT/Lab_5/install/action_tutorials_interfaces/share/action_tutorials_interfaces/cmake/rosidl_cmake-extras.cmake
[8.108s] -- Installing: /home/simone/Documents/IoT/Lab_5/install/action_tutorials_interfaces/share/action_tutorials_interfaces/cmake/ament_cmake_export_dependencies-extras.cmake
[8.109s] -- Installing: /home/simone/Documents/IoT/Lab_5/install/action_tutorials_interfaces/share/action_tutorials_interfaces/cmake/ament_cmake_export_include_directories-extras.cmake
[8.109s] -- Installing: /home/simone/Documents/IoT/Lab_5/install/action_tutorials_interfaces/share/action_tutorials_interfaces/cmake/ament_cmake_export_libraries-extras.cmake
[8.109s] -- Installing: /home/simone/Documents/IoT/Lab_5/install/action_tutorials_interfaces/share/action_tutorials_interfaces/cmake/ament_cmake_export_targets-extras.cmake
[8.109s] -- Installing: /home/simone/Documents/IoT/Lab_5/install/action_tutorials_interfaces/share/action_tutorials_interfaces/cmake/rosidl_cmake_export_typesupport_targets-extras.cmake
[8.110s] -- Installing: /home/simone/Documents/IoT/Lab_5/install/action_tutorials_interfaces/share/action_tutorials_interfaces/cmake/rosidl_cmake_export_typesupport_libraries-extras.cmake
[8.110s] -- Installing: /home/simone/Documents/IoT/Lab_5/install/action_tutorials_interfaces/share/action_tutorials_interfaces/cmake/action_tutorials_interfacesConfig.cmake
[8.110s] -- Up-to-date: /home/simone/Documents/IoT/Lab_5/install/action_tutorials_interfaces/share/action_tutorials_interfaces/cmake/action_tutorials_interfacesConfig-version.cmake
[8.110s] -- Up-to-date: /home/simone/Documents/IoT/Lab_5/install/action_tutorials_interfaces/share/action_tutorials_interfaces/package.xml
[8.114s] Invoked command in '/home/simone/Documents/IoT/Lab_5/build/action_tutorials_interfaces' returned '0': CMAKE_PREFIX_PATH=${CMAKE_PREFIX_PATH}:/home/simone/Documents/IoT/Lab_4/install/spinning_turtle:/opt/ros/humble /usr/bin/cmake --install /home/simone/Documents/IoT/Lab_5/build/action_tutorials_interfaces
