[0.043s] Invoking command in '/home/simone/Documents/IoT/Lab_5/build/action_tutorials_interfaces': CMAKE_PREFIX_PATH=${CMAKE_PREFIX_PATH}:/home/simone/Documents/IoT/Lab_5/install/fibonacci_action:/home/simone/Documents/IoT/Lab_4/install/spinning_turtle:/opt/ros/humble /usr/bin/cmake --build /home/simone/Documents/IoT/Lab_5/build/action_tutorials_interfaces -- -j16 -l16
[0.180s] [  6%] Built target action_tutorials_interfaces__cpp
[0.180s] [ 12%] Built target action_tutorials_interfaces__rosidl_generator_c
[0.207s] [ 12%] Built target ament_cmake_python_copy_action_tutorials_interfaces
[0.236s] [ 22%] Built target action_tutorials_interfaces__rosidl_typesupport_cpp
[0.238s] [ 32%] Built target action_tutorials_interfaces__rosidl_typesupport_fastrtps_cpp
[0.239s] [ 41%] Built target action_tutorials_interfaces__rosidl_typesupport_introspection_cpp
[0.262s] [ 61%] Built target action_tutorials_interfaces__rosidl_typesupport_c
[0.262s] [ 61%] Built target action_tutorials_interfaces__rosidl_typesupport_introspection_c
[0.263s] [ 70%] Built target action_tutorials_interfaces__rosidl_typesupport_fastrtps_c
[0.314s] [ 70%] Built target action_tutorials_interfaces
[0.367s] [ 74%] Built target action_tutorials_interfaces__py
[0.422s] [ 80%] Built target action_tutorials_interfaces__rosidl_generator_py
[0.479s] [ 93%] Built target action_tutorials_interfaces__rosidl_typesupport_fastrtps_c__pyext
[0.479s] [ 93%] Built target action_tutorials_interfaces__rosidl_typesupport_introspection_c__pyext
[0.480s] [100%] Built target action_tutorials_interfaces__rosidl_typesupport_c__pyext
[0.791s] running egg_info
[0.792s] writing action_tutorials_interfaces.egg-info/PKG-INFO
[0.793s] writing dependency_links to action_tutorials_interfaces.egg-info/dependency_links.txt
[0.794s] writing top-level names to action_tutorials_interfaces.egg-info/top_level.txt
[0.799s] reading manifest file 'action_tutorials_interfaces.egg-info/SOURCES.txt'
[0.800s] writing manifest file 'action_tutorials_interfaces.egg-info/SOURCES.txt'
[0.858s] [100%] Built target ament_cmake_python_build_action_tutorials_interfaces_egg
[0.888s] Invoked command in '/home/simone/Documents/IoT/Lab_5/build/action_tutorials_interfaces' returned '0': CMAKE_PREFIX_PATH=${CMAKE_PREFIX_PATH}:/home/simone/Documents/IoT/Lab_5/install/fibonacci_action:/home/simone/Documents/IoT/Lab_4/install/spinning_turtle:/opt/ros/humble /usr/bin/cmake --build /home/simone/Documents/IoT/Lab_5/build/action_tutorials_interfaces -- -j16 -l16
[1.078s] Invoking command in '/home/simone/Documents/IoT/Lab_5/build/action_tutorials_interfaces': CMAKE_PREFIX_PATH=${CMAKE_PREFIX_PATH}:/home/simone/Documents/IoT/Lab_5/install/fibonacci_action:/home/simone/Documents/IoT/Lab_4/install/spinning_turtle:/opt/ros/humble /usr/bin/cmake --install /home/simone/Documents/IoT/Lab_5/build/action_tutorials_interfaces
[1.097s] -- Install configuration: ""
[1.097s] -- Up-to-date: /home/simone/Documents/IoT/Lab_5/install/action_tutorials_interfaces/share/ament_index/resource_index/rosidl_interfaces/action_tutorials_interfaces
[1.097s] -- Up-to-date: /home/simone/Documents/IoT/Lab_5/install/action_tutorials_interfaces/include/action_tutorials_interfaces/action_tutorials_interfaces
[1.098s] -- Up-to-date: /home/simone/Documents/IoT/Lab_5/install/action_tutorials_interfaces/include/action_tutorials_interfaces/action_tutorials_interfaces/msg
[1.098s] -- Up-to-date: /home/simone/Documents/IoT/Lab_5/install/action_tutorials_interfaces/include/action_tutorials_interfaces/action_tutorials_interfaces/msg/rosidl_generator_c__visibility_control.h
[1.098s] -- Up-to-date: /home/simone/Documents/IoT/Lab_5/install/action_tutorials_interfaces/include/action_tutorials_interfaces/action_tutorials_interfaces/action
[1.098s] -- Up-to-date: /home/simone/Documents/IoT/Lab_5/install/action_tutorials_interfaces/include/action_tutorials_interfaces/action_tutorials_interfaces/action/fibonacci.h
[1.099s] -- Up-to-date: /home/simone/Documents/IoT/Lab_5/install/action_tutorials_interfaces/include/action_tutorials_interfaces/action_tutorials_interfaces/action/detail
[1.099s] -- Up-to-date: /home/simone/Documents/IoT/Lab_5/install/action_tutorials_interfaces/include/action_tutorials_interfaces/action_tutorials_interfaces/action/detail/fibonacci__functions.c
[1.099s] -- Up-to-date: /home/simone/Documents/IoT/Lab_5/install/action_tutorials_interfaces/include/action_tutorials_interfaces/action_tutorials_interfaces/action/detail/fibonacci__functions.h
[1.100s] -- Up-to-date: /home/simone/Documents/IoT/Lab_5/install/action_tutorials_interfaces/include/action_tutorials_interfaces/action_tutorials_interfaces/action/detail/fibonacci__struct.h
[1.100s] -- Up-to-date: /home/simone/Documents/IoT/Lab_5/install/action_tutorials_interfaces/include/action_tutorials_interfaces/action_tutorials_interfaces/action/detail/fibonacci__type_support.h
[1.100s] -- Up-to-date: /home/simone/Documents/IoT/Lab_5/install/action_tutorials_interfaces/share/action_tutorials_interfaces/environment/library_path.sh
[1.100s] -- Up-to-date: /home/simone/Documents/IoT/Lab_5/install/action_tutorials_interfaces/share/action_tutorials_interfaces/environment/library_path.dsv
[1.101s] -- Up-to-date: /home/simone/Documents/IoT/Lab_5/install/action_tutorials_interfaces/lib/libaction_tutorials_interfaces__rosidl_generator_c.so
[1.101s] -- Up-to-date: /home/simone/Documents/IoT/Lab_5/install/action_tutorials_interfaces/include/action_tutorials_interfaces/action_tutorials_interfaces
[1.101s] -- Up-to-date: /home/simone/Documents/IoT/Lab_5/install/action_tutorials_interfaces/include/action_tutorials_interfaces/action_tutorials_interfaces/msg
[1.101s] -- Up-to-date: /home/simone/Documents/IoT/Lab_5/install/action_tutorials_interfaces/include/action_tutorials_interfaces/action_tutorials_interfaces/msg/rosidl_typesupport_fastrtps_c__visibility_control.h
[1.102s] -- Up-to-date: /home/simone/Documents/IoT/Lab_5/install/action_tutorials_interfaces/include/action_tutorials_interfaces/action_tutorials_interfaces/action
[1.102s] -- Up-to-date: /home/simone/Documents/IoT/Lab_5/install/action_tutorials_interfaces/include/action_tutorials_interfaces/action_tutorials_interfaces/action/detail
[1.102s] -- Up-to-date: /home/simone/Documents/IoT/Lab_5/install/action_tutorials_interfaces/include/action_tutorials_interfaces/action_tutorials_interfaces/action/detail/fibonacci__rosidl_typesupport_fastrtps_c.h
[1.102s] -- Up-to-date: /home/simone/Documents/IoT/Lab_5/install/action_tutorials_interfaces/lib/libaction_tutorials_interfaces__rosidl_typesupport_fastrtps_c.so
[1.102s] -- Up-to-date: /home/simone/Documents/IoT/Lab_5/install/action_tutorials_interfaces/include/action_tutorials_interfaces/action_tutorials_interfaces
[1.103s] -- Up-to-date: /home/simone/Documents/IoT/Lab_5/install/action_tutorials_interfaces/include/action_tutorials_interfaces/action_tutorials_interfaces/msg
[1.103s] -- Up-to-date: /home/simone/Documents/IoT/Lab_5/install/action_tutorials_interfaces/include/action_tutorials_interfaces/action_tutorials_interfaces/msg/rosidl_typesupport_introspection_c__visibility_control.h
[1.103s] -- Up-to-date: /home/simone/Documents/IoT/Lab_5/install/action_tutorials_interfaces/include/action_tutorials_interfaces/action_tutorials_interfaces/action
[1.103s] -- Up-to-date: /home/simone/Documents/IoT/Lab_5/install/action_tutorials_interfaces/include/action_tutorials_interfaces/action_tutorials_interfaces/action/detail
[1.103s] -- Up-to-date: /home/simone/Documents/IoT/Lab_5/install/action_tutorials_interfaces/include/action_tutorials_interfaces/action_tutorials_interfaces/action/detail/fibonacci__type_support.c
[1.104s] -- Up-to-date: /home/simone/Documents/IoT/Lab_5/install/action_tutorials_interfaces/include/action_tutorials_interfaces/action_tutorials_interfaces/action/detail/fibonacci__rosidl_typesupport_introspection_c.h
[1.104s] -- Up-to-date: /home/simone/Documents/IoT/Lab_5/install/action_tutorials_interfaces/lib/libaction_tutorials_interfaces__rosidl_typesupport_introspection_c.so
[1.104s] -- Up-to-date: /home/simone/Documents/IoT/Lab_5/install/action_tutorials_interfaces/lib/libaction_tutorials_interfaces__rosidl_typesupport_c.so
[1.104s] -- Up-to-date: /home/simone/Documents/IoT/Lab_5/install/action_tutorials_interfaces/include/action_tutorials_interfaces/action_tutorials_interfaces
[1.105s] -- Up-to-date: /home/simone/Documents/IoT/Lab_5/install/action_tutorials_interfaces/include/action_tutorials_interfaces/action_tutorials_interfaces/action
[1.105s] -- Up-to-date: /home/simone/Documents/IoT/Lab_5/install/action_tutorials_interfaces/include/action_tutorials_interfaces/action_tutorials_interfaces/action/detail
[1.105s] -- Up-to-date: /home/simone/Documents/IoT/Lab_5/install/action_tutorials_interfaces/include/action_tutorials_interfaces/action_tutorials_interfaces/action/detail/fibonacci__struct.hpp
[1.105s] -- Up-to-date: /home/simone/Documents/IoT/Lab_5/install/action_tutorials_interfaces/include/action_tutorials_interfaces/action_tutorials_interfaces/action/detail/fibonacci__traits.hpp
[1.105s] -- Up-to-date: /home/simone/Documents/IoT/Lab_5/install/action_tutorials_interfaces/include/action_tutorials_interfaces/action_tutorials_interfaces/action/detail/fibonacci__builder.hpp
[1.106s] -- Up-to-date: /home/simone/Documents/IoT/Lab_5/install/action_tutorials_interfaces/include/action_tutorials_interfaces/action_tutorials_interfaces/action/fibonacci.hpp
[1.106s] -- Up-to-date: /home/simone/Documents/IoT/Lab_5/install/action_tutorials_interfaces/include/action_tutorials_interfaces/action_tutorials_interfaces
[1.106s] -- Up-to-date: /home/simone/Documents/IoT/Lab_5/install/action_tutorials_interfaces/include/action_tutorials_interfaces/action_tutorials_interfaces/msg
[1.106s] -- Up-to-date: /home/simone/Documents/IoT/Lab_5/install/action_tutorials_interfaces/include/action_tutorials_interfaces/action_tutorials_interfaces/msg/rosidl_typesupport_fastrtps_cpp__visibility_control.h
[1.106s] -- Up-to-date: /home/simone/Documents/IoT/Lab_5/install/action_tutorials_interfaces/include/action_tutorials_interfaces/action_tutorials_interfaces/action
[1.107s] -- Up-to-date: /home/simone/Documents/IoT/Lab_5/install/action_tutorials_interfaces/include/action_tutorials_interfaces/action_tutorials_interfaces/action/detail
[1.107s] -- Up-to-date: /home/simone/Documents/IoT/Lab_5/install/action_tutorials_interfaces/include/action_tutorials_interfaces/action_tutorials_interfaces/action/detail/fibonacci__rosidl_typesupport_fastrtps_cpp.hpp
[1.107s] -- Up-to-date: /home/simone/Documents/IoT/Lab_5/install/action_tutorials_interfaces/include/action_tutorials_interfaces/action_tutorials_interfaces/action/detail/dds_fastrtps
[1.107s] -- Up-to-date: /home/simone/Documents/IoT/Lab_5/install/action_tutorials_interfaces/lib/libaction_tutorials_interfaces__rosidl_typesupport_fastrtps_cpp.so
[1.107s] -- Up-to-date: /home/simone/Documents/IoT/Lab_5/install/action_tutorials_interfaces/include/action_tutorials_interfaces/action_tutorials_interfaces
[1.108s] -- Up-to-date: /home/simone/Documents/IoT/Lab_5/install/action_tutorials_interfaces/include/action_tutorials_interfaces/action_tutorials_interfaces/action
[1.108s] -- Up-to-date: /home/simone/Documents/IoT/Lab_5/install/action_tutorials_interfaces/include/action_tutorials_interfaces/action_tutorials_interfaces/action/detail
[1.108s] -- Up-to-date: /home/simone/Documents/IoT/Lab_5/install/action_tutorials_interfaces/include/action_tutorials_interfaces/action_tutorials_interfaces/action/detail/fibonacci__rosidl_typesupport_introspection_cpp.hpp
[1.108s] -- Up-to-date: /home/simone/Documents/IoT/Lab_5/install/action_tutorials_interfaces/include/action_tutorials_interfaces/action_tutorials_interfaces/action/detail/fibonacci__type_support.cpp
[1.108s] -- Up-to-date: /home/simone/Documents/IoT/Lab_5/install/action_tutorials_interfaces/lib/libaction_tutorials_interfaces__rosidl_typesupport_introspection_cpp.so
[1.109s] -- Up-to-date: /home/simone/Documents/IoT/Lab_5/install/action_tutorials_interfaces/lib/libaction_tutorials_interfaces__rosidl_typesupport_cpp.so
[1.109s] -- Up-to-date: /home/simone/Documents/IoT/Lab_5/install/action_tutorials_interfaces/share/action_tutorials_interfaces/environment/pythonpath.sh
[1.109s] -- Up-to-date: /home/simone/Documents/IoT/Lab_5/install/action_tutorials_interfaces/share/action_tutorials_interfaces/environment/pythonpath.dsv
[1.109s] -- Up-to-date: /home/simone/Documents/IoT/Lab_5/install/action_tutorials_interfaces/local/lib/python3.10/dist-packages/action_tutorials_interfaces-0.0.0-py3.10.egg-info
[1.109s] -- Installing: /home/simone/Documents/IoT/Lab_5/install/action_tutorials_interfaces/local/lib/python3.10/dist-packages/action_tutorials_interfaces-0.0.0-py3.10.egg-info/SOURCES.txt
[1.110s] -- Installing: /home/simone/Documents/IoT/Lab_5/install/action_tutorials_interfaces/local/lib/python3.10/dist-packages/action_tutorials_interfaces-0.0.0-py3.10.egg-info/dependency_links.txt
[1.110s] -- Installing: /home/simone/Documents/IoT/Lab_5/install/action_tutorials_interfaces/local/lib/python3.10/dist-packages/action_tutorials_interfaces-0.0.0-py3.10.egg-info/PKG-INFO
[1.110s] -- Installing: /home/simone/Documents/IoT/Lab_5/install/action_tutorials_interfaces/local/lib/python3.10/dist-packages/action_tutorials_interfaces-0.0.0-py3.10.egg-info/top_level.txt
[1.110s] -- Up-to-date: /home/simone/Documents/IoT/Lab_5/install/action_tutorials_interfaces/local/lib/python3.10/dist-packages/action_tutorials_interfaces
[1.110s] -- Up-to-date: /home/simone/Documents/IoT/Lab_5/install/action_tutorials_interfaces/local/lib/python3.10/dist-packages/action_tutorials_interfaces/__init__.py
[1.111s] -- Up-to-date: /home/simone/Documents/IoT/Lab_5/install/action_tutorials_interfaces/local/lib/python3.10/dist-packages/action_tutorials_interfaces/action_tutorials_interfaces_s__rosidl_typesupport_introspection_c.cpython-310-x86_64-linux-gnu.so
[1.111s] -- Up-to-date: /home/simone/Documents/IoT/Lab_5/install/action_tutorials_interfaces/local/lib/python3.10/dist-packages/action_tutorials_interfaces/action_tutorials_interfaces_s__rosidl_typesupport_c.cpython-310-x86_64-linux-gnu.so
[1.111s] -- Up-to-date: /home/simone/Documents/IoT/Lab_5/install/action_tutorials_interfaces/local/lib/python3.10/dist-packages/action_tutorials_interfaces/_action_tutorials_interfaces_s.ep.rosidl_typesupport_c.c
[1.111s] -- Up-to-date: /home/simone/Documents/IoT/Lab_5/install/action_tutorials_interfaces/local/lib/python3.10/dist-packages/action_tutorials_interfaces/action_tutorials_interfaces_s__rosidl_typesupport_fastrtps_c.cpython-310-x86_64-linux-gnu.so
[1.112s] -- Up-to-date: /home/simone/Documents/IoT/Lab_5/install/action_tutorials_interfaces/local/lib/python3.10/dist-packages/action_tutorials_interfaces/libaction_tutorials_interfaces__rosidl_generator_py.so
[1.112s] -- Up-to-date: /home/simone/Documents/IoT/Lab_5/install/action_tutorials_interfaces/local/lib/python3.10/dist-packages/action_tutorials_interfaces/_action_tutorials_interfaces_s.ep.rosidl_typesupport_introspection_c.c
[1.112s] -- Up-to-date: /home/simone/Documents/IoT/Lab_5/install/action_tutorials_interfaces/local/lib/python3.10/dist-packages/action_tutorials_interfaces/_action_tutorials_interfaces_s.ep.rosidl_typesupport_fastrtps_c.c
[1.112s] -- Up-to-date: /home/simone/Documents/IoT/Lab_5/install/action_tutorials_interfaces/local/lib/python3.10/dist-packages/action_tutorials_interfaces/action
[1.112s] -- Up-to-date: /home/simone/Documents/IoT/Lab_5/install/action_tutorials_interfaces/local/lib/python3.10/dist-packages/action_tutorials_interfaces/action/__init__.py
[1.112s] -- Up-to-date: /home/simone/Documents/IoT/Lab_5/install/action_tutorials_interfaces/local/lib/python3.10/dist-packages/action_tutorials_interfaces/action/_fibonacci_s.c
[1.113s] -- Up-to-date: /home/simone/Documents/IoT/Lab_5/install/action_tutorials_interfaces/local/lib/python3.10/dist-packages/action_tutorials_interfaces/action/_fibonacci.py
[1.190s] Listing '/home/simone/Documents/IoT/Lab_5/install/action_tutorials_interfaces/local/lib/python3.10/dist-packages/action_tutorials_interfaces'...
[1.190s] Listing '/home/simone/Documents/IoT/Lab_5/install/action_tutorials_interfaces/local/lib/python3.10/dist-packages/action_tutorials_interfaces/action'...
[1.199s] -- Up-to-date: /home/simone/Documents/IoT/Lab_5/install/action_tutorials_interfaces/local/lib/python3.10/dist-packages/action_tutorials_interfaces/action_tutorials_interfaces_s__rosidl_typesupport_fastrtps_c.cpython-310-x86_64-linux-gnu.so
[1.200s] -- Up-to-date: /home/simone/Documents/IoT/Lab_5/install/action_tutorials_interfaces/local/lib/python3.10/dist-packages/action_tutorials_interfaces/action_tutorials_interfaces_s__rosidl_typesupport_introspection_c.cpython-310-x86_64-linux-gnu.so
[1.201s] -- Up-to-date: /home/simone/Documents/IoT/Lab_5/install/action_tutorials_interfaces/local/lib/python3.10/dist-packages/action_tutorials_interfaces/action_tutorials_interfaces_s__rosidl_typesupport_c.cpython-310-x86_64-linux-gnu.so
[1.201s] -- Up-to-date: /home/simone/Documents/IoT/Lab_5/install/action_tutorials_interfaces/lib/libaction_tutorials_interfaces__rosidl_generator_py.so
[1.202s] -- Up-to-date: /home/simone/Documents/IoT/Lab_5/install/action_tutorials_interfaces/share/action_tutorials_interfaces/action/Fibonacci.idl
[1.202s] -- Up-to-date: /home/simone/Documents/IoT/Lab_5/install/action_tutorials_interfaces/share/action_tutorials_interfaces/action/Fibonacci.action
[1.203s] -- Up-to-date: /home/simone/Documents/IoT/Lab_5/install/action_tutorials_interfaces/share/ament_index/resource_index/package_run_dependencies/action_tutorials_interfaces
[1.203s] -- Up-to-date: /home/simone/Documents/IoT/Lab_5/install/action_tutorials_interfaces/share/ament_index/resource_index/parent_prefix_path/action_tutorials_interfaces
[1.203s] -- Up-to-date: /home/simone/Documents/IoT/Lab_5/install/action_tutorials_interfaces/share/action_tutorials_interfaces/environment/ament_prefix_path.sh
[1.203s] -- Up-to-date: /home/simone/Documents/IoT/Lab_5/install/action_tutorials_interfaces/share/action_tutorials_interfaces/environment/ament_prefix_path.dsv
[1.204s] -- Up-to-date: /home/simone/Documents/IoT/Lab_5/install/action_tutorials_interfaces/share/action_tutorials_interfaces/environment/path.sh
[1.204s] -- Up-to-date: /home/simone/Documents/IoT/Lab_5/install/action_tutorials_interfaces/share/action_tutorials_interfaces/environment/path.dsv
[1.204s] -- Up-to-date: /home/simone/Documents/IoT/Lab_5/install/action_tutorials_interfaces/share/action_tutorials_interfaces/local_setup.bash
[1.204s] -- Up-to-date: /home/simone/Documents/IoT/Lab_5/install/action_tutorials_interfaces/share/action_tutorials_interfaces/local_setup.sh
[1.205s] -- Up-to-date: /home/simone/Documents/IoT/Lab_5/install/action_tutorials_interfaces/share/action_tutorials_interfaces/local_setup.zsh
[1.205s] -- Up-to-date: /home/simone/Documents/IoT/Lab_5/install/action_tutorials_interfaces/share/action_tutorials_interfaces/local_setup.dsv
[1.205s] -- Installing: /home/simone/Documents/IoT/Lab_5/install/action_tutorials_interfaces/share/action_tutorials_interfaces/package.dsv
[1.206s] -- Up-to-date: /home/simone/Documents/IoT/Lab_5/install/action_tutorials_interfaces/share/ament_index/resource_index/packages/action_tutorials_interfaces
[1.206s] -- Up-to-date: /home/simone/Documents/IoT/Lab_5/install/action_tutorials_interfaces/share/action_tutorials_interfaces/cmake/export_action_tutorials_interfaces__rosidl_generator_cExport.cmake
[1.207s] -- Up-to-date: /home/simone/Documents/IoT/Lab_5/install/action_tutorials_interfaces/share/action_tutorials_interfaces/cmake/export_action_tutorials_interfaces__rosidl_generator_cExport-noconfig.cmake
[1.207s] -- Up-to-date: /home/simone/Documents/IoT/Lab_5/install/action_tutorials_interfaces/share/action_tutorials_interfaces/cmake/export_action_tutorials_interfaces__rosidl_typesupport_fastrtps_cExport.cmake
[1.208s] -- Up-to-date: /home/simone/Documents/IoT/Lab_5/install/action_tutorials_interfaces/share/action_tutorials_interfaces/cmake/export_action_tutorials_interfaces__rosidl_typesupport_fastrtps_cExport-noconfig.cmake
[1.208s] -- Up-to-date: /home/simone/Documents/IoT/Lab_5/install/action_tutorials_interfaces/share/action_tutorials_interfaces/cmake/action_tutorials_interfaces__rosidl_typesupport_introspection_cExport.cmake
[1.208s] -- Up-to-date: /home/simone/Documents/IoT/Lab_5/install/action_tutorials_interfaces/share/action_tutorials_interfaces/cmake/action_tutorials_interfaces__rosidl_typesupport_introspection_cExport-noconfig.cmake
[1.209s] -- Up-to-date: /home/simone/Documents/IoT/Lab_5/install/action_tutorials_interfaces/share/action_tutorials_interfaces/cmake/action_tutorials_interfaces__rosidl_typesupport_cExport.cmake
[1.209s] -- Up-to-date: /home/simone/Documents/IoT/Lab_5/install/action_tutorials_interfaces/share/action_tutorials_interfaces/cmake/action_tutorials_interfaces__rosidl_typesupport_cExport-noconfig.cmake
[1.209s] -- Up-to-date: /home/simone/Documents/IoT/Lab_5/install/action_tutorials_interfaces/share/action_tutorials_interfaces/cmake/export_action_tutorials_interfaces__rosidl_generator_cppExport.cmake
[1.210s] -- Up-to-date: /home/simone/Documents/IoT/Lab_5/install/action_tutorials_interfaces/share/action_tutorials_interfaces/cmake/export_action_tutorials_interfaces__rosidl_typesupport_fastrtps_cppExport.cmake
[1.210s] -- Up-to-date: /home/simone/Documents/IoT/Lab_5/install/action_tutorials_interfaces/share/action_tutorials_interfaces/cmake/export_action_tutorials_interfaces__rosidl_typesupport_fastrtps_cppExport-noconfig.cmake
[1.210s] -- Up-to-date: /home/simone/Documents/IoT/Lab_5/install/action_tutorials_interfaces/share/action_tutorials_interfaces/cmake/action_tutorials_interfaces__rosidl_typesupport_introspection_cppExport.cmake
[1.210s] -- Up-to-date: /home/simone/Documents/IoT/Lab_5/install/action_tutorials_interfaces/share/action_tutorials_interfaces/cmake/action_tutorials_interfaces__rosidl_typesupport_introspection_cppExport-noconfig.cmake
[1.210s] -- Up-to-date: /home/simone/Documents/IoT/Lab_5/install/action_tutorials_interfaces/share/action_tutorials_interfaces/cmake/action_tutorials_interfaces__rosidl_typesupport_cppExport.cmake
[1.210s] -- Up-to-date: /home/simone/Documents/IoT/Lab_5/install/action_tutorials_interfaces/share/action_tutorials_interfaces/cmake/action_tutorials_interfaces__rosidl_typesupport_cppExport-noconfig.cmake
[1.210s] -- Up-to-date: /home/simone/Documents/IoT/Lab_5/install/action_tutorials_interfaces/share/action_tutorials_interfaces/cmake/export_action_tutorials_interfaces__rosidl_generator_pyExport.cmake
[1.211s] -- Up-to-date: /home/simone/Documents/IoT/Lab_5/install/action_tutorials_interfaces/share/action_tutorials_interfaces/cmake/export_action_tutorials_interfaces__rosidl_generator_pyExport-noconfig.cmake
[1.211s] -- Up-to-date: /home/simone/Documents/IoT/Lab_5/install/action_tutorials_interfaces/share/action_tutorials_interfaces/cmake/rosidl_cmake-extras.cmake
[1.211s] -- Up-to-date: /home/simone/Documents/IoT/Lab_5/install/action_tutorials_interfaces/share/action_tutorials_interfaces/cmake/ament_cmake_export_dependencies-extras.cmake
[1.211s] -- Up-to-date: /home/simone/Documents/IoT/Lab_5/install/action_tutorials_interfaces/share/action_tutorials_interfaces/cmake/ament_cmake_export_include_directories-extras.cmake
[1.211s] -- Up-to-date: /home/simone/Documents/IoT/Lab_5/install/action_tutorials_interfaces/share/action_tutorials_interfaces/cmake/ament_cmake_export_libraries-extras.cmake
[1.211s] -- Up-to-date: /home/simone/Documents/IoT/Lab_5/install/action_tutorials_interfaces/share/action_tutorials_interfaces/cmake/ament_cmake_export_targets-extras.cmake
[1.212s] -- Up-to-date: /home/simone/Documents/IoT/Lab_5/install/action_tutorials_interfaces/share/action_tutorials_interfaces/cmake/rosidl_cmake_export_typesupport_targets-extras.cmake
[1.212s] -- Up-to-date: /home/simone/Documents/IoT/Lab_5/install/action_tutorials_interfaces/share/action_tutorials_interfaces/cmake/rosidl_cmake_export_typesupport_libraries-extras.cmake
[1.212s] -- Up-to-date: /home/simone/Documents/IoT/Lab_5/install/action_tutorials_interfaces/share/action_tutorials_interfaces/cmake/action_tutorials_interfacesConfig.cmake
[1.212s] -- Up-to-date: /home/simone/Documents/IoT/Lab_5/install/action_tutorials_interfaces/share/action_tutorials_interfaces/cmake/action_tutorials_interfacesConfig-version.cmake
[1.212s] -- Up-to-date: /home/simone/Documents/IoT/Lab_5/install/action_tutorials_interfaces/share/action_tutorials_interfaces/package.xml
[1.216s] Invoked command in '/home/simone/Documents/IoT/Lab_5/build/action_tutorials_interfaces' returned '0': CMAKE_PREFIX_PATH=${CMAKE_PREFIX_PATH}:/home/simone/Documents/IoT/Lab_5/install/fibonacci_action:/home/simone/Documents/IoT/Lab_4/install/spinning_turtle:/opt/ros/humble /usr/bin/cmake --install /home/simone/Documents/IoT/Lab_5/build/action_tutorials_interfaces
