[0.289s] DEBUG:colcon:Command line arguments: ['/usr/bin/colcon', 'build']
[0.289s] DEBUG:colcon:Parsed command line arguments: Namespace(log_base=None, log_level=None, verb_name='build', build_base='build', install_base='install', merge_install=False, symlink_install=False, test_result_base=None, continue_on_error=False, executor='parallel', parallel_workers=16, event_handlers=None, ignore_user_meta=False, metas=['./colcon.meta'], base_paths=['.'], packages_ignore=None, packages_ignore_regex=None, paths=None, packages_up_to=None, packages_up_to_regex=None, packages_above=None, packages_above_and_dependencies=None, packages_above_depth=None, packages_select_by_dep=None, packages_skip_by_dep=None, packages_skip_up_to=None, packages_select_build_failed=False, packages_skip_build_finished=False, packages_select_test_failures=False, packages_skip_test_passed=False, packages_select=None, packages_skip=None, packages_select_regex=None, packages_skip_regex=None, packages_start=None, packages_end=None, allow_overriding=[], cmake_args=None, cmake_target=None, cmake_target_skip_unavailable=False, cmake_clean_cache=False, cmake_clean_first=False, cmake_force_configure=False, ament_cmake_args=None, catkin_cmake_args=None, catkin_skip_building_tests=False, verb_parser=<colcon_defaults.argument_parser.defaults.DefaultArgumentsDecorator object at 0x746d95830130>, verb_extension=<colcon_core.verb.build.BuildVerb object at 0x746d959efaf0>, main=<bound method BuildVerb.main of <colcon_core.verb.build.BuildVerb object at 0x746d959efaf0>>)
[0.753s] Level 1:colcon.colcon_core.package_discovery:discover_packages(colcon_meta) check parameters
[0.753s] Level 1:colcon.colcon_core.package_discovery:discover_packages(recursive) check parameters
[0.753s] Level 1:colcon.colcon_core.package_discovery:discover_packages(ignore) check parameters
[0.753s] Level 1:colcon.colcon_core.package_discovery:discover_packages(path) check parameters
[0.754s] Level 1:colcon.colcon_core.package_discovery:discover_packages(colcon_meta) discover
[0.754s] Level 1:colcon.colcon_core.package_discovery:discover_packages(recursive) discover
[0.754s] INFO:colcon.colcon_core.package_discovery:Crawling recursively for packages in '/home/simone/Documents/IoT/Lab_4'
[0.754s] Level 1:colcon.colcon_core.package_identification:_identify(.) by extensions ['ignore', 'ignore_ament_install']
[0.755s] Level 1:colcon.colcon_core.package_identification:_identify(.) by extension 'ignore'
[0.755s] Level 1:colcon.colcon_core.package_identification:_identify(.) by extension 'ignore_ament_install'
[0.755s] Level 1:colcon.colcon_core.package_identification:_identify(.) by extensions ['colcon_pkg']
[0.755s] Level 1:colcon.colcon_core.package_identification:_identify(.) by extension 'colcon_pkg'
[0.755s] Level 1:colcon.colcon_core.package_identification:_identify(.) by extensions ['colcon_meta']
[0.755s] Level 1:colcon.colcon_core.package_identification:_identify(.) by extension 'colcon_meta'
[0.755s] Level 1:colcon.colcon_core.package_identification:_identify(.) by extensions ['ros']
[0.755s] Level 1:colcon.colcon_core.package_identification:_identify(.) by extension 'ros'
[0.786s] Level 1:colcon.colcon_core.package_identification:_identify(.) by extensions ['cmake', 'python']
[0.786s] Level 1:colcon.colcon_core.package_identification:_identify(.) by extension 'cmake'
[0.786s] Level 1:colcon.colcon_core.package_identification:_identify(.) by extension 'python'
[0.786s] Level 1:colcon.colcon_core.package_identification:_identify(.) by extensions ['python_setup_py']
[0.786s] Level 1:colcon.colcon_core.package_identification:_identify(.) by extension 'python_setup_py'
[0.787s] Level 1:colcon.colcon_core.package_identification:_identify(build) by extensions ['ignore', 'ignore_ament_install']
[0.787s] Level 1:colcon.colcon_core.package_identification:_identify(build) by extension 'ignore'
[0.787s] Level 1:colcon.colcon_core.package_identification:_identify(build) ignored
[0.788s] Level 1:colcon.colcon_core.package_identification:_identify(install) by extensions ['ignore', 'ignore_ament_install']
[0.788s] Level 1:colcon.colcon_core.package_identification:_identify(install) by extension 'ignore'
[0.788s] Level 1:colcon.colcon_core.package_identification:_identify(install) ignored
[0.788s] Level 1:colcon.colcon_core.package_identification:_identify(log) by extensions ['ignore', 'ignore_ament_install']
[0.789s] Level 1:colcon.colcon_core.package_identification:_identify(log) by extension 'ignore'
[0.789s] Level 1:colcon.colcon_core.package_identification:_identify(log) ignored
[0.789s] Level 1:colcon.colcon_core.package_identification:_identify(src) by extensions ['ignore', 'ignore_ament_install']
[0.789s] Level 1:colcon.colcon_core.package_identification:_identify(src) by extension 'ignore'
[0.790s] Level 1:colcon.colcon_core.package_identification:_identify(src) by extension 'ignore_ament_install'
[0.790s] Level 1:colcon.colcon_core.package_identification:_identify(src) by extensions ['colcon_pkg']
[0.790s] Level 1:colcon.colcon_core.package_identification:_identify(src) by extension 'colcon_pkg'
[0.790s] Level 1:colcon.colcon_core.package_identification:_identify(src) by extensions ['colcon_meta']
[0.790s] Level 1:colcon.colcon_core.package_identification:_identify(src) by extension 'colcon_meta'
[0.790s] Level 1:colcon.colcon_core.package_identification:_identify(src) by extensions ['ros']
[0.790s] Level 1:colcon.colcon_core.package_identification:_identify(src) by extension 'ros'
[0.791s] Level 1:colcon.colcon_core.package_identification:_identify(src) by extensions ['cmake', 'python']
[0.791s] Level 1:colcon.colcon_core.package_identification:_identify(src) by extension 'cmake'
[0.791s] Level 1:colcon.colcon_core.package_identification:_identify(src) by extension 'python'
[0.791s] Level 1:colcon.colcon_core.package_identification:_identify(src) by extensions ['python_setup_py']
[0.791s] Level 1:colcon.colcon_core.package_identification:_identify(src) by extension 'python_setup_py'
[0.792s] Level 1:colcon.colcon_core.package_identification:_identify(src/spinning_turtle) by extensions ['ignore', 'ignore_ament_install']
[0.792s] Level 1:colcon.colcon_core.package_identification:_identify(src/spinning_turtle) by extension 'ignore'
[0.792s] Level 1:colcon.colcon_core.package_identification:_identify(src/spinning_turtle) by extension 'ignore_ament_install'
[0.792s] Level 1:colcon.colcon_core.package_identification:_identify(src/spinning_turtle) by extensions ['colcon_pkg']
[0.792s] Level 1:colcon.colcon_core.package_identification:_identify(src/spinning_turtle) by extension 'colcon_pkg'
[0.792s] Level 1:colcon.colcon_core.package_identification:_identify(src/spinning_turtle) by extensions ['colcon_meta']
[0.792s] Level 1:colcon.colcon_core.package_identification:_identify(src/spinning_turtle) by extension 'colcon_meta'
[0.793s] Level 1:colcon.colcon_core.package_identification:_identify(src/spinning_turtle) by extensions ['ros']
[0.793s] Level 1:colcon.colcon_core.package_identification:_identify(src/spinning_turtle) by extension 'ros'
[0.799s] DEBUG:colcon.colcon_core.package_identification:Package 'src/spinning_turtle' with type 'ros.ament_python' and name 'spinning_turtle'
[0.799s] Level 1:colcon.colcon_core.package_identification:_identify(src/tutorial_interfaces) by extensions ['ignore', 'ignore_ament_install']
[0.799s] Level 1:colcon.colcon_core.package_identification:_identify(src/tutorial_interfaces) by extension 'ignore'
[0.799s] Level 1:colcon.colcon_core.package_identification:_identify(src/tutorial_interfaces) by extension 'ignore_ament_install'
[0.800s] Level 1:colcon.colcon_core.package_identification:_identify(src/tutorial_interfaces) by extensions ['colcon_pkg']
[0.800s] Level 1:colcon.colcon_core.package_identification:_identify(src/tutorial_interfaces) by extension 'colcon_pkg'
[0.800s] Level 1:colcon.colcon_core.package_identification:_identify(src/tutorial_interfaces) by extensions ['colcon_meta']
[0.800s] Level 1:colcon.colcon_core.package_identification:_identify(src/tutorial_interfaces) by extension 'colcon_meta'
[0.800s] Level 1:colcon.colcon_core.package_identification:_identify(src/tutorial_interfaces) by extensions ['ros']
[0.800s] Level 1:colcon.colcon_core.package_identification:_identify(src/tutorial_interfaces) by extension 'ros'
[0.802s] DEBUG:colcon.colcon_core.package_identification:Package 'src/tutorial_interfaces' with type 'ros.ament_cmake' and name 'tutorial_interfaces'
[0.802s] Level 1:colcon.colcon_core.package_discovery:discover_packages(recursive) using defaults
[0.803s] Level 1:colcon.colcon_core.package_discovery:discover_packages(ignore) discover
[0.803s] Level 1:colcon.colcon_core.package_discovery:discover_packages(ignore) using defaults
[0.803s] Level 1:colcon.colcon_core.package_discovery:discover_packages(path) discover
[0.803s] Level 1:colcon.colcon_core.package_discovery:discover_packages(path) using defaults
[0.853s] Level 1:colcon.colcon_core.package_discovery:discover_packages(prefix_path) check parameters
[0.853s] Level 1:colcon.colcon_core.package_discovery:discover_packages(prefix_path) discover
[0.858s] DEBUG:colcon.colcon_installed_package_information.package_discovery:Found 2 installed packages in /home/simone/Documents/IoT/Lab_4/install
[0.859s] DEBUG:colcon.colcon_installed_package_information.package_discovery:Found 2 installed packages in /home/simone/Documents/IoT/Lab_5/install
[0.863s] DEBUG:colcon.colcon_installed_package_information.package_discovery:Found 270 installed packages in /opt/ros/humble
[0.892s] Level 1:colcon.colcon_core.package_discovery:discover_packages(prefix_path) using defaults
[0.993s] Level 5:colcon.colcon_core.verb:set package 'spinning_turtle' build argument 'cmake_args' from command line to 'None'
[0.993s] Level 5:colcon.colcon_core.verb:set package 'spinning_turtle' build argument 'cmake_target' from command line to 'None'
[0.993s] Level 5:colcon.colcon_core.verb:set package 'spinning_turtle' build argument 'cmake_target_skip_unavailable' from command line to 'False'
[0.993s] Level 5:colcon.colcon_core.verb:set package 'spinning_turtle' build argument 'cmake_clean_cache' from command line to 'False'
[0.993s] Level 5:colcon.colcon_core.verb:set package 'spinning_turtle' build argument 'cmake_clean_first' from command line to 'False'
[0.993s] Level 5:colcon.colcon_core.verb:set package 'spinning_turtle' build argument 'cmake_force_configure' from command line to 'False'
[0.993s] Level 5:colcon.colcon_core.verb:set package 'spinning_turtle' build argument 'ament_cmake_args' from command line to 'None'
[0.994s] Level 5:colcon.colcon_core.verb:set package 'spinning_turtle' build argument 'catkin_cmake_args' from command line to 'None'
[0.994s] Level 5:colcon.colcon_core.verb:set package 'spinning_turtle' build argument 'catkin_skip_building_tests' from command line to 'False'
[0.994s] DEBUG:colcon.colcon_core.verb:Building package 'spinning_turtle' with the following arguments: {'ament_cmake_args': None, 'build_base': '/home/simone/Documents/IoT/Lab_4/build/spinning_turtle', 'catkin_cmake_args': None, 'catkin_skip_building_tests': False, 'cmake_args': None, 'cmake_clean_cache': False, 'cmake_clean_first': False, 'cmake_force_configure': False, 'cmake_target': None, 'cmake_target_skip_unavailable': False, 'install_base': '/home/simone/Documents/IoT/Lab_4/install/spinning_turtle', 'merge_install': False, 'path': '/home/simone/Documents/IoT/Lab_4/src/spinning_turtle', 'symlink_install': False, 'test_result_base': None}
[0.995s] Level 5:colcon.colcon_core.verb:set package 'tutorial_interfaces' build argument 'cmake_args' from command line to 'None'
[0.995s] Level 5:colcon.colcon_core.verb:set package 'tutorial_interfaces' build argument 'cmake_target' from command line to 'None'
[0.995s] Level 5:colcon.colcon_core.verb:set package 'tutorial_interfaces' build argument 'cmake_target_skip_unavailable' from command line to 'False'
[0.996s] Level 5:colcon.colcon_core.verb:set package 'tutorial_interfaces' build argument 'cmake_clean_cache' from command line to 'False'
[0.996s] Level 5:colcon.colcon_core.verb:set package 'tutorial_interfaces' build argument 'cmake_clean_first' from command line to 'False'
[0.996s] Level 5:colcon.colcon_core.verb:set package 'tutorial_interfaces' build argument 'cmake_force_configure' from command line to 'False'
[0.996s] Level 5:colcon.colcon_core.verb:set package 'tutorial_interfaces' build argument 'ament_cmake_args' from command line to 'None'
[0.996s] Level 5:colcon.colcon_core.verb:set package 'tutorial_interfaces' build argument 'catkin_cmake_args' from command line to 'None'
[0.996s] Level 5:colcon.colcon_core.verb:set package 'tutorial_interfaces' build argument 'catkin_skip_building_tests' from command line to 'False'
[0.996s] DEBUG:colcon.colcon_core.verb:Building package 'tutorial_interfaces' with the following arguments: {'ament_cmake_args': None, 'build_base': '/home/simone/Documents/IoT/Lab_4/build/tutorial_interfaces', 'catkin_cmake_args': None, 'catkin_skip_building_tests': False, 'cmake_args': None, 'cmake_clean_cache': False, 'cmake_clean_first': False, 'cmake_force_configure': False, 'cmake_target': None, 'cmake_target_skip_unavailable': False, 'install_base': '/home/simone/Documents/IoT/Lab_4/install/tutorial_interfaces', 'merge_install': False, 'path': '/home/simone/Documents/IoT/Lab_4/src/tutorial_interfaces', 'symlink_install': False, 'test_result_base': None}
[0.997s] INFO:colcon.colcon_core.executor:Executing jobs using 'parallel' executor
[0.999s] DEBUG:colcon.colcon_parallel_executor.executor.parallel:run_until_complete
[1.000s] INFO:colcon.colcon_ros.task.ament_python.build:Building ROS package in '/home/simone/Documents/IoT/Lab_4/src/spinning_turtle' with build type 'ament_python'
[1.000s] Level 1:colcon.colcon_core.shell:create_environment_hook('spinning_turtle', 'ament_prefix_path')
[1.006s] INFO:colcon.colcon_core.plugin_system:Skipping extension 'colcon_core.shell.bat': Not used on non-Windows systems
[1.007s] INFO:colcon.colcon_core.shell:Creating environment hook '/home/simone/Documents/IoT/Lab_4/install/spinning_turtle/share/spinning_turtle/hook/ament_prefix_path.ps1'
[1.009s] INFO:colcon.colcon_core.shell:Creating environment descriptor '/home/simone/Documents/IoT/Lab_4/install/spinning_turtle/share/spinning_turtle/hook/ament_prefix_path.dsv'
[1.010s] INFO:colcon.colcon_core.shell:Creating environment hook '/home/simone/Documents/IoT/Lab_4/install/spinning_turtle/share/spinning_turtle/hook/ament_prefix_path.sh'
[1.012s] INFO:colcon.colcon_core.shell:Skip shell extension 'powershell' for command environment: Not usable outside of PowerShell
[1.012s] DEBUG:colcon.colcon_core.shell:Skip shell extension 'dsv' for command environment
[1.023s] INFO:colcon.colcon_ros.task.ament_cmake.build:Building ROS package in '/home/simone/Documents/IoT/Lab_4/src/tutorial_interfaces' with build type 'ament_cmake'
[1.023s] INFO:colcon.colcon_cmake.task.cmake.build:Building CMake package in '/home/simone/Documents/IoT/Lab_4/src/tutorial_interfaces'
[1.024s] INFO:colcon.colcon_core.shell:Skip shell extension 'powershell' for command environment: Not usable outside of PowerShell
[1.024s] DEBUG:colcon.colcon_core.shell:Skip shell extension 'dsv' for command environment
[1.725s] INFO:colcon.colcon_core.task.python.build:Building Python package in '/home/simone/Documents/IoT/Lab_4/src/spinning_turtle'
[1.726s] INFO:colcon.colcon_core.shell:Skip shell extension 'powershell' for command environment: Not usable outside of PowerShell
[1.726s] DEBUG:colcon.colcon_core.shell:Skip shell extension 'dsv' for command environment
[1.752s] DEBUG:colcon.colcon_core.event_handler.log_command:Invoking command in '/home/simone/Documents/IoT/Lab_4/build/tutorial_interfaces': CMAKE_PREFIX_PATH=${CMAKE_PREFIX_PATH}:/home/simone/Documents/IoT/Lab_5/install/fibonacci_action:/home/simone/Documents/IoT/Lab_4/install/spinning_turtle:/opt/ros/humble /usr/bin/cmake --build /home/simone/Documents/IoT/Lab_4/build/tutorial_interfaces -- -j16 -l16
[2.659s] DEBUG:colcon.colcon_core.event_handler.log_command:Invoking command in '/home/simone/Documents/IoT/Lab_4/src/spinning_turtle': PYTHONPATH=/home/simone/Documents/IoT/Lab_4/build/spinning_turtle/prefix_override:/home/simone/Documents/IoT/Lab_4/install/spinning_turtle/lib/python3.10/site-packages:${PYTHONPATH} /usr/bin/python3 -W ignore:setup.py install is deprecated setup.py egg_info --egg-base ../../build/spinning_turtle build --build-base /home/simone/Documents/IoT/Lab_4/build/spinning_turtle/build install --record /home/simone/Documents/IoT/Lab_4/build/spinning_turtle/install.log --single-version-externally-managed install_data
[2.693s] DEBUG:colcon.colcon_core.event_handler.log_command:Invoked command in '/home/simone/Documents/IoT/Lab_4/build/tutorial_interfaces' returned '0': CMAKE_PREFIX_PATH=${CMAKE_PREFIX_PATH}:/home/simone/Documents/IoT/Lab_5/install/fibonacci_action:/home/simone/Documents/IoT/Lab_4/install/spinning_turtle:/opt/ros/humble /usr/bin/cmake --build /home/simone/Documents/IoT/Lab_4/build/tutorial_interfaces -- -j16 -l16
[3.082s] DEBUG:colcon.colcon_core.event_handler.log_command:Invoking command in '/home/simone/Documents/IoT/Lab_4/build/tutorial_interfaces': CMAKE_PREFIX_PATH=${CMAKE_PREFIX_PATH}:/home/simone/Documents/IoT/Lab_5/install/fibonacci_action:/home/simone/Documents/IoT/Lab_4/install/spinning_turtle:/opt/ros/humble /usr/bin/cmake --install /home/simone/Documents/IoT/Lab_4/build/tutorial_interfaces
[3.239s] Level 1:colcon.colcon_core.environment:create_environment_scripts_only(tutorial_interfaces)
[3.241s] DEBUG:colcon.colcon_core.event_handler.log_command:Invoked command in '/home/simone/Documents/IoT/Lab_4/build/tutorial_interfaces' returned '0': CMAKE_PREFIX_PATH=${CMAKE_PREFIX_PATH}:/home/simone/Documents/IoT/Lab_5/install/fibonacci_action:/home/simone/Documents/IoT/Lab_4/install/spinning_turtle:/opt/ros/humble /usr/bin/cmake --install /home/simone/Documents/IoT/Lab_4/build/tutorial_interfaces
[3.247s] Level 1:colcon.colcon_core.environment:checking '/home/simone/Documents/IoT/Lab_4/install/tutorial_interfaces' for CMake module files
[3.248s] Level 1:colcon.colcon_core.environment:checking '/home/simone/Documents/IoT/Lab_4/install/tutorial_interfaces' for CMake config files
[3.250s] Level 1:colcon.colcon_core.shell:create_environment_hook('tutorial_interfaces', 'cmake_prefix_path')
[3.251s] INFO:colcon.colcon_core.shell:Creating environment hook '/home/simone/Documents/IoT/Lab_4/install/tutorial_interfaces/share/tutorial_interfaces/hook/cmake_prefix_path.ps1'
[3.252s] INFO:colcon.colcon_core.shell:Creating environment descriptor '/home/simone/Documents/IoT/Lab_4/install/tutorial_interfaces/share/tutorial_interfaces/hook/cmake_prefix_path.dsv'
[3.253s] INFO:colcon.colcon_core.shell:Creating environment hook '/home/simone/Documents/IoT/Lab_4/install/tutorial_interfaces/share/tutorial_interfaces/hook/cmake_prefix_path.sh'
[3.255s] Level 1:colcon.colcon_core.environment:checking '/home/simone/Documents/IoT/Lab_4/install/tutorial_interfaces/lib'
[3.255s] Level 1:colcon.colcon_core.shell:create_environment_hook('tutorial_interfaces', 'ld_library_path_lib')
[3.256s] INFO:colcon.colcon_core.shell:Creating environment hook '/home/simone/Documents/IoT/Lab_4/install/tutorial_interfaces/share/tutorial_interfaces/hook/ld_library_path_lib.ps1'
[3.257s] INFO:colcon.colcon_core.shell:Creating environment descriptor '/home/simone/Documents/IoT/Lab_4/install/tutorial_interfaces/share/tutorial_interfaces/hook/ld_library_path_lib.dsv'
[3.258s] INFO:colcon.colcon_core.shell:Creating environment hook '/home/simone/Documents/IoT/Lab_4/install/tutorial_interfaces/share/tutorial_interfaces/hook/ld_library_path_lib.sh'
[3.259s] Level 1:colcon.colcon_core.environment:checking '/home/simone/Documents/IoT/Lab_4/install/tutorial_interfaces/bin'
[3.259s] Level 1:colcon.colcon_core.environment:checking '/home/simone/Documents/IoT/Lab_4/install/tutorial_interfaces/lib/pkgconfig/tutorial_interfaces.pc'
[3.260s] Level 1:colcon.colcon_core.environment:checking '/home/simone/Documents/IoT/Lab_4/install/tutorial_interfaces/lib/python3.10/site-packages'
[3.260s] Level 1:colcon.colcon_core.environment:checking '/home/simone/Documents/IoT/Lab_4/install/tutorial_interfaces/bin'
[3.261s] INFO:colcon.colcon_core.shell:Creating package script '/home/simone/Documents/IoT/Lab_4/install/tutorial_interfaces/share/tutorial_interfaces/package.ps1'
[3.263s] INFO:colcon.colcon_core.shell:Creating package descriptor '/home/simone/Documents/IoT/Lab_4/install/tutorial_interfaces/share/tutorial_interfaces/package.dsv'
[3.264s] INFO:colcon.colcon_core.shell:Creating package script '/home/simone/Documents/IoT/Lab_4/install/tutorial_interfaces/share/tutorial_interfaces/package.sh'
[3.266s] INFO:colcon.colcon_core.shell:Creating package script '/home/simone/Documents/IoT/Lab_4/install/tutorial_interfaces/share/tutorial_interfaces/package.bash'
[3.268s] INFO:colcon.colcon_core.shell:Creating package script '/home/simone/Documents/IoT/Lab_4/install/tutorial_interfaces/share/tutorial_interfaces/package.zsh'
[3.270s] Level 1:colcon.colcon_core.environment:create_file_with_runtime_dependencies(/home/simone/Documents/IoT/Lab_4/install/tutorial_interfaces/share/colcon-core/packages/tutorial_interfaces)
[3.493s] Level 1:colcon.colcon_core.environment:checking '/home/simone/Documents/IoT/Lab_4/install/spinning_turtle' for CMake module files
[3.495s] DEBUG:colcon.colcon_core.event_handler.log_command:Invoked command in '/home/simone/Documents/IoT/Lab_4/src/spinning_turtle' returned '0': PYTHONPATH=/home/simone/Documents/IoT/Lab_4/build/spinning_turtle/prefix_override:/home/simone/Documents/IoT/Lab_4/install/spinning_turtle/lib/python3.10/site-packages:${PYTHONPATH} /usr/bin/python3 -W ignore:setup.py install is deprecated setup.py egg_info --egg-base ../../build/spinning_turtle build --build-base /home/simone/Documents/IoT/Lab_4/build/spinning_turtle/build install --record /home/simone/Documents/IoT/Lab_4/build/spinning_turtle/install.log --single-version-externally-managed install_data
[3.495s] Level 1:colcon.colcon_core.environment:checking '/home/simone/Documents/IoT/Lab_4/install/spinning_turtle' for CMake config files
[3.497s] Level 1:colcon.colcon_core.environment:checking '/home/simone/Documents/IoT/Lab_4/install/spinning_turtle/lib'
[3.497s] Level 1:colcon.colcon_core.environment:checking '/home/simone/Documents/IoT/Lab_4/install/spinning_turtle/bin'
[3.498s] Level 1:colcon.colcon_core.environment:checking '/home/simone/Documents/IoT/Lab_4/install/spinning_turtle/lib/pkgconfig/spinning_turtle.pc'
[3.498s] Level 1:colcon.colcon_core.environment:checking '/home/simone/Documents/IoT/Lab_4/install/spinning_turtle/lib/python3.10/site-packages'
[3.499s] Level 1:colcon.colcon_core.shell:create_environment_hook('spinning_turtle', 'pythonpath')
[3.499s] INFO:colcon.colcon_core.shell:Creating environment hook '/home/simone/Documents/IoT/Lab_4/install/spinning_turtle/share/spinning_turtle/hook/pythonpath.ps1'
[3.500s] INFO:colcon.colcon_core.shell:Creating environment descriptor '/home/simone/Documents/IoT/Lab_4/install/spinning_turtle/share/spinning_turtle/hook/pythonpath.dsv'
[3.501s] INFO:colcon.colcon_core.shell:Creating environment hook '/home/simone/Documents/IoT/Lab_4/install/spinning_turtle/share/spinning_turtle/hook/pythonpath.sh'
[3.502s] Level 1:colcon.colcon_core.environment:checking '/home/simone/Documents/IoT/Lab_4/install/spinning_turtle/bin'
[3.503s] Level 1:colcon.colcon_core.environment:create_environment_scripts_only(spinning_turtle)
[3.503s] INFO:colcon.colcon_core.shell:Creating package script '/home/simone/Documents/IoT/Lab_4/install/spinning_turtle/share/spinning_turtle/package.ps1'
[3.505s] INFO:colcon.colcon_core.shell:Creating package descriptor '/home/simone/Documents/IoT/Lab_4/install/spinning_turtle/share/spinning_turtle/package.dsv'
[3.507s] INFO:colcon.colcon_core.shell:Creating package script '/home/simone/Documents/IoT/Lab_4/install/spinning_turtle/share/spinning_turtle/package.sh'
[3.508s] INFO:colcon.colcon_core.shell:Creating package script '/home/simone/Documents/IoT/Lab_4/install/spinning_turtle/share/spinning_turtle/package.bash'
[3.509s] INFO:colcon.colcon_core.shell:Creating package script '/home/simone/Documents/IoT/Lab_4/install/spinning_turtle/share/spinning_turtle/package.zsh'
[3.510s] Level 1:colcon.colcon_core.environment:create_file_with_runtime_dependencies(/home/simone/Documents/IoT/Lab_4/install/spinning_turtle/share/colcon-core/packages/spinning_turtle)
[3.635s] Level 1:colcon.colcon_core.environment:create_environment_scripts_only(tutorial_interfaces)
[3.635s] Level 1:colcon.colcon_core.environment:checking '/home/simone/Documents/IoT/Lab_4/install/tutorial_interfaces' for CMake module files
[3.637s] Level 1:colcon.colcon_core.environment:checking '/home/simone/Documents/IoT/Lab_4/install/tutorial_interfaces' for CMake config files
[3.639s] Level 1:colcon.colcon_core.shell:create_environment_hook('tutorial_interfaces', 'cmake_prefix_path')
[3.639s] INFO:colcon.colcon_core.shell:Creating environment hook '/home/simone/Documents/IoT/Lab_4/install/tutorial_interfaces/share/tutorial_interfaces/hook/cmake_prefix_path.ps1'
[3.640s] INFO:colcon.colcon_core.shell:Creating environment descriptor '/home/simone/Documents/IoT/Lab_4/install/tutorial_interfaces/share/tutorial_interfaces/hook/cmake_prefix_path.dsv'
[3.641s] INFO:colcon.colcon_core.shell:Creating environment hook '/home/simone/Documents/IoT/Lab_4/install/tutorial_interfaces/share/tutorial_interfaces/hook/cmake_prefix_path.sh'
[3.643s] Level 1:colcon.colcon_core.environment:checking '/home/simone/Documents/IoT/Lab_4/install/tutorial_interfaces/lib'
[3.644s] Level 1:colcon.colcon_core.shell:create_environment_hook('tutorial_interfaces', 'ld_library_path_lib')
[3.644s] INFO:colcon.colcon_core.shell:Creating environment hook '/home/simone/Documents/IoT/Lab_4/install/tutorial_interfaces/share/tutorial_interfaces/hook/ld_library_path_lib.ps1'
[3.646s] INFO:colcon.colcon_core.shell:Creating environment descriptor '/home/simone/Documents/IoT/Lab_4/install/tutorial_interfaces/share/tutorial_interfaces/hook/ld_library_path_lib.dsv'
[3.646s] INFO:colcon.colcon_core.shell:Creating environment hook '/home/simone/Documents/IoT/Lab_4/install/tutorial_interfaces/share/tutorial_interfaces/hook/ld_library_path_lib.sh'
[3.648s] Level 1:colcon.colcon_core.environment:checking '/home/simone/Documents/IoT/Lab_4/install/tutorial_interfaces/bin'
[3.648s] Level 1:colcon.colcon_core.environment:checking '/home/simone/Documents/IoT/Lab_4/install/tutorial_interfaces/lib/pkgconfig/tutorial_interfaces.pc'
[3.648s] Level 1:colcon.colcon_core.environment:checking '/home/simone/Documents/IoT/Lab_4/install/tutorial_interfaces/lib/python3.10/site-packages'
[3.649s] Level 1:colcon.colcon_core.environment:checking '/home/simone/Documents/IoT/Lab_4/install/tutorial_interfaces/bin'
[3.650s] INFO:colcon.colcon_core.shell:Creating package script '/home/simone/Documents/IoT/Lab_4/install/tutorial_interfaces/share/tutorial_interfaces/package.ps1'
[3.651s] INFO:colcon.colcon_core.shell:Creating package descriptor '/home/simone/Documents/IoT/Lab_4/install/tutorial_interfaces/share/tutorial_interfaces/package.dsv'
[3.652s] INFO:colcon.colcon_core.shell:Creating package script '/home/simone/Documents/IoT/Lab_4/install/tutorial_interfaces/share/tutorial_interfaces/package.sh'
[3.653s] INFO:colcon.colcon_core.shell:Creating package script '/home/simone/Documents/IoT/Lab_4/install/tutorial_interfaces/share/tutorial_interfaces/package.bash'
[3.654s] INFO:colcon.colcon_core.shell:Creating package script '/home/simone/Documents/IoT/Lab_4/install/tutorial_interfaces/share/tutorial_interfaces/package.zsh'
[3.656s] Level 1:colcon.colcon_core.environment:create_file_with_runtime_dependencies(/home/simone/Documents/IoT/Lab_4/install/tutorial_interfaces/share/colcon-core/packages/tutorial_interfaces)
[3.657s] DEBUG:colcon.colcon_parallel_executor.executor.parallel:closing loop
[3.658s] DEBUG:colcon.colcon_parallel_executor.executor.parallel:loop closed
[3.658s] DEBUG:colcon.colcon_parallel_executor.executor.parallel:run_until_complete finished with '0'
[3.659s] DEBUG:colcon.colcon_core.event_reactor:joining thread
[3.675s] INFO:colcon.colcon_core.plugin_system:Skipping extension 'colcon_notification.desktop_notification.terminal_notifier': Not used on non-Darwin systems
[3.675s] INFO:colcon.colcon_core.plugin_system:Skipping extension 'colcon_notification.desktop_notification.win32': Not used on non-Windows systems
[3.675s] INFO:colcon.colcon_notification.desktop_notification:Sending desktop notification using 'notify2'
[3.704s] DEBUG:colcon.colcon_core.event_reactor:joined thread
[3.706s] INFO:colcon.colcon_core.shell:Creating prefix script '/home/simone/Documents/IoT/Lab_4/install/local_setup.ps1'
[3.709s] INFO:colcon.colcon_core.shell:Creating prefix util module '/home/simone/Documents/IoT/Lab_4/install/_local_setup_util_ps1.py'
[3.713s] INFO:colcon.colcon_core.shell:Creating prefix chain script '/home/simone/Documents/IoT/Lab_4/install/setup.ps1'
[3.718s] INFO:colcon.colcon_core.shell:Creating prefix script '/home/simone/Documents/IoT/Lab_4/install/local_setup.sh'
[3.720s] INFO:colcon.colcon_core.shell:Creating prefix util module '/home/simone/Documents/IoT/Lab_4/install/_local_setup_util_sh.py'
[3.722s] INFO:colcon.colcon_core.shell:Creating prefix chain script '/home/simone/Documents/IoT/Lab_4/install/setup.sh'
[3.726s] INFO:colcon.colcon_core.shell:Creating prefix script '/home/simone/Documents/IoT/Lab_4/install/local_setup.bash'
[3.728s] INFO:colcon.colcon_core.shell:Creating prefix chain script '/home/simone/Documents/IoT/Lab_4/install/setup.bash'
[3.733s] INFO:colcon.colcon_core.shell:Creating prefix script '/home/simone/Documents/IoT/Lab_4/install/local_setup.zsh'
[3.735s] INFO:colcon.colcon_core.shell:Creating prefix chain script '/home/simone/Documents/IoT/Lab_4/install/setup.zsh'
