[2.230s] Invoking command in '/home/simone/Documents/IoT/src/py_srvcli': PYTHONPATH=/home/simone/Documents/IoT/build/py_srvcli/prefix_override:/home/simone/Documents/IoT/install/py_srvcli/lib/python3.10/site-packages:${PYTHONPATH} /usr/bin/python3 -W ignore:setup.py install is deprecated setup.py egg_info --egg-base ../../build/py_srvcli build --build-base /home/simone/Documents/IoT/build/py_srvcli/build install --record /home/simone/Documents/IoT/build/py_srvcli/install.log --single-version-externally-managed install_data
[2.849s] running egg_info
[2.851s] writing ../../build/py_srvcli/py_srvcli.egg-info/PKG-INFO
[2.851s] writing dependency_links to ../../build/py_srvcli/py_srvcli.egg-info/dependency_links.txt
[2.852s] writing entry points to ../../build/py_srvcli/py_srvcli.egg-info/entry_points.txt
[2.853s] writing requirements to ../../build/py_srvcli/py_srvcli.egg-info/requires.txt
[2.853s] writing top-level names to ../../build/py_srvcli/py_srvcli.egg-info/top_level.txt
[2.857s] reading manifest file '../../build/py_srvcli/py_srvcli.egg-info/SOURCES.txt'
[2.860s] writing manifest file '../../build/py_srvcli/py_srvcli.egg-info/SOURCES.txt'
[2.860s] running build
[2.860s] running build_py
[2.861s] running install
[2.861s] running install_lib
[2.865s] running install_data
[2.865s] running install_egg_info
[2.869s] removing '/home/simone/Documents/IoT/install/py_srvcli/lib/python3.10/site-packages/py_srvcli-0.0.0-py3.10.egg-info' (and everything under it)
[2.870s] Copying ../../build/py_srvcli/py_srvcli.egg-info to /home/simone/Documents/IoT/install/py_srvcli/lib/python3.10/site-packages/py_srvcli-0.0.0-py3.10.egg-info
[2.872s] running install_scripts
[2.926s] Installing client script to /home/simone/Documents/IoT/install/py_srvcli/lib/py_srvcli
[2.927s] Installing server script to /home/simone/Documents/IoT/install/py_srvcli/lib/py_srvcli
[2.928s] writing list of installed files to '/home/simone/Documents/IoT/build/py_srvcli/install.log'
[3.041s] Invoked command in '/home/simone/Documents/IoT/src/py_srvcli' returned '0': PYTHONPATH=/home/simone/Documents/IoT/build/py_srvcli/prefix_override:/home/simone/Documents/IoT/install/py_srvcli/lib/python3.10/site-packages:${PYTHONPATH} /usr/bin/python3 -W ignore:setup.py install is deprecated setup.py egg_info --egg-base ../../build/py_srvcli build --build-base /home/simone/Documents/IoT/build/py_srvcli/build install --record /home/simone/Documents/IoT/build/py_srvcli/install.log --single-version-externally-managed install_data
