[0.635s] Invoking command in '/home/simone/Documents/IoT/Lab_4/build/tutorial_interfaces': CMAKE_PREFIX_PATH=${CMAKE_PREFIX_PATH}:/home/simone/Documents/IoT/Lab_5/install/fibonacci_action:/opt/ros/humble /usr/bin/cmake --build /home/simone/Documents/IoT/Lab_4/build/tutorial_interfaces -- -j16 -l16
[0.735s] [35m[1mConsolidate compiler generated dependencies of target tutorial_interfaces__rosidl_generator_c[0m
[0.760s] [  1%] Built target tutorial_interfaces__cpp
[0.771s] [ 12%] Built target tutorial_interfaces__rosidl_generator_c
[0.790s] [35m[1mConsolidate compiler generated dependencies of target tutorial_interfaces__rosidl_typesupport_cpp[0m
[0.791s] [ 12%] Built target ament_cmake_python_copy_tutorial_interfaces
[0.791s] [35m[1mConsolidate compiler generated dependencies of target tutorial_interfaces__rosidl_typesupport_introspection_cpp[0m
[0.792s] [35m[1mConsolidate compiler generated dependencies of target tutorial_interfaces__rosidl_typesupport_fastrtps_cpp[0m
[0.800s] [35m[1mConsolidate compiler generated dependencies of target tutorial_interfaces__rosidl_typesupport_introspection_c[0m
[0.802s] [35m[1mConsolidate compiler generated dependencies of target tutorial_interfaces__rosidl_typesupport_fastrtps_c[0m
[0.803s] [35m[1mConsolidate compiler generated dependencies of target tutorial_interfaces__rosidl_typesupport_c[0m
[0.838s] [ 41%] Built target tutorial_interfaces__rosidl_typesupport_introspection_c
[0.838s] [ 41%] Built target tutorial_interfaces__rosidl_typesupport_c
[0.839s] [ 56%] Built target tutorial_interfaces__rosidl_typesupport_cpp
[0.839s] [ 56%] Built target tutorial_interfaces__rosidl_typesupport_introspection_cpp
[0.841s] [ 67%] Built target tutorial_interfaces__rosidl_typesupport_fastrtps_cpp
[0.853s] [ 78%] Built target tutorial_interfaces__rosidl_typesupport_fastrtps_c
[0.905s] [ 78%] Built target tutorial_interfaces
[0.959s] [ 80%] Built target tutorial_interfaces__py
[0.989s] [35m[1mConsolidate compiler generated dependencies of target tutorial_interfaces__rosidl_generator_py[0m
[1.036s] [ 89%] Built target tutorial_interfaces__rosidl_generator_py
[1.064s] [35m[1mConsolidate compiler generated dependencies of target tutorial_interfaces__rosidl_typesupport_fastrtps_c__pyext[0m
[1.064s] [35m[1mConsolidate compiler generated dependencies of target tutorial_interfaces__rosidl_typesupport_introspection_c__pyext[0m
[1.064s] [35m[1mConsolidate compiler generated dependencies of target tutorial_interfaces__rosidl_typesupport_c__pyext[0m
[1.101s] [ 94%] Built target tutorial_interfaces__rosidl_typesupport_fastrtps_c__pyext
[1.101s] [ 98%] Built target tutorial_interfaces__rosidl_typesupport_introspection_c__pyext
[1.101s] [100%] Built target tutorial_interfaces__rosidl_typesupport_c__pyext
[1.423s] running egg_info
[1.425s] writing tutorial_interfaces.egg-info/PKG-INFO
[1.426s] writing dependency_links to tutorial_interfaces.egg-info/dependency_links.txt
[1.426s] writing top-level names to tutorial_interfaces.egg-info/top_level.txt
[1.432s] reading manifest file 'tutorial_interfaces.egg-info/SOURCES.txt'
[1.433s] writing manifest file 'tutorial_interfaces.egg-info/SOURCES.txt'
[1.496s] [100%] Built target ament_cmake_python_build_tutorial_interfaces_egg
[1.528s] Invoked command in '/home/simone/Documents/IoT/Lab_4/build/tutorial_interfaces' returned '0': CMAKE_PREFIX_PATH=${CMAKE_PREFIX_PATH}:/home/simone/Documents/IoT/Lab_5/install/fibonacci_action:/opt/ros/humble /usr/bin/cmake --build /home/simone/Documents/IoT/Lab_4/build/tutorial_interfaces -- -j16 -l16
[1.874s] Invoking command in '/home/simone/Documents/IoT/Lab_4/build/tutorial_interfaces': CMAKE_PREFIX_PATH=${CMAKE_PREFIX_PATH}:/home/simone/Documents/IoT/Lab_5/install/fibonacci_action:/opt/ros/humble /usr/bin/cmake --install /home/simone/Documents/IoT/Lab_4/build/tutorial_interfaces
[1.893s] -- Install configuration: ""
[1.893s] -- Up-to-date: /home/simone/Documents/IoT/Lab_4/install/tutorial_interfaces/share/ament_index/resource_index/rosidl_interfaces/tutorial_interfaces
[1.894s] -- Up-to-date: /home/simone/Documents/IoT/Lab_4/install/tutorial_interfaces/include/tutorial_interfaces/tutorial_interfaces
[1.894s] -- Up-to-date: /home/simone/Documents/IoT/Lab_4/install/tutorial_interfaces/include/tutorial_interfaces/tutorial_interfaces/srv
[1.895s] -- Up-to-date: /home/simone/Documents/IoT/Lab_4/install/tutorial_interfaces/include/tutorial_interfaces/tutorial_interfaces/srv/add_three_ints.h
[1.895s] -- Up-to-date: /home/simone/Documents/IoT/Lab_4/install/tutorial_interfaces/include/tutorial_interfaces/tutorial_interfaces/srv/spin_turtle.h
[1.896s] -- Up-to-date: /home/simone/Documents/IoT/Lab_4/install/tutorial_interfaces/include/tutorial_interfaces/tutorial_interfaces/srv/detail
[1.896s] -- Up-to-date: /home/simone/Documents/IoT/Lab_4/install/tutorial_interfaces/include/tutorial_interfaces/tutorial_interfaces/srv/detail/spin_turtle__functions.h
[1.896s] -- Up-to-date: /home/simone/Documents/IoT/Lab_4/install/tutorial_interfaces/include/tutorial_interfaces/tutorial_interfaces/srv/detail/spin_turtle__struct.h
[1.896s] -- Up-to-date: /home/simone/Documents/IoT/Lab_4/install/tutorial_interfaces/include/tutorial_interfaces/tutorial_interfaces/srv/detail/spin_turtle__type_support.h
[1.897s] -- Up-to-date: /home/simone/Documents/IoT/Lab_4/install/tutorial_interfaces/include/tutorial_interfaces/tutorial_interfaces/srv/detail/add_three_ints__functions.h
[1.897s] -- Up-to-date: /home/simone/Documents/IoT/Lab_4/install/tutorial_interfaces/include/tutorial_interfaces/tutorial_interfaces/srv/detail/add_three_ints__functions.c
[1.897s] -- Up-to-date: /home/simone/Documents/IoT/Lab_4/install/tutorial_interfaces/include/tutorial_interfaces/tutorial_interfaces/srv/detail/add_three_ints__struct.h
[1.897s] -- Up-to-date: /home/simone/Documents/IoT/Lab_4/install/tutorial_interfaces/include/tutorial_interfaces/tutorial_interfaces/srv/detail/spin_turtle__functions.c
[1.898s] -- Up-to-date: /home/simone/Documents/IoT/Lab_4/install/tutorial_interfaces/include/tutorial_interfaces/tutorial_interfaces/srv/detail/add_three_ints__type_support.h
[1.898s] -- Up-to-date: /home/simone/Documents/IoT/Lab_4/install/tutorial_interfaces/include/tutorial_interfaces/tutorial_interfaces/msg
[1.898s] -- Up-to-date: /home/simone/Documents/IoT/Lab_4/install/tutorial_interfaces/include/tutorial_interfaces/tutorial_interfaces/msg/rosidl_generator_c__visibility_control.h
[1.898s] -- Up-to-date: /home/simone/Documents/IoT/Lab_4/install/tutorial_interfaces/include/tutorial_interfaces/tutorial_interfaces/msg/detail
[1.899s] -- Up-to-date: /home/simone/Documents/IoT/Lab_4/install/tutorial_interfaces/include/tutorial_interfaces/tutorial_interfaces/msg/detail/num__type_support.h
[1.899s] -- Up-to-date: /home/simone/Documents/IoT/Lab_4/install/tutorial_interfaces/include/tutorial_interfaces/tutorial_interfaces/msg/detail/num__functions.c
[1.899s] -- Up-to-date: /home/simone/Documents/IoT/Lab_4/install/tutorial_interfaces/include/tutorial_interfaces/tutorial_interfaces/msg/detail/sphere__functions.h
[1.899s] -- Up-to-date: /home/simone/Documents/IoT/Lab_4/install/tutorial_interfaces/include/tutorial_interfaces/tutorial_interfaces/msg/detail/sphere__type_support.h
[1.900s] -- Up-to-date: /home/simone/Documents/IoT/Lab_4/install/tutorial_interfaces/include/tutorial_interfaces/tutorial_interfaces/msg/detail/num__struct.h
[1.900s] -- Up-to-date: /home/simone/Documents/IoT/Lab_4/install/tutorial_interfaces/include/tutorial_interfaces/tutorial_interfaces/msg/detail/sphere__struct.h
[1.900s] -- Up-to-date: /home/simone/Documents/IoT/Lab_4/install/tutorial_interfaces/include/tutorial_interfaces/tutorial_interfaces/msg/detail/sphere__functions.c
[1.900s] -- Up-to-date: /home/simone/Documents/IoT/Lab_4/install/tutorial_interfaces/include/tutorial_interfaces/tutorial_interfaces/msg/detail/num__functions.h
[1.900s] -- Up-to-date: /home/simone/Documents/IoT/Lab_4/install/tutorial_interfaces/include/tutorial_interfaces/tutorial_interfaces/msg/sphere.h
[1.901s] -- Up-to-date: /home/simone/Documents/IoT/Lab_4/install/tutorial_interfaces/include/tutorial_interfaces/tutorial_interfaces/msg/num.h
[1.901s] -- Up-to-date: /home/simone/Documents/IoT/Lab_4/install/tutorial_interfaces/share/tutorial_interfaces/environment/library_path.sh
[1.901s] -- Up-to-date: /home/simone/Documents/IoT/Lab_4/install/tutorial_interfaces/share/tutorial_interfaces/environment/library_path.dsv
[1.901s] -- Up-to-date: /home/simone/Documents/IoT/Lab_4/install/tutorial_interfaces/lib/libtutorial_interfaces__rosidl_generator_c.so
[1.901s] -- Up-to-date: /home/simone/Documents/IoT/Lab_4/install/tutorial_interfaces/include/tutorial_interfaces/tutorial_interfaces
[1.901s] -- Up-to-date: /home/simone/Documents/IoT/Lab_4/install/tutorial_interfaces/include/tutorial_interfaces/tutorial_interfaces/srv
[1.902s] -- Up-to-date: /home/simone/Documents/IoT/Lab_4/install/tutorial_interfaces/include/tutorial_interfaces/tutorial_interfaces/srv/detail
[1.902s] -- Up-to-date: /home/simone/Documents/IoT/Lab_4/install/tutorial_interfaces/include/tutorial_interfaces/tutorial_interfaces/srv/detail/add_three_ints__rosidl_typesupport_fastrtps_c.h
[1.902s] -- Up-to-date: /home/simone/Documents/IoT/Lab_4/install/tutorial_interfaces/include/tutorial_interfaces/tutorial_interfaces/srv/detail/spin_turtle__rosidl_typesupport_fastrtps_c.h
[1.902s] -- Up-to-date: /home/simone/Documents/IoT/Lab_4/install/tutorial_interfaces/include/tutorial_interfaces/tutorial_interfaces/msg
[1.903s] -- Up-to-date: /home/simone/Documents/IoT/Lab_4/install/tutorial_interfaces/include/tutorial_interfaces/tutorial_interfaces/msg/detail
[1.903s] -- Up-to-date: /home/simone/Documents/IoT/Lab_4/install/tutorial_interfaces/include/tutorial_interfaces/tutorial_interfaces/msg/detail/sphere__rosidl_typesupport_fastrtps_c.h
[1.904s] -- Up-to-date: /home/simone/Documents/IoT/Lab_4/install/tutorial_interfaces/include/tutorial_interfaces/tutorial_interfaces/msg/detail/num__rosidl_typesupport_fastrtps_c.h
[1.904s] -- Up-to-date: /home/simone/Documents/IoT/Lab_4/install/tutorial_interfaces/include/tutorial_interfaces/tutorial_interfaces/msg/rosidl_typesupport_fastrtps_c__visibility_control.h
[1.904s] -- Up-to-date: /home/simone/Documents/IoT/Lab_4/install/tutorial_interfaces/lib/libtutorial_interfaces__rosidl_typesupport_fastrtps_c.so
[1.904s] -- Up-to-date: /home/simone/Documents/IoT/Lab_4/install/tutorial_interfaces/include/tutorial_interfaces/tutorial_interfaces
[1.904s] -- Up-to-date: /home/simone/Documents/IoT/Lab_4/install/tutorial_interfaces/include/tutorial_interfaces/tutorial_interfaces/srv
[1.905s] -- Up-to-date: /home/simone/Documents/IoT/Lab_4/install/tutorial_interfaces/include/tutorial_interfaces/tutorial_interfaces/srv/spin_turtle.hpp
[1.905s] -- Up-to-date: /home/simone/Documents/IoT/Lab_4/install/tutorial_interfaces/include/tutorial_interfaces/tutorial_interfaces/srv/detail
[1.905s] -- Up-to-date: /home/simone/Documents/IoT/Lab_4/install/tutorial_interfaces/include/tutorial_interfaces/tutorial_interfaces/srv/detail/add_three_ints__builder.hpp
[1.906s] -- Up-to-date: /home/simone/Documents/IoT/Lab_4/install/tutorial_interfaces/include/tutorial_interfaces/tutorial_interfaces/srv/detail/add_three_ints__traits.hpp
[1.906s] -- Up-to-date: /home/simone/Documents/IoT/Lab_4/install/tutorial_interfaces/include/tutorial_interfaces/tutorial_interfaces/srv/detail/spin_turtle__struct.hpp
[1.906s] -- Up-to-date: /home/simone/Documents/IoT/Lab_4/install/tutorial_interfaces/include/tutorial_interfaces/tutorial_interfaces/srv/detail/add_three_ints__struct.hpp
[1.906s] -- Up-to-date: /home/simone/Documents/IoT/Lab_4/install/tutorial_interfaces/include/tutorial_interfaces/tutorial_interfaces/srv/detail/spin_turtle__traits.hpp
[1.906s] -- Up-to-date: /home/simone/Documents/IoT/Lab_4/install/tutorial_interfaces/include/tutorial_interfaces/tutorial_interfaces/srv/detail/spin_turtle__builder.hpp
[1.907s] -- Up-to-date: /home/simone/Documents/IoT/Lab_4/install/tutorial_interfaces/include/tutorial_interfaces/tutorial_interfaces/srv/add_three_ints.hpp
[1.907s] -- Up-to-date: /home/simone/Documents/IoT/Lab_4/install/tutorial_interfaces/include/tutorial_interfaces/tutorial_interfaces/msg
[1.907s] -- Up-to-date: /home/simone/Documents/IoT/Lab_4/install/tutorial_interfaces/include/tutorial_interfaces/tutorial_interfaces/msg/sphere.hpp
[1.907s] -- Up-to-date: /home/simone/Documents/IoT/Lab_4/install/tutorial_interfaces/include/tutorial_interfaces/tutorial_interfaces/msg/detail
[1.907s] -- Up-to-date: /home/simone/Documents/IoT/Lab_4/install/tutorial_interfaces/include/tutorial_interfaces/tutorial_interfaces/msg/detail/sphere__builder.hpp
[1.908s] -- Up-to-date: /home/simone/Documents/IoT/Lab_4/install/tutorial_interfaces/include/tutorial_interfaces/tutorial_interfaces/msg/detail/num__struct.hpp
[1.908s] -- Up-to-date: /home/simone/Documents/IoT/Lab_4/install/tutorial_interfaces/include/tutorial_interfaces/tutorial_interfaces/msg/detail/num__builder.hpp
[1.908s] -- Up-to-date: /home/simone/Documents/IoT/Lab_4/install/tutorial_interfaces/include/tutorial_interfaces/tutorial_interfaces/msg/detail/sphere__traits.hpp
[1.908s] -- Up-to-date: /home/simone/Documents/IoT/Lab_4/install/tutorial_interfaces/include/tutorial_interfaces/tutorial_interfaces/msg/detail/sphere__struct.hpp
[1.909s] -- Up-to-date: /home/simone/Documents/IoT/Lab_4/install/tutorial_interfaces/include/tutorial_interfaces/tutorial_interfaces/msg/detail/num__traits.hpp
[1.909s] -- Up-to-date: /home/simone/Documents/IoT/Lab_4/install/tutorial_interfaces/include/tutorial_interfaces/tutorial_interfaces/msg/num.hpp
[1.909s] -- Up-to-date: /home/simone/Documents/IoT/Lab_4/install/tutorial_interfaces/include/tutorial_interfaces/tutorial_interfaces
[1.909s] -- Up-to-date: /home/simone/Documents/IoT/Lab_4/install/tutorial_interfaces/include/tutorial_interfaces/tutorial_interfaces/srv
[1.910s] -- Up-to-date: /home/simone/Documents/IoT/Lab_4/install/tutorial_interfaces/include/tutorial_interfaces/tutorial_interfaces/srv/detail
[1.910s] -- Up-to-date: /home/simone/Documents/IoT/Lab_4/install/tutorial_interfaces/include/tutorial_interfaces/tutorial_interfaces/srv/detail/add_three_ints__rosidl_typesupport_fastrtps_cpp.hpp
[1.910s] -- Up-to-date: /home/simone/Documents/IoT/Lab_4/install/tutorial_interfaces/include/tutorial_interfaces/tutorial_interfaces/srv/detail/dds_fastrtps
[1.910s] -- Up-to-date: /home/simone/Documents/IoT/Lab_4/install/tutorial_interfaces/include/tutorial_interfaces/tutorial_interfaces/srv/detail/spin_turtle__rosidl_typesupport_fastrtps_cpp.hpp
[1.911s] -- Up-to-date: /home/simone/Documents/IoT/Lab_4/install/tutorial_interfaces/include/tutorial_interfaces/tutorial_interfaces/msg
[1.911s] -- Up-to-date: /home/simone/Documents/IoT/Lab_4/install/tutorial_interfaces/include/tutorial_interfaces/tutorial_interfaces/msg/rosidl_typesupport_fastrtps_cpp__visibility_control.h
[1.911s] -- Up-to-date: /home/simone/Documents/IoT/Lab_4/install/tutorial_interfaces/include/tutorial_interfaces/tutorial_interfaces/msg/detail
[1.912s] -- Up-to-date: /home/simone/Documents/IoT/Lab_4/install/tutorial_interfaces/include/tutorial_interfaces/tutorial_interfaces/msg/detail/num__rosidl_typesupport_fastrtps_cpp.hpp
[1.912s] -- Up-to-date: /home/simone/Documents/IoT/Lab_4/install/tutorial_interfaces/include/tutorial_interfaces/tutorial_interfaces/msg/detail/dds_fastrtps
[1.912s] -- Up-to-date: /home/simone/Documents/IoT/Lab_4/install/tutorial_interfaces/include/tutorial_interfaces/tutorial_interfaces/msg/detail/sphere__rosidl_typesupport_fastrtps_cpp.hpp
[1.912s] -- Up-to-date: /home/simone/Documents/IoT/Lab_4/install/tutorial_interfaces/lib/libtutorial_interfaces__rosidl_typesupport_fastrtps_cpp.so
[1.912s] -- Up-to-date: /home/simone/Documents/IoT/Lab_4/install/tutorial_interfaces/include/tutorial_interfaces/tutorial_interfaces
[1.913s] -- Up-to-date: /home/simone/Documents/IoT/Lab_4/install/tutorial_interfaces/include/tutorial_interfaces/tutorial_interfaces/srv
[1.913s] -- Up-to-date: /home/simone/Documents/IoT/Lab_4/install/tutorial_interfaces/include/tutorial_interfaces/tutorial_interfaces/srv/detail
[1.913s] -- Up-to-date: /home/simone/Documents/IoT/Lab_4/install/tutorial_interfaces/include/tutorial_interfaces/tutorial_interfaces/srv/detail/add_three_ints__rosidl_typesupport_introspection_c.h
[1.913s] -- Up-to-date: /home/simone/Documents/IoT/Lab_4/install/tutorial_interfaces/include/tutorial_interfaces/tutorial_interfaces/srv/detail/spin_turtle__type_support.c
[1.913s] -- Up-to-date: /home/simone/Documents/IoT/Lab_4/install/tutorial_interfaces/include/tutorial_interfaces/tutorial_interfaces/srv/detail/add_three_ints__type_support.c
[1.913s] -- Up-to-date: /home/simone/Documents/IoT/Lab_4/install/tutorial_interfaces/include/tutorial_interfaces/tutorial_interfaces/srv/detail/spin_turtle__rosidl_typesupport_introspection_c.h
[1.914s] -- Up-to-date: /home/simone/Documents/IoT/Lab_4/install/tutorial_interfaces/include/tutorial_interfaces/tutorial_interfaces/msg
[1.914s] -- Up-to-date: /home/simone/Documents/IoT/Lab_4/install/tutorial_interfaces/include/tutorial_interfaces/tutorial_interfaces/msg/rosidl_typesupport_introspection_c__visibility_control.h
[1.914s] -- Up-to-date: /home/simone/Documents/IoT/Lab_4/install/tutorial_interfaces/include/tutorial_interfaces/tutorial_interfaces/msg/detail
[1.915s] -- Up-to-date: /home/simone/Documents/IoT/Lab_4/install/tutorial_interfaces/include/tutorial_interfaces/tutorial_interfaces/msg/detail/num__type_support.c
[1.915s] -- Up-to-date: /home/simone/Documents/IoT/Lab_4/install/tutorial_interfaces/include/tutorial_interfaces/tutorial_interfaces/msg/detail/num__rosidl_typesupport_introspection_c.h
[1.915s] -- Up-to-date: /home/simone/Documents/IoT/Lab_4/install/tutorial_interfaces/include/tutorial_interfaces/tutorial_interfaces/msg/detail/sphere__type_support.c
[1.915s] -- Up-to-date: /home/simone/Documents/IoT/Lab_4/install/tutorial_interfaces/include/tutorial_interfaces/tutorial_interfaces/msg/detail/sphere__rosidl_typesupport_introspection_c.h
[1.916s] -- Up-to-date: /home/simone/Documents/IoT/Lab_4/install/tutorial_interfaces/lib/libtutorial_interfaces__rosidl_typesupport_introspection_c.so
[1.916s] -- Up-to-date: /home/simone/Documents/IoT/Lab_4/install/tutorial_interfaces/lib/libtutorial_interfaces__rosidl_typesupport_c.so
[1.916s] -- Up-to-date: /home/simone/Documents/IoT/Lab_4/install/tutorial_interfaces/include/tutorial_interfaces/tutorial_interfaces
[1.916s] -- Up-to-date: /home/simone/Documents/IoT/Lab_4/install/tutorial_interfaces/include/tutorial_interfaces/tutorial_interfaces/srv
[1.916s] -- Up-to-date: /home/simone/Documents/IoT/Lab_4/install/tutorial_interfaces/include/tutorial_interfaces/tutorial_interfaces/srv/detail
[1.916s] -- Up-to-date: /home/simone/Documents/IoT/Lab_4/install/tutorial_interfaces/include/tutorial_interfaces/tutorial_interfaces/srv/detail/spin_turtle__rosidl_typesupport_introspection_cpp.hpp
[1.917s] -- Up-to-date: /home/simone/Documents/IoT/Lab_4/install/tutorial_interfaces/include/tutorial_interfaces/tutorial_interfaces/srv/detail/add_three_ints__rosidl_typesupport_introspection_cpp.hpp
[1.917s] -- Up-to-date: /home/simone/Documents/IoT/Lab_4/install/tutorial_interfaces/include/tutorial_interfaces/tutorial_interfaces/srv/detail/spin_turtle__type_support.cpp
[1.917s] -- Up-to-date: /home/simone/Documents/IoT/Lab_4/install/tutorial_interfaces/include/tutorial_interfaces/tutorial_interfaces/srv/detail/add_three_ints__type_support.cpp
[1.917s] -- Up-to-date: /home/simone/Documents/IoT/Lab_4/install/tutorial_interfaces/include/tutorial_interfaces/tutorial_interfaces/msg
[1.917s] -- Up-to-date: /home/simone/Documents/IoT/Lab_4/install/tutorial_interfaces/include/tutorial_interfaces/tutorial_interfaces/msg/detail
[1.918s] -- Up-to-date: /home/simone/Documents/IoT/Lab_4/install/tutorial_interfaces/include/tutorial_interfaces/tutorial_interfaces/msg/detail/sphere__type_support.cpp
[1.918s] -- Up-to-date: /home/simone/Documents/IoT/Lab_4/install/tutorial_interfaces/include/tutorial_interfaces/tutorial_interfaces/msg/detail/sphere__rosidl_typesupport_introspection_cpp.hpp
[1.918s] -- Up-to-date: /home/simone/Documents/IoT/Lab_4/install/tutorial_interfaces/include/tutorial_interfaces/tutorial_interfaces/msg/detail/num__type_support.cpp
[1.918s] -- Up-to-date: /home/simone/Documents/IoT/Lab_4/install/tutorial_interfaces/include/tutorial_interfaces/tutorial_interfaces/msg/detail/num__rosidl_typesupport_introspection_cpp.hpp
[1.918s] -- Up-to-date: /home/simone/Documents/IoT/Lab_4/install/tutorial_interfaces/lib/libtutorial_interfaces__rosidl_typesupport_introspection_cpp.so
[1.918s] -- Up-to-date: /home/simone/Documents/IoT/Lab_4/install/tutorial_interfaces/lib/libtutorial_interfaces__rosidl_typesupport_cpp.so
[1.919s] -- Up-to-date: /home/simone/Documents/IoT/Lab_4/install/tutorial_interfaces/share/tutorial_interfaces/environment/pythonpath.sh
[1.919s] -- Up-to-date: /home/simone/Documents/IoT/Lab_4/install/tutorial_interfaces/share/tutorial_interfaces/environment/pythonpath.dsv
[1.919s] -- Up-to-date: /home/simone/Documents/IoT/Lab_4/install/tutorial_interfaces/local/lib/python3.10/dist-packages/tutorial_interfaces-0.0.0-py3.10.egg-info
[1.919s] -- Installing: /home/simone/Documents/IoT/Lab_4/install/tutorial_interfaces/local/lib/python3.10/dist-packages/tutorial_interfaces-0.0.0-py3.10.egg-info/SOURCES.txt
[1.919s] -- Installing: /home/simone/Documents/IoT/Lab_4/install/tutorial_interfaces/local/lib/python3.10/dist-packages/tutorial_interfaces-0.0.0-py3.10.egg-info/dependency_links.txt
[1.919s] -- Installing: /home/simone/Documents/IoT/Lab_4/install/tutorial_interfaces/local/lib/python3.10/dist-packages/tutorial_interfaces-0.0.0-py3.10.egg-info/PKG-INFO
[1.920s] -- Installing: /home/simone/Documents/IoT/Lab_4/install/tutorial_interfaces/local/lib/python3.10/dist-packages/tutorial_interfaces-0.0.0-py3.10.egg-info/top_level.txt
[1.920s] -- Up-to-date: /home/simone/Documents/IoT/Lab_4/install/tutorial_interfaces/local/lib/python3.10/dist-packages/tutorial_interfaces
[1.920s] -- Up-to-date: /home/simone/Documents/IoT/Lab_4/install/tutorial_interfaces/local/lib/python3.10/dist-packages/tutorial_interfaces/_tutorial_interfaces_s.ep.rosidl_typesupport_introspection_c.c
[1.920s] -- Up-to-date: /home/simone/Documents/IoT/Lab_4/install/tutorial_interfaces/local/lib/python3.10/dist-packages/tutorial_interfaces/__init__.py
[1.921s] -- Up-to-date: /home/simone/Documents/IoT/Lab_4/install/tutorial_interfaces/local/lib/python3.10/dist-packages/tutorial_interfaces/tutorial_interfaces_s__rosidl_typesupport_fastrtps_c.cpython-310-x86_64-linux-gnu.so
[1.921s] -- Up-to-date: /home/simone/Documents/IoT/Lab_4/install/tutorial_interfaces/local/lib/python3.10/dist-packages/tutorial_interfaces/tutorial_interfaces_s__rosidl_typesupport_c.cpython-310-x86_64-linux-gnu.so
[1.921s] -- Up-to-date: /home/simone/Documents/IoT/Lab_4/install/tutorial_interfaces/local/lib/python3.10/dist-packages/tutorial_interfaces/tutorial_interfaces_s__rosidl_typesupport_introspection_c.cpython-310-x86_64-linux-gnu.so
[1.921s] -- Up-to-date: /home/simone/Documents/IoT/Lab_4/install/tutorial_interfaces/local/lib/python3.10/dist-packages/tutorial_interfaces/_tutorial_interfaces_s.ep.rosidl_typesupport_fastrtps_c.c
[1.922s] -- Up-to-date: /home/simone/Documents/IoT/Lab_4/install/tutorial_interfaces/local/lib/python3.10/dist-packages/tutorial_interfaces/libtutorial_interfaces__rosidl_generator_py.so
[1.922s] -- Up-to-date: /home/simone/Documents/IoT/Lab_4/install/tutorial_interfaces/local/lib/python3.10/dist-packages/tutorial_interfaces/srv
[1.922s] -- Up-to-date: /home/simone/Documents/IoT/Lab_4/install/tutorial_interfaces/local/lib/python3.10/dist-packages/tutorial_interfaces/srv/__init__.py
[1.922s] -- Up-to-date: /home/simone/Documents/IoT/Lab_4/install/tutorial_interfaces/local/lib/python3.10/dist-packages/tutorial_interfaces/srv/_add_three_ints.py
[1.922s] -- Up-to-date: /home/simone/Documents/IoT/Lab_4/install/tutorial_interfaces/local/lib/python3.10/dist-packages/tutorial_interfaces/srv/_spin_turtle_s.c
[1.922s] -- Up-to-date: /home/simone/Documents/IoT/Lab_4/install/tutorial_interfaces/local/lib/python3.10/dist-packages/tutorial_interfaces/srv/_spin_turtle.py
[1.923s] -- Up-to-date: /home/simone/Documents/IoT/Lab_4/install/tutorial_interfaces/local/lib/python3.10/dist-packages/tutorial_interfaces/srv/_add_three_ints_s.c
[1.923s] -- Up-to-date: /home/simone/Documents/IoT/Lab_4/install/tutorial_interfaces/local/lib/python3.10/dist-packages/tutorial_interfaces/_tutorial_interfaces_s.ep.rosidl_typesupport_c.c
[1.923s] -- Up-to-date: /home/simone/Documents/IoT/Lab_4/install/tutorial_interfaces/local/lib/python3.10/dist-packages/tutorial_interfaces/msg
[1.923s] -- Up-to-date: /home/simone/Documents/IoT/Lab_4/install/tutorial_interfaces/local/lib/python3.10/dist-packages/tutorial_interfaces/msg/__init__.py
[1.923s] -- Up-to-date: /home/simone/Documents/IoT/Lab_4/install/tutorial_interfaces/local/lib/python3.10/dist-packages/tutorial_interfaces/msg/_num.py
[1.923s] -- Up-to-date: /home/simone/Documents/IoT/Lab_4/install/tutorial_interfaces/local/lib/python3.10/dist-packages/tutorial_interfaces/msg/_num_s.c
[1.924s] -- Up-to-date: /home/simone/Documents/IoT/Lab_4/install/tutorial_interfaces/local/lib/python3.10/dist-packages/tutorial_interfaces/msg/_sphere_s.c
[1.924s] -- Up-to-date: /home/simone/Documents/IoT/Lab_4/install/tutorial_interfaces/local/lib/python3.10/dist-packages/tutorial_interfaces/msg/_sphere.py
[1.985s] Listing '/home/simone/Documents/IoT/Lab_4/install/tutorial_interfaces/local/lib/python3.10/dist-packages/tutorial_interfaces'...
[1.986s] Listing '/home/simone/Documents/IoT/Lab_4/install/tutorial_interfaces/local/lib/python3.10/dist-packages/tutorial_interfaces/msg'...
[1.986s] Listing '/home/simone/Documents/IoT/Lab_4/install/tutorial_interfaces/local/lib/python3.10/dist-packages/tutorial_interfaces/srv'...
[1.995s] -- Up-to-date: /home/simone/Documents/IoT/Lab_4/install/tutorial_interfaces/local/lib/python3.10/dist-packages/tutorial_interfaces/tutorial_interfaces_s__rosidl_typesupport_fastrtps_c.cpython-310-x86_64-linux-gnu.so
[1.996s] -- Up-to-date: /home/simone/Documents/IoT/Lab_4/install/tutorial_interfaces/local/lib/python3.10/dist-packages/tutorial_interfaces/tutorial_interfaces_s__rosidl_typesupport_introspection_c.cpython-310-x86_64-linux-gnu.so
[1.997s] -- Up-to-date: /home/simone/Documents/IoT/Lab_4/install/tutorial_interfaces/local/lib/python3.10/dist-packages/tutorial_interfaces/tutorial_interfaces_s__rosidl_typesupport_c.cpython-310-x86_64-linux-gnu.so
[1.998s] -- Up-to-date: /home/simone/Documents/IoT/Lab_4/install/tutorial_interfaces/lib/libtutorial_interfaces__rosidl_generator_py.so
[1.998s] -- Up-to-date: /home/simone/Documents/IoT/Lab_4/install/tutorial_interfaces/share/tutorial_interfaces/msg/Num.idl
[1.999s] -- Up-to-date: /home/simone/Documents/IoT/Lab_4/install/tutorial_interfaces/share/tutorial_interfaces/msg/Sphere.idl
[1.999s] -- Up-to-date: /home/simone/Documents/IoT/Lab_4/install/tutorial_interfaces/share/tutorial_interfaces/srv/AddThreeInts.idl
[2.000s] -- Up-to-date: /home/simone/Documents/IoT/Lab_4/install/tutorial_interfaces/share/tutorial_interfaces/srv/SpinTurtle.idl
[2.000s] -- Up-to-date: /home/simone/Documents/IoT/Lab_4/install/tutorial_interfaces/share/tutorial_interfaces/msg/Num.msg
[2.000s] -- Up-to-date: /home/simone/Documents/IoT/Lab_4/install/tutorial_interfaces/share/tutorial_interfaces/msg/Sphere.msg
[2.001s] -- Up-to-date: /home/simone/Documents/IoT/Lab_4/install/tutorial_interfaces/share/tutorial_interfaces/srv/AddThreeInts.srv
[2.001s] -- Up-to-date: /home/simone/Documents/IoT/Lab_4/install/tutorial_interfaces/share/tutorial_interfaces/srv/AddThreeInts_Request.msg
[2.001s] -- Up-to-date: /home/simone/Documents/IoT/Lab_4/install/tutorial_interfaces/share/tutorial_interfaces/srv/AddThreeInts_Response.msg
[2.001s] -- Up-to-date: /home/simone/Documents/IoT/Lab_4/install/tutorial_interfaces/share/tutorial_interfaces/srv/SpinTurtle.srv
[2.001s] -- Up-to-date: /home/simone/Documents/IoT/Lab_4/install/tutorial_interfaces/share/tutorial_interfaces/srv/SpinTurtle_Request.msg
[2.002s] -- Up-to-date: /home/simone/Documents/IoT/Lab_4/install/tutorial_interfaces/share/tutorial_interfaces/srv/SpinTurtle_Response.msg
[2.002s] -- Up-to-date: /home/simone/Documents/IoT/Lab_4/install/tutorial_interfaces/share/ament_index/resource_index/package_run_dependencies/tutorial_interfaces
[2.002s] -- Up-to-date: /home/simone/Documents/IoT/Lab_4/install/tutorial_interfaces/share/ament_index/resource_index/parent_prefix_path/tutorial_interfaces
[2.003s] -- Up-to-date: /home/simone/Documents/IoT/Lab_4/install/tutorial_interfaces/share/tutorial_interfaces/environment/ament_prefix_path.sh
[2.003s] -- Up-to-date: /home/simone/Documents/IoT/Lab_4/install/tutorial_interfaces/share/tutorial_interfaces/environment/ament_prefix_path.dsv
[2.003s] -- Up-to-date: /home/simone/Documents/IoT/Lab_4/install/tutorial_interfaces/share/tutorial_interfaces/environment/path.sh
[2.003s] -- Up-to-date: /home/simone/Documents/IoT/Lab_4/install/tutorial_interfaces/share/tutorial_interfaces/environment/path.dsv
[2.004s] -- Up-to-date: /home/simone/Documents/IoT/Lab_4/install/tutorial_interfaces/share/tutorial_interfaces/local_setup.bash
[2.004s] -- Up-to-date: /home/simone/Documents/IoT/Lab_4/install/tutorial_interfaces/share/tutorial_interfaces/local_setup.sh
[2.004s] -- Up-to-date: /home/simone/Documents/IoT/Lab_4/install/tutorial_interfaces/share/tutorial_interfaces/local_setup.zsh
[2.004s] -- Up-to-date: /home/simone/Documents/IoT/Lab_4/install/tutorial_interfaces/share/tutorial_interfaces/local_setup.dsv
[2.004s] -- Installing: /home/simone/Documents/IoT/Lab_4/install/tutorial_interfaces/share/tutorial_interfaces/package.dsv
[2.005s] -- Up-to-date: /home/simone/Documents/IoT/Lab_4/install/tutorial_interfaces/share/ament_index/resource_index/packages/tutorial_interfaces
[2.005s] -- Up-to-date: /home/simone/Documents/IoT/Lab_4/install/tutorial_interfaces/share/tutorial_interfaces/cmake/export_tutorial_interfaces__rosidl_generator_cExport.cmake
[2.005s] -- Up-to-date: /home/simone/Documents/IoT/Lab_4/install/tutorial_interfaces/share/tutorial_interfaces/cmake/export_tutorial_interfaces__rosidl_generator_cExport-noconfig.cmake
[2.005s] -- Up-to-date: /home/simone/Documents/IoT/Lab_4/install/tutorial_interfaces/share/tutorial_interfaces/cmake/export_tutorial_interfaces__rosidl_typesupport_fastrtps_cExport.cmake
[2.006s] -- Up-to-date: /home/simone/Documents/IoT/Lab_4/install/tutorial_interfaces/share/tutorial_interfaces/cmake/export_tutorial_interfaces__rosidl_typesupport_fastrtps_cExport-noconfig.cmake
[2.006s] -- Up-to-date: /home/simone/Documents/IoT/Lab_4/install/tutorial_interfaces/share/tutorial_interfaces/cmake/export_tutorial_interfaces__rosidl_generator_cppExport.cmake
[2.007s] -- Up-to-date: /home/simone/Documents/IoT/Lab_4/install/tutorial_interfaces/share/tutorial_interfaces/cmake/export_tutorial_interfaces__rosidl_typesupport_fastrtps_cppExport.cmake
[2.007s] -- Up-to-date: /home/simone/Documents/IoT/Lab_4/install/tutorial_interfaces/share/tutorial_interfaces/cmake/export_tutorial_interfaces__rosidl_typesupport_fastrtps_cppExport-noconfig.cmake
[2.007s] -- Up-to-date: /home/simone/Documents/IoT/Lab_4/install/tutorial_interfaces/share/tutorial_interfaces/cmake/tutorial_interfaces__rosidl_typesupport_introspection_cExport.cmake
[2.007s] -- Up-to-date: /home/simone/Documents/IoT/Lab_4/install/tutorial_interfaces/share/tutorial_interfaces/cmake/tutorial_interfaces__rosidl_typesupport_introspection_cExport-noconfig.cmake
[2.008s] -- Up-to-date: /home/simone/Documents/IoT/Lab_4/install/tutorial_interfaces/share/tutorial_interfaces/cmake/tutorial_interfaces__rosidl_typesupport_cExport.cmake
[2.008s] -- Up-to-date: /home/simone/Documents/IoT/Lab_4/install/tutorial_interfaces/share/tutorial_interfaces/cmake/tutorial_interfaces__rosidl_typesupport_cExport-noconfig.cmake
[2.008s] -- Up-to-date: /home/simone/Documents/IoT/Lab_4/install/tutorial_interfaces/share/tutorial_interfaces/cmake/tutorial_interfaces__rosidl_typesupport_introspection_cppExport.cmake
[2.008s] -- Up-to-date: /home/simone/Documents/IoT/Lab_4/install/tutorial_interfaces/share/tutorial_interfaces/cmake/tutorial_interfaces__rosidl_typesupport_introspection_cppExport-noconfig.cmake
[2.008s] -- Up-to-date: /home/simone/Documents/IoT/Lab_4/install/tutorial_interfaces/share/tutorial_interfaces/cmake/tutorial_interfaces__rosidl_typesupport_cppExport.cmake
[2.008s] -- Up-to-date: /home/simone/Documents/IoT/Lab_4/install/tutorial_interfaces/share/tutorial_interfaces/cmake/tutorial_interfaces__rosidl_typesupport_cppExport-noconfig.cmake
[2.009s] -- Up-to-date: /home/simone/Documents/IoT/Lab_4/install/tutorial_interfaces/share/tutorial_interfaces/cmake/export_tutorial_interfaces__rosidl_generator_pyExport.cmake
[2.009s] -- Up-to-date: /home/simone/Documents/IoT/Lab_4/install/tutorial_interfaces/share/tutorial_interfaces/cmake/export_tutorial_interfaces__rosidl_generator_pyExport-noconfig.cmake
[2.009s] -- Up-to-date: /home/simone/Documents/IoT/Lab_4/install/tutorial_interfaces/share/tutorial_interfaces/cmake/rosidl_cmake-extras.cmake
[2.009s] -- Up-to-date: /home/simone/Documents/IoT/Lab_4/install/tutorial_interfaces/share/tutorial_interfaces/cmake/ament_cmake_export_dependencies-extras.cmake
[2.009s] -- Up-to-date: /home/simone/Documents/IoT/Lab_4/install/tutorial_interfaces/share/tutorial_interfaces/cmake/ament_cmake_export_include_directories-extras.cmake
[2.009s] -- Up-to-date: /home/simone/Documents/IoT/Lab_4/install/tutorial_interfaces/share/tutorial_interfaces/cmake/ament_cmake_export_libraries-extras.cmake
[2.009s] -- Up-to-date: /home/simone/Documents/IoT/Lab_4/install/tutorial_interfaces/share/tutorial_interfaces/cmake/ament_cmake_export_targets-extras.cmake
[2.010s] -- Up-to-date: /home/simone/Documents/IoT/Lab_4/install/tutorial_interfaces/share/tutorial_interfaces/cmake/rosidl_cmake_export_typesupport_targets-extras.cmake
[2.010s] -- Up-to-date: /home/simone/Documents/IoT/Lab_4/install/tutorial_interfaces/share/tutorial_interfaces/cmake/rosidl_cmake_export_typesupport_libraries-extras.cmake
[2.010s] -- Up-to-date: /home/simone/Documents/IoT/Lab_4/install/tutorial_interfaces/share/tutorial_interfaces/cmake/tutorial_interfacesConfig.cmake
[2.010s] -- Up-to-date: /home/simone/Documents/IoT/Lab_4/install/tutorial_interfaces/share/tutorial_interfaces/cmake/tutorial_interfacesConfig-version.cmake
[2.010s] -- Up-to-date: /home/simone/Documents/IoT/Lab_4/install/tutorial_interfaces/share/tutorial_interfaces/package.xml
[2.012s] Invoked command in '/home/simone/Documents/IoT/Lab_4/build/tutorial_interfaces' returned '0': CMAKE_PREFIX_PATH=${CMAKE_PREFIX_PATH}:/home/simone/Documents/IoT/Lab_5/install/fibonacci_action:/opt/ros/humble /usr/bin/cmake --install /home/simone/Documents/IoT/Lab_4/build/tutorial_interfaces
