[0.007s] Invoking command in '/home/simone/Documents/IoT/build/turtlesim': /usr/bin/cmake /home/simone/Documents/IoT/src/ros_tutorials/turtlesim -DCMAKE_INSTALL_PREFIX=/home/simone/Documents/IoT/install/turtlesim
[0.025s] -- Configuring incomplete, errors occurred!
[0.025s] See also "/home/simone/Documents/IoT/build/turtlesim/CMakeFiles/CMakeOutput.log".
[0.025s] [31mCMake Error at CMakeLists.txt:12 (find_package):
[0.025s]   By not providing "Findament_cmake.cmake" in CMAKE_MODULE_PATH this project
[0.025s]   has asked CMake to find a package configuration file provided by
[0.025s]   "ament_cmake", but CMake did not find one.
[0.025s] 
[0.025s]   Could not find a package configuration file provided by "ament_cmake" with
[0.025s]   any of the following names:
[0.025s] 
[0.025s]     ament_cmakeConfig.cmake
[0.025s]     ament_cmake-config.cmake
[0.026s] 
[0.026s]   Add the installation prefix of "ament_cmake" to CMAKE_PREFIX_PATH or set
[0.026s]   "ament_cmake_DIR" to a directory containing one of the above files.  If
[0.026s]   "ament_cmake" provides a separate development package or SDK, be sure it
[0.026s]   has been installed.
[0.026s] 
[0.026s] [0m
[0.026s] Invoked command in '/home/simone/Documents/IoT/build/turtlesim' returned '1': /usr/bin/cmake /home/simone/Documents/IoT/src/ros_tutorials/turtlesim -DCMAKE_INSTALL_PREFIX=/home/simone/Documents/IoT/install/turtlesim
