[0.589s] Invoking command in '/home/simone/Documents/IoT_lab/Lab_7/src/drone_patrol': PYTHONPATH=/home/simone/Documents/IoT_lab/Lab_7/build/drone_patrol/prefix_override:/home/simone/Documents/IoT_lab/Lab_7/install/drone_patrol/lib/python3.10/site-packages:${PYTHONPATH} /usr/bin/python3 -W ignore:setup.py install is deprecated setup.py egg_info --egg-base ../../build/drone_patrol build --build-base /home/simone/Documents/IoT_lab/Lab_7/build/drone_patrol/build install --record /home/simone/Documents/IoT_lab/Lab_7/build/drone_patrol/install.log --single-version-externally-managed install_data
[0.827s] running egg_info
[0.827s] writing ../../build/drone_patrol/drone_patrol.egg-info/PKG-INFO
[0.828s] writing dependency_links to ../../build/drone_patrol/drone_patrol.egg-info/dependency_links.txt
[0.828s] writing entry points to ../../build/drone_patrol/drone_patrol.egg-info/entry_points.txt
[0.828s] writing requirements to ../../build/drone_patrol/drone_patrol.egg-info/requires.txt
[0.828s] writing top-level names to ../../build/drone_patrol/drone_patrol.egg-info/top_level.txt
[0.829s] reading manifest file '../../build/drone_patrol/drone_patrol.egg-info/SOURCES.txt'
[0.831s] writing manifest file '../../build/drone_patrol/drone_patrol.egg-info/SOURCES.txt'
[0.831s] running build
[0.831s] running build_py
[0.831s] running install
[0.832s] running install_lib
[0.832s] running install_data
[0.832s] running install_egg_info
[0.834s] removing '/home/simone/Documents/IoT_lab/Lab_7/install/drone_patrol/lib/python3.10/site-packages/drone_patrol-0.0.0-py3.10.egg-info' (and everything under it)
[0.834s] Copying ../../build/drone_patrol/drone_patrol.egg-info to /home/simone/Documents/IoT_lab/Lab_7/install/drone_patrol/lib/python3.10/site-packages/drone_patrol-0.0.0-py3.10.egg-info
[0.835s] running install_scripts
[0.854s] Installing get_up script to /home/simone/Documents/IoT_lab/Lab_7/install/drone_patrol/lib/drone_patrol
[0.854s] writing list of installed files to '/home/simone/Documents/IoT_lab/Lab_7/build/drone_patrol/install.log'
[0.874s] Invoked command in '/home/simone/Documents/IoT_lab/Lab_7/src/drone_patrol' returned '0': PYTHONPATH=/home/simone/Documents/IoT_lab/Lab_7/build/drone_patrol/prefix_override:/home/simone/Documents/IoT_lab/Lab_7/install/drone_patrol/lib/python3.10/site-packages:${PYTHONPATH} /usr/bin/python3 -W ignore:setup.py install is deprecated setup.py egg_info --egg-base ../../build/drone_patrol build --build-base /home/simone/Documents/IoT_lab/Lab_7/build/drone_patrol/build install --record /home/simone/Documents/IoT_lab/Lab_7/build/drone_patrol/install.log --single-version-externally-managed install_data
