[1.354s] Invoking command in '/home/simone/Documents/IoT/Lab_3/src/py_srvcli': PYTHONPATH=/home/simone/Documents/IoT/Lab_3/build/py_srvcli/prefix_override:/home/simone/Documents/IoT/Lab_3/install/py_srvcli/lib/python3.10/site-packages:${PYTHONPATH} /usr/bin/python3 -W ignore:setup.py install is deprecated setup.py egg_info --egg-base ../../build/py_srvcli build --build-base /home/simone/Documents/IoT/Lab_3/build/py_srvcli/build install --record /home/simone/Documents/IoT/Lab_3/build/py_srvcli/install.log --single-version-externally-managed install_data
[1.860s] running egg_info
[1.862s] creating ../../build/py_srvcli/py_srvcli.egg-info
[1.863s] writing ../../build/py_srvcli/py_srvcli.egg-info/PKG-INFO
[1.863s] writing dependency_links to ../../build/py_srvcli/py_srvcli.egg-info/dependency_links.txt
[1.863s] writing entry points to ../../build/py_srvcli/py_srvcli.egg-info/entry_points.txt
[1.864s] writing requirements to ../../build/py_srvcli/py_srvcli.egg-info/requires.txt
[1.864s] writing top-level names to ../../build/py_srvcli/py_srvcli.egg-info/top_level.txt
[1.864s] writing manifest file '../../build/py_srvcli/py_srvcli.egg-info/SOURCES.txt'
[1.867s] reading manifest file '../../build/py_srvcli/py_srvcli.egg-info/SOURCES.txt'
[1.869s] writing manifest file '../../build/py_srvcli/py_srvcli.egg-info/SOURCES.txt'
[1.870s] running build
[1.870s] running build_py
[1.870s] creating /home/simone/Documents/IoT/Lab_3/build/py_srvcli/build
[1.871s] creating /home/simone/Documents/IoT/Lab_3/build/py_srvcli/build/lib
[1.871s] creating /home/simone/Documents/IoT/Lab_3/build/py_srvcli/build/lib/py_srvcli
[1.871s] copying py_srvcli/__init__.py -> /home/simone/Documents/IoT/Lab_3/build/py_srvcli/build/lib/py_srvcli
[1.871s] copying py_srvcli/service_member_function.py -> /home/simone/Documents/IoT/Lab_3/build/py_srvcli/build/lib/py_srvcli
[1.872s] copying py_srvcli/client_member_function.py -> /home/simone/Documents/IoT/Lab_3/build/py_srvcli/build/lib/py_srvcli
[1.872s] running install
[1.872s] running install_lib
[1.874s] creating /home/simone/Documents/IoT/Lab_3/install/py_srvcli/lib/python3.10/site-packages/py_srvcli
[1.874s] copying /home/simone/Documents/IoT/Lab_3/build/py_srvcli/build/lib/py_srvcli/__init__.py -> /home/simone/Documents/IoT/Lab_3/install/py_srvcli/lib/python3.10/site-packages/py_srvcli
[1.874s] copying /home/simone/Documents/IoT/Lab_3/build/py_srvcli/build/lib/py_srvcli/service_member_function.py -> /home/simone/Documents/IoT/Lab_3/install/py_srvcli/lib/python3.10/site-packages/py_srvcli
[1.875s] copying /home/simone/Documents/IoT/Lab_3/build/py_srvcli/build/lib/py_srvcli/client_member_function.py -> /home/simone/Documents/IoT/Lab_3/install/py_srvcli/lib/python3.10/site-packages/py_srvcli
[1.876s] byte-compiling /home/simone/Documents/IoT/Lab_3/install/py_srvcli/lib/python3.10/site-packages/py_srvcli/__init__.py to __init__.cpython-310.pyc
[1.876s] byte-compiling /home/simone/Documents/IoT/Lab_3/install/py_srvcli/lib/python3.10/site-packages/py_srvcli/service_member_function.py to service_member_function.cpython-310.pyc
[1.877s] byte-compiling /home/simone/Documents/IoT/Lab_3/install/py_srvcli/lib/python3.10/site-packages/py_srvcli/client_member_function.py to client_member_function.cpython-310.pyc
[1.878s] running install_data
[1.879s] creating /home/simone/Documents/IoT/Lab_3/install/py_srvcli/share/ament_index
[1.879s] creating /home/simone/Documents/IoT/Lab_3/install/py_srvcli/share/ament_index/resource_index
[1.879s] creating /home/simone/Documents/IoT/Lab_3/install/py_srvcli/share/ament_index/resource_index/packages
[1.880s] copying resource/py_srvcli -> /home/simone/Documents/IoT/Lab_3/install/py_srvcli/share/ament_index/resource_index/packages
[1.880s] copying package.xml -> /home/simone/Documents/IoT/Lab_3/install/py_srvcli/share/py_srvcli
[1.880s] running install_egg_info
[1.884s] Copying ../../build/py_srvcli/py_srvcli.egg-info to /home/simone/Documents/IoT/Lab_3/install/py_srvcli/lib/python3.10/site-packages/py_srvcli-0.0.0-py3.10.egg-info
[1.886s] running install_scripts
[1.932s] Installing client script to /home/simone/Documents/IoT/Lab_3/install/py_srvcli/lib/py_srvcli
[1.933s] Installing server script to /home/simone/Documents/IoT/Lab_3/install/py_srvcli/lib/py_srvcli
[1.934s] writing list of installed files to '/home/simone/Documents/IoT/Lab_3/build/py_srvcli/install.log'
[1.981s] Invoked command in '/home/simone/Documents/IoT/Lab_3/src/py_srvcli' returned '0': PYTHONPATH=/home/simone/Documents/IoT/Lab_3/build/py_srvcli/prefix_override:/home/simone/Documents/IoT/Lab_3/install/py_srvcli/lib/python3.10/site-packages:${PYTHONPATH} /usr/bin/python3 -W ignore:setup.py install is deprecated setup.py egg_info --egg-base ../../build/py_srvcli build --build-base /home/simone/Documents/IoT/Lab_3/build/py_srvcli/build install --record /home/simone/Documents/IoT/Lab_3/build/py_srvcli/install.log --single-version-externally-managed install_data
