[33mCMake Warning (dev) at CMakeLists.txt:10:
  Syntax Warning in cmake code at column 23

  Argument not separated from preceding token by whitespace.
This warning is for project developers.  Use -Wno-dev to suppress it.
[0m
[33mCMake Warning (dev) at CMakeLists.txt:14:
  Syntax Warning in cmake code at column 63

  Argument not separated from preceding token by whitespace.
This warning is for project developers.  Use -Wno-dev to suppress it.
[0m
[31mCMake Error at CMakeLists.txt:38:
  Parse error.  Function missing ending ")".  Instead found unterminated
  string with text ")

    add_compile_options(-Wall -Wextra -Wpedantic)

  endif()

  

  # find dependencies

  find_package(ament_cmake REQUIRED)

  # uncomment the following section in order to fill in

  # further dependencies manually.

  # find_package(<dependency> REQUIRED)

  

  if(BUILD_TESTING)

    find_package(ament_lint_auto REQUIRED)
    # the following line skips the linter which checks for copyrights
    # comment the line when a copyright and license is added to all source files
    set(ament_cmake_copyright_FOUND TRUE)
    # the following line skips cpplint (only works in a git repo)
    # comment the line when this package is in a git repo and when
    # a copyright and license is added to all source files
    set(ament_cmake_cpplint_FOUND TRUE)
    ament_lint_auto_find_test_dependencies()

  endif()

  

  ament_package()

  

  ".

[0m
-- Configuring incomplete, errors occurred!
See also "/home/simone/Documents/IoT/Lab_4/build/tutorial_interfaces/CMakeFiles/CMakeOutput.log".
gmake: *** [Makefile:226: cmake_check_build_system] Error 1
