[1.384s] Invoking command in '/home/simone/Documents/IoT/build/turtlesim': CMAKE_PREFIX_PATH=${CMAKE_PREFIX_PATH}:/home/simone/Documents/IoT/install/py_srvcli:/home/simone/Documents/IoT/install/py_pubsub:/opt/ros/humble /usr/bin/cmake --build /home/simone/Documents/IoT/build/turtlesim -- -j16 -l16
[1.532s] [  1%] Built target turtlesim__cpp
[1.536s] [ 11%] Built target turtlesim__rosidl_generator_c
[1.576s] [ 11%] Built target ament_cmake_python_copy_turtlesim
[1.597s] [ 24%] Built target turtlesim__rosidl_typesupport_introspection_c
[1.598s] [ 31%] Built target turtlesim__rosidl_typesupport_cpp
[1.600s] [ 41%] Built target turtlesim__rosidl_typesupport_introspection_cpp
[1.602s] [ 51%] Built target turtlesim__rosidl_typesupport_c
[1.604s] [ 61%] Built target turtlesim__rosidl_typesupport_fastrtps_cpp
[1.607s] [ 71%] Built target turtlesim__rosidl_typesupport_fastrtps_c
[1.660s] [ 71%] Built target turtlesim
[1.668s] [ 73%] Built target mimic
[1.670s] [ 75%] Built target turtle_teleop_key
[1.679s] [ 77%] Built target draw_square
[1.689s] [ 83%] Built target turtlesim_node
[1.719s] [ 84%] Built target turtlesim__py
[1.785s] [ 93%] Built target turtlesim__rosidl_generator_py
[1.842s] [ 96%] Built target turtlesim__rosidl_typesupport_fastrtps_c__pyext
[1.843s] [ 97%] Built target turtlesim__rosidl_typesupport_c__pyext
[1.843s] [100%] Built target turtlesim__rosidl_typesupport_introspection_c__pyext
[2.249s] running egg_info
[2.251s] writing turtlesim.egg-info/PKG-INFO
[2.251s] writing dependency_links to turtlesim.egg-info/dependency_links.txt
[2.252s] writing top-level names to turtlesim.egg-info/top_level.txt
[2.258s] reading manifest file 'turtlesim.egg-info/SOURCES.txt'
[2.260s] writing manifest file 'turtlesim.egg-info/SOURCES.txt'
[2.326s] [100%] Built target ament_cmake_python_build_turtlesim_egg
[2.364s] Invoked command in '/home/simone/Documents/IoT/build/turtlesim' returned '0': CMAKE_PREFIX_PATH=${CMAKE_PREFIX_PATH}:/home/simone/Documents/IoT/install/py_srvcli:/home/simone/Documents/IoT/install/py_pubsub:/opt/ros/humble /usr/bin/cmake --build /home/simone/Documents/IoT/build/turtlesim -- -j16 -l16
[3.009s] Invoking command in '/home/simone/Documents/IoT/build/turtlesim': CMAKE_PREFIX_PATH=${CMAKE_PREFIX_PATH}:/home/simone/Documents/IoT/install/py_srvcli:/home/simone/Documents/IoT/install/py_pubsub:/opt/ros/humble /usr/bin/cmake --install /home/simone/Documents/IoT/build/turtlesim
[3.033s] -- Install configuration: ""
[3.035s] -- Up-to-date: /home/simone/Documents/IoT/install/turtlesim/share/ament_index/resource_index/rosidl_interfaces/turtlesim
[3.035s] -- Up-to-date: /home/simone/Documents/IoT/install/turtlesim/include/turtlesim/turtlesim
[3.036s] -- Up-to-date: /home/simone/Documents/IoT/install/turtlesim/include/turtlesim/turtlesim/srv
[3.036s] -- Up-to-date: /home/simone/Documents/IoT/install/turtlesim/include/turtlesim/turtlesim/srv/teleport_relative.h
[3.037s] -- Up-to-date: /home/simone/Documents/IoT/install/turtlesim/include/turtlesim/turtlesim/srv/set_pen.h
[3.040s] -- Up-to-date: /home/simone/Documents/IoT/install/turtlesim/include/turtlesim/turtlesim/srv/detail
[3.041s] -- Up-to-date: /home/simone/Documents/IoT/install/turtlesim/include/turtlesim/turtlesim/srv/detail/teleport_absolute__functions.h
[3.042s] -- Up-to-date: /home/simone/Documents/IoT/install/turtlesim/include/turtlesim/turtlesim/srv/detail/kill__functions.c
[3.044s] -- Up-to-date: /home/simone/Documents/IoT/install/turtlesim/include/turtlesim/turtlesim/srv/detail/set_pen__type_support.h
[3.044s] -- Up-to-date: /home/simone/Documents/IoT/install/turtlesim/include/turtlesim/turtlesim/srv/detail/kill__struct.h
[3.046s] -- Up-to-date: /home/simone/Documents/IoT/install/turtlesim/include/turtlesim/turtlesim/srv/detail/spawn__struct.h
[3.048s] -- Up-to-date: /home/simone/Documents/IoT/install/turtlesim/include/turtlesim/turtlesim/srv/detail/set_pen__functions.h
[3.049s] -- Up-to-date: /home/simone/Documents/IoT/install/turtlesim/include/turtlesim/turtlesim/srv/detail/teleport_relative__type_support.h
[3.051s] -- Up-to-date: /home/simone/Documents/IoT/install/turtlesim/include/turtlesim/turtlesim/srv/detail/set_pen__functions.c
[3.052s] -- Up-to-date: /home/simone/Documents/IoT/install/turtlesim/include/turtlesim/turtlesim/srv/detail/teleport_relative__functions.c
[3.052s] -- Up-to-date: /home/simone/Documents/IoT/install/turtlesim/include/turtlesim/turtlesim/srv/detail/spawn__type_support.h
[3.054s] -- Up-to-date: /home/simone/Documents/IoT/install/turtlesim/include/turtlesim/turtlesim/srv/detail/kill__type_support.h
[3.057s] -- Up-to-date: /home/simone/Documents/IoT/install/turtlesim/include/turtlesim/turtlesim/srv/detail/spawn__functions.c
[3.057s] -- Up-to-date: /home/simone/Documents/IoT/install/turtlesim/include/turtlesim/turtlesim/srv/detail/teleport_absolute__type_support.h
[3.058s] -- Up-to-date: /home/simone/Documents/IoT/install/turtlesim/include/turtlesim/turtlesim/srv/detail/teleport_relative__functions.h
[3.058s] -- Up-to-date: /home/simone/Documents/IoT/install/turtlesim/include/turtlesim/turtlesim/srv/detail/spawn__functions.h
[3.059s] -- Up-to-date: /home/simone/Documents/IoT/install/turtlesim/include/turtlesim/turtlesim/srv/detail/teleport_relative__struct.h
[3.059s] -- Up-to-date: /home/simone/Documents/IoT/install/turtlesim/include/turtlesim/turtlesim/srv/detail/kill__functions.h
[3.060s] -- Up-to-date: /home/simone/Documents/IoT/install/turtlesim/include/turtlesim/turtlesim/srv/detail/teleport_absolute__struct.h
[3.061s] -- Up-to-date: /home/simone/Documents/IoT/install/turtlesim/include/turtlesim/turtlesim/srv/detail/set_pen__struct.h
[3.061s] -- Up-to-date: /home/simone/Documents/IoT/install/turtlesim/include/turtlesim/turtlesim/srv/detail/teleport_absolute__functions.c
[3.062s] -- Up-to-date: /home/simone/Documents/IoT/install/turtlesim/include/turtlesim/turtlesim/srv/kill.h
[3.062s] -- Up-to-date: /home/simone/Documents/IoT/install/turtlesim/include/turtlesim/turtlesim/srv/teleport_absolute.h
[3.062s] -- Up-to-date: /home/simone/Documents/IoT/install/turtlesim/include/turtlesim/turtlesim/srv/spawn.h
[3.063s] -- Up-to-date: /home/simone/Documents/IoT/install/turtlesim/include/turtlesim/turtlesim/msg
[3.063s] -- Up-to-date: /home/simone/Documents/IoT/install/turtlesim/include/turtlesim/turtlesim/msg/rosidl_generator_c__visibility_control.h
[3.063s] -- Up-to-date: /home/simone/Documents/IoT/install/turtlesim/include/turtlesim/turtlesim/msg/detail
[3.064s] -- Up-to-date: /home/simone/Documents/IoT/install/turtlesim/include/turtlesim/turtlesim/msg/detail/pose__functions.h
[3.064s] -- Up-to-date: /home/simone/Documents/IoT/install/turtlesim/include/turtlesim/turtlesim/msg/detail/pose__type_support.h
[3.065s] -- Up-to-date: /home/simone/Documents/IoT/install/turtlesim/include/turtlesim/turtlesim/msg/detail/pose__struct.h
[3.065s] -- Up-to-date: /home/simone/Documents/IoT/install/turtlesim/include/turtlesim/turtlesim/msg/detail/color__functions.c
[3.066s] -- Up-to-date: /home/simone/Documents/IoT/install/turtlesim/include/turtlesim/turtlesim/msg/detail/color__functions.h
[3.066s] -- Up-to-date: /home/simone/Documents/IoT/install/turtlesim/include/turtlesim/turtlesim/msg/detail/pose__functions.c
[3.067s] -- Up-to-date: /home/simone/Documents/IoT/install/turtlesim/include/turtlesim/turtlesim/msg/detail/color__struct.h
[3.069s] -- Up-to-date: /home/simone/Documents/IoT/install/turtlesim/include/turtlesim/turtlesim/msg/detail/color__type_support.h
[3.071s] -- Up-to-date: /home/simone/Documents/IoT/install/turtlesim/include/turtlesim/turtlesim/msg/pose.h
[3.071s] -- Up-to-date: /home/simone/Documents/IoT/install/turtlesim/include/turtlesim/turtlesim/msg/color.h
[3.071s] -- Up-to-date: /home/simone/Documents/IoT/install/turtlesim/include/turtlesim/turtlesim/action
[3.072s] -- Up-to-date: /home/simone/Documents/IoT/install/turtlesim/include/turtlesim/turtlesim/action/detail
[3.072s] -- Up-to-date: /home/simone/Documents/IoT/install/turtlesim/include/turtlesim/turtlesim/action/detail/rotate_absolute__functions.h
[3.073s] -- Up-to-date: /home/simone/Documents/IoT/install/turtlesim/include/turtlesim/turtlesim/action/detail/rotate_absolute__functions.c
[3.074s] -- Up-to-date: /home/simone/Documents/IoT/install/turtlesim/include/turtlesim/turtlesim/action/detail/rotate_absolute__type_support.h
[3.075s] -- Up-to-date: /home/simone/Documents/IoT/install/turtlesim/include/turtlesim/turtlesim/action/detail/rotate_absolute__struct.h
[3.075s] -- Up-to-date: /home/simone/Documents/IoT/install/turtlesim/include/turtlesim/turtlesim/action/rotate_absolute.h
[3.077s] -- Up-to-date: /home/simone/Documents/IoT/install/turtlesim/share/turtlesim/environment/library_path.sh
[3.079s] -- Up-to-date: /home/simone/Documents/IoT/install/turtlesim/share/turtlesim/environment/library_path.dsv
[3.079s] -- Up-to-date: /home/simone/Documents/IoT/install/turtlesim/lib/libturtlesim__rosidl_generator_c.so
[3.080s] -- Up-to-date: /home/simone/Documents/IoT/install/turtlesim/include/turtlesim/turtlesim
[3.081s] -- Up-to-date: /home/simone/Documents/IoT/install/turtlesim/include/turtlesim/turtlesim/srv
[3.082s] -- Up-to-date: /home/simone/Documents/IoT/install/turtlesim/include/turtlesim/turtlesim/srv/detail
[3.082s] -- Up-to-date: /home/simone/Documents/IoT/install/turtlesim/include/turtlesim/turtlesim/srv/detail/spawn__rosidl_typesupport_fastrtps_c.h
[3.082s] -- Up-to-date: /home/simone/Documents/IoT/install/turtlesim/include/turtlesim/turtlesim/srv/detail/teleport_absolute__rosidl_typesupport_fastrtps_c.h
[3.084s] -- Up-to-date: /home/simone/Documents/IoT/install/turtlesim/include/turtlesim/turtlesim/srv/detail/kill__rosidl_typesupport_fastrtps_c.h
[3.084s] -- Up-to-date: /home/simone/Documents/IoT/install/turtlesim/include/turtlesim/turtlesim/srv/detail/teleport_relative__rosidl_typesupport_fastrtps_c.h
[3.085s] -- Up-to-date: /home/simone/Documents/IoT/install/turtlesim/include/turtlesim/turtlesim/srv/detail/set_pen__rosidl_typesupport_fastrtps_c.h
[3.086s] -- Up-to-date: /home/simone/Documents/IoT/install/turtlesim/include/turtlesim/turtlesim/msg
[3.086s] -- Up-to-date: /home/simone/Documents/IoT/install/turtlesim/include/turtlesim/turtlesim/msg/detail
[3.087s] -- Up-to-date: /home/simone/Documents/IoT/install/turtlesim/include/turtlesim/turtlesim/msg/detail/pose__rosidl_typesupport_fastrtps_c.h
[3.088s] -- Up-to-date: /home/simone/Documents/IoT/install/turtlesim/include/turtlesim/turtlesim/msg/detail/color__rosidl_typesupport_fastrtps_c.h
[3.088s] -- Up-to-date: /home/simone/Documents/IoT/install/turtlesim/include/turtlesim/turtlesim/msg/rosidl_typesupport_fastrtps_c__visibility_control.h
[3.089s] -- Up-to-date: /home/simone/Documents/IoT/install/turtlesim/include/turtlesim/turtlesim/action
[3.089s] -- Up-to-date: /home/simone/Documents/IoT/install/turtlesim/include/turtlesim/turtlesim/action/detail
[3.090s] -- Up-to-date: /home/simone/Documents/IoT/install/turtlesim/include/turtlesim/turtlesim/action/detail/rotate_absolute__rosidl_typesupport_fastrtps_c.h
[3.090s] -- Up-to-date: /home/simone/Documents/IoT/install/turtlesim/lib/libturtlesim__rosidl_typesupport_fastrtps_c.so
[3.090s] -- Up-to-date: /home/simone/Documents/IoT/install/turtlesim/include/turtlesim/turtlesim
[3.090s] -- Up-to-date: /home/simone/Documents/IoT/install/turtlesim/include/turtlesim/turtlesim/srv
[3.090s] -- Up-to-date: /home/simone/Documents/IoT/install/turtlesim/include/turtlesim/turtlesim/srv/teleport_absolute.hpp
[3.091s] -- Up-to-date: /home/simone/Documents/IoT/install/turtlesim/include/turtlesim/turtlesim/srv/teleport_relative.hpp
[3.091s] -- Up-to-date: /home/simone/Documents/IoT/install/turtlesim/include/turtlesim/turtlesim/srv/set_pen.hpp
[3.091s] -- Up-to-date: /home/simone/Documents/IoT/install/turtlesim/include/turtlesim/turtlesim/srv/spawn.hpp
[3.091s] -- Up-to-date: /home/simone/Documents/IoT/install/turtlesim/include/turtlesim/turtlesim/srv/kill.hpp
[3.092s] -- Up-to-date: /home/simone/Documents/IoT/install/turtlesim/include/turtlesim/turtlesim/srv/detail
[3.092s] -- Up-to-date: /home/simone/Documents/IoT/install/turtlesim/include/turtlesim/turtlesim/srv/detail/teleport_relative__builder.hpp
[3.092s] -- Up-to-date: /home/simone/Documents/IoT/install/turtlesim/include/turtlesim/turtlesim/srv/detail/set_pen__traits.hpp
[3.092s] -- Up-to-date: /home/simone/Documents/IoT/install/turtlesim/include/turtlesim/turtlesim/srv/detail/spawn__struct.hpp
[3.092s] -- Up-to-date: /home/simone/Documents/IoT/install/turtlesim/include/turtlesim/turtlesim/srv/detail/spawn__traits.hpp
[3.093s] -- Up-to-date: /home/simone/Documents/IoT/install/turtlesim/include/turtlesim/turtlesim/srv/detail/teleport_absolute__struct.hpp
[3.093s] -- Up-to-date: /home/simone/Documents/IoT/install/turtlesim/include/turtlesim/turtlesim/srv/detail/set_pen__builder.hpp
[3.093s] -- Up-to-date: /home/simone/Documents/IoT/install/turtlesim/include/turtlesim/turtlesim/srv/detail/teleport_relative__traits.hpp
[3.093s] -- Up-to-date: /home/simone/Documents/IoT/install/turtlesim/include/turtlesim/turtlesim/srv/detail/teleport_absolute__builder.hpp
[3.093s] -- Up-to-date: /home/simone/Documents/IoT/install/turtlesim/include/turtlesim/turtlesim/srv/detail/set_pen__struct.hpp
[3.094s] -- Up-to-date: /home/simone/Documents/IoT/install/turtlesim/include/turtlesim/turtlesim/srv/detail/spawn__builder.hpp
[3.094s] -- Up-to-date: /home/simone/Documents/IoT/install/turtlesim/include/turtlesim/turtlesim/srv/detail/kill__builder.hpp
[3.094s] -- Up-to-date: /home/simone/Documents/IoT/install/turtlesim/include/turtlesim/turtlesim/srv/detail/kill__traits.hpp
[3.094s] -- Up-to-date: /home/simone/Documents/IoT/install/turtlesim/include/turtlesim/turtlesim/srv/detail/teleport_absolute__traits.hpp
[3.094s] -- Up-to-date: /home/simone/Documents/IoT/install/turtlesim/include/turtlesim/turtlesim/srv/detail/kill__struct.hpp
[3.094s] -- Up-to-date: /home/simone/Documents/IoT/install/turtlesim/include/turtlesim/turtlesim/srv/detail/teleport_relative__struct.hpp
[3.095s] -- Up-to-date: /home/simone/Documents/IoT/install/turtlesim/include/turtlesim/turtlesim/msg
[3.095s] -- Up-to-date: /home/simone/Documents/IoT/install/turtlesim/include/turtlesim/turtlesim/msg/pose.hpp
[3.095s] -- Up-to-date: /home/simone/Documents/IoT/install/turtlesim/include/turtlesim/turtlesim/msg/color.hpp
[3.095s] -- Up-to-date: /home/simone/Documents/IoT/install/turtlesim/include/turtlesim/turtlesim/msg/detail
[3.095s] -- Up-to-date: /home/simone/Documents/IoT/install/turtlesim/include/turtlesim/turtlesim/msg/detail/pose__builder.hpp
[3.096s] -- Up-to-date: /home/simone/Documents/IoT/install/turtlesim/include/turtlesim/turtlesim/msg/detail/pose__traits.hpp
[3.096s] -- Up-to-date: /home/simone/Documents/IoT/install/turtlesim/include/turtlesim/turtlesim/msg/detail/color__traits.hpp
[3.096s] -- Up-to-date: /home/simone/Documents/IoT/install/turtlesim/include/turtlesim/turtlesim/msg/detail/color__struct.hpp
[3.096s] -- Up-to-date: /home/simone/Documents/IoT/install/turtlesim/include/turtlesim/turtlesim/msg/detail/color__builder.hpp
[3.097s] -- Up-to-date: /home/simone/Documents/IoT/install/turtlesim/include/turtlesim/turtlesim/msg/detail/pose__struct.hpp
[3.097s] -- Up-to-date: /home/simone/Documents/IoT/install/turtlesim/include/turtlesim/turtlesim/action
[3.097s] -- Up-to-date: /home/simone/Documents/IoT/install/turtlesim/include/turtlesim/turtlesim/action/detail
[3.097s] -- Up-to-date: /home/simone/Documents/IoT/install/turtlesim/include/turtlesim/turtlesim/action/detail/rotate_absolute__struct.hpp
[3.097s] -- Up-to-date: /home/simone/Documents/IoT/install/turtlesim/include/turtlesim/turtlesim/action/detail/rotate_absolute__traits.hpp
[3.097s] -- Up-to-date: /home/simone/Documents/IoT/install/turtlesim/include/turtlesim/turtlesim/action/detail/rotate_absolute__builder.hpp
[3.098s] -- Up-to-date: /home/simone/Documents/IoT/install/turtlesim/include/turtlesim/turtlesim/action/rotate_absolute.hpp
[3.098s] -- Up-to-date: /home/simone/Documents/IoT/install/turtlesim/include/turtlesim/turtlesim
[3.098s] -- Up-to-date: /home/simone/Documents/IoT/install/turtlesim/include/turtlesim/turtlesim/srv
[3.098s] -- Up-to-date: /home/simone/Documents/IoT/install/turtlesim/include/turtlesim/turtlesim/srv/detail
[3.098s] -- Up-to-date: /home/simone/Documents/IoT/install/turtlesim/include/turtlesim/turtlesim/srv/detail/kill__rosidl_typesupport_fastrtps_cpp.hpp
[3.099s] -- Up-to-date: /home/simone/Documents/IoT/install/turtlesim/include/turtlesim/turtlesim/srv/detail/teleport_absolute__rosidl_typesupport_fastrtps_cpp.hpp
[3.099s] -- Up-to-date: /home/simone/Documents/IoT/install/turtlesim/include/turtlesim/turtlesim/srv/detail/dds_fastrtps
[3.099s] -- Up-to-date: /home/simone/Documents/IoT/install/turtlesim/include/turtlesim/turtlesim/srv/detail/spawn__rosidl_typesupport_fastrtps_cpp.hpp
[3.099s] -- Up-to-date: /home/simone/Documents/IoT/install/turtlesim/include/turtlesim/turtlesim/srv/detail/set_pen__rosidl_typesupport_fastrtps_cpp.hpp
[3.099s] -- Up-to-date: /home/simone/Documents/IoT/install/turtlesim/include/turtlesim/turtlesim/srv/detail/teleport_relative__rosidl_typesupport_fastrtps_cpp.hpp
[3.100s] -- Up-to-date: /home/simone/Documents/IoT/install/turtlesim/include/turtlesim/turtlesim/msg
[3.100s] -- Up-to-date: /home/simone/Documents/IoT/install/turtlesim/include/turtlesim/turtlesim/msg/rosidl_typesupport_fastrtps_cpp__visibility_control.h
[3.100s] -- Up-to-date: /home/simone/Documents/IoT/install/turtlesim/include/turtlesim/turtlesim/msg/detail
[3.100s] -- Up-to-date: /home/simone/Documents/IoT/install/turtlesim/include/turtlesim/turtlesim/msg/detail/color__rosidl_typesupport_fastrtps_cpp.hpp
[3.100s] -- Up-to-date: /home/simone/Documents/IoT/install/turtlesim/include/turtlesim/turtlesim/msg/detail/dds_fastrtps
[3.100s] -- Up-to-date: /home/simone/Documents/IoT/install/turtlesim/include/turtlesim/turtlesim/msg/detail/pose__rosidl_typesupport_fastrtps_cpp.hpp
[3.101s] -- Up-to-date: /home/simone/Documents/IoT/install/turtlesim/include/turtlesim/turtlesim/action
[3.101s] -- Up-to-date: /home/simone/Documents/IoT/install/turtlesim/include/turtlesim/turtlesim/action/detail
[3.101s] -- Up-to-date: /home/simone/Documents/IoT/install/turtlesim/include/turtlesim/turtlesim/action/detail/rotate_absolute__rosidl_typesupport_fastrtps_cpp.hpp
[3.101s] -- Up-to-date: /home/simone/Documents/IoT/install/turtlesim/include/turtlesim/turtlesim/action/detail/dds_fastrtps
[3.101s] -- Up-to-date: /home/simone/Documents/IoT/install/turtlesim/lib/libturtlesim__rosidl_typesupport_fastrtps_cpp.so
[3.101s] -- Up-to-date: /home/simone/Documents/IoT/install/turtlesim/include/turtlesim/turtlesim
[3.102s] -- Up-to-date: /home/simone/Documents/IoT/install/turtlesim/include/turtlesim/turtlesim/srv
[3.102s] -- Up-to-date: /home/simone/Documents/IoT/install/turtlesim/include/turtlesim/turtlesim/srv/detail
[3.102s] -- Up-to-date: /home/simone/Documents/IoT/install/turtlesim/include/turtlesim/turtlesim/srv/detail/teleport_relative__rosidl_typesupport_introspection_c.h
[3.102s] -- Up-to-date: /home/simone/Documents/IoT/install/turtlesim/include/turtlesim/turtlesim/srv/detail/spawn__type_support.c
[3.102s] -- Up-to-date: /home/simone/Documents/IoT/install/turtlesim/include/turtlesim/turtlesim/srv/detail/kill__type_support.c
[3.102s] -- Up-to-date: /home/simone/Documents/IoT/install/turtlesim/include/turtlesim/turtlesim/srv/detail/teleport_absolute__type_support.c
[3.103s] -- Up-to-date: /home/simone/Documents/IoT/install/turtlesim/include/turtlesim/turtlesim/srv/detail/set_pen__type_support.c
[3.103s] -- Up-to-date: /home/simone/Documents/IoT/install/turtlesim/include/turtlesim/turtlesim/srv/detail/set_pen__rosidl_typesupport_introspection_c.h
[3.103s] -- Up-to-date: /home/simone/Documents/IoT/install/turtlesim/include/turtlesim/turtlesim/srv/detail/teleport_absolute__rosidl_typesupport_introspection_c.h
[3.103s] -- Up-to-date: /home/simone/Documents/IoT/install/turtlesim/include/turtlesim/turtlesim/srv/detail/spawn__rosidl_typesupport_introspection_c.h
[3.103s] -- Up-to-date: /home/simone/Documents/IoT/install/turtlesim/include/turtlesim/turtlesim/srv/detail/kill__rosidl_typesupport_introspection_c.h
[3.104s] -- Up-to-date: /home/simone/Documents/IoT/install/turtlesim/include/turtlesim/turtlesim/srv/detail/teleport_relative__type_support.c
[3.104s] -- Up-to-date: /home/simone/Documents/IoT/install/turtlesim/include/turtlesim/turtlesim/msg
[3.104s] -- Up-to-date: /home/simone/Documents/IoT/install/turtlesim/include/turtlesim/turtlesim/msg/rosidl_typesupport_introspection_c__visibility_control.h
[3.104s] -- Up-to-date: /home/simone/Documents/IoT/install/turtlesim/include/turtlesim/turtlesim/msg/detail
[3.104s] -- Up-to-date: /home/simone/Documents/IoT/install/turtlesim/include/turtlesim/turtlesim/msg/detail/pose__type_support.c
[3.105s] -- Up-to-date: /home/simone/Documents/IoT/install/turtlesim/include/turtlesim/turtlesim/msg/detail/color__type_support.c
[3.105s] -- Up-to-date: /home/simone/Documents/IoT/install/turtlesim/include/turtlesim/turtlesim/msg/detail/pose__rosidl_typesupport_introspection_c.h
[3.105s] -- Up-to-date: /home/simone/Documents/IoT/install/turtlesim/include/turtlesim/turtlesim/msg/detail/color__rosidl_typesupport_introspection_c.h
[3.105s] -- Up-to-date: /home/simone/Documents/IoT/install/turtlesim/include/turtlesim/turtlesim/action
[3.105s] -- Up-to-date: /home/simone/Documents/IoT/install/turtlesim/include/turtlesim/turtlesim/action/detail
[3.106s] -- Up-to-date: /home/simone/Documents/IoT/install/turtlesim/include/turtlesim/turtlesim/action/detail/rotate_absolute__type_support.c
[3.106s] -- Up-to-date: /home/simone/Documents/IoT/install/turtlesim/include/turtlesim/turtlesim/action/detail/rotate_absolute__rosidl_typesupport_introspection_c.h
[3.106s] -- Up-to-date: /home/simone/Documents/IoT/install/turtlesim/lib/libturtlesim__rosidl_typesupport_introspection_c.so
[3.106s] -- Up-to-date: /home/simone/Documents/IoT/install/turtlesim/lib/libturtlesim__rosidl_typesupport_c.so
[3.106s] -- Up-to-date: /home/simone/Documents/IoT/install/turtlesim/include/turtlesim/turtlesim
[3.107s] -- Up-to-date: /home/simone/Documents/IoT/install/turtlesim/include/turtlesim/turtlesim/srv
[3.107s] -- Up-to-date: /home/simone/Documents/IoT/install/turtlesim/include/turtlesim/turtlesim/srv/detail
[3.107s] -- Up-to-date: /home/simone/Documents/IoT/install/turtlesim/include/turtlesim/turtlesim/srv/detail/teleport_absolute__type_support.cpp
[3.107s] -- Up-to-date: /home/simone/Documents/IoT/install/turtlesim/include/turtlesim/turtlesim/srv/detail/spawn__rosidl_typesupport_introspection_cpp.hpp
[3.108s] -- Up-to-date: /home/simone/Documents/IoT/install/turtlesim/include/turtlesim/turtlesim/srv/detail/set_pen__rosidl_typesupport_introspection_cpp.hpp
[3.108s] -- Up-to-date: /home/simone/Documents/IoT/install/turtlesim/include/turtlesim/turtlesim/srv/detail/spawn__type_support.cpp
[3.108s] -- Up-to-date: /home/simone/Documents/IoT/install/turtlesim/include/turtlesim/turtlesim/srv/detail/teleport_relative__rosidl_typesupport_introspection_cpp.hpp
[3.108s] -- Up-to-date: /home/simone/Documents/IoT/install/turtlesim/include/turtlesim/turtlesim/srv/detail/teleport_absolute__rosidl_typesupport_introspection_cpp.hpp
[3.109s] -- Up-to-date: /home/simone/Documents/IoT/install/turtlesim/include/turtlesim/turtlesim/srv/detail/teleport_relative__type_support.cpp
[3.109s] -- Up-to-date: /home/simone/Documents/IoT/install/turtlesim/include/turtlesim/turtlesim/srv/detail/kill__type_support.cpp
[3.109s] -- Up-to-date: /home/simone/Documents/IoT/install/turtlesim/include/turtlesim/turtlesim/srv/detail/set_pen__type_support.cpp
[3.109s] -- Up-to-date: /home/simone/Documents/IoT/install/turtlesim/include/turtlesim/turtlesim/srv/detail/kill__rosidl_typesupport_introspection_cpp.hpp
[3.109s] -- Up-to-date: /home/simone/Documents/IoT/install/turtlesim/include/turtlesim/turtlesim/msg
[3.110s] -- Up-to-date: /home/simone/Documents/IoT/install/turtlesim/include/turtlesim/turtlesim/msg/detail
[3.110s] -- Up-to-date: /home/simone/Documents/IoT/install/turtlesim/include/turtlesim/turtlesim/msg/detail/color__rosidl_typesupport_introspection_cpp.hpp
[3.110s] -- Up-to-date: /home/simone/Documents/IoT/install/turtlesim/include/turtlesim/turtlesim/msg/detail/color__type_support.cpp
[3.110s] -- Up-to-date: /home/simone/Documents/IoT/install/turtlesim/include/turtlesim/turtlesim/msg/detail/pose__type_support.cpp
[3.111s] -- Up-to-date: /home/simone/Documents/IoT/install/turtlesim/include/turtlesim/turtlesim/msg/detail/pose__rosidl_typesupport_introspection_cpp.hpp
[3.111s] -- Up-to-date: /home/simone/Documents/IoT/install/turtlesim/include/turtlesim/turtlesim/action
[3.112s] -- Up-to-date: /home/simone/Documents/IoT/install/turtlesim/include/turtlesim/turtlesim/action/detail
[3.112s] -- Up-to-date: /home/simone/Documents/IoT/install/turtlesim/include/turtlesim/turtlesim/action/detail/rotate_absolute__type_support.cpp
[3.112s] -- Up-to-date: /home/simone/Documents/IoT/install/turtlesim/include/turtlesim/turtlesim/action/detail/rotate_absolute__rosidl_typesupport_introspection_cpp.hpp
[3.113s] -- Up-to-date: /home/simone/Documents/IoT/install/turtlesim/lib/libturtlesim__rosidl_typesupport_introspection_cpp.so
[3.113s] -- Up-to-date: /home/simone/Documents/IoT/install/turtlesim/lib/libturtlesim__rosidl_typesupport_cpp.so
[3.113s] -- Up-to-date: /home/simone/Documents/IoT/install/turtlesim/share/turtlesim/environment/pythonpath.sh
[3.113s] -- Up-to-date: /home/simone/Documents/IoT/install/turtlesim/share/turtlesim/environment/pythonpath.dsv
[3.113s] -- Up-to-date: /home/simone/Documents/IoT/install/turtlesim/local/lib/python3.10/dist-packages/turtlesim-1.4.2-py3.10.egg-info
[3.113s] -- Installing: /home/simone/Documents/IoT/install/turtlesim/local/lib/python3.10/dist-packages/turtlesim-1.4.2-py3.10.egg-info/SOURCES.txt
[3.114s] -- Installing: /home/simone/Documents/IoT/install/turtlesim/local/lib/python3.10/dist-packages/turtlesim-1.4.2-py3.10.egg-info/dependency_links.txt
[3.114s] -- Installing: /home/simone/Documents/IoT/install/turtlesim/local/lib/python3.10/dist-packages/turtlesim-1.4.2-py3.10.egg-info/PKG-INFO
[3.114s] -- Installing: /home/simone/Documents/IoT/install/turtlesim/local/lib/python3.10/dist-packages/turtlesim-1.4.2-py3.10.egg-info/top_level.txt
[3.116s] -- Up-to-date: /home/simone/Documents/IoT/install/turtlesim/local/lib/python3.10/dist-packages/turtlesim
[3.116s] -- Up-to-date: /home/simone/Documents/IoT/install/turtlesim/local/lib/python3.10/dist-packages/turtlesim/__init__.py
[3.116s] -- Up-to-date: /home/simone/Documents/IoT/install/turtlesim/local/lib/python3.10/dist-packages/turtlesim/libturtlesim__rosidl_generator_py.so
[3.116s] -- Up-to-date: /home/simone/Documents/IoT/install/turtlesim/local/lib/python3.10/dist-packages/turtlesim/_turtlesim_s.ep.rosidl_typesupport_fastrtps_c.c
[3.116s] -- Up-to-date: /home/simone/Documents/IoT/install/turtlesim/local/lib/python3.10/dist-packages/turtlesim/turtlesim_s__rosidl_typesupport_fastrtps_c.cpython-310-x86_64-linux-gnu.so
[3.117s] -- Up-to-date: /home/simone/Documents/IoT/install/turtlesim/local/lib/python3.10/dist-packages/turtlesim/turtlesim_s__rosidl_typesupport_c.cpython-310-x86_64-linux-gnu.so
[3.117s] -- Up-to-date: /home/simone/Documents/IoT/install/turtlesim/local/lib/python3.10/dist-packages/turtlesim/srv
[3.117s] -- Up-to-date: /home/simone/Documents/IoT/install/turtlesim/local/lib/python3.10/dist-packages/turtlesim/srv/_set_pen_s.c
[3.117s] -- Up-to-date: /home/simone/Documents/IoT/install/turtlesim/local/lib/python3.10/dist-packages/turtlesim/srv/__init__.py
[3.118s] -- Up-to-date: /home/simone/Documents/IoT/install/turtlesim/local/lib/python3.10/dist-packages/turtlesim/srv/_spawn_s.c
[3.118s] -- Up-to-date: /home/simone/Documents/IoT/install/turtlesim/local/lib/python3.10/dist-packages/turtlesim/srv/_teleport_relative_s.c
[3.118s] -- Up-to-date: /home/simone/Documents/IoT/install/turtlesim/local/lib/python3.10/dist-packages/turtlesim/srv/_teleport_absolute_s.c
[3.118s] -- Up-to-date: /home/simone/Documents/IoT/install/turtlesim/local/lib/python3.10/dist-packages/turtlesim/srv/_teleport_absolute.py
[3.118s] -- Up-to-date: /home/simone/Documents/IoT/install/turtlesim/local/lib/python3.10/dist-packages/turtlesim/srv/_spawn.py
[3.118s] -- Up-to-date: /home/simone/Documents/IoT/install/turtlesim/local/lib/python3.10/dist-packages/turtlesim/srv/_kill_s.c
[3.118s] -- Up-to-date: /home/simone/Documents/IoT/install/turtlesim/local/lib/python3.10/dist-packages/turtlesim/srv/_kill.py
[3.119s] -- Up-to-date: /home/simone/Documents/IoT/install/turtlesim/local/lib/python3.10/dist-packages/turtlesim/srv/_teleport_relative.py
[3.119s] -- Up-to-date: /home/simone/Documents/IoT/install/turtlesim/local/lib/python3.10/dist-packages/turtlesim/srv/_set_pen.py
[3.119s] -- Up-to-date: /home/simone/Documents/IoT/install/turtlesim/local/lib/python3.10/dist-packages/turtlesim/turtlesim_s__rosidl_typesupport_introspection_c.cpython-310-x86_64-linux-gnu.so
[3.119s] -- Up-to-date: /home/simone/Documents/IoT/install/turtlesim/local/lib/python3.10/dist-packages/turtlesim/msg
[3.119s] -- Up-to-date: /home/simone/Documents/IoT/install/turtlesim/local/lib/python3.10/dist-packages/turtlesim/msg/__init__.py
[3.119s] -- Up-to-date: /home/simone/Documents/IoT/install/turtlesim/local/lib/python3.10/dist-packages/turtlesim/msg/_color.py
[3.120s] -- Up-to-date: /home/simone/Documents/IoT/install/turtlesim/local/lib/python3.10/dist-packages/turtlesim/msg/_pose_s.c
[3.120s] -- Up-to-date: /home/simone/Documents/IoT/install/turtlesim/local/lib/python3.10/dist-packages/turtlesim/msg/_color_s.c
[3.120s] -- Up-to-date: /home/simone/Documents/IoT/install/turtlesim/local/lib/python3.10/dist-packages/turtlesim/msg/_pose.py
[3.120s] -- Up-to-date: /home/simone/Documents/IoT/install/turtlesim/local/lib/python3.10/dist-packages/turtlesim/action
[3.120s] -- Up-to-date: /home/simone/Documents/IoT/install/turtlesim/local/lib/python3.10/dist-packages/turtlesim/action/__init__.py
[3.120s] -- Up-to-date: /home/simone/Documents/IoT/install/turtlesim/local/lib/python3.10/dist-packages/turtlesim/action/_rotate_absolute_s.c
[3.121s] -- Up-to-date: /home/simone/Documents/IoT/install/turtlesim/local/lib/python3.10/dist-packages/turtlesim/action/_rotate_absolute.py
[3.121s] -- Up-to-date: /home/simone/Documents/IoT/install/turtlesim/local/lib/python3.10/dist-packages/turtlesim/_turtlesim_s.ep.rosidl_typesupport_introspection_c.c
[3.121s] -- Up-to-date: /home/simone/Documents/IoT/install/turtlesim/local/lib/python3.10/dist-packages/turtlesim/_turtlesim_s.ep.rosidl_typesupport_c.c
[3.156s] Listing '/home/simone/Documents/IoT/install/turtlesim/local/lib/python3.10/dist-packages/turtlesim'...
[3.157s] Listing '/home/simone/Documents/IoT/install/turtlesim/local/lib/python3.10/dist-packages/turtlesim/action'...
[3.157s] Listing '/home/simone/Documents/IoT/install/turtlesim/local/lib/python3.10/dist-packages/turtlesim/msg'...
[3.157s] Listing '/home/simone/Documents/IoT/install/turtlesim/local/lib/python3.10/dist-packages/turtlesim/srv'...
[3.169s] -- Up-to-date: /home/simone/Documents/IoT/install/turtlesim/local/lib/python3.10/dist-packages/turtlesim/turtlesim_s__rosidl_typesupport_fastrtps_c.cpython-310-x86_64-linux-gnu.so
[3.170s] -- Up-to-date: /home/simone/Documents/IoT/install/turtlesim/local/lib/python3.10/dist-packages/turtlesim/turtlesim_s__rosidl_typesupport_introspection_c.cpython-310-x86_64-linux-gnu.so
[3.171s] -- Up-to-date: /home/simone/Documents/IoT/install/turtlesim/local/lib/python3.10/dist-packages/turtlesim/turtlesim_s__rosidl_typesupport_c.cpython-310-x86_64-linux-gnu.so
[3.172s] -- Up-to-date: /home/simone/Documents/IoT/install/turtlesim/lib/libturtlesim__rosidl_generator_py.so
[3.173s] -- Up-to-date: /home/simone/Documents/IoT/install/turtlesim/share/turtlesim/action/RotateAbsolute.idl
[3.174s] -- Up-to-date: /home/simone/Documents/IoT/install/turtlesim/share/turtlesim/msg/Color.idl
[3.174s] -- Up-to-date: /home/simone/Documents/IoT/install/turtlesim/share/turtlesim/msg/Pose.idl
[3.175s] -- Up-to-date: /home/simone/Documents/IoT/install/turtlesim/share/turtlesim/srv/Kill.idl
[3.175s] -- Up-to-date: /home/simone/Documents/IoT/install/turtlesim/share/turtlesim/srv/SetPen.idl
[3.175s] -- Up-to-date: /home/simone/Documents/IoT/install/turtlesim/share/turtlesim/srv/Spawn.idl
[3.176s] -- Up-to-date: /home/simone/Documents/IoT/install/turtlesim/share/turtlesim/srv/TeleportAbsolute.idl
[3.176s] -- Up-to-date: /home/simone/Documents/IoT/install/turtlesim/share/turtlesim/srv/TeleportRelative.idl
[3.176s] -- Up-to-date: /home/simone/Documents/IoT/install/turtlesim/share/turtlesim/action/RotateAbsolute.action
[3.177s] -- Up-to-date: /home/simone/Documents/IoT/install/turtlesim/share/turtlesim/msg/Color.msg
[3.177s] -- Up-to-date: /home/simone/Documents/IoT/install/turtlesim/share/turtlesim/msg/Pose.msg
[3.177s] -- Up-to-date: /home/simone/Documents/IoT/install/turtlesim/share/turtlesim/srv/Kill.srv
[3.178s] -- Up-to-date: /home/simone/Documents/IoT/install/turtlesim/share/turtlesim/srv/Kill_Request.msg
[3.178s] -- Up-to-date: /home/simone/Documents/IoT/install/turtlesim/share/turtlesim/srv/Kill_Response.msg
[3.178s] -- Up-to-date: /home/simone/Documents/IoT/install/turtlesim/share/turtlesim/srv/SetPen.srv
[3.178s] -- Up-to-date: /home/simone/Documents/IoT/install/turtlesim/share/turtlesim/srv/SetPen_Request.msg
[3.178s] -- Up-to-date: /home/simone/Documents/IoT/install/turtlesim/share/turtlesim/srv/SetPen_Response.msg
[3.179s] -- Up-to-date: /home/simone/Documents/IoT/install/turtlesim/share/turtlesim/srv/Spawn.srv
[3.179s] -- Up-to-date: /home/simone/Documents/IoT/install/turtlesim/share/turtlesim/srv/Spawn_Request.msg
[3.179s] -- Up-to-date: /home/simone/Documents/IoT/install/turtlesim/share/turtlesim/srv/Spawn_Response.msg
[3.179s] -- Up-to-date: /home/simone/Documents/IoT/install/turtlesim/share/turtlesim/srv/TeleportAbsolute.srv
[3.179s] -- Up-to-date: /home/simone/Documents/IoT/install/turtlesim/share/turtlesim/srv/TeleportAbsolute_Request.msg
[3.180s] -- Up-to-date: /home/simone/Documents/IoT/install/turtlesim/share/turtlesim/srv/TeleportAbsolute_Response.msg
[3.180s] -- Up-to-date: /home/simone/Documents/IoT/install/turtlesim/share/turtlesim/srv/TeleportRelative.srv
[3.180s] -- Up-to-date: /home/simone/Documents/IoT/install/turtlesim/share/turtlesim/srv/TeleportRelative_Request.msg
[3.180s] -- Up-to-date: /home/simone/Documents/IoT/install/turtlesim/share/turtlesim/srv/TeleportRelative_Response.msg
[3.181s] -- Up-to-date: /home/simone/Documents/IoT/install/turtlesim/lib/turtlesim/turtlesim_node
[3.181s] -- Up-to-date: /home/simone/Documents/IoT/install/turtlesim/lib/turtlesim/turtle_teleop_key
[3.181s] -- Up-to-date: /home/simone/Documents/IoT/install/turtlesim/lib/turtlesim/draw_square
[3.181s] -- Up-to-date: /home/simone/Documents/IoT/install/turtlesim/lib/turtlesim/mimic
[3.182s] -- Up-to-date: /home/simone/Documents/IoT/install/turtlesim/share/turtlesim/images
[3.182s] -- Up-to-date: /home/simone/Documents/IoT/install/turtlesim/share/turtlesim/images/galactic.png
[3.183s] -- Up-to-date: /home/simone/Documents/IoT/install/turtlesim/share/turtlesim/images/ardent.png
[3.183s] -- Up-to-date: /home/simone/Documents/IoT/install/turtlesim/share/turtlesim/images/bouncy.png
[3.183s] -- Up-to-date: /home/simone/Documents/IoT/install/turtlesim/share/turtlesim/images/humble.png
[3.184s] -- Up-to-date: /home/simone/Documents/IoT/install/turtlesim/share/turtlesim/images/foxy.png
[3.184s] -- Up-to-date: /home/simone/Documents/IoT/install/turtlesim/share/turtlesim/images/dashing.png
[3.184s] -- Up-to-date: /home/simone/Documents/IoT/install/turtlesim/share/turtlesim/images/rolling.png
[3.185s] -- Up-to-date: /home/simone/Documents/IoT/install/turtlesim/share/turtlesim/images/eloquent.png
[3.185s] -- Up-to-date: /home/simone/Documents/IoT/install/turtlesim/share/turtlesim/images/crystal.png
[3.185s] -- Up-to-date: /home/simone/Documents/IoT/install/turtlesim/share/turtlesim/launch
[3.185s] -- Up-to-date: /home/simone/Documents/IoT/install/turtlesim/share/turtlesim/launch/multisim.launch.py
[3.186s] -- Up-to-date: /home/simone/Documents/IoT/install/turtlesim/share/ament_index/resource_index/package_run_dependencies/turtlesim
[3.186s] -- Up-to-date: /home/simone/Documents/IoT/install/turtlesim/share/ament_index/resource_index/parent_prefix_path/turtlesim
[3.186s] -- Up-to-date: /home/simone/Documents/IoT/install/turtlesim/share/turtlesim/environment/ament_prefix_path.sh
[3.186s] -- Up-to-date: /home/simone/Documents/IoT/install/turtlesim/share/turtlesim/environment/ament_prefix_path.dsv
[3.187s] -- Up-to-date: /home/simone/Documents/IoT/install/turtlesim/share/turtlesim/environment/path.sh
[3.187s] -- Up-to-date: /home/simone/Documents/IoT/install/turtlesim/share/turtlesim/environment/path.dsv
[3.187s] -- Up-to-date: /home/simone/Documents/IoT/install/turtlesim/share/turtlesim/local_setup.bash
[3.187s] -- Up-to-date: /home/simone/Documents/IoT/install/turtlesim/share/turtlesim/local_setup.sh
[3.188s] -- Up-to-date: /home/simone/Documents/IoT/install/turtlesim/share/turtlesim/local_setup.zsh
[3.188s] -- Up-to-date: /home/simone/Documents/IoT/install/turtlesim/share/turtlesim/local_setup.dsv
[3.188s] -- Installing: /home/simone/Documents/IoT/install/turtlesim/share/turtlesim/package.dsv
[3.189s] -- Up-to-date: /home/simone/Documents/IoT/install/turtlesim/share/ament_index/resource_index/packages/turtlesim
[3.189s] -- Up-to-date: /home/simone/Documents/IoT/install/turtlesim/share/turtlesim/cmake/export_turtlesim__rosidl_generator_cExport.cmake
[3.189s] -- Up-to-date: /home/simone/Documents/IoT/install/turtlesim/share/turtlesim/cmake/export_turtlesim__rosidl_generator_cExport-noconfig.cmake
[3.189s] -- Up-to-date: /home/simone/Documents/IoT/install/turtlesim/share/turtlesim/cmake/export_turtlesim__rosidl_typesupport_fastrtps_cExport.cmake
[3.190s] -- Up-to-date: /home/simone/Documents/IoT/install/turtlesim/share/turtlesim/cmake/export_turtlesim__rosidl_typesupport_fastrtps_cExport-noconfig.cmake
[3.190s] -- Up-to-date: /home/simone/Documents/IoT/install/turtlesim/share/turtlesim/cmake/export_turtlesim__rosidl_generator_cppExport.cmake
[3.190s] -- Up-to-date: /home/simone/Documents/IoT/install/turtlesim/share/turtlesim/cmake/export_turtlesim__rosidl_typesupport_fastrtps_cppExport.cmake
[3.191s] -- Up-to-date: /home/simone/Documents/IoT/install/turtlesim/share/turtlesim/cmake/export_turtlesim__rosidl_typesupport_fastrtps_cppExport-noconfig.cmake
[3.192s] -- Up-to-date: /home/simone/Documents/IoT/install/turtlesim/share/turtlesim/cmake/turtlesim__rosidl_typesupport_introspection_cExport.cmake
[3.192s] -- Up-to-date: /home/simone/Documents/IoT/install/turtlesim/share/turtlesim/cmake/turtlesim__rosidl_typesupport_introspection_cExport-noconfig.cmake
[3.193s] -- Up-to-date: /home/simone/Documents/IoT/install/turtlesim/share/turtlesim/cmake/turtlesim__rosidl_typesupport_cExport.cmake
[3.193s] -- Up-to-date: /home/simone/Documents/IoT/install/turtlesim/share/turtlesim/cmake/turtlesim__rosidl_typesupport_cExport-noconfig.cmake
[3.194s] -- Up-to-date: /home/simone/Documents/IoT/install/turtlesim/share/turtlesim/cmake/turtlesim__rosidl_typesupport_introspection_cppExport.cmake
[3.194s] -- Up-to-date: /home/simone/Documents/IoT/install/turtlesim/share/turtlesim/cmake/turtlesim__rosidl_typesupport_introspection_cppExport-noconfig.cmake
[3.194s] -- Up-to-date: /home/simone/Documents/IoT/install/turtlesim/share/turtlesim/cmake/turtlesim__rosidl_typesupport_cppExport.cmake
[3.195s] -- Up-to-date: /home/simone/Documents/IoT/install/turtlesim/share/turtlesim/cmake/turtlesim__rosidl_typesupport_cppExport-noconfig.cmake
[3.195s] -- Up-to-date: /home/simone/Documents/IoT/install/turtlesim/share/turtlesim/cmake/export_turtlesim__rosidl_generator_pyExport.cmake
[3.195s] -- Up-to-date: /home/simone/Documents/IoT/install/turtlesim/share/turtlesim/cmake/export_turtlesim__rosidl_generator_pyExport-noconfig.cmake
[3.195s] -- Up-to-date: /home/simone/Documents/IoT/install/turtlesim/share/turtlesim/cmake/rosidl_cmake-extras.cmake
[3.195s] -- Up-to-date: /home/simone/Documents/IoT/install/turtlesim/share/turtlesim/cmake/ament_cmake_export_dependencies-extras.cmake
[3.196s] -- Up-to-date: /home/simone/Documents/IoT/install/turtlesim/share/turtlesim/cmake/ament_cmake_export_include_directories-extras.cmake
[3.196s] -- Up-to-date: /home/simone/Documents/IoT/install/turtlesim/share/turtlesim/cmake/ament_cmake_export_libraries-extras.cmake
[3.196s] -- Up-to-date: /home/simone/Documents/IoT/install/turtlesim/share/turtlesim/cmake/ament_cmake_export_targets-extras.cmake
[3.196s] -- Up-to-date: /home/simone/Documents/IoT/install/turtlesim/share/turtlesim/cmake/rosidl_cmake_export_typesupport_targets-extras.cmake
[3.197s] -- Up-to-date: /home/simone/Documents/IoT/install/turtlesim/share/turtlesim/cmake/rosidl_cmake_export_typesupport_libraries-extras.cmake
[3.197s] -- Up-to-date: /home/simone/Documents/IoT/install/turtlesim/share/turtlesim/cmake/turtlesimConfig.cmake
[3.197s] -- Up-to-date: /home/simone/Documents/IoT/install/turtlesim/share/turtlesim/cmake/turtlesimConfig-version.cmake
[3.197s] -- Up-to-date: /home/simone/Documents/IoT/install/turtlesim/share/turtlesim/package.xml
[3.202s] Invoked command in '/home/simone/Documents/IoT/build/turtlesim' returned '0': CMAKE_PREFIX_PATH=${CMAKE_PREFIX_PATH}:/home/simone/Documents/IoT/install/py_srvcli:/home/simone/Documents/IoT/install/py_pubsub:/opt/ros/humble /usr/bin/cmake --install /home/simone/Documents/IoT/build/turtlesim
