[1.323s] Invoking command in '/home/simone/Documents/IoT/build/turtlesim': CMAKE_PREFIX_PATH=${CMAKE_PREFIX_PATH}:/home/simone/Documents/IoT/install/py_srvcli:/home/simone/Documents/IoT/install/py_pubsub:/opt/ros/humble /usr/bin/cmake --build /home/simone/Documents/IoT/build/turtlesim -- -j16 -l16
[1.452s] [  1%] Built target turtlesim__cpp
[1.457s] [ 11%] Built target turtlesim__rosidl_generator_c
[1.487s] [ 11%] Built target ament_cmake_python_copy_turtlesim
[1.513s] [ 21%] Built target turtlesim__rosidl_typesupport_introspection_c
[1.516s] [ 31%] Built target turtlesim__rosidl_typesupport_c
[1.518s] [ 41%] Built target turtlesim__rosidl_typesupport_introspection_cpp
[1.521s] [ 51%] Built target turtlesim__rosidl_typesupport_fastrtps_cpp
[1.522s] [ 61%] Built target turtlesim__rosidl_typesupport_cpp
[1.527s] [ 71%] Built target turtlesim__rosidl_typesupport_fastrtps_c
[1.577s] [ 71%] Built target turtlesim
[1.587s] [ 75%] Built target mimic
[1.587s] [ 76%] Built target turtle_teleop_key
[1.587s] [ 77%] Built target draw_square
[1.601s] [ 83%] Built target turtlesim_node
[1.626s] [ 84%] Built target turtlesim__py
[1.687s] [ 93%] Built target turtlesim__rosidl_generator_py
[1.740s] [ 98%] Built target turtlesim__rosidl_typesupport_fastrtps_c__pyext
[1.740s] [ 98%] Built target turtlesim__rosidl_typesupport_introspection_c__pyext
[1.741s] [100%] Built target turtlesim__rosidl_typesupport_c__pyext
[2.081s] running egg_info
[2.083s] writing turtlesim.egg-info/PKG-INFO
[2.084s] writing dependency_links to turtlesim.egg-info/dependency_links.txt
[2.084s] writing top-level names to turtlesim.egg-info/top_level.txt
[2.091s] reading manifest file 'turtlesim.egg-info/SOURCES.txt'
[2.092s] writing manifest file 'turtlesim.egg-info/SOURCES.txt'
[2.158s] [100%] Built target ament_cmake_python_build_turtlesim_egg
[2.192s] Invoked command in '/home/simone/Documents/IoT/build/turtlesim' returned '0': CMAKE_PREFIX_PATH=${CMAKE_PREFIX_PATH}:/home/simone/Documents/IoT/install/py_srvcli:/home/simone/Documents/IoT/install/py_pubsub:/opt/ros/humble /usr/bin/cmake --build /home/simone/Documents/IoT/build/turtlesim -- -j16 -l16
[2.792s] Invoking command in '/home/simone/Documents/IoT/build/turtlesim': CMAKE_PREFIX_PATH=${CMAKE_PREFIX_PATH}:/home/simone/Documents/IoT/install/py_srvcli:/home/simone/Documents/IoT/install/py_pubsub:/opt/ros/humble /usr/bin/cmake --install /home/simone/Documents/IoT/build/turtlesim
[2.814s] -- Install configuration: ""
[2.815s] -- Up-to-date: /home/simone/Documents/IoT/install/turtlesim/share/ament_index/resource_index/rosidl_interfaces/turtlesim
[2.816s] -- Up-to-date: /home/simone/Documents/IoT/install/turtlesim/include/turtlesim/turtlesim
[2.817s] -- Up-to-date: /home/simone/Documents/IoT/install/turtlesim/include/turtlesim/turtlesim/srv
[2.817s] -- Up-to-date: /home/simone/Documents/IoT/install/turtlesim/include/turtlesim/turtlesim/srv/teleport_relative.h
[2.817s] -- Up-to-date: /home/simone/Documents/IoT/install/turtlesim/include/turtlesim/turtlesim/srv/set_pen.h
[2.818s] -- Up-to-date: /home/simone/Documents/IoT/install/turtlesim/include/turtlesim/turtlesim/srv/detail
[2.818s] -- Up-to-date: /home/simone/Documents/IoT/install/turtlesim/include/turtlesim/turtlesim/srv/detail/teleport_absolute__functions.h
[2.819s] -- Up-to-date: /home/simone/Documents/IoT/install/turtlesim/include/turtlesim/turtlesim/srv/detail/kill__functions.c
[2.819s] -- Up-to-date: /home/simone/Documents/IoT/install/turtlesim/include/turtlesim/turtlesim/srv/detail/set_pen__type_support.h
[2.820s] -- Up-to-date: /home/simone/Documents/IoT/install/turtlesim/include/turtlesim/turtlesim/srv/detail/kill__struct.h
[2.820s] -- Up-to-date: /home/simone/Documents/IoT/install/turtlesim/include/turtlesim/turtlesim/srv/detail/spawn__struct.h
[2.820s] -- Up-to-date: /home/simone/Documents/IoT/install/turtlesim/include/turtlesim/turtlesim/srv/detail/set_pen__functions.h
[2.821s] -- Up-to-date: /home/simone/Documents/IoT/install/turtlesim/include/turtlesim/turtlesim/srv/detail/teleport_relative__type_support.h
[2.821s] -- Up-to-date: /home/simone/Documents/IoT/install/turtlesim/include/turtlesim/turtlesim/srv/detail/set_pen__functions.c
[2.821s] -- Up-to-date: /home/simone/Documents/IoT/install/turtlesim/include/turtlesim/turtlesim/srv/detail/teleport_relative__functions.c
[2.821s] -- Up-to-date: /home/simone/Documents/IoT/install/turtlesim/include/turtlesim/turtlesim/srv/detail/spawn__type_support.h
[2.822s] -- Up-to-date: /home/simone/Documents/IoT/install/turtlesim/include/turtlesim/turtlesim/srv/detail/kill__type_support.h
[2.822s] -- Up-to-date: /home/simone/Documents/IoT/install/turtlesim/include/turtlesim/turtlesim/srv/detail/spawn__functions.c
[2.822s] -- Up-to-date: /home/simone/Documents/IoT/install/turtlesim/include/turtlesim/turtlesim/srv/detail/teleport_absolute__type_support.h
[2.823s] -- Up-to-date: /home/simone/Documents/IoT/install/turtlesim/include/turtlesim/turtlesim/srv/detail/teleport_relative__functions.h
[2.823s] -- Up-to-date: /home/simone/Documents/IoT/install/turtlesim/include/turtlesim/turtlesim/srv/detail/spawn__functions.h
[2.823s] -- Up-to-date: /home/simone/Documents/IoT/install/turtlesim/include/turtlesim/turtlesim/srv/detail/teleport_relative__struct.h
[2.824s] -- Up-to-date: /home/simone/Documents/IoT/install/turtlesim/include/turtlesim/turtlesim/srv/detail/kill__functions.h
[2.824s] -- Up-to-date: /home/simone/Documents/IoT/install/turtlesim/include/turtlesim/turtlesim/srv/detail/teleport_absolute__struct.h
[2.825s] -- Up-to-date: /home/simone/Documents/IoT/install/turtlesim/include/turtlesim/turtlesim/srv/detail/set_pen__struct.h
[2.825s] -- Up-to-date: /home/simone/Documents/IoT/install/turtlesim/include/turtlesim/turtlesim/srv/detail/teleport_absolute__functions.c
[2.826s] -- Up-to-date: /home/simone/Documents/IoT/install/turtlesim/include/turtlesim/turtlesim/srv/kill.h
[2.826s] -- Up-to-date: /home/simone/Documents/IoT/install/turtlesim/include/turtlesim/turtlesim/srv/teleport_absolute.h
[2.826s] -- Up-to-date: /home/simone/Documents/IoT/install/turtlesim/include/turtlesim/turtlesim/srv/spawn.h
[2.827s] -- Up-to-date: /home/simone/Documents/IoT/install/turtlesim/include/turtlesim/turtlesim/msg
[2.827s] -- Up-to-date: /home/simone/Documents/IoT/install/turtlesim/include/turtlesim/turtlesim/msg/rosidl_generator_c__visibility_control.h
[2.828s] -- Up-to-date: /home/simone/Documents/IoT/install/turtlesim/include/turtlesim/turtlesim/msg/detail
[2.828s] -- Up-to-date: /home/simone/Documents/IoT/install/turtlesim/include/turtlesim/turtlesim/msg/detail/pose__functions.h
[2.828s] -- Up-to-date: /home/simone/Documents/IoT/install/turtlesim/include/turtlesim/turtlesim/msg/detail/pose__type_support.h
[2.829s] -- Up-to-date: /home/simone/Documents/IoT/install/turtlesim/include/turtlesim/turtlesim/msg/detail/pose__struct.h
[2.829s] -- Up-to-date: /home/simone/Documents/IoT/install/turtlesim/include/turtlesim/turtlesim/msg/detail/color__functions.c
[2.829s] -- Up-to-date: /home/simone/Documents/IoT/install/turtlesim/include/turtlesim/turtlesim/msg/detail/color__functions.h
[2.829s] -- Up-to-date: /home/simone/Documents/IoT/install/turtlesim/include/turtlesim/turtlesim/msg/detail/pose__functions.c
[2.830s] -- Up-to-date: /home/simone/Documents/IoT/install/turtlesim/include/turtlesim/turtlesim/msg/detail/color__struct.h
[2.830s] -- Up-to-date: /home/simone/Documents/IoT/install/turtlesim/include/turtlesim/turtlesim/msg/detail/color__type_support.h
[2.830s] -- Up-to-date: /home/simone/Documents/IoT/install/turtlesim/include/turtlesim/turtlesim/msg/pose.h
[2.830s] -- Up-to-date: /home/simone/Documents/IoT/install/turtlesim/include/turtlesim/turtlesim/msg/color.h
[2.831s] -- Up-to-date: /home/simone/Documents/IoT/install/turtlesim/include/turtlesim/turtlesim/action
[2.832s] -- Up-to-date: /home/simone/Documents/IoT/install/turtlesim/include/turtlesim/turtlesim/action/detail
[2.832s] -- Up-to-date: /home/simone/Documents/IoT/install/turtlesim/include/turtlesim/turtlesim/action/detail/rotate_absolute__functions.h
[2.832s] -- Up-to-date: /home/simone/Documents/IoT/install/turtlesim/include/turtlesim/turtlesim/action/detail/rotate_absolute__functions.c
[2.832s] -- Up-to-date: /home/simone/Documents/IoT/install/turtlesim/include/turtlesim/turtlesim/action/detail/rotate_absolute__type_support.h
[2.833s] -- Up-to-date: /home/simone/Documents/IoT/install/turtlesim/include/turtlesim/turtlesim/action/detail/rotate_absolute__struct.h
[2.833s] -- Up-to-date: /home/simone/Documents/IoT/install/turtlesim/include/turtlesim/turtlesim/action/rotate_absolute.h
[2.833s] -- Up-to-date: /home/simone/Documents/IoT/install/turtlesim/share/turtlesim/environment/library_path.sh
[2.833s] -- Up-to-date: /home/simone/Documents/IoT/install/turtlesim/share/turtlesim/environment/library_path.dsv
[2.833s] -- Up-to-date: /home/simone/Documents/IoT/install/turtlesim/lib/libturtlesim__rosidl_generator_c.so
[2.833s] -- Up-to-date: /home/simone/Documents/IoT/install/turtlesim/include/turtlesim/turtlesim
[2.833s] -- Up-to-date: /home/simone/Documents/IoT/install/turtlesim/include/turtlesim/turtlesim/srv
[2.834s] -- Up-to-date: /home/simone/Documents/IoT/install/turtlesim/include/turtlesim/turtlesim/srv/detail
[2.834s] -- Up-to-date: /home/simone/Documents/IoT/install/turtlesim/include/turtlesim/turtlesim/srv/detail/spawn__rosidl_typesupport_fastrtps_c.h
[2.834s] -- Up-to-date: /home/simone/Documents/IoT/install/turtlesim/include/turtlesim/turtlesim/srv/detail/teleport_absolute__rosidl_typesupport_fastrtps_c.h
[2.834s] -- Up-to-date: /home/simone/Documents/IoT/install/turtlesim/include/turtlesim/turtlesim/srv/detail/kill__rosidl_typesupport_fastrtps_c.h
[2.835s] -- Up-to-date: /home/simone/Documents/IoT/install/turtlesim/include/turtlesim/turtlesim/srv/detail/teleport_relative__rosidl_typesupport_fastrtps_c.h
[2.835s] -- Up-to-date: /home/simone/Documents/IoT/install/turtlesim/include/turtlesim/turtlesim/srv/detail/set_pen__rosidl_typesupport_fastrtps_c.h
[2.835s] -- Up-to-date: /home/simone/Documents/IoT/install/turtlesim/include/turtlesim/turtlesim/msg
[2.835s] -- Up-to-date: /home/simone/Documents/IoT/install/turtlesim/include/turtlesim/turtlesim/msg/detail
[2.836s] -- Up-to-date: /home/simone/Documents/IoT/install/turtlesim/include/turtlesim/turtlesim/msg/detail/pose__rosidl_typesupport_fastrtps_c.h
[2.836s] -- Up-to-date: /home/simone/Documents/IoT/install/turtlesim/include/turtlesim/turtlesim/msg/detail/color__rosidl_typesupport_fastrtps_c.h
[2.836s] -- Up-to-date: /home/simone/Documents/IoT/install/turtlesim/include/turtlesim/turtlesim/msg/rosidl_typesupport_fastrtps_c__visibility_control.h
[2.837s] -- Up-to-date: /home/simone/Documents/IoT/install/turtlesim/include/turtlesim/turtlesim/action
[2.837s] -- Up-to-date: /home/simone/Documents/IoT/install/turtlesim/include/turtlesim/turtlesim/action/detail
[2.838s] -- Up-to-date: /home/simone/Documents/IoT/install/turtlesim/include/turtlesim/turtlesim/action/detail/rotate_absolute__rosidl_typesupport_fastrtps_c.h
[2.838s] -- Up-to-date: /home/simone/Documents/IoT/install/turtlesim/lib/libturtlesim__rosidl_typesupport_fastrtps_c.so
[2.839s] -- Up-to-date: /home/simone/Documents/IoT/install/turtlesim/include/turtlesim/turtlesim
[2.839s] -- Up-to-date: /home/simone/Documents/IoT/install/turtlesim/include/turtlesim/turtlesim/srv
[2.840s] -- Up-to-date: /home/simone/Documents/IoT/install/turtlesim/include/turtlesim/turtlesim/srv/teleport_absolute.hpp
[2.840s] -- Up-to-date: /home/simone/Documents/IoT/install/turtlesim/include/turtlesim/turtlesim/srv/teleport_relative.hpp
[2.840s] -- Up-to-date: /home/simone/Documents/IoT/install/turtlesim/include/turtlesim/turtlesim/srv/set_pen.hpp
[2.840s] -- Up-to-date: /home/simone/Documents/IoT/install/turtlesim/include/turtlesim/turtlesim/srv/spawn.hpp
[2.840s] -- Up-to-date: /home/simone/Documents/IoT/install/turtlesim/include/turtlesim/turtlesim/srv/kill.hpp
[2.840s] -- Up-to-date: /home/simone/Documents/IoT/install/turtlesim/include/turtlesim/turtlesim/srv/detail
[2.841s] -- Up-to-date: /home/simone/Documents/IoT/install/turtlesim/include/turtlesim/turtlesim/srv/detail/teleport_relative__builder.hpp
[2.841s] -- Up-to-date: /home/simone/Documents/IoT/install/turtlesim/include/turtlesim/turtlesim/srv/detail/set_pen__traits.hpp
[2.841s] -- Up-to-date: /home/simone/Documents/IoT/install/turtlesim/include/turtlesim/turtlesim/srv/detail/spawn__struct.hpp
[2.841s] -- Up-to-date: /home/simone/Documents/IoT/install/turtlesim/include/turtlesim/turtlesim/srv/detail/spawn__traits.hpp
[2.841s] -- Up-to-date: /home/simone/Documents/IoT/install/turtlesim/include/turtlesim/turtlesim/srv/detail/teleport_absolute__struct.hpp
[2.842s] -- Up-to-date: /home/simone/Documents/IoT/install/turtlesim/include/turtlesim/turtlesim/srv/detail/set_pen__builder.hpp
[2.842s] -- Up-to-date: /home/simone/Documents/IoT/install/turtlesim/include/turtlesim/turtlesim/srv/detail/teleport_relative__traits.hpp
[2.842s] -- Up-to-date: /home/simone/Documents/IoT/install/turtlesim/include/turtlesim/turtlesim/srv/detail/teleport_absolute__builder.hpp
[2.843s] -- Up-to-date: /home/simone/Documents/IoT/install/turtlesim/include/turtlesim/turtlesim/srv/detail/set_pen__struct.hpp
[2.843s] -- Up-to-date: /home/simone/Documents/IoT/install/turtlesim/include/turtlesim/turtlesim/srv/detail/spawn__builder.hpp
[2.843s] -- Up-to-date: /home/simone/Documents/IoT/install/turtlesim/include/turtlesim/turtlesim/srv/detail/kill__builder.hpp
[2.843s] -- Up-to-date: /home/simone/Documents/IoT/install/turtlesim/include/turtlesim/turtlesim/srv/detail/kill__traits.hpp
[2.844s] -- Up-to-date: /home/simone/Documents/IoT/install/turtlesim/include/turtlesim/turtlesim/srv/detail/teleport_absolute__traits.hpp
[2.844s] -- Up-to-date: /home/simone/Documents/IoT/install/turtlesim/include/turtlesim/turtlesim/srv/detail/kill__struct.hpp
[2.844s] -- Up-to-date: /home/simone/Documents/IoT/install/turtlesim/include/turtlesim/turtlesim/srv/detail/teleport_relative__struct.hpp
[2.844s] -- Up-to-date: /home/simone/Documents/IoT/install/turtlesim/include/turtlesim/turtlesim/msg
[2.845s] -- Up-to-date: /home/simone/Documents/IoT/install/turtlesim/include/turtlesim/turtlesim/msg/pose.hpp
[2.845s] -- Up-to-date: /home/simone/Documents/IoT/install/turtlesim/include/turtlesim/turtlesim/msg/color.hpp
[2.845s] -- Up-to-date: /home/simone/Documents/IoT/install/turtlesim/include/turtlesim/turtlesim/msg/detail
[2.845s] -- Up-to-date: /home/simone/Documents/IoT/install/turtlesim/include/turtlesim/turtlesim/msg/detail/pose__builder.hpp
[2.845s] -- Up-to-date: /home/simone/Documents/IoT/install/turtlesim/include/turtlesim/turtlesim/msg/detail/pose__traits.hpp
[2.845s] -- Up-to-date: /home/simone/Documents/IoT/install/turtlesim/include/turtlesim/turtlesim/msg/detail/color__traits.hpp
[2.846s] -- Up-to-date: /home/simone/Documents/IoT/install/turtlesim/include/turtlesim/turtlesim/msg/detail/color__struct.hpp
[2.846s] -- Up-to-date: /home/simone/Documents/IoT/install/turtlesim/include/turtlesim/turtlesim/msg/detail/color__builder.hpp
[2.846s] -- Up-to-date: /home/simone/Documents/IoT/install/turtlesim/include/turtlesim/turtlesim/msg/detail/pose__struct.hpp
[2.846s] -- Up-to-date: /home/simone/Documents/IoT/install/turtlesim/include/turtlesim/turtlesim/action
[2.846s] -- Up-to-date: /home/simone/Documents/IoT/install/turtlesim/include/turtlesim/turtlesim/action/detail
[2.847s] -- Up-to-date: /home/simone/Documents/IoT/install/turtlesim/include/turtlesim/turtlesim/action/detail/rotate_absolute__struct.hpp
[2.847s] -- Up-to-date: /home/simone/Documents/IoT/install/turtlesim/include/turtlesim/turtlesim/action/detail/rotate_absolute__traits.hpp
[2.847s] -- Up-to-date: /home/simone/Documents/IoT/install/turtlesim/include/turtlesim/turtlesim/action/detail/rotate_absolute__builder.hpp
[2.847s] -- Up-to-date: /home/simone/Documents/IoT/install/turtlesim/include/turtlesim/turtlesim/action/rotate_absolute.hpp
[2.847s] -- Up-to-date: /home/simone/Documents/IoT/install/turtlesim/include/turtlesim/turtlesim
[2.847s] -- Up-to-date: /home/simone/Documents/IoT/install/turtlesim/include/turtlesim/turtlesim/srv
[2.848s] -- Up-to-date: /home/simone/Documents/IoT/install/turtlesim/include/turtlesim/turtlesim/srv/detail
[2.848s] -- Up-to-date: /home/simone/Documents/IoT/install/turtlesim/include/turtlesim/turtlesim/srv/detail/kill__rosidl_typesupport_fastrtps_cpp.hpp
[2.848s] -- Up-to-date: /home/simone/Documents/IoT/install/turtlesim/include/turtlesim/turtlesim/srv/detail/teleport_absolute__rosidl_typesupport_fastrtps_cpp.hpp
[2.849s] -- Up-to-date: /home/simone/Documents/IoT/install/turtlesim/include/turtlesim/turtlesim/srv/detail/dds_fastrtps
[2.849s] -- Up-to-date: /home/simone/Documents/IoT/install/turtlesim/include/turtlesim/turtlesim/srv/detail/spawn__rosidl_typesupport_fastrtps_cpp.hpp
[2.849s] -- Up-to-date: /home/simone/Documents/IoT/install/turtlesim/include/turtlesim/turtlesim/srv/detail/set_pen__rosidl_typesupport_fastrtps_cpp.hpp
[2.849s] -- Up-to-date: /home/simone/Documents/IoT/install/turtlesim/include/turtlesim/turtlesim/srv/detail/teleport_relative__rosidl_typesupport_fastrtps_cpp.hpp
[2.849s] -- Up-to-date: /home/simone/Documents/IoT/install/turtlesim/include/turtlesim/turtlesim/msg
[2.850s] -- Up-to-date: /home/simone/Documents/IoT/install/turtlesim/include/turtlesim/turtlesim/msg/rosidl_typesupport_fastrtps_cpp__visibility_control.h
[2.850s] -- Up-to-date: /home/simone/Documents/IoT/install/turtlesim/include/turtlesim/turtlesim/msg/detail
[2.850s] -- Up-to-date: /home/simone/Documents/IoT/install/turtlesim/include/turtlesim/turtlesim/msg/detail/color__rosidl_typesupport_fastrtps_cpp.hpp
[2.850s] -- Up-to-date: /home/simone/Documents/IoT/install/turtlesim/include/turtlesim/turtlesim/msg/detail/dds_fastrtps
[2.851s] -- Up-to-date: /home/simone/Documents/IoT/install/turtlesim/include/turtlesim/turtlesim/msg/detail/pose__rosidl_typesupport_fastrtps_cpp.hpp
[2.851s] -- Up-to-date: /home/simone/Documents/IoT/install/turtlesim/include/turtlesim/turtlesim/action
[2.851s] -- Up-to-date: /home/simone/Documents/IoT/install/turtlesim/include/turtlesim/turtlesim/action/detail
[2.852s] -- Up-to-date: /home/simone/Documents/IoT/install/turtlesim/include/turtlesim/turtlesim/action/detail/rotate_absolute__rosidl_typesupport_fastrtps_cpp.hpp
[2.852s] -- Up-to-date: /home/simone/Documents/IoT/install/turtlesim/include/turtlesim/turtlesim/action/detail/dds_fastrtps
[2.854s] -- Up-to-date: /home/simone/Documents/IoT/install/turtlesim/lib/libturtlesim__rosidl_typesupport_fastrtps_cpp.so
[2.854s] -- Up-to-date: /home/simone/Documents/IoT/install/turtlesim/include/turtlesim/turtlesim
[2.855s] -- Up-to-date: /home/simone/Documents/IoT/install/turtlesim/include/turtlesim/turtlesim/srv
[2.856s] -- Up-to-date: /home/simone/Documents/IoT/install/turtlesim/include/turtlesim/turtlesim/srv/detail
[2.856s] -- Up-to-date: /home/simone/Documents/IoT/install/turtlesim/include/turtlesim/turtlesim/srv/detail/teleport_relative__rosidl_typesupport_introspection_c.h
[2.856s] -- Up-to-date: /home/simone/Documents/IoT/install/turtlesim/include/turtlesim/turtlesim/srv/detail/spawn__type_support.c
[2.857s] -- Up-to-date: /home/simone/Documents/IoT/install/turtlesim/include/turtlesim/turtlesim/srv/detail/kill__type_support.c
[2.858s] -- Up-to-date: /home/simone/Documents/IoT/install/turtlesim/include/turtlesim/turtlesim/srv/detail/teleport_absolute__type_support.c
[2.858s] -- Up-to-date: /home/simone/Documents/IoT/install/turtlesim/include/turtlesim/turtlesim/srv/detail/set_pen__type_support.c
[2.859s] -- Up-to-date: /home/simone/Documents/IoT/install/turtlesim/include/turtlesim/turtlesim/srv/detail/set_pen__rosidl_typesupport_introspection_c.h
[2.859s] -- Up-to-date: /home/simone/Documents/IoT/install/turtlesim/include/turtlesim/turtlesim/srv/detail/teleport_absolute__rosidl_typesupport_introspection_c.h
[2.860s] -- Up-to-date: /home/simone/Documents/IoT/install/turtlesim/include/turtlesim/turtlesim/srv/detail/spawn__rosidl_typesupport_introspection_c.h
[2.861s] -- Up-to-date: /home/simone/Documents/IoT/install/turtlesim/include/turtlesim/turtlesim/srv/detail/kill__rosidl_typesupport_introspection_c.h
[2.862s] -- Up-to-date: /home/simone/Documents/IoT/install/turtlesim/include/turtlesim/turtlesim/srv/detail/teleport_relative__type_support.c
[2.862s] -- Up-to-date: /home/simone/Documents/IoT/install/turtlesim/include/turtlesim/turtlesim/msg
[2.862s] -- Up-to-date: /home/simone/Documents/IoT/install/turtlesim/include/turtlesim/turtlesim/msg/rosidl_typesupport_introspection_c__visibility_control.h
[2.863s] -- Up-to-date: /home/simone/Documents/IoT/install/turtlesim/include/turtlesim/turtlesim/msg/detail
[2.863s] -- Up-to-date: /home/simone/Documents/IoT/install/turtlesim/include/turtlesim/turtlesim/msg/detail/pose__type_support.c
[2.864s] -- Up-to-date: /home/simone/Documents/IoT/install/turtlesim/include/turtlesim/turtlesim/msg/detail/color__type_support.c
[2.864s] -- Up-to-date: /home/simone/Documents/IoT/install/turtlesim/include/turtlesim/turtlesim/msg/detail/pose__rosidl_typesupport_introspection_c.h
[2.865s] -- Up-to-date: /home/simone/Documents/IoT/install/turtlesim/include/turtlesim/turtlesim/msg/detail/color__rosidl_typesupport_introspection_c.h
[2.865s] -- Up-to-date: /home/simone/Documents/IoT/install/turtlesim/include/turtlesim/turtlesim/action
[2.865s] -- Up-to-date: /home/simone/Documents/IoT/install/turtlesim/include/turtlesim/turtlesim/action/detail
[2.867s] -- Up-to-date: /home/simone/Documents/IoT/install/turtlesim/include/turtlesim/turtlesim/action/detail/rotate_absolute__type_support.c
[2.867s] -- Up-to-date: /home/simone/Documents/IoT/install/turtlesim/include/turtlesim/turtlesim/action/detail/rotate_absolute__rosidl_typesupport_introspection_c.h
[2.868s] -- Up-to-date: /home/simone/Documents/IoT/install/turtlesim/lib/libturtlesim__rosidl_typesupport_introspection_c.so
[2.868s] -- Up-to-date: /home/simone/Documents/IoT/install/turtlesim/lib/libturtlesim__rosidl_typesupport_c.so
[2.868s] -- Up-to-date: /home/simone/Documents/IoT/install/turtlesim/include/turtlesim/turtlesim
[2.869s] -- Up-to-date: /home/simone/Documents/IoT/install/turtlesim/include/turtlesim/turtlesim/srv
[2.869s] -- Up-to-date: /home/simone/Documents/IoT/install/turtlesim/include/turtlesim/turtlesim/srv/detail
[2.870s] -- Up-to-date: /home/simone/Documents/IoT/install/turtlesim/include/turtlesim/turtlesim/srv/detail/teleport_absolute__type_support.cpp
[2.871s] -- Up-to-date: /home/simone/Documents/IoT/install/turtlesim/include/turtlesim/turtlesim/srv/detail/spawn__rosidl_typesupport_introspection_cpp.hpp
[2.871s] -- Up-to-date: /home/simone/Documents/IoT/install/turtlesim/include/turtlesim/turtlesim/srv/detail/set_pen__rosidl_typesupport_introspection_cpp.hpp
[2.873s] -- Up-to-date: /home/simone/Documents/IoT/install/turtlesim/include/turtlesim/turtlesim/srv/detail/spawn__type_support.cpp
[2.874s] -- Up-to-date: /home/simone/Documents/IoT/install/turtlesim/include/turtlesim/turtlesim/srv/detail/teleport_relative__rosidl_typesupport_introspection_cpp.hpp
[2.874s] -- Up-to-date: /home/simone/Documents/IoT/install/turtlesim/include/turtlesim/turtlesim/srv/detail/teleport_absolute__rosidl_typesupport_introspection_cpp.hpp
[2.875s] -- Up-to-date: /home/simone/Documents/IoT/install/turtlesim/include/turtlesim/turtlesim/srv/detail/teleport_relative__type_support.cpp
[2.875s] -- Up-to-date: /home/simone/Documents/IoT/install/turtlesim/include/turtlesim/turtlesim/srv/detail/kill__type_support.cpp
[2.875s] -- Up-to-date: /home/simone/Documents/IoT/install/turtlesim/include/turtlesim/turtlesim/srv/detail/set_pen__type_support.cpp
[2.876s] -- Up-to-date: /home/simone/Documents/IoT/install/turtlesim/include/turtlesim/turtlesim/srv/detail/kill__rosidl_typesupport_introspection_cpp.hpp
[2.876s] -- Up-to-date: /home/simone/Documents/IoT/install/turtlesim/include/turtlesim/turtlesim/msg
[2.876s] -- Up-to-date: /home/simone/Documents/IoT/install/turtlesim/include/turtlesim/turtlesim/msg/detail
[2.877s] -- Up-to-date: /home/simone/Documents/IoT/install/turtlesim/include/turtlesim/turtlesim/msg/detail/color__rosidl_typesupport_introspection_cpp.hpp
[2.877s] -- Up-to-date: /home/simone/Documents/IoT/install/turtlesim/include/turtlesim/turtlesim/msg/detail/color__type_support.cpp
[2.877s] -- Up-to-date: /home/simone/Documents/IoT/install/turtlesim/include/turtlesim/turtlesim/msg/detail/pose__type_support.cpp
[2.878s] -- Up-to-date: /home/simone/Documents/IoT/install/turtlesim/include/turtlesim/turtlesim/msg/detail/pose__rosidl_typesupport_introspection_cpp.hpp
[2.879s] -- Up-to-date: /home/simone/Documents/IoT/install/turtlesim/include/turtlesim/turtlesim/action
[2.879s] -- Up-to-date: /home/simone/Documents/IoT/install/turtlesim/include/turtlesim/turtlesim/action/detail
[2.881s] -- Up-to-date: /home/simone/Documents/IoT/install/turtlesim/include/turtlesim/turtlesim/action/detail/rotate_absolute__type_support.cpp
[2.884s] -- Up-to-date: /home/simone/Documents/IoT/install/turtlesim/include/turtlesim/turtlesim/action/detail/rotate_absolute__rosidl_typesupport_introspection_cpp.hpp
[2.884s] -- Up-to-date: /home/simone/Documents/IoT/install/turtlesim/lib/libturtlesim__rosidl_typesupport_introspection_cpp.so
[2.884s] -- Up-to-date: /home/simone/Documents/IoT/install/turtlesim/lib/libturtlesim__rosidl_typesupport_cpp.so
[2.885s] -- Up-to-date: /home/simone/Documents/IoT/install/turtlesim/share/turtlesim/environment/pythonpath.sh
[2.886s] -- Up-to-date: /home/simone/Documents/IoT/install/turtlesim/share/turtlesim/environment/pythonpath.dsv
[2.886s] -- Up-to-date: /home/simone/Documents/IoT/install/turtlesim/local/lib/python3.10/dist-packages/turtlesim-1.4.2-py3.10.egg-info
[2.887s] -- Installing: /home/simone/Documents/IoT/install/turtlesim/local/lib/python3.10/dist-packages/turtlesim-1.4.2-py3.10.egg-info/SOURCES.txt
[2.887s] -- Installing: /home/simone/Documents/IoT/install/turtlesim/local/lib/python3.10/dist-packages/turtlesim-1.4.2-py3.10.egg-info/dependency_links.txt
[2.888s] -- Installing: /home/simone/Documents/IoT/install/turtlesim/local/lib/python3.10/dist-packages/turtlesim-1.4.2-py3.10.egg-info/PKG-INFO
[2.889s] -- Installing: /home/simone/Documents/IoT/install/turtlesim/local/lib/python3.10/dist-packages/turtlesim-1.4.2-py3.10.egg-info/top_level.txt
[2.889s] -- Up-to-date: /home/simone/Documents/IoT/install/turtlesim/local/lib/python3.10/dist-packages/turtlesim
[2.889s] -- Up-to-date: /home/simone/Documents/IoT/install/turtlesim/local/lib/python3.10/dist-packages/turtlesim/__init__.py
[2.891s] -- Up-to-date: /home/simone/Documents/IoT/install/turtlesim/local/lib/python3.10/dist-packages/turtlesim/libturtlesim__rosidl_generator_py.so
[2.894s] -- Up-to-date: /home/simone/Documents/IoT/install/turtlesim/local/lib/python3.10/dist-packages/turtlesim/_turtlesim_s.ep.rosidl_typesupport_fastrtps_c.c
[2.894s] -- Up-to-date: /home/simone/Documents/IoT/install/turtlesim/local/lib/python3.10/dist-packages/turtlesim/turtlesim_s__rosidl_typesupport_fastrtps_c.cpython-310-x86_64-linux-gnu.so
[2.896s] -- Up-to-date: /home/simone/Documents/IoT/install/turtlesim/local/lib/python3.10/dist-packages/turtlesim/turtlesim_s__rosidl_typesupport_c.cpython-310-x86_64-linux-gnu.so
[2.896s] -- Up-to-date: /home/simone/Documents/IoT/install/turtlesim/local/lib/python3.10/dist-packages/turtlesim/srv
[2.896s] -- Up-to-date: /home/simone/Documents/IoT/install/turtlesim/local/lib/python3.10/dist-packages/turtlesim/srv/_set_pen_s.c
[2.898s] -- Up-to-date: /home/simone/Documents/IoT/install/turtlesim/local/lib/python3.10/dist-packages/turtlesim/srv/__init__.py
[2.899s] -- Up-to-date: /home/simone/Documents/IoT/install/turtlesim/local/lib/python3.10/dist-packages/turtlesim/srv/_spawn_s.c
[2.901s] -- Up-to-date: /home/simone/Documents/IoT/install/turtlesim/local/lib/python3.10/dist-packages/turtlesim/srv/_teleport_relative_s.c
[2.901s] -- Up-to-date: /home/simone/Documents/IoT/install/turtlesim/local/lib/python3.10/dist-packages/turtlesim/srv/_teleport_absolute_s.c
[2.902s] -- Up-to-date: /home/simone/Documents/IoT/install/turtlesim/local/lib/python3.10/dist-packages/turtlesim/srv/_teleport_absolute.py
[2.902s] -- Up-to-date: /home/simone/Documents/IoT/install/turtlesim/local/lib/python3.10/dist-packages/turtlesim/srv/_spawn.py
[2.903s] -- Up-to-date: /home/simone/Documents/IoT/install/turtlesim/local/lib/python3.10/dist-packages/turtlesim/srv/_kill_s.c
[2.905s] -- Up-to-date: /home/simone/Documents/IoT/install/turtlesim/local/lib/python3.10/dist-packages/turtlesim/srv/_kill.py
[2.905s] -- Up-to-date: /home/simone/Documents/IoT/install/turtlesim/local/lib/python3.10/dist-packages/turtlesim/srv/_teleport_relative.py
[2.905s] -- Up-to-date: /home/simone/Documents/IoT/install/turtlesim/local/lib/python3.10/dist-packages/turtlesim/srv/_set_pen.py
[2.906s] -- Up-to-date: /home/simone/Documents/IoT/install/turtlesim/local/lib/python3.10/dist-packages/turtlesim/turtlesim_s__rosidl_typesupport_introspection_c.cpython-310-x86_64-linux-gnu.so
[2.906s] -- Up-to-date: /home/simone/Documents/IoT/install/turtlesim/local/lib/python3.10/dist-packages/turtlesim/msg
[2.907s] -- Up-to-date: /home/simone/Documents/IoT/install/turtlesim/local/lib/python3.10/dist-packages/turtlesim/msg/__init__.py
[2.907s] -- Up-to-date: /home/simone/Documents/IoT/install/turtlesim/local/lib/python3.10/dist-packages/turtlesim/msg/_color.py
[2.908s] -- Up-to-date: /home/simone/Documents/IoT/install/turtlesim/local/lib/python3.10/dist-packages/turtlesim/msg/_pose_s.c
[2.908s] -- Up-to-date: /home/simone/Documents/IoT/install/turtlesim/local/lib/python3.10/dist-packages/turtlesim/msg/_color_s.c
[2.908s] -- Up-to-date: /home/simone/Documents/IoT/install/turtlesim/local/lib/python3.10/dist-packages/turtlesim/msg/_pose.py
[2.908s] -- Up-to-date: /home/simone/Documents/IoT/install/turtlesim/local/lib/python3.10/dist-packages/turtlesim/action
[2.908s] -- Up-to-date: /home/simone/Documents/IoT/install/turtlesim/local/lib/python3.10/dist-packages/turtlesim/action/__init__.py
[2.909s] -- Up-to-date: /home/simone/Documents/IoT/install/turtlesim/local/lib/python3.10/dist-packages/turtlesim/action/_rotate_absolute_s.c
[2.909s] -- Up-to-date: /home/simone/Documents/IoT/install/turtlesim/local/lib/python3.10/dist-packages/turtlesim/action/_rotate_absolute.py
[2.909s] -- Up-to-date: /home/simone/Documents/IoT/install/turtlesim/local/lib/python3.10/dist-packages/turtlesim/_turtlesim_s.ep.rosidl_typesupport_introspection_c.c
[2.909s] -- Up-to-date: /home/simone/Documents/IoT/install/turtlesim/local/lib/python3.10/dist-packages/turtlesim/_turtlesim_s.ep.rosidl_typesupport_c.c
[2.925s] Listing '/home/simone/Documents/IoT/install/turtlesim/local/lib/python3.10/dist-packages/turtlesim'...
[2.925s] Listing '/home/simone/Documents/IoT/install/turtlesim/local/lib/python3.10/dist-packages/turtlesim/action'...
[2.925s] Listing '/home/simone/Documents/IoT/install/turtlesim/local/lib/python3.10/dist-packages/turtlesim/msg'...
[2.926s] Listing '/home/simone/Documents/IoT/install/turtlesim/local/lib/python3.10/dist-packages/turtlesim/srv'...
[2.938s] -- Up-to-date: /home/simone/Documents/IoT/install/turtlesim/local/lib/python3.10/dist-packages/turtlesim/turtlesim_s__rosidl_typesupport_fastrtps_c.cpython-310-x86_64-linux-gnu.so
[2.941s] -- Up-to-date: /home/simone/Documents/IoT/install/turtlesim/local/lib/python3.10/dist-packages/turtlesim/turtlesim_s__rosidl_typesupport_introspection_c.cpython-310-x86_64-linux-gnu.so
[2.942s] -- Up-to-date: /home/simone/Documents/IoT/install/turtlesim/local/lib/python3.10/dist-packages/turtlesim/turtlesim_s__rosidl_typesupport_c.cpython-310-x86_64-linux-gnu.so
[2.944s] -- Up-to-date: /home/simone/Documents/IoT/install/turtlesim/lib/libturtlesim__rosidl_generator_py.so
[2.944s] -- Up-to-date: /home/simone/Documents/IoT/install/turtlesim/share/turtlesim/action/RotateAbsolute.idl
[2.945s] -- Up-to-date: /home/simone/Documents/IoT/install/turtlesim/share/turtlesim/msg/Color.idl
[2.945s] -- Up-to-date: /home/simone/Documents/IoT/install/turtlesim/share/turtlesim/msg/Pose.idl
[2.945s] -- Up-to-date: /home/simone/Documents/IoT/install/turtlesim/share/turtlesim/srv/Kill.idl
[2.946s] -- Up-to-date: /home/simone/Documents/IoT/install/turtlesim/share/turtlesim/srv/SetPen.idl
[2.946s] -- Up-to-date: /home/simone/Documents/IoT/install/turtlesim/share/turtlesim/srv/Spawn.idl
[2.947s] -- Up-to-date: /home/simone/Documents/IoT/install/turtlesim/share/turtlesim/srv/TeleportAbsolute.idl
[2.948s] -- Up-to-date: /home/simone/Documents/IoT/install/turtlesim/share/turtlesim/srv/TeleportRelative.idl
[2.948s] -- Up-to-date: /home/simone/Documents/IoT/install/turtlesim/share/turtlesim/action/RotateAbsolute.action
[2.949s] -- Up-to-date: /home/simone/Documents/IoT/install/turtlesim/share/turtlesim/msg/Color.msg
[2.950s] -- Up-to-date: /home/simone/Documents/IoT/install/turtlesim/share/turtlesim/msg/Pose.msg
[2.950s] -- Up-to-date: /home/simone/Documents/IoT/install/turtlesim/share/turtlesim/srv/Kill.srv
[2.951s] -- Up-to-date: /home/simone/Documents/IoT/install/turtlesim/share/turtlesim/srv/Kill_Request.msg
[2.951s] -- Up-to-date: /home/simone/Documents/IoT/install/turtlesim/share/turtlesim/srv/Kill_Response.msg
[2.952s] -- Up-to-date: /home/simone/Documents/IoT/install/turtlesim/share/turtlesim/srv/SetPen.srv
[2.952s] -- Up-to-date: /home/simone/Documents/IoT/install/turtlesim/share/turtlesim/srv/SetPen_Request.msg
[2.956s] -- Up-to-date: /home/simone/Documents/IoT/install/turtlesim/share/turtlesim/srv/SetPen_Response.msg
[2.957s] -- Up-to-date: /home/simone/Documents/IoT/install/turtlesim/share/turtlesim/srv/Spawn.srv
[2.958s] -- Up-to-date: /home/simone/Documents/IoT/install/turtlesim/share/turtlesim/srv/Spawn_Request.msg
[2.958s] -- Up-to-date: /home/simone/Documents/IoT/install/turtlesim/share/turtlesim/srv/Spawn_Response.msg
[2.959s] -- Up-to-date: /home/simone/Documents/IoT/install/turtlesim/share/turtlesim/srv/TeleportAbsolute.srv
[2.959s] -- Up-to-date: /home/simone/Documents/IoT/install/turtlesim/share/turtlesim/srv/TeleportAbsolute_Request.msg
[2.960s] -- Up-to-date: /home/simone/Documents/IoT/install/turtlesim/share/turtlesim/srv/TeleportAbsolute_Response.msg
[2.961s] -- Up-to-date: /home/simone/Documents/IoT/install/turtlesim/share/turtlesim/srv/TeleportRelative.srv
[2.961s] -- Up-to-date: /home/simone/Documents/IoT/install/turtlesim/share/turtlesim/srv/TeleportRelative_Request.msg
[2.964s] -- Up-to-date: /home/simone/Documents/IoT/install/turtlesim/share/turtlesim/srv/TeleportRelative_Response.msg
[2.966s] -- Up-to-date: /home/simone/Documents/IoT/install/turtlesim/lib/turtlesim/turtlesim_node
[2.966s] -- Up-to-date: /home/simone/Documents/IoT/install/turtlesim/lib/turtlesim/turtle_teleop_key
[2.966s] -- Up-to-date: /home/simone/Documents/IoT/install/turtlesim/lib/turtlesim/draw_square
[2.968s] -- Up-to-date: /home/simone/Documents/IoT/install/turtlesim/lib/turtlesim/mimic
[2.968s] -- Up-to-date: /home/simone/Documents/IoT/install/turtlesim/share/turtlesim/images
[2.969s] -- Up-to-date: /home/simone/Documents/IoT/install/turtlesim/share/turtlesim/images/galactic.png
[2.969s] -- Up-to-date: /home/simone/Documents/IoT/install/turtlesim/share/turtlesim/images/ardent.png
[2.971s] -- Up-to-date: /home/simone/Documents/IoT/install/turtlesim/share/turtlesim/images/bouncy.png
[2.971s] -- Up-to-date: /home/simone/Documents/IoT/install/turtlesim/share/turtlesim/images/humble.png
[2.972s] -- Up-to-date: /home/simone/Documents/IoT/install/turtlesim/share/turtlesim/images/foxy.png
[2.973s] -- Up-to-date: /home/simone/Documents/IoT/install/turtlesim/share/turtlesim/images/dashing.png
[2.975s] -- Up-to-date: /home/simone/Documents/IoT/install/turtlesim/share/turtlesim/images/rolling.png
[2.975s] -- Up-to-date: /home/simone/Documents/IoT/install/turtlesim/share/turtlesim/images/eloquent.png
[2.976s] -- Up-to-date: /home/simone/Documents/IoT/install/turtlesim/share/turtlesim/images/crystal.png
[2.977s] -- Up-to-date: /home/simone/Documents/IoT/install/turtlesim/share/turtlesim/launch
[2.978s] -- Up-to-date: /home/simone/Documents/IoT/install/turtlesim/share/turtlesim/launch/multisim.launch.py
[2.981s] -- Up-to-date: /home/simone/Documents/IoT/install/turtlesim/share/ament_index/resource_index/package_run_dependencies/turtlesim
[2.981s] -- Up-to-date: /home/simone/Documents/IoT/install/turtlesim/share/ament_index/resource_index/parent_prefix_path/turtlesim
[2.981s] -- Up-to-date: /home/simone/Documents/IoT/install/turtlesim/share/turtlesim/environment/ament_prefix_path.sh
[2.981s] -- Up-to-date: /home/simone/Documents/IoT/install/turtlesim/share/turtlesim/environment/ament_prefix_path.dsv
[2.982s] -- Up-to-date: /home/simone/Documents/IoT/install/turtlesim/share/turtlesim/environment/path.sh
[2.982s] -- Up-to-date: /home/simone/Documents/IoT/install/turtlesim/share/turtlesim/environment/path.dsv
[2.983s] -- Up-to-date: /home/simone/Documents/IoT/install/turtlesim/share/turtlesim/local_setup.bash
[2.983s] -- Up-to-date: /home/simone/Documents/IoT/install/turtlesim/share/turtlesim/local_setup.sh
[2.984s] -- Up-to-date: /home/simone/Documents/IoT/install/turtlesim/share/turtlesim/local_setup.zsh
[2.985s] -- Up-to-date: /home/simone/Documents/IoT/install/turtlesim/share/turtlesim/local_setup.dsv
[2.985s] -- Installing: /home/simone/Documents/IoT/install/turtlesim/share/turtlesim/package.dsv
[2.986s] -- Up-to-date: /home/simone/Documents/IoT/install/turtlesim/share/ament_index/resource_index/packages/turtlesim
[2.986s] -- Up-to-date: /home/simone/Documents/IoT/install/turtlesim/share/turtlesim/cmake/export_turtlesim__rosidl_generator_cExport.cmake
[2.987s] -- Up-to-date: /home/simone/Documents/IoT/install/turtlesim/share/turtlesim/cmake/export_turtlesim__rosidl_generator_cExport-noconfig.cmake
[2.987s] -- Up-to-date: /home/simone/Documents/IoT/install/turtlesim/share/turtlesim/cmake/export_turtlesim__rosidl_typesupport_fastrtps_cExport.cmake
[2.987s] -- Up-to-date: /home/simone/Documents/IoT/install/turtlesim/share/turtlesim/cmake/export_turtlesim__rosidl_typesupport_fastrtps_cExport-noconfig.cmake
[2.988s] -- Up-to-date: /home/simone/Documents/IoT/install/turtlesim/share/turtlesim/cmake/export_turtlesim__rosidl_generator_cppExport.cmake
[2.988s] -- Up-to-date: /home/simone/Documents/IoT/install/turtlesim/share/turtlesim/cmake/export_turtlesim__rosidl_typesupport_fastrtps_cppExport.cmake
[2.988s] -- Up-to-date: /home/simone/Documents/IoT/install/turtlesim/share/turtlesim/cmake/export_turtlesim__rosidl_typesupport_fastrtps_cppExport-noconfig.cmake
[2.989s] -- Up-to-date: /home/simone/Documents/IoT/install/turtlesim/share/turtlesim/cmake/turtlesim__rosidl_typesupport_introspection_cExport.cmake
[2.989s] -- Up-to-date: /home/simone/Documents/IoT/install/turtlesim/share/turtlesim/cmake/turtlesim__rosidl_typesupport_introspection_cExport-noconfig.cmake
[2.989s] -- Up-to-date: /home/simone/Documents/IoT/install/turtlesim/share/turtlesim/cmake/turtlesim__rosidl_typesupport_cExport.cmake
[2.989s] -- Up-to-date: /home/simone/Documents/IoT/install/turtlesim/share/turtlesim/cmake/turtlesim__rosidl_typesupport_cExport-noconfig.cmake
[2.990s] -- Up-to-date: /home/simone/Documents/IoT/install/turtlesim/share/turtlesim/cmake/turtlesim__rosidl_typesupport_introspection_cppExport.cmake
[2.990s] -- Up-to-date: /home/simone/Documents/IoT/install/turtlesim/share/turtlesim/cmake/turtlesim__rosidl_typesupport_introspection_cppExport-noconfig.cmake
[2.990s] -- Up-to-date: /home/simone/Documents/IoT/install/turtlesim/share/turtlesim/cmake/turtlesim__rosidl_typesupport_cppExport.cmake
[2.990s] -- Up-to-date: /home/simone/Documents/IoT/install/turtlesim/share/turtlesim/cmake/turtlesim__rosidl_typesupport_cppExport-noconfig.cmake
[2.991s] -- Up-to-date: /home/simone/Documents/IoT/install/turtlesim/share/turtlesim/cmake/export_turtlesim__rosidl_generator_pyExport.cmake
[2.991s] -- Up-to-date: /home/simone/Documents/IoT/install/turtlesim/share/turtlesim/cmake/export_turtlesim__rosidl_generator_pyExport-noconfig.cmake
[2.991s] -- Up-to-date: /home/simone/Documents/IoT/install/turtlesim/share/turtlesim/cmake/rosidl_cmake-extras.cmake
[2.991s] -- Up-to-date: /home/simone/Documents/IoT/install/turtlesim/share/turtlesim/cmake/ament_cmake_export_dependencies-extras.cmake
[2.992s] -- Up-to-date: /home/simone/Documents/IoT/install/turtlesim/share/turtlesim/cmake/ament_cmake_export_include_directories-extras.cmake
[2.992s] -- Up-to-date: /home/simone/Documents/IoT/install/turtlesim/share/turtlesim/cmake/ament_cmake_export_libraries-extras.cmake
[2.993s] -- Up-to-date: /home/simone/Documents/IoT/install/turtlesim/share/turtlesim/cmake/ament_cmake_export_targets-extras.cmake
[2.993s] -- Up-to-date: /home/simone/Documents/IoT/install/turtlesim/share/turtlesim/cmake/rosidl_cmake_export_typesupport_targets-extras.cmake
[2.993s] -- Up-to-date: /home/simone/Documents/IoT/install/turtlesim/share/turtlesim/cmake/rosidl_cmake_export_typesupport_libraries-extras.cmake
[2.994s] -- Up-to-date: /home/simone/Documents/IoT/install/turtlesim/share/turtlesim/cmake/turtlesimConfig.cmake
[2.994s] -- Up-to-date: /home/simone/Documents/IoT/install/turtlesim/share/turtlesim/cmake/turtlesimConfig-version.cmake
[2.995s] -- Up-to-date: /home/simone/Documents/IoT/install/turtlesim/share/turtlesim/package.xml
[2.997s] Invoked command in '/home/simone/Documents/IoT/build/turtlesim' returned '0': CMAKE_PREFIX_PATH=${CMAKE_PREFIX_PATH}:/home/simone/Documents/IoT/install/py_srvcli:/home/simone/Documents/IoT/install/py_pubsub:/opt/ros/humble /usr/bin/cmake --install /home/simone/Documents/IoT/build/turtlesim
