[0.028s] Invoking command in '/home/simone/Documents/IoT/Lab_1/build/turtlesim': CMAKE_PREFIX_PATH=/opt/ros/humble /usr/bin/cmake /home/simone/Documents/IoT/Lab_1/src/ros_tutorials/turtlesim -DCMAKE_INSTALL_PREFIX=/home/simone/Documents/IoT/Lab_1/install/turtlesim
[0.237s] -- The C compiler identification is GNU 11.4.0
[0.399s] -- The CXX compiler identification is GNU 11.4.0
[0.420s] -- Detecting C compiler ABI info
[0.582s] -- Detecting C compiler ABI info - done
[0.597s] -- Check for working C compiler: /usr/bin/cc - skipped
[0.604s] -- Detecting C compile features
[0.606s] -- Detecting C compile features - done
[0.613s] -- Detecting CXX compiler ABI info
[0.801s] -- Detecting CXX compiler ABI info - done
[0.815s] -- Check for working CXX compiler: /usr/bin/c++ - skipped
[0.815s] -- Detecting CXX compile features
[0.816s] -- Detecting CXX compile features - done
[0.830s] -- Found ament_cmake: 1.3.8 (/opt/ros/humble/share/ament_cmake/cmake)
[1.204s] -- Found Python3: /usr/bin/python3 (found version "3.10.12") found components: Interpreter 
[1.428s] -- Found ament_index_cpp: 1.4.0 (/opt/ros/humble/share/ament_index_cpp/cmake)
[1.433s] -- Found geometry_msgs: 4.2.3 (/opt/ros/humble/share/geometry_msgs/cmake)
[1.547s] -- Found rosidl_generator_c: 3.1.5 (/opt/ros/humble/share/rosidl_generator_c/cmake)
[1.559s] -- Found rosidl_adapter: 3.1.5 (/opt/ros/humble/share/rosidl_adapter/cmake)
[1.599s] -- Found rosidl_generator_cpp: 3.1.5 (/opt/ros/humble/share/rosidl_generator_cpp/cmake)
[1.652s] -- Using all available rosidl_typesupport_c: rosidl_typesupport_fastrtps_c;rosidl_typesupport_introspection_c
[1.697s] -- Using all available rosidl_typesupport_cpp: rosidl_typesupport_fastrtps_cpp;rosidl_typesupport_introspection_cpp
[2.001s] -- Found rclcpp: 16.0.8 (/opt/ros/humble/share/rclcpp/cmake)
[2.132s] -- Found rmw_implementation_cmake: 6.1.1 (/opt/ros/humble/share/rmw_implementation_cmake/cmake)
[2.139s] -- Found rmw_fastrtps_cpp: 6.2.6 (/opt/ros/humble/share/rmw_fastrtps_cpp/cmake)
[2.384s] -- Found OpenSSL: /usr/lib/x86_64-linux-gnu/libcrypto.so (found version "3.0.2")  
[2.446s] -- Found FastRTPS: /opt/ros/humble/include  
[2.558s] -- Using RMW implementation 'rmw_fastrtps_cpp' as default
[2.582s] -- Looking for pthread.h
[2.753s] -- Looking for pthread.h - found
[2.754s] -- Performing Test CMAKE_HAVE_LIBC_PTHREAD
[2.919s] -- Performing Test CMAKE_HAVE_LIBC_PTHREAD - Success
[2.921s] -- Found Threads: TRUE  
[3.191s] -- Found rclcpp_action: 16.0.8 (/opt/ros/humble/share/rclcpp_action/cmake)
[3.393s] -- Found rosidl_default_generators: 1.2.0 (/opt/ros/humble/share/rosidl_default_generators/cmake)
[3.414s] -- Found std_srvs: 4.2.3 (/opt/ros/humble/share/std_srvs/cmake)
[4.115s] -- Found ament_cmake_ros: 0.10.0 (/opt/ros/humble/share/ament_cmake_ros/cmake)
[4.775s] -- Using all available rosidl_typesupport_c: rosidl_typesupport_fastrtps_c;rosidl_typesupport_introspection_c
[5.031s] -- Using all available rosidl_typesupport_cpp: rosidl_typesupport_fastrtps_cpp;rosidl_typesupport_introspection_cpp
[5.078s] -- Found PythonInterp: /usr/bin/python3 (found suitable version "3.10.12", minimum required is "3.6") 
[5.082s] -- Found python_cmake_module: 0.10.0 (/opt/ros/humble/share/python_cmake_module/cmake)
[5.138s] -- Found PythonLibs: /usr/lib/x86_64-linux-gnu/libpython3.10.so (found suitable version "3.10.12", minimum required is "3.5") 
[5.138s] -- Using PYTHON_EXECUTABLE: /usr/bin/python3
[5.138s] -- Using PYTHON_INCLUDE_DIRS: /usr/include/python3.10
[5.138s] -- Using PYTHON_LIBRARIES: /usr/lib/x86_64-linux-gnu/libpython3.10.so
[5.183s] -- Found PythonExtra: .so  
[5.313s] -- Configuring done
[5.489s] -- Generating done
[5.498s] -- Build files have been written to: /home/simone/Documents/IoT/Lab_1/build/turtlesim
[5.528s] Invoked command in '/home/simone/Documents/IoT/Lab_1/build/turtlesim' returned '0': CMAKE_PREFIX_PATH=/opt/ros/humble /usr/bin/cmake /home/simone/Documents/IoT/Lab_1/src/ros_tutorials/turtlesim -DCMAKE_INSTALL_PREFIX=/home/simone/Documents/IoT/Lab_1/install/turtlesim
[5.534s] Invoking command in '/home/simone/Documents/IoT/Lab_1/build/turtlesim': CMAKE_PREFIX_PATH=/opt/ros/humble /usr/bin/cmake --build /home/simone/Documents/IoT/Lab_1/build/turtlesim -- -j16 -l16
[5.635s] [  1%] [34m[1mGenerating C code for ROS interfaces[0m
[5.659s] [  2%] [34m[1mGenerating C++ code for ROS interfaces[0m
[5.677s] [  2%] Built target ament_cmake_python_copy_turtlesim
[6.187s] running egg_info
[6.188s] creating turtlesim.egg-info
[6.188s] writing turtlesim.egg-info/PKG-INFO
[6.188s] writing dependency_links to turtlesim.egg-info/dependency_links.txt
[6.189s] writing top-level names to turtlesim.egg-info/top_level.txt
[6.189s] writing manifest file 'turtlesim.egg-info/SOURCES.txt'
[6.193s] reading manifest file 'turtlesim.egg-info/SOURCES.txt'
[6.194s] writing manifest file 'turtlesim.egg-info/SOURCES.txt'
[6.242s] [  2%] Built target ament_cmake_python_build_turtlesim_egg
[7.342s] [  2%] Built target turtlesim__cpp
[7.367s] [  3%] [34m[1mGenerating C++ type support dispatch for ROS interfaces[0m
[7.373s] [  4%] [34m[1mGenerating C++ introspection for ROS interfaces[0m
[7.374s] [  5%] [34m[1mGenerating C++ type support for eProsima Fast-RTPS[0m
[7.420s] [  6%] [32mBuilding C object CMakeFiles/turtlesim__rosidl_generator_c.dir/rosidl_generator_c/turtlesim/action/detail/rotate_absolute__functions.c.o[0m
[7.420s] [  8%] [32mBuilding C object CMakeFiles/turtlesim__rosidl_generator_c.dir/rosidl_generator_c/turtlesim/msg/detail/pose__functions.c.o[0m
[7.420s] [  8%] [32mBuilding C object CMakeFiles/turtlesim__rosidl_generator_c.dir/rosidl_generator_c/turtlesim/srv/detail/kill__functions.c.o[0m
[7.421s] [  9%] [32mBuilding C object CMakeFiles/turtlesim__rosidl_generator_c.dir/rosidl_generator_c/turtlesim/srv/detail/teleport_relative__functions.c.o[0m
[7.422s] [ 10%] [32mBuilding C object CMakeFiles/turtlesim__rosidl_generator_c.dir/rosidl_generator_c/turtlesim/msg/detail/color__functions.c.o[0m
[7.426s] [ 11%] [32mBuilding C object CMakeFiles/turtlesim__rosidl_generator_c.dir/rosidl_generator_c/turtlesim/srv/detail/teleport_absolute__functions.c.o[0m
[7.426s] [ 12%] [32mBuilding C object CMakeFiles/turtlesim__rosidl_generator_c.dir/rosidl_generator_c/turtlesim/srv/detail/set_pen__functions.c.o[0m
[7.427s] [ 13%] [32mBuilding C object CMakeFiles/turtlesim__rosidl_generator_c.dir/rosidl_generator_c/turtlesim/srv/detail/spawn__functions.c.o[0m
[7.716s] [ 14%] [32m[1mLinking C shared library libturtlesim__rosidl_generator_c.so[0m
[7.812s] [ 14%] Built target turtlesim__rosidl_generator_c
[7.836s] [ 15%] [34m[1mGenerating C type support for eProsima Fast-RTPS[0m
[7.836s] [ 16%] [34m[1mGenerating C introspection for ROS interfaces[0m
[7.838s] [ 17%] [34m[1mGenerating C type support dispatch for ROS interfaces[0m
[8.417s] [ 18%] [32mBuilding CXX object CMakeFiles/turtlesim__rosidl_typesupport_cpp.dir/rosidl_typesupport_cpp/turtlesim/action/rotate_absolute__type_support.cpp.o[0m
[8.419s] [ 19%] [32mBuilding CXX object CMakeFiles/turtlesim__rosidl_typesupport_cpp.dir/rosidl_typesupport_cpp/turtlesim/msg/pose__type_support.cpp.o[0m
[8.420s] [ 20%] [32mBuilding CXX object CMakeFiles/turtlesim__rosidl_typesupport_cpp.dir/rosidl_typesupport_cpp/turtlesim/msg/color__type_support.cpp.o[0m
[8.422s] [ 21%] [32mBuilding CXX object CMakeFiles/turtlesim__rosidl_typesupport_cpp.dir/rosidl_typesupport_cpp/turtlesim/srv/kill__type_support.cpp.o[0m
[8.423s] [ 23%] [32mBuilding CXX object CMakeFiles/turtlesim__rosidl_typesupport_cpp.dir/rosidl_typesupport_cpp/turtlesim/srv/set_pen__type_support.cpp.o[0m
[8.423s] [ 23%] [32mBuilding CXX object CMakeFiles/turtlesim__rosidl_typesupport_cpp.dir/rosidl_typesupport_cpp/turtlesim/srv/spawn__type_support.cpp.o[0m
[8.424s] [ 24%] [32mBuilding CXX object CMakeFiles/turtlesim__rosidl_typesupport_cpp.dir/rosidl_typesupport_cpp/turtlesim/srv/teleport_relative__type_support.cpp.o[0m
[8.436s] [ 25%] [32mBuilding CXX object CMakeFiles/turtlesim__rosidl_typesupport_cpp.dir/rosidl_typesupport_cpp/turtlesim/srv/teleport_absolute__type_support.cpp.o[0m
[8.895s] [ 26%] [32mBuilding CXX object CMakeFiles/turtlesim__rosidl_typesupport_introspection_cpp.dir/rosidl_typesupport_introspection_cpp/turtlesim/action/detail/rotate_absolute__type_support.cpp.o[0m
[8.895s] [ 27%] [32mBuilding CXX object CMakeFiles/turtlesim__rosidl_typesupport_introspection_cpp.dir/rosidl_typesupport_introspection_cpp/turtlesim/msg/detail/color__type_support.cpp.o[0m
[8.896s] [ 28%] [32mBuilding CXX object CMakeFiles/turtlesim__rosidl_typesupport_introspection_cpp.dir/rosidl_typesupport_introspection_cpp/turtlesim/srv/detail/kill__type_support.cpp.o[0m
[8.897s] [ 29%] [32mBuilding CXX object CMakeFiles/turtlesim__rosidl_typesupport_introspection_cpp.dir/rosidl_typesupport_introspection_cpp/turtlesim/msg/detail/pose__type_support.cpp.o[0m
[9.127s] [ 30%] [32mBuilding CXX object CMakeFiles/turtlesim__rosidl_typesupport_introspection_cpp.dir/rosidl_typesupport_introspection_cpp/turtlesim/srv/detail/set_pen__type_support.cpp.o[0m
[9.140s] [ 31%] [32mBuilding CXX object CMakeFiles/turtlesim__rosidl_typesupport_introspection_cpp.dir/rosidl_typesupport_introspection_cpp/turtlesim/srv/detail/spawn__type_support.cpp.o[0m
[9.142s] [ 32%] [32mBuilding CXX object CMakeFiles/turtlesim__rosidl_typesupport_introspection_cpp.dir/rosidl_typesupport_introspection_cpp/turtlesim/srv/detail/teleport_absolute__type_support.cpp.o[0m
[9.146s] [ 33%] [32mBuilding CXX object CMakeFiles/turtlesim__rosidl_typesupport_introspection_cpp.dir/rosidl_typesupport_introspection_cpp/turtlesim/srv/detail/teleport_relative__type_support.cpp.o[0m
[9.211s] [ 34%] [32mBuilding CXX object CMakeFiles/turtlesim__rosidl_typesupport_c.dir/rosidl_typesupport_c/turtlesim/action/rotate_absolute__type_support.cpp.o[0m
[9.217s] [ 35%] [32mBuilding CXX object CMakeFiles/turtlesim__rosidl_typesupport_c.dir/rosidl_typesupport_c/turtlesim/msg/color__type_support.cpp.o[0m
[9.276s] [ 36%] [32mBuilding CXX object CMakeFiles/turtlesim__rosidl_typesupport_c.dir/rosidl_typesupport_c/turtlesim/srv/kill__type_support.cpp.o[0m
[9.276s] [ 37%] [32mBuilding CXX object CMakeFiles/turtlesim__rosidl_typesupport_c.dir/rosidl_typesupport_c/turtlesim/msg/pose__type_support.cpp.o[0m
[9.299s] [ 39%] [32mBuilding CXX object CMakeFiles/turtlesim__rosidl_typesupport_fastrtps_cpp.dir/rosidl_typesupport_fastrtps_cpp/turtlesim/action/detail/dds_fastrtps/rotate_absolute__type_support.cpp.o[0m
[9.299s] [ 39%] [32mBuilding CXX object CMakeFiles/turtlesim__rosidl_typesupport_c.dir/rosidl_typesupport_c/turtlesim/srv/set_pen__type_support.cpp.o[0m
[9.335s] [ 40%] [32mBuilding CXX object CMakeFiles/turtlesim__rosidl_typesupport_c.dir/rosidl_typesupport_c/turtlesim/srv/spawn__type_support.cpp.o[0m
[9.344s] [ 41%] [32mBuilding CXX object CMakeFiles/turtlesim__rosidl_typesupport_c.dir/rosidl_typesupport_c/turtlesim/srv/teleport_absolute__type_support.cpp.o[0m
[9.361s] [ 42%] [32mBuilding CXX object CMakeFiles/turtlesim__rosidl_typesupport_c.dir/rosidl_typesupport_c/turtlesim/srv/teleport_relative__type_support.cpp.o[0m
[9.370s] [ 43%] [32mBuilding CXX object CMakeFiles/turtlesim__rosidl_typesupport_fastrtps_cpp.dir/rosidl_typesupport_fastrtps_cpp/turtlesim/msg/detail/dds_fastrtps/color__type_support.cpp.o[0m
[9.420s] [ 44%] [32mBuilding CXX object CMakeFiles/turtlesim__rosidl_typesupport_fastrtps_cpp.dir/rosidl_typesupport_fastrtps_cpp/turtlesim/msg/detail/dds_fastrtps/pose__type_support.cpp.o[0m
[9.429s] [ 45%] [32mBuilding CXX object CMakeFiles/turtlesim__rosidl_typesupport_fastrtps_cpp.dir/rosidl_typesupport_fastrtps_cpp/turtlesim/srv/detail/dds_fastrtps/kill__type_support.cpp.o[0m
[9.432s] [ 46%] [32m[1mLinking CXX shared library libturtlesim__rosidl_typesupport_c.so[0m
[9.491s] [ 47%] [32m[1mLinking CXX shared library libturtlesim__rosidl_typesupport_cpp.so[0m
[9.514s] [ 47%] Built target turtlesim__rosidl_typesupport_c
[9.545s] [ 48%] [32mBuilding CXX object CMakeFiles/turtlesim__rosidl_typesupport_fastrtps_cpp.dir/rosidl_typesupport_fastrtps_cpp/turtlesim/srv/detail/dds_fastrtps/set_pen__type_support.cpp.o[0m
[9.577s] [ 48%] Built target turtlesim__rosidl_typesupport_cpp
[9.595s] [ 49%] [34m[1mGenerating include/turtlesim/moc_turtle_frame.cpp[0m
[9.715s] [ 50%] [32mBuilding CXX object CMakeFiles/turtle_teleop_key.dir/tutorials/teleop_turtle_key.cpp.o[0m
[9.716s] [ 51%] [32mBuilding C object CMakeFiles/turtlesim__rosidl_typesupport_introspection_c.dir/rosidl_typesupport_introspection_c/turtlesim/action/detail/rotate_absolute__type_support.c.o[0m
[9.745s] [ 52%] [32mBuilding CXX object CMakeFiles/draw_square.dir/tutorials/draw_square.cpp.o[0m
[9.745s] [ 53%] [32mBuilding CXX object CMakeFiles/turtlesim_node.dir/src/turtlesim.cpp.o[0m
[9.747s] [ 54%] [32mBuilding CXX object CMakeFiles/mimic.dir/tutorials/mimic.cpp.o[0m
[9.808s] [ 55%] [32mBuilding CXX object CMakeFiles/turtlesim__rosidl_typesupport_fastrtps_c.dir/rosidl_typesupport_fastrtps_c/turtlesim/action/detail/rotate_absolute__type_support_c.cpp.o[0m
[9.822s] [ 56%] [32mBuilding C object CMakeFiles/turtlesim__rosidl_typesupport_introspection_c.dir/rosidl_typesupport_introspection_c/turtlesim/msg/detail/color__type_support.c.o[0m
[9.848s] [ 57%] [32mBuilding CXX object CMakeFiles/turtlesim__rosidl_typesupport_fastrtps_c.dir/rosidl_typesupport_fastrtps_c/turtlesim/msg/detail/color__type_support_c.cpp.o[0m
[9.856s] [ 58%] [32mBuilding CXX object CMakeFiles/turtlesim__rosidl_typesupport_fastrtps_c.dir/rosidl_typesupport_fastrtps_c/turtlesim/msg/detail/pose__type_support_c.cpp.o[0m
[9.869s] [ 59%] [32mBuilding C object CMakeFiles/turtlesim__rosidl_typesupport_introspection_c.dir/rosidl_typesupport_introspection_c/turtlesim/msg/detail/pose__type_support.c.o[0m
[9.878s] [ 60%] [32mBuilding C object CMakeFiles/turtlesim__rosidl_typesupport_introspection_c.dir/rosidl_typesupport_introspection_c/turtlesim/srv/detail/kill__type_support.c.o[0m
[9.885s] [ 61%] [32mBuilding CXX object CMakeFiles/turtlesim__rosidl_typesupport_fastrtps_c.dir/rosidl_typesupport_fastrtps_c/turtlesim/srv/detail/kill__type_support_c.cpp.o[0m
[9.930s] [ 62%] [32mBuilding C object CMakeFiles/turtlesim__rosidl_typesupport_introspection_c.dir/rosidl_typesupport_introspection_c/turtlesim/srv/detail/set_pen__type_support.c.o[0m
[9.947s] [ 63%] [32mBuilding C object CMakeFiles/turtlesim__rosidl_typesupport_introspection_c.dir/rosidl_typesupport_introspection_c/turtlesim/srv/detail/spawn__type_support.c.o[0m
[10.008s] [ 64%] [32mBuilding CXX object CMakeFiles/turtlesim_node.dir/src/turtle.cpp.o[0m
[10.013s] [ 65%] [32mBuilding C object CMakeFiles/turtlesim__rosidl_typesupport_introspection_c.dir/rosidl_typesupport_introspection_c/turtlesim/srv/detail/teleport_absolute__type_support.c.o[0m
[10.037s] [ 66%] [32m[1mLinking CXX shared library libturtlesim__rosidl_typesupport_introspection_cpp.so[0m
[10.041s] [ 67%] [32mBuilding CXX object CMakeFiles/turtlesim__rosidl_typesupport_fastrtps_cpp.dir/rosidl_typesupport_fastrtps_cpp/turtlesim/srv/detail/dds_fastrtps/spawn__type_support.cpp.o[0m
[10.070s] [ 68%] [32mBuilding C object CMakeFiles/turtlesim__rosidl_typesupport_introspection_c.dir/rosidl_typesupport_introspection_c/turtlesim/srv/detail/teleport_relative__type_support.c.o[0m
[10.093s] [ 69%] [32mBuilding CXX object CMakeFiles/turtlesim__rosidl_typesupport_fastrtps_cpp.dir/rosidl_typesupport_fastrtps_cpp/turtlesim/srv/detail/dds_fastrtps/teleport_absolute__type_support.cpp.o[0m
[10.113s] [ 70%] [32mBuilding CXX object CMakeFiles/turtlesim__rosidl_typesupport_fastrtps_cpp.dir/rosidl_typesupport_fastrtps_cpp/turtlesim/srv/detail/dds_fastrtps/teleport_relative__type_support.cpp.o[0m
[10.132s] [ 71%] [32m[1mLinking C shared library libturtlesim__rosidl_typesupport_introspection_c.so[0m
[10.178s] [ 71%] Built target turtlesim__rosidl_typesupport_introspection_cpp
[10.178s] [ 71%] Built target turtlesim__rosidl_typesupport_introspection_c
[10.191s] [ 73%] [32mBuilding CXX object CMakeFiles/turtlesim__rosidl_typesupport_fastrtps_c.dir/rosidl_typesupport_fastrtps_c/turtlesim/srv/detail/set_pen__type_support_c.cpp.o[0m
[10.191s] [ 73%] [32mBuilding CXX object CMakeFiles/turtlesim_node.dir/src/turtle_frame.cpp.o[0m
[10.196s] [ 74%] [32mBuilding CXX object CMakeFiles/turtlesim__rosidl_typesupport_fastrtps_c.dir/rosidl_typesupport_fastrtps_c/turtlesim/srv/detail/spawn__type_support_c.cpp.o[0m
[10.198s] [ 75%] [32mBuilding CXX object CMakeFiles/turtlesim__rosidl_typesupport_fastrtps_c.dir/rosidl_typesupport_fastrtps_c/turtlesim/srv/detail/teleport_absolute__type_support_c.cpp.o[0m
[10.320s] [ 76%] [32mBuilding CXX object CMakeFiles/turtlesim__rosidl_typesupport_fastrtps_c.dir/rosidl_typesupport_fastrtps_c/turtlesim/srv/detail/teleport_relative__type_support_c.cpp.o[0m
[10.322s] [ 77%] [32mBuilding CXX object CMakeFiles/turtlesim_node.dir/include/turtlesim/moc_turtle_frame.cpp.o[0m
[10.651s] [ 78%] [32m[1mLinking CXX shared library libturtlesim__rosidl_typesupport_fastrtps_cpp.so[0m
[10.720s] [ 78%] Built target turtlesim__rosidl_typesupport_fastrtps_cpp
[10.744s] [ 79%] [32m[1mLinking CXX shared library libturtlesim__rosidl_typesupport_fastrtps_c.so[0m
[10.817s] [ 79%] Built target turtlesim__rosidl_typesupport_fastrtps_c
[10.838s] [ 79%] Built target turtlesim
[10.859s] [ 80%] [34m[1mGenerating Python code for ROS interfaces[0m
[12.205s] [ 80%] Built target turtlesim__py
[12.228s] [ 81%] [32mBuilding C object CMakeFiles/turtlesim__rosidl_generator_py.dir/rosidl_generator_py/turtlesim/action/_rotate_absolute_s.c.o[0m
[12.229s] [ 84%] [32mBuilding C object CMakeFiles/turtlesim__rosidl_generator_py.dir/rosidl_generator_py/turtlesim/srv/_set_pen_s.c.o[0m
[12.229s] [ 86%] [32mBuilding C object CMakeFiles/turtlesim__rosidl_generator_py.dir/rosidl_generator_py/turtlesim/srv/_kill_s.c.o[0m
[12.229s] [ 86%] [32mBuilding C object CMakeFiles/turtlesim__rosidl_generator_py.dir/rosidl_generator_py/turtlesim/msg/_pose_s.c.o[0m
[12.229s] [ 86%] [32mBuilding C object CMakeFiles/turtlesim__rosidl_generator_py.dir/rosidl_generator_py/turtlesim/msg/_color_s.c.o[0m
[12.229s] [ 86%] [32mBuilding C object CMakeFiles/turtlesim__rosidl_generator_py.dir/rosidl_generator_py/turtlesim/srv/_spawn_s.c.o[0m
[12.229s] [ 87%] [32mBuilding C object CMakeFiles/turtlesim__rosidl_generator_py.dir/rosidl_generator_py/turtlesim/srv/_teleport_absolute_s.c.o[0m
[12.230s] [ 88%] [32mBuilding C object CMakeFiles/turtlesim__rosidl_generator_py.dir/rosidl_generator_py/turtlesim/srv/_teleport_relative_s.c.o[0m
[12.448s] [ 89%] [32m[1mLinking C shared library rosidl_generator_py/turtlesim/libturtlesim__rosidl_generator_py.so[0m
[12.501s] [ 89%] Built target turtlesim__rosidl_generator_py
[12.526s] [ 90%] [32mBuilding C object CMakeFiles/turtlesim__rosidl_typesupport_introspection_c__pyext.dir/rosidl_generator_py/turtlesim/_turtlesim_s.ep.rosidl_typesupport_introspection_c.c.o[0m
[12.526s] [ 91%] [32mBuilding C object CMakeFiles/turtlesim__rosidl_typesupport_c__pyext.dir/rosidl_generator_py/turtlesim/_turtlesim_s.ep.rosidl_typesupport_c.c.o[0m
[12.528s] [ 92%] [32mBuilding C object CMakeFiles/turtlesim__rosidl_typesupport_fastrtps_c__pyext.dir/rosidl_generator_py/turtlesim/_turtlesim_s.ep.rosidl_typesupport_fastrtps_c.c.o[0m
[12.700s] [ 93%] [32m[1mLinking C shared library rosidl_generator_py/turtlesim/turtlesim_s__rosidl_typesupport_c.cpython-310-x86_64-linux-gnu.so[0m
[12.741s] [ 93%] Built target turtlesim__rosidl_typesupport_c__pyext
[12.746s] [ 94%] [32m[1mLinking C shared library rosidl_generator_py/turtlesim/turtlesim_s__rosidl_typesupport_introspection_c.cpython-310-x86_64-linux-gnu.so[0m
[12.773s] [ 95%] [32m[1mLinking C shared library rosidl_generator_py/turtlesim/turtlesim_s__rosidl_typesupport_fastrtps_c.cpython-310-x86_64-linux-gnu.so[0m
[12.788s] [ 95%] Built target turtlesim__rosidl_typesupport_introspection_c__pyext
[12.819s] [ 95%] Built target turtlesim__rosidl_typesupport_fastrtps_c__pyext
[15.094s] [ 96%] [32m[1mLinking CXX executable turtle_teleop_key[0m
[15.297s] [ 96%] Built target turtle_teleop_key
[17.109s] [ 97%] [32m[1mLinking CXX executable mimic[0m
[17.402s] [ 97%] Built target mimic
[17.697s] [ 98%] [32m[1mLinking CXX executable draw_square[0m
[18.035s] [ 98%] Built target draw_square
[20.252s] [100%] [32m[1mLinking CXX executable turtlesim_node[0m
[21.845s] [100%] Built target turtlesim_node
[21.859s] Invoked command in '/home/simone/Documents/IoT/Lab_1/build/turtlesim' returned '0': CMAKE_PREFIX_PATH=/opt/ros/humble /usr/bin/cmake --build /home/simone/Documents/IoT/Lab_1/build/turtlesim -- -j16 -l16
[22.081s] Invoking command in '/home/simone/Documents/IoT/Lab_1/build/turtlesim': CMAKE_PREFIX_PATH=/opt/ros/humble /usr/bin/cmake --install /home/simone/Documents/IoT/Lab_1/build/turtlesim
[22.087s] -- Install configuration: ""
[22.087s] -- Installing: /home/simone/Documents/IoT/Lab_1/install/turtlesim/share/ament_index/resource_index/rosidl_interfaces/turtlesim
[22.088s] -- Installing: /home/simone/Documents/IoT/Lab_1/install/turtlesim/include/turtlesim/turtlesim
[22.088s] -- Installing: /home/simone/Documents/IoT/Lab_1/install/turtlesim/include/turtlesim/turtlesim/srv
[22.088s] -- Installing: /home/simone/Documents/IoT/Lab_1/install/turtlesim/include/turtlesim/turtlesim/srv/teleport_relative.h
[22.088s] -- Installing: /home/simone/Documents/IoT/Lab_1/install/turtlesim/include/turtlesim/turtlesim/srv/set_pen.h
[22.088s] -- Installing: /home/simone/Documents/IoT/Lab_1/install/turtlesim/include/turtlesim/turtlesim/srv/detail
[22.088s] -- Installing: /home/simone/Documents/IoT/Lab_1/install/turtlesim/include/turtlesim/turtlesim/srv/detail/teleport_absolute__functions.h
[22.088s] -- Installing: /home/simone/Documents/IoT/Lab_1/install/turtlesim/include/turtlesim/turtlesim/srv/detail/kill__functions.c
[22.088s] -- Installing: /home/simone/Documents/IoT/Lab_1/install/turtlesim/include/turtlesim/turtlesim/srv/detail/set_pen__type_support.h
[22.088s] -- Installing: /home/simone/Documents/IoT/Lab_1/install/turtlesim/include/turtlesim/turtlesim/srv/detail/kill__struct.h
[22.089s] -- Installing: /home/simone/Documents/IoT/Lab_1/install/turtlesim/include/turtlesim/turtlesim/srv/detail/spawn__struct.h
[22.089s] -- Installing: /home/simone/Documents/IoT/Lab_1/install/turtlesim/include/turtlesim/turtlesim/srv/detail/set_pen__functions.h
[22.089s] -- Installing: /home/simone/Documents/IoT/Lab_1/install/turtlesim/include/turtlesim/turtlesim/srv/detail/teleport_relative__type_support.h
[22.089s] -- Installing: /home/simone/Documents/IoT/Lab_1/install/turtlesim/include/turtlesim/turtlesim/srv/detail/set_pen__functions.c
[22.089s] -- Installing: /home/simone/Documents/IoT/Lab_1/install/turtlesim/include/turtlesim/turtlesim/srv/detail/teleport_relative__functions.c
[22.089s] -- Installing: /home/simone/Documents/IoT/Lab_1/install/turtlesim/include/turtlesim/turtlesim/srv/detail/spawn__type_support.h
[22.089s] -- Installing: /home/simone/Documents/IoT/Lab_1/install/turtlesim/include/turtlesim/turtlesim/srv/detail/kill__type_support.h
[22.089s] -- Installing: /home/simone/Documents/IoT/Lab_1/install/turtlesim/include/turtlesim/turtlesim/srv/detail/spawn__functions.c
[22.090s] -- Installing: /home/simone/Documents/IoT/Lab_1/install/turtlesim/include/turtlesim/turtlesim/srv/detail/teleport_absolute__type_support.h
[22.090s] -- Installing: /home/simone/Documents/IoT/Lab_1/install/turtlesim/include/turtlesim/turtlesim/srv/detail/teleport_relative__functions.h
[22.090s] -- Installing: /home/simone/Documents/IoT/Lab_1/install/turtlesim/include/turtlesim/turtlesim/srv/detail/spawn__functions.h
[22.090s] -- Installing: /home/simone/Documents/IoT/Lab_1/install/turtlesim/include/turtlesim/turtlesim/srv/detail/teleport_relative__struct.h
[22.090s] -- Installing: /home/simone/Documents/IoT/Lab_1/install/turtlesim/include/turtlesim/turtlesim/srv/detail/kill__functions.h
[22.090s] -- Installing: /home/simone/Documents/IoT/Lab_1/install/turtlesim/include/turtlesim/turtlesim/srv/detail/teleport_absolute__struct.h
[22.091s] -- Installing: /home/simone/Documents/IoT/Lab_1/install/turtlesim/include/turtlesim/turtlesim/srv/detail/set_pen__struct.h
[22.091s] -- Installing: /home/simone/Documents/IoT/Lab_1/install/turtlesim/include/turtlesim/turtlesim/srv/detail/teleport_absolute__functions.c
[22.091s] -- Installing: /home/simone/Documents/IoT/Lab_1/install/turtlesim/include/turtlesim/turtlesim/srv/kill.h
[22.091s] -- Installing: /home/simone/Documents/IoT/Lab_1/install/turtlesim/include/turtlesim/turtlesim/srv/teleport_absolute.h
[22.091s] -- Installing: /home/simone/Documents/IoT/Lab_1/install/turtlesim/include/turtlesim/turtlesim/srv/spawn.h
[22.091s] -- Installing: /home/simone/Documents/IoT/Lab_1/install/turtlesim/include/turtlesim/turtlesim/msg
[22.091s] -- Installing: /home/simone/Documents/IoT/Lab_1/install/turtlesim/include/turtlesim/turtlesim/msg/rosidl_generator_c__visibility_control.h
[22.091s] -- Installing: /home/simone/Documents/IoT/Lab_1/install/turtlesim/include/turtlesim/turtlesim/msg/detail
[22.091s] -- Installing: /home/simone/Documents/IoT/Lab_1/install/turtlesim/include/turtlesim/turtlesim/msg/detail/pose__functions.h
[22.091s] -- Installing: /home/simone/Documents/IoT/Lab_1/install/turtlesim/include/turtlesim/turtlesim/msg/detail/pose__type_support.h
[22.092s] -- Installing: /home/simone/Documents/IoT/Lab_1/install/turtlesim/include/turtlesim/turtlesim/msg/detail/pose__struct.h
[22.092s] -- Installing: /home/simone/Documents/IoT/Lab_1/install/turtlesim/include/turtlesim/turtlesim/msg/detail/color__functions.c
[22.092s] -- Installing: /home/simone/Documents/IoT/Lab_1/install/turtlesim/include/turtlesim/turtlesim/msg/detail/color__functions.h
[22.092s] -- Installing: /home/simone/Documents/IoT/Lab_1/install/turtlesim/include/turtlesim/turtlesim/msg/detail/pose__functions.c
[22.092s] -- Installing: /home/simone/Documents/IoT/Lab_1/install/turtlesim/include/turtlesim/turtlesim/msg/detail/color__struct.h
[22.092s] -- Installing: /home/simone/Documents/IoT/Lab_1/install/turtlesim/include/turtlesim/turtlesim/msg/detail/color__type_support.h
[22.092s] -- Installing: /home/simone/Documents/IoT/Lab_1/install/turtlesim/include/turtlesim/turtlesim/msg/pose.h
[22.092s] -- Installing: /home/simone/Documents/IoT/Lab_1/install/turtlesim/include/turtlesim/turtlesim/msg/color.h
[22.093s] -- Installing: /home/simone/Documents/IoT/Lab_1/install/turtlesim/include/turtlesim/turtlesim/action
[22.093s] -- Installing: /home/simone/Documents/IoT/Lab_1/install/turtlesim/include/turtlesim/turtlesim/action/detail
[22.093s] -- Installing: /home/simone/Documents/IoT/Lab_1/install/turtlesim/include/turtlesim/turtlesim/action/detail/rotate_absolute__functions.h
[22.093s] -- Installing: /home/simone/Documents/IoT/Lab_1/install/turtlesim/include/turtlesim/turtlesim/action/detail/rotate_absolute__functions.c
[22.093s] -- Installing: /home/simone/Documents/IoT/Lab_1/install/turtlesim/include/turtlesim/turtlesim/action/detail/rotate_absolute__type_support.h
[22.093s] -- Installing: /home/simone/Documents/IoT/Lab_1/install/turtlesim/include/turtlesim/turtlesim/action/detail/rotate_absolute__struct.h
[22.093s] -- Installing: /home/simone/Documents/IoT/Lab_1/install/turtlesim/include/turtlesim/turtlesim/action/rotate_absolute.h
[22.094s] -- Installing: /home/simone/Documents/IoT/Lab_1/install/turtlesim/share/turtlesim/environment/library_path.sh
[22.094s] -- Installing: /home/simone/Documents/IoT/Lab_1/install/turtlesim/share/turtlesim/environment/library_path.dsv
[22.094s] -- Installing: /home/simone/Documents/IoT/Lab_1/install/turtlesim/lib/libturtlesim__rosidl_generator_c.so
[22.094s] -- Set runtime path of "/home/simone/Documents/IoT/Lab_1/install/turtlesim/lib/libturtlesim__rosidl_generator_c.so" to ""
[22.094s] -- Up-to-date: /home/simone/Documents/IoT/Lab_1/install/turtlesim/include/turtlesim/turtlesim
[22.095s] -- Up-to-date: /home/simone/Documents/IoT/Lab_1/install/turtlesim/include/turtlesim/turtlesim/srv
[22.095s] -- Up-to-date: /home/simone/Documents/IoT/Lab_1/install/turtlesim/include/turtlesim/turtlesim/srv/detail
[22.095s] -- Installing: /home/simone/Documents/IoT/Lab_1/install/turtlesim/include/turtlesim/turtlesim/srv/detail/spawn__rosidl_typesupport_fastrtps_c.h
[22.095s] -- Installing: /home/simone/Documents/IoT/Lab_1/install/turtlesim/include/turtlesim/turtlesim/srv/detail/teleport_absolute__rosidl_typesupport_fastrtps_c.h
[22.095s] -- Installing: /home/simone/Documents/IoT/Lab_1/install/turtlesim/include/turtlesim/turtlesim/srv/detail/kill__rosidl_typesupport_fastrtps_c.h
[22.095s] -- Installing: /home/simone/Documents/IoT/Lab_1/install/turtlesim/include/turtlesim/turtlesim/srv/detail/teleport_relative__rosidl_typesupport_fastrtps_c.h
[22.095s] -- Installing: /home/simone/Documents/IoT/Lab_1/install/turtlesim/include/turtlesim/turtlesim/srv/detail/set_pen__rosidl_typesupport_fastrtps_c.h
[22.095s] -- Up-to-date: /home/simone/Documents/IoT/Lab_1/install/turtlesim/include/turtlesim/turtlesim/msg
[22.095s] -- Up-to-date: /home/simone/Documents/IoT/Lab_1/install/turtlesim/include/turtlesim/turtlesim/msg/detail
[22.095s] -- Installing: /home/simone/Documents/IoT/Lab_1/install/turtlesim/include/turtlesim/turtlesim/msg/detail/pose__rosidl_typesupport_fastrtps_c.h
[22.095s] -- Installing: /home/simone/Documents/IoT/Lab_1/install/turtlesim/include/turtlesim/turtlesim/msg/detail/color__rosidl_typesupport_fastrtps_c.h
[22.095s] -- Installing: /home/simone/Documents/IoT/Lab_1/install/turtlesim/include/turtlesim/turtlesim/msg/rosidl_typesupport_fastrtps_c__visibility_control.h
[22.095s] -- Up-to-date: /home/simone/Documents/IoT/Lab_1/install/turtlesim/include/turtlesim/turtlesim/action
[22.096s] -- Up-to-date: /home/simone/Documents/IoT/Lab_1/install/turtlesim/include/turtlesim/turtlesim/action/detail
[22.096s] -- Installing: /home/simone/Documents/IoT/Lab_1/install/turtlesim/include/turtlesim/turtlesim/action/detail/rotate_absolute__rosidl_typesupport_fastrtps_c.h
[22.096s] -- Installing: /home/simone/Documents/IoT/Lab_1/install/turtlesim/lib/libturtlesim__rosidl_typesupport_fastrtps_c.so
[22.096s] -- Set runtime path of "/home/simone/Documents/IoT/Lab_1/install/turtlesim/lib/libturtlesim__rosidl_typesupport_fastrtps_c.so" to ""
[22.096s] -- Up-to-date: /home/simone/Documents/IoT/Lab_1/install/turtlesim/include/turtlesim/turtlesim
[22.096s] -- Up-to-date: /home/simone/Documents/IoT/Lab_1/install/turtlesim/include/turtlesim/turtlesim/srv
[22.096s] -- Installing: /home/simone/Documents/IoT/Lab_1/install/turtlesim/include/turtlesim/turtlesim/srv/teleport_absolute.hpp
[22.096s] -- Installing: /home/simone/Documents/IoT/Lab_1/install/turtlesim/include/turtlesim/turtlesim/srv/teleport_relative.hpp
[22.096s] -- Installing: /home/simone/Documents/IoT/Lab_1/install/turtlesim/include/turtlesim/turtlesim/srv/set_pen.hpp
[22.097s] -- Installing: /home/simone/Documents/IoT/Lab_1/install/turtlesim/include/turtlesim/turtlesim/srv/spawn.hpp
[22.097s] -- Installing: /home/simone/Documents/IoT/Lab_1/install/turtlesim/include/turtlesim/turtlesim/srv/kill.hpp
[22.097s] -- Up-to-date: /home/simone/Documents/IoT/Lab_1/install/turtlesim/include/turtlesim/turtlesim/srv/detail
[22.097s] -- Installing: /home/simone/Documents/IoT/Lab_1/install/turtlesim/include/turtlesim/turtlesim/srv/detail/teleport_relative__builder.hpp
[22.097s] -- Installing: /home/simone/Documents/IoT/Lab_1/install/turtlesim/include/turtlesim/turtlesim/srv/detail/set_pen__traits.hpp
[22.097s] -- Installing: /home/simone/Documents/IoT/Lab_1/install/turtlesim/include/turtlesim/turtlesim/srv/detail/spawn__struct.hpp
[22.097s] -- Installing: /home/simone/Documents/IoT/Lab_1/install/turtlesim/include/turtlesim/turtlesim/srv/detail/spawn__traits.hpp
[22.097s] -- Installing: /home/simone/Documents/IoT/Lab_1/install/turtlesim/include/turtlesim/turtlesim/srv/detail/teleport_absolute__struct.hpp
[22.097s] -- Installing: /home/simone/Documents/IoT/Lab_1/install/turtlesim/include/turtlesim/turtlesim/srv/detail/set_pen__builder.hpp
[22.098s] -- Installing: /home/simone/Documents/IoT/Lab_1/install/turtlesim/include/turtlesim/turtlesim/srv/detail/teleport_relative__traits.hpp
[22.098s] -- Installing: /home/simone/Documents/IoT/Lab_1/install/turtlesim/include/turtlesim/turtlesim/srv/detail/teleport_absolute__builder.hpp
[22.098s] -- Installing: /home/simone/Documents/IoT/Lab_1/install/turtlesim/include/turtlesim/turtlesim/srv/detail/set_pen__struct.hpp
[22.098s] -- Installing: /home/simone/Documents/IoT/Lab_1/install/turtlesim/include/turtlesim/turtlesim/srv/detail/spawn__builder.hpp
[22.098s] -- Installing: /home/simone/Documents/IoT/Lab_1/install/turtlesim/include/turtlesim/turtlesim/srv/detail/kill__builder.hpp
[22.098s] -- Installing: /home/simone/Documents/IoT/Lab_1/install/turtlesim/include/turtlesim/turtlesim/srv/detail/kill__traits.hpp
[22.098s] -- Installing: /home/simone/Documents/IoT/Lab_1/install/turtlesim/include/turtlesim/turtlesim/srv/detail/teleport_absolute__traits.hpp
[22.098s] -- Installing: /home/simone/Documents/IoT/Lab_1/install/turtlesim/include/turtlesim/turtlesim/srv/detail/kill__struct.hpp
[22.099s] -- Installing: /home/simone/Documents/IoT/Lab_1/install/turtlesim/include/turtlesim/turtlesim/srv/detail/teleport_relative__struct.hpp
[22.099s] -- Up-to-date: /home/simone/Documents/IoT/Lab_1/install/turtlesim/include/turtlesim/turtlesim/msg
[22.099s] -- Installing: /home/simone/Documents/IoT/Lab_1/install/turtlesim/include/turtlesim/turtlesim/msg/pose.hpp
[22.099s] -- Installing: /home/simone/Documents/IoT/Lab_1/install/turtlesim/include/turtlesim/turtlesim/msg/color.hpp
[22.099s] -- Up-to-date: /home/simone/Documents/IoT/Lab_1/install/turtlesim/include/turtlesim/turtlesim/msg/detail
[22.099s] -- Installing: /home/simone/Documents/IoT/Lab_1/install/turtlesim/include/turtlesim/turtlesim/msg/detail/pose__builder.hpp
[22.099s] -- Installing: /home/simone/Documents/IoT/Lab_1/install/turtlesim/include/turtlesim/turtlesim/msg/detail/pose__traits.hpp
[22.099s] -- Installing: /home/simone/Documents/IoT/Lab_1/install/turtlesim/include/turtlesim/turtlesim/msg/detail/color__traits.hpp
[22.099s] -- Installing: /home/simone/Documents/IoT/Lab_1/install/turtlesim/include/turtlesim/turtlesim/msg/detail/color__struct.hpp
[22.099s] -- Installing: /home/simone/Documents/IoT/Lab_1/install/turtlesim/include/turtlesim/turtlesim/msg/detail/color__builder.hpp
[22.100s] -- Installing: /home/simone/Documents/IoT/Lab_1/install/turtlesim/include/turtlesim/turtlesim/msg/detail/pose__struct.hpp
[22.100s] -- Up-to-date: /home/simone/Documents/IoT/Lab_1/install/turtlesim/include/turtlesim/turtlesim/action
[22.100s] -- Up-to-date: /home/simone/Documents/IoT/Lab_1/install/turtlesim/include/turtlesim/turtlesim/action/detail
[22.100s] -- Installing: /home/simone/Documents/IoT/Lab_1/install/turtlesim/include/turtlesim/turtlesim/action/detail/rotate_absolute__struct.hpp
[22.100s] -- Installing: /home/simone/Documents/IoT/Lab_1/install/turtlesim/include/turtlesim/turtlesim/action/detail/rotate_absolute__traits.hpp
[22.100s] -- Installing: /home/simone/Documents/IoT/Lab_1/install/turtlesim/include/turtlesim/turtlesim/action/detail/rotate_absolute__builder.hpp
[22.100s] -- Installing: /home/simone/Documents/IoT/Lab_1/install/turtlesim/include/turtlesim/turtlesim/action/rotate_absolute.hpp
[22.100s] -- Up-to-date: /home/simone/Documents/IoT/Lab_1/install/turtlesim/include/turtlesim/turtlesim
[22.101s] -- Up-to-date: /home/simone/Documents/IoT/Lab_1/install/turtlesim/include/turtlesim/turtlesim/srv
[22.101s] -- Up-to-date: /home/simone/Documents/IoT/Lab_1/install/turtlesim/include/turtlesim/turtlesim/srv/detail
[22.101s] -- Installing: /home/simone/Documents/IoT/Lab_1/install/turtlesim/include/turtlesim/turtlesim/srv/detail/kill__rosidl_typesupport_fastrtps_cpp.hpp
[22.101s] -- Installing: /home/simone/Documents/IoT/Lab_1/install/turtlesim/include/turtlesim/turtlesim/srv/detail/teleport_absolute__rosidl_typesupport_fastrtps_cpp.hpp
[22.101s] -- Installing: /home/simone/Documents/IoT/Lab_1/install/turtlesim/include/turtlesim/turtlesim/srv/detail/dds_fastrtps
[22.101s] -- Installing: /home/simone/Documents/IoT/Lab_1/install/turtlesim/include/turtlesim/turtlesim/srv/detail/spawn__rosidl_typesupport_fastrtps_cpp.hpp
[22.101s] -- Installing: /home/simone/Documents/IoT/Lab_1/install/turtlesim/include/turtlesim/turtlesim/srv/detail/set_pen__rosidl_typesupport_fastrtps_cpp.hpp
[22.101s] -- Installing: /home/simone/Documents/IoT/Lab_1/install/turtlesim/include/turtlesim/turtlesim/srv/detail/teleport_relative__rosidl_typesupport_fastrtps_cpp.hpp
[22.101s] -- Up-to-date: /home/simone/Documents/IoT/Lab_1/install/turtlesim/include/turtlesim/turtlesim/msg
[22.101s] -- Installing: /home/simone/Documents/IoT/Lab_1/install/turtlesim/include/turtlesim/turtlesim/msg/rosidl_typesupport_fastrtps_cpp__visibility_control.h
[22.101s] -- Up-to-date: /home/simone/Documents/IoT/Lab_1/install/turtlesim/include/turtlesim/turtlesim/msg/detail
[22.101s] -- Installing: /home/simone/Documents/IoT/Lab_1/install/turtlesim/include/turtlesim/turtlesim/msg/detail/color__rosidl_typesupport_fastrtps_cpp.hpp
[22.102s] -- Installing: /home/simone/Documents/IoT/Lab_1/install/turtlesim/include/turtlesim/turtlesim/msg/detail/dds_fastrtps
[22.102s] -- Installing: /home/simone/Documents/IoT/Lab_1/install/turtlesim/include/turtlesim/turtlesim/msg/detail/pose__rosidl_typesupport_fastrtps_cpp.hpp
[22.102s] -- Up-to-date: /home/simone/Documents/IoT/Lab_1/install/turtlesim/include/turtlesim/turtlesim/action
[22.102s] -- Up-to-date: /home/simone/Documents/IoT/Lab_1/install/turtlesim/include/turtlesim/turtlesim/action/detail
[22.102s] -- Installing: /home/simone/Documents/IoT/Lab_1/install/turtlesim/include/turtlesim/turtlesim/action/detail/rotate_absolute__rosidl_typesupport_fastrtps_cpp.hpp
[22.102s] -- Installing: /home/simone/Documents/IoT/Lab_1/install/turtlesim/include/turtlesim/turtlesim/action/detail/dds_fastrtps
[22.102s] -- Installing: /home/simone/Documents/IoT/Lab_1/install/turtlesim/lib/libturtlesim__rosidl_typesupport_fastrtps_cpp.so
[22.102s] -- Set runtime path of "/home/simone/Documents/IoT/Lab_1/install/turtlesim/lib/libturtlesim__rosidl_typesupport_fastrtps_cpp.so" to ""
[22.103s] -- Up-to-date: /home/simone/Documents/IoT/Lab_1/install/turtlesim/include/turtlesim/turtlesim
[22.103s] -- Up-to-date: /home/simone/Documents/IoT/Lab_1/install/turtlesim/include/turtlesim/turtlesim/srv
[22.103s] -- Up-to-date: /home/simone/Documents/IoT/Lab_1/install/turtlesim/include/turtlesim/turtlesim/srv/detail
[22.103s] -- Installing: /home/simone/Documents/IoT/Lab_1/install/turtlesim/include/turtlesim/turtlesim/srv/detail/teleport_relative__rosidl_typesupport_introspection_c.h
[22.103s] -- Installing: /home/simone/Documents/IoT/Lab_1/install/turtlesim/include/turtlesim/turtlesim/srv/detail/spawn__type_support.c
[22.103s] -- Installing: /home/simone/Documents/IoT/Lab_1/install/turtlesim/include/turtlesim/turtlesim/srv/detail/kill__type_support.c
[22.103s] -- Installing: /home/simone/Documents/IoT/Lab_1/install/turtlesim/include/turtlesim/turtlesim/srv/detail/teleport_absolute__type_support.c
[22.103s] -- Installing: /home/simone/Documents/IoT/Lab_1/install/turtlesim/include/turtlesim/turtlesim/srv/detail/set_pen__type_support.c
[22.103s] -- Installing: /home/simone/Documents/IoT/Lab_1/install/turtlesim/include/turtlesim/turtlesim/srv/detail/set_pen__rosidl_typesupport_introspection_c.h
[22.103s] -- Installing: /home/simone/Documents/IoT/Lab_1/install/turtlesim/include/turtlesim/turtlesim/srv/detail/teleport_absolute__rosidl_typesupport_introspection_c.h
[22.104s] -- Installing: /home/simone/Documents/IoT/Lab_1/install/turtlesim/include/turtlesim/turtlesim/srv/detail/spawn__rosidl_typesupport_introspection_c.h
[22.104s] -- Installing: /home/simone/Documents/IoT/Lab_1/install/turtlesim/include/turtlesim/turtlesim/srv/detail/kill__rosidl_typesupport_introspection_c.h
[22.104s] -- Installing: /home/simone/Documents/IoT/Lab_1/install/turtlesim/include/turtlesim/turtlesim/srv/detail/teleport_relative__type_support.c
[22.104s] -- Up-to-date: /home/simone/Documents/IoT/Lab_1/install/turtlesim/include/turtlesim/turtlesim/msg
[22.104s] -- Installing: /home/simone/Documents/IoT/Lab_1/install/turtlesim/include/turtlesim/turtlesim/msg/rosidl_typesupport_introspection_c__visibility_control.h
[22.104s] -- Up-to-date: /home/simone/Documents/IoT/Lab_1/install/turtlesim/include/turtlesim/turtlesim/msg/detail
[22.104s] -- Installing: /home/simone/Documents/IoT/Lab_1/install/turtlesim/include/turtlesim/turtlesim/msg/detail/pose__type_support.c
[22.104s] -- Installing: /home/simone/Documents/IoT/Lab_1/install/turtlesim/include/turtlesim/turtlesim/msg/detail/color__type_support.c
[22.104s] -- Installing: /home/simone/Documents/IoT/Lab_1/install/turtlesim/include/turtlesim/turtlesim/msg/detail/pose__rosidl_typesupport_introspection_c.h
[22.104s] -- Installing: /home/simone/Documents/IoT/Lab_1/install/turtlesim/include/turtlesim/turtlesim/msg/detail/color__rosidl_typesupport_introspection_c.h
[22.104s] -- Up-to-date: /home/simone/Documents/IoT/Lab_1/install/turtlesim/include/turtlesim/turtlesim/action
[22.105s] -- Up-to-date: /home/simone/Documents/IoT/Lab_1/install/turtlesim/include/turtlesim/turtlesim/action/detail
[22.105s] -- Installing: /home/simone/Documents/IoT/Lab_1/install/turtlesim/include/turtlesim/turtlesim/action/detail/rotate_absolute__type_support.c
[22.105s] -- Installing: /home/simone/Documents/IoT/Lab_1/install/turtlesim/include/turtlesim/turtlesim/action/detail/rotate_absolute__rosidl_typesupport_introspection_c.h
[22.105s] -- Installing: /home/simone/Documents/IoT/Lab_1/install/turtlesim/lib/libturtlesim__rosidl_typesupport_introspection_c.so
[22.105s] -- Set runtime path of "/home/simone/Documents/IoT/Lab_1/install/turtlesim/lib/libturtlesim__rosidl_typesupport_introspection_c.so" to ""
[22.105s] -- Installing: /home/simone/Documents/IoT/Lab_1/install/turtlesim/lib/libturtlesim__rosidl_typesupport_c.so
[22.106s] -- Set runtime path of "/home/simone/Documents/IoT/Lab_1/install/turtlesim/lib/libturtlesim__rosidl_typesupport_c.so" to ""
[22.106s] -- Up-to-date: /home/simone/Documents/IoT/Lab_1/install/turtlesim/include/turtlesim/turtlesim
[22.106s] -- Up-to-date: /home/simone/Documents/IoT/Lab_1/install/turtlesim/include/turtlesim/turtlesim/srv
[22.106s] -- Up-to-date: /home/simone/Documents/IoT/Lab_1/install/turtlesim/include/turtlesim/turtlesim/srv/detail
[22.106s] -- Installing: /home/simone/Documents/IoT/Lab_1/install/turtlesim/include/turtlesim/turtlesim/srv/detail/teleport_absolute__type_support.cpp
[22.106s] -- Installing: /home/simone/Documents/IoT/Lab_1/install/turtlesim/include/turtlesim/turtlesim/srv/detail/spawn__rosidl_typesupport_introspection_cpp.hpp
[22.106s] -- Installing: /home/simone/Documents/IoT/Lab_1/install/turtlesim/include/turtlesim/turtlesim/srv/detail/set_pen__rosidl_typesupport_introspection_cpp.hpp
[22.106s] -- Installing: /home/simone/Documents/IoT/Lab_1/install/turtlesim/include/turtlesim/turtlesim/srv/detail/spawn__type_support.cpp
[22.106s] -- Installing: /home/simone/Documents/IoT/Lab_1/install/turtlesim/include/turtlesim/turtlesim/srv/detail/teleport_relative__rosidl_typesupport_introspection_cpp.hpp
[22.106s] -- Installing: /home/simone/Documents/IoT/Lab_1/install/turtlesim/include/turtlesim/turtlesim/srv/detail/teleport_absolute__rosidl_typesupport_introspection_cpp.hpp
[22.107s] -- Installing: /home/simone/Documents/IoT/Lab_1/install/turtlesim/include/turtlesim/turtlesim/srv/detail/teleport_relative__type_support.cpp
[22.107s] -- Installing: /home/simone/Documents/IoT/Lab_1/install/turtlesim/include/turtlesim/turtlesim/srv/detail/kill__type_support.cpp
[22.107s] -- Installing: /home/simone/Documents/IoT/Lab_1/install/turtlesim/include/turtlesim/turtlesim/srv/detail/set_pen__type_support.cpp
[22.107s] -- Installing: /home/simone/Documents/IoT/Lab_1/install/turtlesim/include/turtlesim/turtlesim/srv/detail/kill__rosidl_typesupport_introspection_cpp.hpp
[22.107s] -- Up-to-date: /home/simone/Documents/IoT/Lab_1/install/turtlesim/include/turtlesim/turtlesim/msg
[22.107s] -- Up-to-date: /home/simone/Documents/IoT/Lab_1/install/turtlesim/include/turtlesim/turtlesim/msg/detail
[22.107s] -- Installing: /home/simone/Documents/IoT/Lab_1/install/turtlesim/include/turtlesim/turtlesim/msg/detail/color__rosidl_typesupport_introspection_cpp.hpp
[22.107s] -- Installing: /home/simone/Documents/IoT/Lab_1/install/turtlesim/include/turtlesim/turtlesim/msg/detail/color__type_support.cpp
[22.107s] -- Installing: /home/simone/Documents/IoT/Lab_1/install/turtlesim/include/turtlesim/turtlesim/msg/detail/pose__type_support.cpp
[22.107s] -- Installing: /home/simone/Documents/IoT/Lab_1/install/turtlesim/include/turtlesim/turtlesim/msg/detail/pose__rosidl_typesupport_introspection_cpp.hpp
[22.108s] -- Up-to-date: /home/simone/Documents/IoT/Lab_1/install/turtlesim/include/turtlesim/turtlesim/action
[22.108s] -- Up-to-date: /home/simone/Documents/IoT/Lab_1/install/turtlesim/include/turtlesim/turtlesim/action/detail
[22.108s] -- Installing: /home/simone/Documents/IoT/Lab_1/install/turtlesim/include/turtlesim/turtlesim/action/detail/rotate_absolute__type_support.cpp
[22.108s] -- Installing: /home/simone/Documents/IoT/Lab_1/install/turtlesim/include/turtlesim/turtlesim/action/detail/rotate_absolute__rosidl_typesupport_introspection_cpp.hpp
[22.108s] -- Installing: /home/simone/Documents/IoT/Lab_1/install/turtlesim/lib/libturtlesim__rosidl_typesupport_introspection_cpp.so
[22.108s] -- Set runtime path of "/home/simone/Documents/IoT/Lab_1/install/turtlesim/lib/libturtlesim__rosidl_typesupport_introspection_cpp.so" to ""
[22.108s] -- Installing: /home/simone/Documents/IoT/Lab_1/install/turtlesim/lib/libturtlesim__rosidl_typesupport_cpp.so
[22.109s] -- Set runtime path of "/home/simone/Documents/IoT/Lab_1/install/turtlesim/lib/libturtlesim__rosidl_typesupport_cpp.so" to ""
[22.109s] -- Installing: /home/simone/Documents/IoT/Lab_1/install/turtlesim/share/turtlesim/environment/pythonpath.sh
[22.109s] -- Installing: /home/simone/Documents/IoT/Lab_1/install/turtlesim/share/turtlesim/environment/pythonpath.dsv
[22.109s] -- Installing: /home/simone/Documents/IoT/Lab_1/install/turtlesim/local/lib/python3.10/dist-packages/turtlesim-1.4.2-py3.10.egg-info
[22.109s] -- Installing: /home/simone/Documents/IoT/Lab_1/install/turtlesim/local/lib/python3.10/dist-packages/turtlesim-1.4.2-py3.10.egg-info/SOURCES.txt
[22.110s] -- Installing: /home/simone/Documents/IoT/Lab_1/install/turtlesim/local/lib/python3.10/dist-packages/turtlesim-1.4.2-py3.10.egg-info/dependency_links.txt
[22.110s] -- Installing: /home/simone/Documents/IoT/Lab_1/install/turtlesim/local/lib/python3.10/dist-packages/turtlesim-1.4.2-py3.10.egg-info/PKG-INFO
[22.110s] -- Installing: /home/simone/Documents/IoT/Lab_1/install/turtlesim/local/lib/python3.10/dist-packages/turtlesim-1.4.2-py3.10.egg-info/top_level.txt
[22.110s] -- Installing: /home/simone/Documents/IoT/Lab_1/install/turtlesim/local/lib/python3.10/dist-packages/turtlesim
[22.110s] -- Installing: /home/simone/Documents/IoT/Lab_1/install/turtlesim/local/lib/python3.10/dist-packages/turtlesim/__init__.py
[22.110s] -- Installing: /home/simone/Documents/IoT/Lab_1/install/turtlesim/local/lib/python3.10/dist-packages/turtlesim/libturtlesim__rosidl_generator_py.so
[22.110s] -- Installing: /home/simone/Documents/IoT/Lab_1/install/turtlesim/local/lib/python3.10/dist-packages/turtlesim/_turtlesim_s.ep.rosidl_typesupport_fastrtps_c.c
[22.111s] -- Installing: /home/simone/Documents/IoT/Lab_1/install/turtlesim/local/lib/python3.10/dist-packages/turtlesim/turtlesim_s__rosidl_typesupport_fastrtps_c.cpython-310-x86_64-linux-gnu.so
[22.111s] -- Installing: /home/simone/Documents/IoT/Lab_1/install/turtlesim/local/lib/python3.10/dist-packages/turtlesim/turtlesim_s__rosidl_typesupport_c.cpython-310-x86_64-linux-gnu.so
[22.111s] -- Installing: /home/simone/Documents/IoT/Lab_1/install/turtlesim/local/lib/python3.10/dist-packages/turtlesim/srv
[22.111s] -- Installing: /home/simone/Documents/IoT/Lab_1/install/turtlesim/local/lib/python3.10/dist-packages/turtlesim/srv/_set_pen_s.c
[22.111s] -- Installing: /home/simone/Documents/IoT/Lab_1/install/turtlesim/local/lib/python3.10/dist-packages/turtlesim/srv/__init__.py
[22.111s] -- Installing: /home/simone/Documents/IoT/Lab_1/install/turtlesim/local/lib/python3.10/dist-packages/turtlesim/srv/_spawn_s.c
[22.111s] -- Installing: /home/simone/Documents/IoT/Lab_1/install/turtlesim/local/lib/python3.10/dist-packages/turtlesim/srv/_teleport_relative_s.c
[22.112s] -- Installing: /home/simone/Documents/IoT/Lab_1/install/turtlesim/local/lib/python3.10/dist-packages/turtlesim/srv/_teleport_absolute_s.c
[22.112s] -- Installing: /home/simone/Documents/IoT/Lab_1/install/turtlesim/local/lib/python3.10/dist-packages/turtlesim/srv/_teleport_absolute.py
[22.112s] -- Installing: /home/simone/Documents/IoT/Lab_1/install/turtlesim/local/lib/python3.10/dist-packages/turtlesim/srv/_spawn.py
[22.112s] -- Installing: /home/simone/Documents/IoT/Lab_1/install/turtlesim/local/lib/python3.10/dist-packages/turtlesim/srv/_kill_s.c
[22.112s] -- Installing: /home/simone/Documents/IoT/Lab_1/install/turtlesim/local/lib/python3.10/dist-packages/turtlesim/srv/_kill.py
[22.112s] -- Installing: /home/simone/Documents/IoT/Lab_1/install/turtlesim/local/lib/python3.10/dist-packages/turtlesim/srv/_teleport_relative.py
[22.112s] -- Installing: /home/simone/Documents/IoT/Lab_1/install/turtlesim/local/lib/python3.10/dist-packages/turtlesim/srv/_set_pen.py
[22.112s] -- Installing: /home/simone/Documents/IoT/Lab_1/install/turtlesim/local/lib/python3.10/dist-packages/turtlesim/turtlesim_s__rosidl_typesupport_introspection_c.cpython-310-x86_64-linux-gnu.so
[22.113s] -- Installing: /home/simone/Documents/IoT/Lab_1/install/turtlesim/local/lib/python3.10/dist-packages/turtlesim/msg
[22.113s] -- Installing: /home/simone/Documents/IoT/Lab_1/install/turtlesim/local/lib/python3.10/dist-packages/turtlesim/msg/__init__.py
[22.113s] -- Installing: /home/simone/Documents/IoT/Lab_1/install/turtlesim/local/lib/python3.10/dist-packages/turtlesim/msg/_color.py
[22.113s] -- Installing: /home/simone/Documents/IoT/Lab_1/install/turtlesim/local/lib/python3.10/dist-packages/turtlesim/msg/_pose_s.c
[22.113s] -- Installing: /home/simone/Documents/IoT/Lab_1/install/turtlesim/local/lib/python3.10/dist-packages/turtlesim/msg/_color_s.c
[22.113s] -- Installing: /home/simone/Documents/IoT/Lab_1/install/turtlesim/local/lib/python3.10/dist-packages/turtlesim/msg/_pose.py
[22.113s] -- Installing: /home/simone/Documents/IoT/Lab_1/install/turtlesim/local/lib/python3.10/dist-packages/turtlesim/action
[22.113s] -- Installing: /home/simone/Documents/IoT/Lab_1/install/turtlesim/local/lib/python3.10/dist-packages/turtlesim/action/__init__.py
[22.114s] -- Installing: /home/simone/Documents/IoT/Lab_1/install/turtlesim/local/lib/python3.10/dist-packages/turtlesim/action/_rotate_absolute_s.c
[22.114s] -- Installing: /home/simone/Documents/IoT/Lab_1/install/turtlesim/local/lib/python3.10/dist-packages/turtlesim/action/_rotate_absolute.py
[22.114s] -- Installing: /home/simone/Documents/IoT/Lab_1/install/turtlesim/local/lib/python3.10/dist-packages/turtlesim/_turtlesim_s.ep.rosidl_typesupport_introspection_c.c
[22.114s] -- Installing: /home/simone/Documents/IoT/Lab_1/install/turtlesim/local/lib/python3.10/dist-packages/turtlesim/_turtlesim_s.ep.rosidl_typesupport_c.c
[22.157s] Listing '/home/simone/Documents/IoT/Lab_1/install/turtlesim/local/lib/python3.10/dist-packages/turtlesim'...
[22.157s] Compiling '/home/simone/Documents/IoT/Lab_1/install/turtlesim/local/lib/python3.10/dist-packages/turtlesim/__init__.py'...
[22.157s] Listing '/home/simone/Documents/IoT/Lab_1/install/turtlesim/local/lib/python3.10/dist-packages/turtlesim/action'...
[22.157s] Compiling '/home/simone/Documents/IoT/Lab_1/install/turtlesim/local/lib/python3.10/dist-packages/turtlesim/action/__init__.py'...
[22.157s] Compiling '/home/simone/Documents/IoT/Lab_1/install/turtlesim/local/lib/python3.10/dist-packages/turtlesim/action/_rotate_absolute.py'...
[22.157s] Listing '/home/simone/Documents/IoT/Lab_1/install/turtlesim/local/lib/python3.10/dist-packages/turtlesim/msg'...
[22.157s] Compiling '/home/simone/Documents/IoT/Lab_1/install/turtlesim/local/lib/python3.10/dist-packages/turtlesim/msg/__init__.py'...
[22.157s] Compiling '/home/simone/Documents/IoT/Lab_1/install/turtlesim/local/lib/python3.10/dist-packages/turtlesim/msg/_color.py'...
[22.157s] Compiling '/home/simone/Documents/IoT/Lab_1/install/turtlesim/local/lib/python3.10/dist-packages/turtlesim/msg/_pose.py'...
[22.157s] Listing '/home/simone/Documents/IoT/Lab_1/install/turtlesim/local/lib/python3.10/dist-packages/turtlesim/srv'...
[22.157s] Compiling '/home/simone/Documents/IoT/Lab_1/install/turtlesim/local/lib/python3.10/dist-packages/turtlesim/srv/__init__.py'...
[22.157s] Compiling '/home/simone/Documents/IoT/Lab_1/install/turtlesim/local/lib/python3.10/dist-packages/turtlesim/srv/_kill.py'...
[22.158s] Compiling '/home/simone/Documents/IoT/Lab_1/install/turtlesim/local/lib/python3.10/dist-packages/turtlesim/srv/_set_pen.py'...
[22.158s] Compiling '/home/simone/Documents/IoT/Lab_1/install/turtlesim/local/lib/python3.10/dist-packages/turtlesim/srv/_spawn.py'...
[22.158s] Compiling '/home/simone/Documents/IoT/Lab_1/install/turtlesim/local/lib/python3.10/dist-packages/turtlesim/srv/_teleport_absolute.py'...
[22.158s] Compiling '/home/simone/Documents/IoT/Lab_1/install/turtlesim/local/lib/python3.10/dist-packages/turtlesim/srv/_teleport_relative.py'...
[22.160s] -- Installing: /home/simone/Documents/IoT/Lab_1/install/turtlesim/local/lib/python3.10/dist-packages/turtlesim/turtlesim_s__rosidl_typesupport_fastrtps_c.cpython-310-x86_64-linux-gnu.so
[22.160s] -- Set runtime path of "/home/simone/Documents/IoT/Lab_1/install/turtlesim/local/lib/python3.10/dist-packages/turtlesim/turtlesim_s__rosidl_typesupport_fastrtps_c.cpython-310-x86_64-linux-gnu.so" to ""
[22.160s] -- Installing: /home/simone/Documents/IoT/Lab_1/install/turtlesim/local/lib/python3.10/dist-packages/turtlesim/turtlesim_s__rosidl_typesupport_introspection_c.cpython-310-x86_64-linux-gnu.so
[22.161s] -- Set runtime path of "/home/simone/Documents/IoT/Lab_1/install/turtlesim/local/lib/python3.10/dist-packages/turtlesim/turtlesim_s__rosidl_typesupport_introspection_c.cpython-310-x86_64-linux-gnu.so" to ""
[22.161s] -- Installing: /home/simone/Documents/IoT/Lab_1/install/turtlesim/local/lib/python3.10/dist-packages/turtlesim/turtlesim_s__rosidl_typesupport_c.cpython-310-x86_64-linux-gnu.so
[22.162s] -- Set runtime path of "/home/simone/Documents/IoT/Lab_1/install/turtlesim/local/lib/python3.10/dist-packages/turtlesim/turtlesim_s__rosidl_typesupport_c.cpython-310-x86_64-linux-gnu.so" to ""
[22.162s] -- Installing: /home/simone/Documents/IoT/Lab_1/install/turtlesim/lib/libturtlesim__rosidl_generator_py.so
[22.162s] -- Set runtime path of "/home/simone/Documents/IoT/Lab_1/install/turtlesim/lib/libturtlesim__rosidl_generator_py.so" to ""
[22.162s] -- Installing: /home/simone/Documents/IoT/Lab_1/install/turtlesim/share/turtlesim/action/RotateAbsolute.idl
[22.162s] -- Installing: /home/simone/Documents/IoT/Lab_1/install/turtlesim/share/turtlesim/msg/Color.idl
[22.163s] -- Installing: /home/simone/Documents/IoT/Lab_1/install/turtlesim/share/turtlesim/msg/Pose.idl
[22.163s] -- Installing: /home/simone/Documents/IoT/Lab_1/install/turtlesim/share/turtlesim/srv/Kill.idl
[22.163s] -- Installing: /home/simone/Documents/IoT/Lab_1/install/turtlesim/share/turtlesim/srv/SetPen.idl
[22.163s] -- Installing: /home/simone/Documents/IoT/Lab_1/install/turtlesim/share/turtlesim/srv/Spawn.idl
[22.163s] -- Installing: /home/simone/Documents/IoT/Lab_1/install/turtlesim/share/turtlesim/srv/TeleportAbsolute.idl
[22.163s] -- Installing: /home/simone/Documents/IoT/Lab_1/install/turtlesim/share/turtlesim/srv/TeleportRelative.idl
[22.164s] -- Installing: /home/simone/Documents/IoT/Lab_1/install/turtlesim/share/turtlesim/action/RotateAbsolute.action
[22.164s] -- Installing: /home/simone/Documents/IoT/Lab_1/install/turtlesim/share/turtlesim/msg/Color.msg
[22.164s] -- Installing: /home/simone/Documents/IoT/Lab_1/install/turtlesim/share/turtlesim/msg/Pose.msg
[22.164s] -- Installing: /home/simone/Documents/IoT/Lab_1/install/turtlesim/share/turtlesim/srv/Kill.srv
[22.164s] -- Installing: /home/simone/Documents/IoT/Lab_1/install/turtlesim/share/turtlesim/srv/Kill_Request.msg
[22.164s] -- Installing: /home/simone/Documents/IoT/Lab_1/install/turtlesim/share/turtlesim/srv/Kill_Response.msg
[22.164s] -- Installing: /home/simone/Documents/IoT/Lab_1/install/turtlesim/share/turtlesim/srv/SetPen.srv
[22.165s] -- Installing: /home/simone/Documents/IoT/Lab_1/install/turtlesim/share/turtlesim/srv/SetPen_Request.msg
[22.165s] -- Installing: /home/simone/Documents/IoT/Lab_1/install/turtlesim/share/turtlesim/srv/SetPen_Response.msg
[22.165s] -- Installing: /home/simone/Documents/IoT/Lab_1/install/turtlesim/share/turtlesim/srv/Spawn.srv
[22.165s] -- Installing: /home/simone/Documents/IoT/Lab_1/install/turtlesim/share/turtlesim/srv/Spawn_Request.msg
[22.165s] -- Installing: /home/simone/Documents/IoT/Lab_1/install/turtlesim/share/turtlesim/srv/Spawn_Response.msg
[22.165s] -- Installing: /home/simone/Documents/IoT/Lab_1/install/turtlesim/share/turtlesim/srv/TeleportAbsolute.srv
[22.165s] -- Installing: /home/simone/Documents/IoT/Lab_1/install/turtlesim/share/turtlesim/srv/TeleportAbsolute_Request.msg
[22.166s] -- Installing: /home/simone/Documents/IoT/Lab_1/install/turtlesim/share/turtlesim/srv/TeleportAbsolute_Response.msg
[22.166s] -- Installing: /home/simone/Documents/IoT/Lab_1/install/turtlesim/share/turtlesim/srv/TeleportRelative.srv
[22.166s] -- Installing: /home/simone/Documents/IoT/Lab_1/install/turtlesim/share/turtlesim/srv/TeleportRelative_Request.msg
[22.166s] -- Installing: /home/simone/Documents/IoT/Lab_1/install/turtlesim/share/turtlesim/srv/TeleportRelative_Response.msg
[22.166s] -- Installing: /home/simone/Documents/IoT/Lab_1/install/turtlesim/lib/turtlesim/turtlesim_node
[22.176s] -- Set runtime path of "/home/simone/Documents/IoT/Lab_1/install/turtlesim/lib/turtlesim/turtlesim_node" to ""
[22.176s] -- Installing: /home/simone/Documents/IoT/Lab_1/install/turtlesim/lib/turtlesim/turtle_teleop_key
[22.178s] -- Set runtime path of "/home/simone/Documents/IoT/Lab_1/install/turtlesim/lib/turtlesim/turtle_teleop_key" to ""
[22.178s] -- Installing: /home/simone/Documents/IoT/Lab_1/install/turtlesim/lib/turtlesim/draw_square
[22.182s] -- Set runtime path of "/home/simone/Documents/IoT/Lab_1/install/turtlesim/lib/turtlesim/draw_square" to ""
[22.182s] -- Installing: /home/simone/Documents/IoT/Lab_1/install/turtlesim/lib/turtlesim/mimic
[22.186s] -- Set runtime path of "/home/simone/Documents/IoT/Lab_1/install/turtlesim/lib/turtlesim/mimic" to ""
[22.186s] -- Installing: /home/simone/Documents/IoT/Lab_1/install/turtlesim/share/turtlesim/images
[22.187s] -- Installing: /home/simone/Documents/IoT/Lab_1/install/turtlesim/share/turtlesim/images/galactic.png
[22.187s] -- Installing: /home/simone/Documents/IoT/Lab_1/install/turtlesim/share/turtlesim/images/ardent.png
[22.187s] -- Installing: /home/simone/Documents/IoT/Lab_1/install/turtlesim/share/turtlesim/images/bouncy.png
[22.187s] -- Installing: /home/simone/Documents/IoT/Lab_1/install/turtlesim/share/turtlesim/images/humble.png
[22.187s] -- Installing: /home/simone/Documents/IoT/Lab_1/install/turtlesim/share/turtlesim/images/foxy.png
[22.187s] -- Installing: /home/simone/Documents/IoT/Lab_1/install/turtlesim/share/turtlesim/images/dashing.png
[22.187s] -- Installing: /home/simone/Documents/IoT/Lab_1/install/turtlesim/share/turtlesim/images/rolling.png
[22.187s] -- Installing: /home/simone/Documents/IoT/Lab_1/install/turtlesim/share/turtlesim/images/eloquent.png
[22.187s] -- Installing: /home/simone/Documents/IoT/Lab_1/install/turtlesim/share/turtlesim/images/crystal.png
[22.187s] -- Installing: /home/simone/Documents/IoT/Lab_1/install/turtlesim/share/turtlesim/launch
[22.187s] -- Installing: /home/simone/Documents/IoT/Lab_1/install/turtlesim/share/turtlesim/launch/multisim.launch.py
[22.188s] -- Installing: /home/simone/Documents/IoT/Lab_1/install/turtlesim/share/ament_index/resource_index/package_run_dependencies/turtlesim
[22.188s] -- Installing: /home/simone/Documents/IoT/Lab_1/install/turtlesim/share/ament_index/resource_index/parent_prefix_path/turtlesim
[22.188s] -- Installing: /home/simone/Documents/IoT/Lab_1/install/turtlesim/share/turtlesim/environment/ament_prefix_path.sh
[22.188s] -- Installing: /home/simone/Documents/IoT/Lab_1/install/turtlesim/share/turtlesim/environment/ament_prefix_path.dsv
[22.188s] -- Installing: /home/simone/Documents/IoT/Lab_1/install/turtlesim/share/turtlesim/environment/path.sh
[22.188s] -- Installing: /home/simone/Documents/IoT/Lab_1/install/turtlesim/share/turtlesim/environment/path.dsv
[22.189s] -- Installing: /home/simone/Documents/IoT/Lab_1/install/turtlesim/share/turtlesim/local_setup.bash
[22.189s] -- Installing: /home/simone/Documents/IoT/Lab_1/install/turtlesim/share/turtlesim/local_setup.sh
[22.189s] -- Installing: /home/simone/Documents/IoT/Lab_1/install/turtlesim/share/turtlesim/local_setup.zsh
[22.189s] -- Installing: /home/simone/Documents/IoT/Lab_1/install/turtlesim/share/turtlesim/local_setup.dsv
[22.189s] -- Installing: /home/simone/Documents/IoT/Lab_1/install/turtlesim/share/turtlesim/package.dsv
[22.189s] -- Installing: /home/simone/Documents/IoT/Lab_1/install/turtlesim/share/ament_index/resource_index/packages/turtlesim
[22.190s] -- Installing: /home/simone/Documents/IoT/Lab_1/install/turtlesim/share/turtlesim/cmake/export_turtlesim__rosidl_generator_cExport.cmake
[22.190s] -- Installing: /home/simone/Documents/IoT/Lab_1/install/turtlesim/share/turtlesim/cmake/export_turtlesim__rosidl_generator_cExport-noconfig.cmake
[22.190s] -- Installing: /home/simone/Documents/IoT/Lab_1/install/turtlesim/share/turtlesim/cmake/export_turtlesim__rosidl_typesupport_fastrtps_cExport.cmake
[22.190s] -- Installing: /home/simone/Documents/IoT/Lab_1/install/turtlesim/share/turtlesim/cmake/export_turtlesim__rosidl_typesupport_fastrtps_cExport-noconfig.cmake
[22.190s] -- Installing: /home/simone/Documents/IoT/Lab_1/install/turtlesim/share/turtlesim/cmake/export_turtlesim__rosidl_generator_cppExport.cmake
[22.190s] -- Installing: /home/simone/Documents/IoT/Lab_1/install/turtlesim/share/turtlesim/cmake/export_turtlesim__rosidl_typesupport_fastrtps_cppExport.cmake
[22.191s] -- Installing: /home/simone/Documents/IoT/Lab_1/install/turtlesim/share/turtlesim/cmake/export_turtlesim__rosidl_typesupport_fastrtps_cppExport-noconfig.cmake
[22.191s] -- Installing: /home/simone/Documents/IoT/Lab_1/install/turtlesim/share/turtlesim/cmake/turtlesim__rosidl_typesupport_introspection_cExport.cmake
[22.191s] -- Installing: /home/simone/Documents/IoT/Lab_1/install/turtlesim/share/turtlesim/cmake/turtlesim__rosidl_typesupport_introspection_cExport-noconfig.cmake
[22.191s] -- Installing: /home/simone/Documents/IoT/Lab_1/install/turtlesim/share/turtlesim/cmake/turtlesim__rosidl_typesupport_cExport.cmake
[22.191s] -- Installing: /home/simone/Documents/IoT/Lab_1/install/turtlesim/share/turtlesim/cmake/turtlesim__rosidl_typesupport_cExport-noconfig.cmake
[22.191s] -- Installing: /home/simone/Documents/IoT/Lab_1/install/turtlesim/share/turtlesim/cmake/turtlesim__rosidl_typesupport_introspection_cppExport.cmake
[22.191s] -- Installing: /home/simone/Documents/IoT/Lab_1/install/turtlesim/share/turtlesim/cmake/turtlesim__rosidl_typesupport_introspection_cppExport-noconfig.cmake
[22.192s] -- Installing: /home/simone/Documents/IoT/Lab_1/install/turtlesim/share/turtlesim/cmake/turtlesim__rosidl_typesupport_cppExport.cmake
[22.192s] -- Installing: /home/simone/Documents/IoT/Lab_1/install/turtlesim/share/turtlesim/cmake/turtlesim__rosidl_typesupport_cppExport-noconfig.cmake
[22.192s] -- Installing: /home/simone/Documents/IoT/Lab_1/install/turtlesim/share/turtlesim/cmake/export_turtlesim__rosidl_generator_pyExport.cmake
[22.192s] -- Installing: /home/simone/Documents/IoT/Lab_1/install/turtlesim/share/turtlesim/cmake/export_turtlesim__rosidl_generator_pyExport-noconfig.cmake
[22.192s] -- Installing: /home/simone/Documents/IoT/Lab_1/install/turtlesim/share/turtlesim/cmake/rosidl_cmake-extras.cmake
[22.193s] -- Installing: /home/simone/Documents/IoT/Lab_1/install/turtlesim/share/turtlesim/cmake/ament_cmake_export_dependencies-extras.cmake
[22.193s] -- Installing: /home/simone/Documents/IoT/Lab_1/install/turtlesim/share/turtlesim/cmake/ament_cmake_export_include_directories-extras.cmake
[22.193s] -- Installing: /home/simone/Documents/IoT/Lab_1/install/turtlesim/share/turtlesim/cmake/ament_cmake_export_libraries-extras.cmake
[22.193s] -- Installing: /home/simone/Documents/IoT/Lab_1/install/turtlesim/share/turtlesim/cmake/ament_cmake_export_targets-extras.cmake
[22.193s] -- Installing: /home/simone/Documents/IoT/Lab_1/install/turtlesim/share/turtlesim/cmake/rosidl_cmake_export_typesupport_targets-extras.cmake
[22.193s] -- Installing: /home/simone/Documents/IoT/Lab_1/install/turtlesim/share/turtlesim/cmake/rosidl_cmake_export_typesupport_libraries-extras.cmake
[22.193s] -- Installing: /home/simone/Documents/IoT/Lab_1/install/turtlesim/share/turtlesim/cmake/turtlesimConfig.cmake
[22.193s] -- Installing: /home/simone/Documents/IoT/Lab_1/install/turtlesim/share/turtlesim/cmake/turtlesimConfig-version.cmake
[22.194s] -- Installing: /home/simone/Documents/IoT/Lab_1/install/turtlesim/share/turtlesim/package.xml
[22.196s] Invoked command in '/home/simone/Documents/IoT/Lab_1/build/turtlesim' returned '0': CMAKE_PREFIX_PATH=/opt/ros/humble /usr/bin/cmake --install /home/simone/Documents/IoT/Lab_1/build/turtlesim
