[1.391s] Invoking command in '/home/simone/Documents/IoT/src/py_pubsub': PYTHONPATH=/home/simone/Documents/IoT/build/py_pubsub/prefix_override:/home/simone/Documents/IoT/install/py_pubsub/lib/python3.10/site-packages:${PYTHONPATH} /usr/bin/python3 -W ignore:setup.py install is deprecated setup.py egg_info --egg-base ../../build/py_pubsub build --build-base /home/simone/Documents/IoT/build/py_pubsub/build install --record /home/simone/Documents/IoT/build/py_pubsub/install.log --single-version-externally-managed install_data
[1.949s] running egg_info
[1.951s] creating ../../build/py_pubsub/py_pubsub.egg-info
[1.952s] writing ../../build/py_pubsub/py_pubsub.egg-info/PKG-INFO
[1.953s] writing dependency_links to ../../build/py_pubsub/py_pubsub.egg-info/dependency_links.txt
[1.953s] writing entry points to ../../build/py_pubsub/py_pubsub.egg-info/entry_points.txt
[1.954s] writing requirements to ../../build/py_pubsub/py_pubsub.egg-info/requires.txt
[1.954s] writing top-level names to ../../build/py_pubsub/py_pubsub.egg-info/top_level.txt
[1.955s] writing manifest file '../../build/py_pubsub/py_pubsub.egg-info/SOURCES.txt'
[1.958s] reading manifest file '../../build/py_pubsub/py_pubsub.egg-info/SOURCES.txt'
[1.960s] writing manifest file '../../build/py_pubsub/py_pubsub.egg-info/SOURCES.txt'
[1.961s] running build
[1.962s] running build_py
[1.962s] creating /home/simone/Documents/IoT/build/py_pubsub/build
[1.963s] creating /home/simone/Documents/IoT/build/py_pubsub/build/lib
[1.963s] creating /home/simone/Documents/IoT/build/py_pubsub/build/lib/py_pubsub
[1.964s] copying py_pubsub/__init__.py -> /home/simone/Documents/IoT/build/py_pubsub/build/lib/py_pubsub
[1.964s] copying py_pubsub/turtle_square.py -> /home/simone/Documents/IoT/build/py_pubsub/build/lib/py_pubsub
[1.965s] running install
[1.965s] running install_lib
[1.966s] creating /home/simone/Documents/IoT/install/py_pubsub/lib/python3.10/site-packages/py_pubsub
[1.967s] copying /home/simone/Documents/IoT/build/py_pubsub/build/lib/py_pubsub/__init__.py -> /home/simone/Documents/IoT/install/py_pubsub/lib/python3.10/site-packages/py_pubsub
[1.968s] copying /home/simone/Documents/IoT/build/py_pubsub/build/lib/py_pubsub/turtle_square.py -> /home/simone/Documents/IoT/install/py_pubsub/lib/python3.10/site-packages/py_pubsub
[1.969s] byte-compiling /home/simone/Documents/IoT/install/py_pubsub/lib/python3.10/site-packages/py_pubsub/__init__.py to __init__.cpython-310.pyc
[1.969s] byte-compiling /home/simone/Documents/IoT/install/py_pubsub/lib/python3.10/site-packages/py_pubsub/turtle_square.py to turtle_square.cpython-310.pyc
[1.971s] running install_data
[1.972s] creating /home/simone/Documents/IoT/install/py_pubsub/share/ament_index
[1.972s] creating /home/simone/Documents/IoT/install/py_pubsub/share/ament_index/resource_index
[1.973s] creating /home/simone/Documents/IoT/install/py_pubsub/share/ament_index/resource_index/packages
[1.973s] copying resource/py_pubsub -> /home/simone/Documents/IoT/install/py_pubsub/share/ament_index/resource_index/packages
[1.974s] copying package.xml -> /home/simone/Documents/IoT/install/py_pubsub/share/py_pubsub
[1.974s] running install_egg_info
[1.977s] Copying ../../build/py_pubsub/py_pubsub.egg-info to /home/simone/Documents/IoT/install/py_pubsub/lib/python3.10/site-packages/py_pubsub-0.0.0-py3.10.egg-info
[1.980s] running install_scripts
[2.031s] Installing turtlesquare script to /home/simone/Documents/IoT/install/py_pubsub/lib/py_pubsub
[2.033s] writing list of installed files to '/home/simone/Documents/IoT/build/py_pubsub/install.log'
[2.080s] Invoked command in '/home/simone/Documents/IoT/src/py_pubsub' returned '0': PYTHONPATH=/home/simone/Documents/IoT/build/py_pubsub/prefix_override:/home/simone/Documents/IoT/install/py_pubsub/lib/python3.10/site-packages:${PYTHONPATH} /usr/bin/python3 -W ignore:setup.py install is deprecated setup.py egg_info --egg-base ../../build/py_pubsub build --build-base /home/simone/Documents/IoT/build/py_pubsub/build install --record /home/simone/Documents/IoT/build/py_pubsub/install.log --single-version-externally-managed install_data
