[0.042s] Invoking command in '/home/simone/Documents/IoT/Lab_5/build/action_tutorials_interfaces': CMAKE_PREFIX_PATH=${CMAKE_PREFIX_PATH}:/home/simone/Documents/IoT/Lab_5/install/fibonacci_action:/home/simone/Documents/IoT/Lab_4/install/spinning_turtle:/opt/ros/humble /usr/bin/cmake --build /home/simone/Documents/IoT/Lab_5/build/action_tutorials_interfaces -- -j16 -l16
[0.178s] [  9%] Built target action_tutorials_interfaces__rosidl_generator_c
[0.180s] [ 12%] Built target action_tutorials_interfaces__cpp
[0.205s] [ 12%] Built target ament_cmake_python_copy_action_tutorials_interfaces
[0.233s] [ 22%] Built target action_tutorials_interfaces__rosidl_typesupport_c
[0.233s] [ 32%] Built target action_tutorials_interfaces__rosidl_typesupport_introspection_c
[0.234s] [ 41%] Built target action_tutorials_interfaces__rosidl_typesupport_fastrtps_c
[0.239s] [ 54%] Built target action_tutorials_interfaces__rosidl_typesupport_introspection_cpp
[0.239s] [ 61%] Built target action_tutorials_interfaces__rosidl_typesupport_cpp
[0.241s] [ 70%] Built target action_tutorials_interfaces__rosidl_typesupport_fastrtps_cpp
[0.293s] [ 70%] Built target action_tutorials_interfaces
[0.347s] [ 74%] Built target action_tutorials_interfaces__py
[0.403s] [ 80%] Built target action_tutorials_interfaces__rosidl_generator_py
[0.460s] [ 93%] Built target action_tutorials_interfaces__rosidl_typesupport_introspection_c__pyext
[0.460s] [ 93%] Built target action_tutorials_interfaces__rosidl_typesupport_fastrtps_c__pyext
[0.460s] [100%] Built target action_tutorials_interfaces__rosidl_typesupport_c__pyext
[0.773s] running egg_info
[0.775s] writing action_tutorials_interfaces.egg-info/PKG-INFO
[0.776s] writing dependency_links to action_tutorials_interfaces.egg-info/dependency_links.txt
[0.776s] writing top-level names to action_tutorials_interfaces.egg-info/top_level.txt
[0.780s] reading manifest file 'action_tutorials_interfaces.egg-info/SOURCES.txt'
[0.782s] writing manifest file 'action_tutorials_interfaces.egg-info/SOURCES.txt'
[0.838s] [100%] Built target ament_cmake_python_build_action_tutorials_interfaces_egg
[0.869s] Invoked command in '/home/simone/Documents/IoT/Lab_5/build/action_tutorials_interfaces' returned '0': CMAKE_PREFIX_PATH=${CMAKE_PREFIX_PATH}:/home/simone/Documents/IoT/Lab_5/install/fibonacci_action:/home/simone/Documents/IoT/Lab_4/install/spinning_turtle:/opt/ros/humble /usr/bin/cmake --build /home/simone/Documents/IoT/Lab_5/build/action_tutorials_interfaces -- -j16 -l16
[1.064s] Invoking command in '/home/simone/Documents/IoT/Lab_5/build/action_tutorials_interfaces': CMAKE_PREFIX_PATH=${CMAKE_PREFIX_PATH}:/home/simone/Documents/IoT/Lab_5/install/fibonacci_action:/home/simone/Documents/IoT/Lab_4/install/spinning_turtle:/opt/ros/humble /usr/bin/cmake --install /home/simone/Documents/IoT/Lab_5/build/action_tutorials_interfaces
[1.082s] -- Install configuration: ""
[1.083s] -- Up-to-date: /home/simone/Documents/IoT/Lab_5/install/action_tutorials_interfaces/share/ament_index/resource_index/rosidl_interfaces/action_tutorials_interfaces
[1.083s] -- Up-to-date: /home/simone/Documents/IoT/Lab_5/install/action_tutorials_interfaces/include/action_tutorials_interfaces/action_tutorials_interfaces
[1.083s] -- Up-to-date: /home/simone/Documents/IoT/Lab_5/install/action_tutorials_interfaces/include/action_tutorials_interfaces/action_tutorials_interfaces/msg
[1.083s] -- Up-to-date: /home/simone/Documents/IoT/Lab_5/install/action_tutorials_interfaces/include/action_tutorials_interfaces/action_tutorials_interfaces/msg/rosidl_generator_c__visibility_control.h
[1.084s] -- Up-to-date: /home/simone/Documents/IoT/Lab_5/install/action_tutorials_interfaces/include/action_tutorials_interfaces/action_tutorials_interfaces/action
[1.084s] -- Up-to-date: /home/simone/Documents/IoT/Lab_5/install/action_tutorials_interfaces/include/action_tutorials_interfaces/action_tutorials_interfaces/action/fibonacci.h
[1.084s] -- Up-to-date: /home/simone/Documents/IoT/Lab_5/install/action_tutorials_interfaces/include/action_tutorials_interfaces/action_tutorials_interfaces/action/detail
[1.084s] -- Up-to-date: /home/simone/Documents/IoT/Lab_5/install/action_tutorials_interfaces/include/action_tutorials_interfaces/action_tutorials_interfaces/action/detail/fibonacci__functions.c
[1.084s] -- Up-to-date: /home/simone/Documents/IoT/Lab_5/install/action_tutorials_interfaces/include/action_tutorials_interfaces/action_tutorials_interfaces/action/detail/fibonacci__functions.h
[1.085s] -- Up-to-date: /home/simone/Documents/IoT/Lab_5/install/action_tutorials_interfaces/include/action_tutorials_interfaces/action_tutorials_interfaces/action/detail/fibonacci__struct.h
[1.085s] -- Up-to-date: /home/simone/Documents/IoT/Lab_5/install/action_tutorials_interfaces/include/action_tutorials_interfaces/action_tutorials_interfaces/action/detail/fibonacci__type_support.h
[1.085s] -- Up-to-date: /home/simone/Documents/IoT/Lab_5/install/action_tutorials_interfaces/share/action_tutorials_interfaces/environment/library_path.sh
[1.085s] -- Up-to-date: /home/simone/Documents/IoT/Lab_5/install/action_tutorials_interfaces/share/action_tutorials_interfaces/environment/library_path.dsv
[1.085s] -- Up-to-date: /home/simone/Documents/IoT/Lab_5/install/action_tutorials_interfaces/lib/libaction_tutorials_interfaces__rosidl_generator_c.so
[1.085s] -- Up-to-date: /home/simone/Documents/IoT/Lab_5/install/action_tutorials_interfaces/include/action_tutorials_interfaces/action_tutorials_interfaces
[1.086s] -- Up-to-date: /home/simone/Documents/IoT/Lab_5/install/action_tutorials_interfaces/include/action_tutorials_interfaces/action_tutorials_interfaces/msg
[1.086s] -- Up-to-date: /home/simone/Documents/IoT/Lab_5/install/action_tutorials_interfaces/include/action_tutorials_interfaces/action_tutorials_interfaces/msg/rosidl_typesupport_fastrtps_c__visibility_control.h
[1.086s] -- Up-to-date: /home/simone/Documents/IoT/Lab_5/install/action_tutorials_interfaces/include/action_tutorials_interfaces/action_tutorials_interfaces/action
[1.086s] -- Up-to-date: /home/simone/Documents/IoT/Lab_5/install/action_tutorials_interfaces/include/action_tutorials_interfaces/action_tutorials_interfaces/action/detail
[1.087s] -- Up-to-date: /home/simone/Documents/IoT/Lab_5/install/action_tutorials_interfaces/include/action_tutorials_interfaces/action_tutorials_interfaces/action/detail/fibonacci__rosidl_typesupport_fastrtps_c.h
[1.087s] -- Up-to-date: /home/simone/Documents/IoT/Lab_5/install/action_tutorials_interfaces/lib/libaction_tutorials_interfaces__rosidl_typesupport_fastrtps_c.so
[1.087s] -- Up-to-date: /home/simone/Documents/IoT/Lab_5/install/action_tutorials_interfaces/include/action_tutorials_interfaces/action_tutorials_interfaces
[1.087s] -- Up-to-date: /home/simone/Documents/IoT/Lab_5/install/action_tutorials_interfaces/include/action_tutorials_interfaces/action_tutorials_interfaces/msg
[1.087s] -- Up-to-date: /home/simone/Documents/IoT/Lab_5/install/action_tutorials_interfaces/include/action_tutorials_interfaces/action_tutorials_interfaces/msg/rosidl_typesupport_introspection_c__visibility_control.h
[1.087s] -- Up-to-date: /home/simone/Documents/IoT/Lab_5/install/action_tutorials_interfaces/include/action_tutorials_interfaces/action_tutorials_interfaces/action
[1.088s] -- Up-to-date: /home/simone/Documents/IoT/Lab_5/install/action_tutorials_interfaces/include/action_tutorials_interfaces/action_tutorials_interfaces/action/detail
[1.088s] -- Up-to-date: /home/simone/Documents/IoT/Lab_5/install/action_tutorials_interfaces/include/action_tutorials_interfaces/action_tutorials_interfaces/action/detail/fibonacci__type_support.c
[1.088s] -- Up-to-date: /home/simone/Documents/IoT/Lab_5/install/action_tutorials_interfaces/include/action_tutorials_interfaces/action_tutorials_interfaces/action/detail/fibonacci__rosidl_typesupport_introspection_c.h
[1.088s] -- Up-to-date: /home/simone/Documents/IoT/Lab_5/install/action_tutorials_interfaces/lib/libaction_tutorials_interfaces__rosidl_typesupport_introspection_c.so
[1.088s] -- Up-to-date: /home/simone/Documents/IoT/Lab_5/install/action_tutorials_interfaces/lib/libaction_tutorials_interfaces__rosidl_typesupport_c.so
[1.089s] -- Up-to-date: /home/simone/Documents/IoT/Lab_5/install/action_tutorials_interfaces/include/action_tutorials_interfaces/action_tutorials_interfaces
[1.089s] -- Up-to-date: /home/simone/Documents/IoT/Lab_5/install/action_tutorials_interfaces/include/action_tutorials_interfaces/action_tutorials_interfaces/action
[1.089s] -- Up-to-date: /home/simone/Documents/IoT/Lab_5/install/action_tutorials_interfaces/include/action_tutorials_interfaces/action_tutorials_interfaces/action/detail
[1.089s] -- Up-to-date: /home/simone/Documents/IoT/Lab_5/install/action_tutorials_interfaces/include/action_tutorials_interfaces/action_tutorials_interfaces/action/detail/fibonacci__struct.hpp
[1.090s] -- Up-to-date: /home/simone/Documents/IoT/Lab_5/install/action_tutorials_interfaces/include/action_tutorials_interfaces/action_tutorials_interfaces/action/detail/fibonacci__traits.hpp
[1.090s] -- Up-to-date: /home/simone/Documents/IoT/Lab_5/install/action_tutorials_interfaces/include/action_tutorials_interfaces/action_tutorials_interfaces/action/detail/fibonacci__builder.hpp
[1.090s] -- Up-to-date: /home/simone/Documents/IoT/Lab_5/install/action_tutorials_interfaces/include/action_tutorials_interfaces/action_tutorials_interfaces/action/fibonacci.hpp
[1.090s] -- Up-to-date: /home/simone/Documents/IoT/Lab_5/install/action_tutorials_interfaces/include/action_tutorials_interfaces/action_tutorials_interfaces
[1.090s] -- Up-to-date: /home/simone/Documents/IoT/Lab_5/install/action_tutorials_interfaces/include/action_tutorials_interfaces/action_tutorials_interfaces/msg
[1.090s] -- Up-to-date: /home/simone/Documents/IoT/Lab_5/install/action_tutorials_interfaces/include/action_tutorials_interfaces/action_tutorials_interfaces/msg/rosidl_typesupport_fastrtps_cpp__visibility_control.h
[1.091s] -- Up-to-date: /home/simone/Documents/IoT/Lab_5/install/action_tutorials_interfaces/include/action_tutorials_interfaces/action_tutorials_interfaces/action
[1.091s] -- Up-to-date: /home/simone/Documents/IoT/Lab_5/install/action_tutorials_interfaces/include/action_tutorials_interfaces/action_tutorials_interfaces/action/detail
[1.091s] -- Up-to-date: /home/simone/Documents/IoT/Lab_5/install/action_tutorials_interfaces/include/action_tutorials_interfaces/action_tutorials_interfaces/action/detail/fibonacci__rosidl_typesupport_fastrtps_cpp.hpp
[1.091s] -- Up-to-date: /home/simone/Documents/IoT/Lab_5/install/action_tutorials_interfaces/include/action_tutorials_interfaces/action_tutorials_interfaces/action/detail/dds_fastrtps
[1.091s] -- Up-to-date: /home/simone/Documents/IoT/Lab_5/install/action_tutorials_interfaces/lib/libaction_tutorials_interfaces__rosidl_typesupport_fastrtps_cpp.so
[1.091s] -- Up-to-date: /home/simone/Documents/IoT/Lab_5/install/action_tutorials_interfaces/include/action_tutorials_interfaces/action_tutorials_interfaces
[1.092s] -- Up-to-date: /home/simone/Documents/IoT/Lab_5/install/action_tutorials_interfaces/include/action_tutorials_interfaces/action_tutorials_interfaces/action
[1.092s] -- Up-to-date: /home/simone/Documents/IoT/Lab_5/install/action_tutorials_interfaces/include/action_tutorials_interfaces/action_tutorials_interfaces/action/detail
[1.092s] -- Up-to-date: /home/simone/Documents/IoT/Lab_5/install/action_tutorials_interfaces/include/action_tutorials_interfaces/action_tutorials_interfaces/action/detail/fibonacci__rosidl_typesupport_introspection_cpp.hpp
[1.092s] -- Up-to-date: /home/simone/Documents/IoT/Lab_5/install/action_tutorials_interfaces/include/action_tutorials_interfaces/action_tutorials_interfaces/action/detail/fibonacci__type_support.cpp
[1.092s] -- Up-to-date: /home/simone/Documents/IoT/Lab_5/install/action_tutorials_interfaces/lib/libaction_tutorials_interfaces__rosidl_typesupport_introspection_cpp.so
[1.093s] -- Up-to-date: /home/simone/Documents/IoT/Lab_5/install/action_tutorials_interfaces/lib/libaction_tutorials_interfaces__rosidl_typesupport_cpp.so
[1.093s] -- Up-to-date: /home/simone/Documents/IoT/Lab_5/install/action_tutorials_interfaces/share/action_tutorials_interfaces/environment/pythonpath.sh
[1.093s] -- Up-to-date: /home/simone/Documents/IoT/Lab_5/install/action_tutorials_interfaces/share/action_tutorials_interfaces/environment/pythonpath.dsv
[1.093s] -- Up-to-date: /home/simone/Documents/IoT/Lab_5/install/action_tutorials_interfaces/local/lib/python3.10/dist-packages/action_tutorials_interfaces-0.0.0-py3.10.egg-info
[1.093s] -- Installing: /home/simone/Documents/IoT/Lab_5/install/action_tutorials_interfaces/local/lib/python3.10/dist-packages/action_tutorials_interfaces-0.0.0-py3.10.egg-info/SOURCES.txt
[1.094s] -- Installing: /home/simone/Documents/IoT/Lab_5/install/action_tutorials_interfaces/local/lib/python3.10/dist-packages/action_tutorials_interfaces-0.0.0-py3.10.egg-info/dependency_links.txt
[1.094s] -- Installing: /home/simone/Documents/IoT/Lab_5/install/action_tutorials_interfaces/local/lib/python3.10/dist-packages/action_tutorials_interfaces-0.0.0-py3.10.egg-info/PKG-INFO
[1.094s] -- Installing: /home/simone/Documents/IoT/Lab_5/install/action_tutorials_interfaces/local/lib/python3.10/dist-packages/action_tutorials_interfaces-0.0.0-py3.10.egg-info/top_level.txt
[1.095s] -- Up-to-date: /home/simone/Documents/IoT/Lab_5/install/action_tutorials_interfaces/local/lib/python3.10/dist-packages/action_tutorials_interfaces
[1.095s] -- Up-to-date: /home/simone/Documents/IoT/Lab_5/install/action_tutorials_interfaces/local/lib/python3.10/dist-packages/action_tutorials_interfaces/__init__.py
[1.095s] -- Up-to-date: /home/simone/Documents/IoT/Lab_5/install/action_tutorials_interfaces/local/lib/python3.10/dist-packages/action_tutorials_interfaces/action_tutorials_interfaces_s__rosidl_typesupport_introspection_c.cpython-310-x86_64-linux-gnu.so
[1.095s] -- Up-to-date: /home/simone/Documents/IoT/Lab_5/install/action_tutorials_interfaces/local/lib/python3.10/dist-packages/action_tutorials_interfaces/action_tutorials_interfaces_s__rosidl_typesupport_c.cpython-310-x86_64-linux-gnu.so
[1.096s] -- Up-to-date: /home/simone/Documents/IoT/Lab_5/install/action_tutorials_interfaces/local/lib/python3.10/dist-packages/action_tutorials_interfaces/_action_tutorials_interfaces_s.ep.rosidl_typesupport_c.c
[1.096s] -- Up-to-date: /home/simone/Documents/IoT/Lab_5/install/action_tutorials_interfaces/local/lib/python3.10/dist-packages/action_tutorials_interfaces/action_tutorials_interfaces_s__rosidl_typesupport_fastrtps_c.cpython-310-x86_64-linux-gnu.so
[1.096s] -- Up-to-date: /home/simone/Documents/IoT/Lab_5/install/action_tutorials_interfaces/local/lib/python3.10/dist-packages/action_tutorials_interfaces/libaction_tutorials_interfaces__rosidl_generator_py.so
[1.096s] -- Up-to-date: /home/simone/Documents/IoT/Lab_5/install/action_tutorials_interfaces/local/lib/python3.10/dist-packages/action_tutorials_interfaces/_action_tutorials_interfaces_s.ep.rosidl_typesupport_introspection_c.c
[1.096s] -- Up-to-date: /home/simone/Documents/IoT/Lab_5/install/action_tutorials_interfaces/local/lib/python3.10/dist-packages/action_tutorials_interfaces/_action_tutorials_interfaces_s.ep.rosidl_typesupport_fastrtps_c.c
[1.096s] -- Up-to-date: /home/simone/Documents/IoT/Lab_5/install/action_tutorials_interfaces/local/lib/python3.10/dist-packages/action_tutorials_interfaces/action
[1.097s] -- Up-to-date: /home/simone/Documents/IoT/Lab_5/install/action_tutorials_interfaces/local/lib/python3.10/dist-packages/action_tutorials_interfaces/action/__init__.py
[1.097s] -- Up-to-date: /home/simone/Documents/IoT/Lab_5/install/action_tutorials_interfaces/local/lib/python3.10/dist-packages/action_tutorials_interfaces/action/_fibonacci_s.c
[1.097s] -- Up-to-date: /home/simone/Documents/IoT/Lab_5/install/action_tutorials_interfaces/local/lib/python3.10/dist-packages/action_tutorials_interfaces/action/_fibonacci.py
[1.169s] Listing '/home/simone/Documents/IoT/Lab_5/install/action_tutorials_interfaces/local/lib/python3.10/dist-packages/action_tutorials_interfaces'...
[1.170s] Listing '/home/simone/Documents/IoT/Lab_5/install/action_tutorials_interfaces/local/lib/python3.10/dist-packages/action_tutorials_interfaces/action'...
[1.179s] -- Up-to-date: /home/simone/Documents/IoT/Lab_5/install/action_tutorials_interfaces/local/lib/python3.10/dist-packages/action_tutorials_interfaces/action_tutorials_interfaces_s__rosidl_typesupport_fastrtps_c.cpython-310-x86_64-linux-gnu.so
[1.179s] -- Up-to-date: /home/simone/Documents/IoT/Lab_5/install/action_tutorials_interfaces/local/lib/python3.10/dist-packages/action_tutorials_interfaces/action_tutorials_interfaces_s__rosidl_typesupport_introspection_c.cpython-310-x86_64-linux-gnu.so
[1.180s] -- Up-to-date: /home/simone/Documents/IoT/Lab_5/install/action_tutorials_interfaces/local/lib/python3.10/dist-packages/action_tutorials_interfaces/action_tutorials_interfaces_s__rosidl_typesupport_c.cpython-310-x86_64-linux-gnu.so
[1.181s] -- Up-to-date: /home/simone/Documents/IoT/Lab_5/install/action_tutorials_interfaces/lib/libaction_tutorials_interfaces__rosidl_generator_py.so
[1.181s] -- Up-to-date: /home/simone/Documents/IoT/Lab_5/install/action_tutorials_interfaces/share/action_tutorials_interfaces/action/Fibonacci.idl
[1.182s] -- Up-to-date: /home/simone/Documents/IoT/Lab_5/install/action_tutorials_interfaces/share/action_tutorials_interfaces/action/Fibonacci.action
[1.182s] -- Up-to-date: /home/simone/Documents/IoT/Lab_5/install/action_tutorials_interfaces/share/ament_index/resource_index/package_run_dependencies/action_tutorials_interfaces
[1.182s] -- Up-to-date: /home/simone/Documents/IoT/Lab_5/install/action_tutorials_interfaces/share/ament_index/resource_index/parent_prefix_path/action_tutorials_interfaces
[1.183s] -- Up-to-date: /home/simone/Documents/IoT/Lab_5/install/action_tutorials_interfaces/share/action_tutorials_interfaces/environment/ament_prefix_path.sh
[1.183s] -- Up-to-date: /home/simone/Documents/IoT/Lab_5/install/action_tutorials_interfaces/share/action_tutorials_interfaces/environment/ament_prefix_path.dsv
[1.183s] -- Up-to-date: /home/simone/Documents/IoT/Lab_5/install/action_tutorials_interfaces/share/action_tutorials_interfaces/environment/path.sh
[1.183s] -- Up-to-date: /home/simone/Documents/IoT/Lab_5/install/action_tutorials_interfaces/share/action_tutorials_interfaces/environment/path.dsv
[1.184s] -- Up-to-date: /home/simone/Documents/IoT/Lab_5/install/action_tutorials_interfaces/share/action_tutorials_interfaces/local_setup.bash
[1.184s] -- Up-to-date: /home/simone/Documents/IoT/Lab_5/install/action_tutorials_interfaces/share/action_tutorials_interfaces/local_setup.sh
[1.184s] -- Up-to-date: /home/simone/Documents/IoT/Lab_5/install/action_tutorials_interfaces/share/action_tutorials_interfaces/local_setup.zsh
[1.184s] -- Up-to-date: /home/simone/Documents/IoT/Lab_5/install/action_tutorials_interfaces/share/action_tutorials_interfaces/local_setup.dsv
[1.184s] -- Installing: /home/simone/Documents/IoT/Lab_5/install/action_tutorials_interfaces/share/action_tutorials_interfaces/package.dsv
[1.185s] -- Up-to-date: /home/simone/Documents/IoT/Lab_5/install/action_tutorials_interfaces/share/ament_index/resource_index/packages/action_tutorials_interfaces
[1.185s] -- Up-to-date: /home/simone/Documents/IoT/Lab_5/install/action_tutorials_interfaces/share/action_tutorials_interfaces/cmake/export_action_tutorials_interfaces__rosidl_generator_cExport.cmake
[1.185s] -- Up-to-date: /home/simone/Documents/IoT/Lab_5/install/action_tutorials_interfaces/share/action_tutorials_interfaces/cmake/export_action_tutorials_interfaces__rosidl_generator_cExport-noconfig.cmake
[1.185s] -- Up-to-date: /home/simone/Documents/IoT/Lab_5/install/action_tutorials_interfaces/share/action_tutorials_interfaces/cmake/export_action_tutorials_interfaces__rosidl_typesupport_fastrtps_cExport.cmake
[1.186s] -- Up-to-date: /home/simone/Documents/IoT/Lab_5/install/action_tutorials_interfaces/share/action_tutorials_interfaces/cmake/export_action_tutorials_interfaces__rosidl_typesupport_fastrtps_cExport-noconfig.cmake
[1.186s] -- Up-to-date: /home/simone/Documents/IoT/Lab_5/install/action_tutorials_interfaces/share/action_tutorials_interfaces/cmake/action_tutorials_interfaces__rosidl_typesupport_introspection_cExport.cmake
[1.186s] -- Up-to-date: /home/simone/Documents/IoT/Lab_5/install/action_tutorials_interfaces/share/action_tutorials_interfaces/cmake/action_tutorials_interfaces__rosidl_typesupport_introspection_cExport-noconfig.cmake
[1.186s] -- Up-to-date: /home/simone/Documents/IoT/Lab_5/install/action_tutorials_interfaces/share/action_tutorials_interfaces/cmake/action_tutorials_interfaces__rosidl_typesupport_cExport.cmake
[1.186s] -- Up-to-date: /home/simone/Documents/IoT/Lab_5/install/action_tutorials_interfaces/share/action_tutorials_interfaces/cmake/action_tutorials_interfaces__rosidl_typesupport_cExport-noconfig.cmake
[1.187s] -- Up-to-date: /home/simone/Documents/IoT/Lab_5/install/action_tutorials_interfaces/share/action_tutorials_interfaces/cmake/export_action_tutorials_interfaces__rosidl_generator_cppExport.cmake
[1.187s] -- Up-to-date: /home/simone/Documents/IoT/Lab_5/install/action_tutorials_interfaces/share/action_tutorials_interfaces/cmake/export_action_tutorials_interfaces__rosidl_typesupport_fastrtps_cppExport.cmake
[1.187s] -- Up-to-date: /home/simone/Documents/IoT/Lab_5/install/action_tutorials_interfaces/share/action_tutorials_interfaces/cmake/export_action_tutorials_interfaces__rosidl_typesupport_fastrtps_cppExport-noconfig.cmake
[1.187s] -- Up-to-date: /home/simone/Documents/IoT/Lab_5/install/action_tutorials_interfaces/share/action_tutorials_interfaces/cmake/action_tutorials_interfaces__rosidl_typesupport_introspection_cppExport.cmake
[1.188s] -- Up-to-date: /home/simone/Documents/IoT/Lab_5/install/action_tutorials_interfaces/share/action_tutorials_interfaces/cmake/action_tutorials_interfaces__rosidl_typesupport_introspection_cppExport-noconfig.cmake
[1.188s] -- Up-to-date: /home/simone/Documents/IoT/Lab_5/install/action_tutorials_interfaces/share/action_tutorials_interfaces/cmake/action_tutorials_interfaces__rosidl_typesupport_cppExport.cmake
[1.188s] -- Up-to-date: /home/simone/Documents/IoT/Lab_5/install/action_tutorials_interfaces/share/action_tutorials_interfaces/cmake/action_tutorials_interfaces__rosidl_typesupport_cppExport-noconfig.cmake
[1.188s] -- Up-to-date: /home/simone/Documents/IoT/Lab_5/install/action_tutorials_interfaces/share/action_tutorials_interfaces/cmake/export_action_tutorials_interfaces__rosidl_generator_pyExport.cmake
[1.188s] -- Up-to-date: /home/simone/Documents/IoT/Lab_5/install/action_tutorials_interfaces/share/action_tutorials_interfaces/cmake/export_action_tutorials_interfaces__rosidl_generator_pyExport-noconfig.cmake
[1.188s] -- Up-to-date: /home/simone/Documents/IoT/Lab_5/install/action_tutorials_interfaces/share/action_tutorials_interfaces/cmake/rosidl_cmake-extras.cmake
[1.189s] -- Up-to-date: /home/simone/Documents/IoT/Lab_5/install/action_tutorials_interfaces/share/action_tutorials_interfaces/cmake/ament_cmake_export_dependencies-extras.cmake
[1.189s] -- Up-to-date: /home/simone/Documents/IoT/Lab_5/install/action_tutorials_interfaces/share/action_tutorials_interfaces/cmake/ament_cmake_export_include_directories-extras.cmake
[1.189s] -- Up-to-date: /home/simone/Documents/IoT/Lab_5/install/action_tutorials_interfaces/share/action_tutorials_interfaces/cmake/ament_cmake_export_libraries-extras.cmake
[1.189s] -- Up-to-date: /home/simone/Documents/IoT/Lab_5/install/action_tutorials_interfaces/share/action_tutorials_interfaces/cmake/ament_cmake_export_targets-extras.cmake
[1.189s] -- Up-to-date: /home/simone/Documents/IoT/Lab_5/install/action_tutorials_interfaces/share/action_tutorials_interfaces/cmake/rosidl_cmake_export_typesupport_targets-extras.cmake
[1.189s] -- Up-to-date: /home/simone/Documents/IoT/Lab_5/install/action_tutorials_interfaces/share/action_tutorials_interfaces/cmake/rosidl_cmake_export_typesupport_libraries-extras.cmake
[1.190s] -- Up-to-date: /home/simone/Documents/IoT/Lab_5/install/action_tutorials_interfaces/share/action_tutorials_interfaces/cmake/action_tutorials_interfacesConfig.cmake
[1.190s] -- Up-to-date: /home/simone/Documents/IoT/Lab_5/install/action_tutorials_interfaces/share/action_tutorials_interfaces/cmake/action_tutorials_interfacesConfig-version.cmake
[1.190s] -- Up-to-date: /home/simone/Documents/IoT/Lab_5/install/action_tutorials_interfaces/share/action_tutorials_interfaces/package.xml
[1.193s] Invoked command in '/home/simone/Documents/IoT/Lab_5/build/action_tutorials_interfaces' returned '0': CMAKE_PREFIX_PATH=${CMAKE_PREFIX_PATH}:/home/simone/Documents/IoT/Lab_5/install/fibonacci_action:/home/simone/Documents/IoT/Lab_4/install/spinning_turtle:/opt/ros/humble /usr/bin/cmake --install /home/simone/Documents/IoT/Lab_5/build/action_tutorials_interfaces
