[2.167s] Invoking command in '/home/simone/Documents/IoT/src/py_srvcli': PYTHONPATH=/home/simone/Documents/IoT/build/py_srvcli/prefix_override:/home/simone/Documents/IoT/install/py_srvcli/lib/python3.10/site-packages:${PYTHONPATH} /usr/bin/python3 -W ignore:setup.py install is deprecated setup.py egg_info --egg-base ../../build/py_srvcli build --build-base /home/simone/Documents/IoT/build/py_srvcli/build install --record /home/simone/Documents/IoT/build/py_srvcli/install.log --single-version-externally-managed install_data
[2.792s] running egg_info
[2.794s] writing ../../build/py_srvcli/py_srvcli.egg-info/PKG-INFO
[2.795s] writing dependency_links to ../../build/py_srvcli/py_srvcli.egg-info/dependency_links.txt
[2.795s] writing entry points to ../../build/py_srvcli/py_srvcli.egg-info/entry_points.txt
[2.796s] writing requirements to ../../build/py_srvcli/py_srvcli.egg-info/requires.txt
[2.796s] writing top-level names to ../../build/py_srvcli/py_srvcli.egg-info/top_level.txt
[2.800s] reading manifest file '../../build/py_srvcli/py_srvcli.egg-info/SOURCES.txt'
[2.803s] writing manifest file '../../build/py_srvcli/py_srvcli.egg-info/SOURCES.txt'
[2.803s] running build
[2.803s] running build_py
[2.804s] running install
[2.805s] running install_lib
[2.808s] running install_data
[2.809s] running install_egg_info
[2.812s] removing '/home/simone/Documents/IoT/install/py_srvcli/lib/python3.10/site-packages/py_srvcli-0.0.0-py3.10.egg-info' (and everything under it)
[2.813s] Copying ../../build/py_srvcli/py_srvcli.egg-info to /home/simone/Documents/IoT/install/py_srvcli/lib/python3.10/site-packages/py_srvcli-0.0.0-py3.10.egg-info
[2.816s] running install_scripts
[2.868s] Installing client script to /home/simone/Documents/IoT/install/py_srvcli/lib/py_srvcli
[2.869s] Installing server script to /home/simone/Documents/IoT/install/py_srvcli/lib/py_srvcli
[2.870s] writing list of installed files to '/home/simone/Documents/IoT/build/py_srvcli/install.log'
[2.931s] Invoked command in '/home/simone/Documents/IoT/src/py_srvcli' returned '0': PYTHONPATH=/home/simone/Documents/IoT/build/py_srvcli/prefix_override:/home/simone/Documents/IoT/install/py_srvcli/lib/python3.10/site-packages:${PYTHONPATH} /usr/bin/python3 -W ignore:setup.py install is deprecated setup.py egg_info --egg-base ../../build/py_srvcli build --build-base /home/simone/Documents/IoT/build/py_srvcli/build install --record /home/simone/Documents/IoT/build/py_srvcli/install.log --single-version-externally-managed install_data
